20181120 00:03:34 Acceso correcto usuario veneno
20181120 00:03:34 Obtención correcta areas usuario:1
20181120 00:03:34 Avance correcto proceso 0
20181120 00:03:39 Obtención correcta areas usuario:1
20181120 00:03:40 Consulta correcta usuario 1
20181120 00:05:04 Obtención correcta areas usuario:1
20181120 00:05:05 Consulta correcta usuario 1
20181120 00:05:52 Obtención correcta areas usuario:1
20181120 00:05:53 Consulta correcta usuario 1
20181120 00:06:33 Obtención correcta areas usuario:1
20181120 00:06:33 Consulta correcta usuario 1
20181120 00:06:58 Obtención correcta areas usuario:1
20181120 00:06:58 Consulta correcta usuario 1
20181120 00:07:09 Obtención correcta aplicaciones usuario:1 area 1
20181120 00:07:26 Obtención correcta areas usuario:1
20181120 00:07:26 Consulta correcta usuario 1
20181120 00:15:32 Acceso correcto usuario veneno
20181120 00:15:32 Obtención correcta areas usuario:1
20181120 00:15:32 Avance correcto proceso 0
20181120 00:15:36 Obtención correcta areas usuario:1
20181120 00:15:37 Consulta correcta usuario 1
20181120 00:19:05 Acceso correcto usuario veneno
20181120 00:19:06 Obtención correcta areas usuario:1
20181120 00:19:06 Avance correcto proceso 0
20181120 00:19:14 Obtención correcta areas usuario:1
20181120 00:19:14 Obtención correcta objetosdb usuario:1 app 1
20181120 00:19:39 Obtención correcta areas usuario:1
20181120 00:19:39 Consulta correcta usuario 1
20181120 00:22:58 Acceso correcto usuario veneno
20181120 00:22:58 Obtención correcta areas usuario:1
20181120 00:22:58 Avance correcto proceso 0
20181120 00:23:02 Obtención correcta areas usuario:1
20181120 00:23:02 Consulta correcta usuario 1
20181120 00:23:10 Obtención correcta areas usuario:1
20181120 00:23:10 Obtención correcta objetosdb usuario:1 app 1
20181120 00:23:20 Obtención correcta aplicaciones usuario:1 area 1
20181120 00:23:21 Obtención correcta aplicaciones usuario:1 area 1
20181120 00:23:28 Obtención correcta areas usuario:1
20181120 00:23:28 Consulta correcta usuario 1
20181120 08:10:52 Acceso correcto usuario veneno
20181120 08:10:52 Obtención correcta areas usuario:1
20181120 08:10:52 Avance correcto proceso 0
20181120 08:11:22 Obtención correcta areas usuario:1
20181120 08:11:22 Consulta correcta usuario 1
20181120 08:16:17 Acceso correcto usuario veneno
20181120 08:16:17 Obtención correcta areas usuario:1
20181120 08:16:17 Avance correcto proceso 0
20181120 08:16:22 Obtención correcta areas usuario:1
20181120 08:16:22 Consulta correcta usuario 1
20181120 08:16:54 Obtención correcta areas usuario:1
20181120 08:16:54 Obtención correcta objetosdb usuario:1 app 1
20181120 08:17:00 Obtención correcta aplicaciones usuario:1 area 1
20181120 08:17:02 Obtención correcta aplicaciones usuario:1 area 1
20181120 08:20:39 Acceso correcto usuario veneno
20181120 08:20:39 Obtención correcta areas usuario:1
20181120 08:20:39 Avance correcto proceso 0
20181120 08:20:43 Obtención correcta areas usuario:1
20181120 08:20:44 Consulta correcta usuario 1
20181120 08:31:22 Acceso correcto usuario veneno
20181120 08:31:22 Obtención correcta areas usuario:1
20181120 08:31:22 Avance correcto proceso 0
20181120 08:31:26 Obtención correcta areas usuario:1
20181120 08:31:27 Consulta correcta usuario 1
20181120 08:38:00 Acceso incorrecto usuario veneno
20181120 08:38:11 Acceso correcto usuario veneno
20181120 08:38:11 Obtención correcta areas usuario:1
20181120 08:38:11 Avance correcto proceso 0
20181120 08:38:15 Obtención correcta areas usuario:1
20181120 08:38:15 Consulta correcta usuario 1
20181120 08:39:24 Obtención correcta areas usuario:1
20181120 08:39:24 Consulta correcta usuario 1
20181120 08:41:06 Acceso correcto usuario veneno
20181120 08:41:06 Obtención correcta areas usuario:1
20181120 08:41:06 Avance correcto proceso 0
20181120 08:41:10 Obtención correcta areas usuario:1
20181120 08:41:10 Consulta correcta usuario 1
20181120 08:45:35 Acceso correcto usuario veneno
20181120 08:45:35 Obtención correcta areas usuario:1
20181120 08:45:35 Avance correcto proceso 0
20181120 08:45:40 Obtención correcta areas usuario:1
20181120 08:45:41 Consulta correcta usuario 1
20181120 08:51:38 Acceso correcto usuario veneno
20181120 08:51:38 Obtención correcta areas usuario:1
20181120 08:51:38 Avance correcto proceso 0
20181120 08:51:42 Obtención correcta areas usuario:1
20181120 08:51:42 Consulta correcta usuario 1
20181120 08:52:23 Obtención correcta areas usuario:1
20181120 08:52:23 Consulta correcta usuario 1
20181120 08:57:13 Acceso correcto usuario veneno
20181120 08:57:14 Obtención correcta areas usuario:1
20181120 08:57:14 Avance correcto proceso 0
20181120 08:57:16 Obtención correcta areas usuario:1
20181120 08:57:17 Consulta correcta usuario 1
20181120 08:57:47 Obtención correcta areas usuario:1
20181120 08:57:47 Consulta correcta usuario 1
20181120 09:00:22 Acceso correcto usuario veneno
20181120 09:00:22 Obtención correcta areas usuario:1
20181120 09:00:22 Avance correcto proceso 0
20181120 09:00:25 Obtención correcta areas usuario:1
20181120 09:00:25 Consulta correcta usuario 1
20181120 09:03:05 Acceso correcto usuario veneno
20181120 09:03:05 Obtención correcta areas usuario:1
20181120 09:03:05 Avance correcto proceso 0
20181120 09:03:08 Obtención correcta areas usuario:1
20181120 09:03:09 Consulta correcta usuario 1
20181120 09:04:35 Acceso correcto usuario veneno
20181120 09:04:35 Obtención correcta areas usuario:1
20181120 09:04:35 Avance correcto proceso 0
20181120 09:04:44 Obtención correcta areas usuario:1
20181120 09:04:44 Consulta correcta usuario 1
20181120 09:05:31 Obtención correcta areas usuario:1
20181120 09:05:31 Obtención correcta objetosdb usuario:1 app 1
20181120 09:05:34 Obtención correcta areas usuario:1
20181120 09:05:34 Avance correcto proceso 0
20181120 10:28:28 Acceso correcto usuario veneno
20181120 10:28:28 Obtención correcta areas usuario:1
20181120 10:28:28 Avance correcto proceso 0
20181120 10:28:50 Obtención correcta areas usuario:1
20181120 10:28:50 Obtención correcta objetosdb usuario:1 app 1
20181120 10:28:55 Obtención correcta aplicaciones usuario:1 area 1
20181120 10:28:57 Obtención correcta aplicaciones usuario:1 area 1
20181120 10:29:22 Obtención incorrecta aplicaciones usuario:1 area 2
20181120 10:29:23 Obtención correcta aplicaciones usuario:1 area 1
20181120 10:29:28 Obtención correcta areas usuario:1
20181120 10:29:28 Consulta correcta usuario 1
20181120 10:30:37 Obtención correcta areas usuario:1
20181120 10:30:37 Obtención correcta objetosdb usuario:1 app 1
20181120 10:30:40 Obtención correcta aplicaciones usuario:1 area 1
20181120 10:30:41 Obtención correcta aplicaciones usuario:1 area 1
20181120 10:32:37 Obtención incorrecta aplicaciones usuario:1 area 2
20181120 10:32:40 Obtención correcta aplicaciones usuario:1 area 1
20181120 10:33:35 Obtención incorrecta aplicaciones usuario:1 area 2
20181120 10:33:36 Obtención correcta aplicaciones usuario:1 area 0
20181120 10:37:35 Acceso correcto usuario veneno
20181120 10:37:35 Obtención correcta areas usuario:1
20181120 10:37:35 Avance correcto proceso 0
20181120 10:37:40 Obtención correcta areas usuario:1
20181120 10:37:40 Obtención correcta objetosdb usuario:1 app 1
20181120 10:37:44 Obtención correcta aplicaciones usuario:1 area 1
20181120 10:37:45 Obtención correcta aplicaciones usuario:1 area 1
20181120 10:38:55 Obtención incorrecta aplicaciones usuario:1 area 4
20181120 10:38:56 Obtención correcta aplicaciones usuario:1 area 1
20181120 10:39:18 Obtención correcta areas usuario:1
20181120 10:39:19 Consulta correcta usuario 1
20181120 10:47:30 Acceso correcto usuario veneno
20181120 10:47:30 Obtención correcta areas usuario:1
20181120 10:47:30 Avance correcto proceso 0
20181120 10:47:34 Obtención correcta areas usuario:1
20181120 10:47:34 Consulta correcta usuario 1
20181120 10:49:14 Obtención correcta areas usuario:1
20181120 10:49:14 Obtención correcta objetosdb usuario:1 app 1
20181120 10:49:17 Obtención correcta areas usuario:1
20181120 10:49:17 Avance correcto proceso 0
20181120 10:49:31 Obtención correcta areas usuario:1
20181120 10:49:31 Obtención correcta objetosdb usuario:1 app 1
20181120 10:49:37 Obtención correcta areas usuario:1
20181120 10:49:37 Consulta correcta usuario 1
20181120 10:51:14 Obtención correcta areas usuario:1
20181120 10:51:14 Avance correcto proceso 0
20181120 10:51:33 Obtención correcta areas usuario:1
20181120 10:51:33 Obtención correcta objetosdb usuario:1 app 1
20181120 10:51:36 Obtención correcta aplicaciones usuario:1 area 1
20181120 10:51:37 Obtención correcta aplicaciones usuario:1 area 1
20181120 10:52:09 Obtención incorrecta aplicaciones usuario:1 area 2
20181120 10:52:11 Obtención correcta aplicaciones usuario:1 area 1
20181120 10:52:28 Obtención correcta areas usuario:1
20181120 10:52:28 Consulta correcta usuario 1
20181120 10:53:40 Obtención correcta areas usuario:1
20181120 10:53:40 Obtención correcta objetosdb usuario:1 app 1
20181120 10:54:14 Obtención correcta aplicaciones usuario:1 area 1
20181120 10:54:16 Obtención correcta aplicaciones usuario:1 area 1
20181120 11:00:55 Obtención correcta areas usuario:1
20181120 11:00:55 Avance correcto proceso 0
20181120 11:00:59 Obtención correcta areas usuario:1
20181120 11:00:59 Consulta correcta usuario 1
20181120 11:01:07 Obtención correcta areas usuario:1
20181120 11:01:07 Obtención correcta objetosdb usuario:1 app 1
20181120 11:01:11 Obtención correcta aplicaciones usuario:1 area 1
20181120 11:01:12 Obtención correcta aplicaciones usuario:1 area 1
20181120 11:05:41 Acceso correcto usuario veneno
20181120 11:05:41 Obtención correcta areas usuario:1
20181120 11:05:41 Avance correcto proceso 0
20181120 11:05:45 Obtención correcta areas usuario:1
20181120 11:05:45 Obtención correcta objetosdb usuario:1 app 1
20181120 11:06:05 Obtención correcta aplicaciones usuario:1 area 1
20181120 11:06:07 Obtención correcta aplicaciones usuario:1 area 1
20181120 11:06:58 Obtención incorrecta aplicaciones usuario:1 area 2
20181120 11:06:59 Obtención correcta aplicaciones usuario:1 area 1
20181120 11:07:10 Obtención incorrecta aplicaciones usuario:1 area 2
20181120 11:07:11 Obtención correcta aplicaciones usuario:1 area 1
20181120 11:20:21 Acceso correcto usuario veneno
20181120 11:20:21 Obtención correcta areas usuario:1
20181120 11:20:21 Avance correcto proceso 0
20181120 11:20:28 Obtención correcta areas usuario:1
20181120 11:20:28 Obtención correcta objetosdb usuario:1 app 1
20181120 11:20:33 Obtención correcta aplicaciones usuario:1 area 1
20181120 11:20:35 Obtención correcta aplicaciones usuario:1 area 1
20181120 11:20:48 Obtención incorrecta aplicaciones usuario:1 area 2
20181120 11:20:49 Obtención correcta aplicaciones usuario:1 area 1
20181120 11:23:23 Acceso correcto usuario veneno
20181120 11:23:24 Obtención correcta areas usuario:1
20181120 11:23:24 Avance correcto proceso 0
20181120 11:23:27 Obtención correcta areas usuario:1
20181120 11:23:27 Obtención correcta objetosdb usuario:1 app 1
20181120 11:23:31 Obtención correcta aplicaciones usuario:1 area 1
20181120 11:23:32 Obtención correcta aplicaciones usuario:1 area 1
20181120 11:23:39 Obtención correcta aplicaciones usuario:1 area 1
20181120 11:23:47 Obtención correcta aplicaciones usuario:1 area 1
20181120 11:24:41 Obtención correcta aplicaciones usuario:1 area 1
20181120 11:24:53 Obtención correcta aplicaciones usuario:1 area 1
20181120 11:25:07 Obtención correcta areas usuario:1
20181120 11:25:07 Consulta correcta usuario 1
20181120 11:30:46 Acceso correcto usuario veneno
20181120 11:30:46 Obtención correcta areas usuario:1
20181120 11:30:46 Avance correcto proceso 0
20181120 11:30:50 Obtención correcta areas usuario:1
20181120 11:30:50 Obtención correcta objetosdb usuario:1 app 1
20181120 11:30:56 Obtención correcta aplicaciones usuario:1 area 1
20181120 11:30:57 Obtención incorrecta aplicaciones usuario:1 area 2
20181120 11:31:42 Obtención correcta aplicaciones usuario:1 area 1
20181120 11:31:56 Obtención correcta aplicaciones usuario:1 area 1
20181120 11:34:08 Acceso correcto usuario veneno
20181120 11:34:08 Obtención correcta areas usuario:1
20181120 11:34:08 Avance correcto proceso 0
20181120 11:34:12 Obtención correcta areas usuario:1
20181120 11:34:12 Obtención correcta objetosdb usuario:1 app 1
20181120 11:34:17 Obtención correcta aplicaciones usuario:1 area 1
20181120 11:34:18 Obtención correcta aplicaciones usuario:1 area 1
20181120 11:35:16 Acceso correcto usuario veneno
20181120 11:35:17 Obtención correcta areas usuario:1
20181120 11:35:17 Avance correcto proceso 0
20181120 11:35:20 Obtención correcta areas usuario:1
20181120 11:35:20 Obtención correcta objetosdb usuario:1 app 1
20181120 11:35:23 Obtención correcta aplicaciones usuario:1 area 1
20181120 11:35:24 Obtención correcta aplicaciones usuario:1 area 1
20181120 11:35:55 Obtención correcta aplicaciones usuario:1 area 1
20181120 11:45:25 Acceso correcto usuario veneno
20181120 11:45:25 Obtención correcta areas usuario:1
20181120 11:45:25 Avance correcto proceso 0
20181120 11:45:30 Obtención correcta areas usuario:1
20181120 11:45:30 Obtención correcta objetosdb usuario:1 app 1
20181120 11:45:36 Obtención correcta aplicaciones usuario:1 area 1
20181120 11:45:38 Obtención correcta aplicaciones usuario:1 area 1
20181120 11:46:25 Obtención correcta aplicaciones usuario:1 area 1
20181120 11:47:24 Acceso correcto usuario veneno
20181120 11:47:24 Obtención correcta areas usuario:1
20181120 11:47:24 Avance correcto proceso 0
20181120 11:47:29 Obtención correcta areas usuario:1
20181120 11:47:29 Obtención correcta objetosdb usuario:1 app 1
20181120 11:47:33 Obtención correcta aplicaciones usuario:1 area 1
20181120 11:47:34 Obtención correcta aplicaciones usuario:1 area 1
20181120 11:47:57 Obtención correcta aplicaciones usuario:1 area 1
20181120 11:48:05 Obtención correcta areas usuario:1
20181120 11:48:05 Consulta correcta usuario 1
20181120 13:17:53 Acceso correcto usuario veneno
20181120 13:17:53 Obtención correcta areas usuario:1
20181120 13:17:53 Avance correcto proceso 0
20181120 13:17:58 BaseDatos.GetResultStoredSQLReader Procedure or function 'Sp_ObtenUsuarios' expects parameter '@UsuarioID', which was not supplied. 201 Sp_ObtenUsuarios 0 4
20181120 13:17:58 Usuario.ObtenUsuarios Object reference not set to an instance of an object.
20181120 13:17:58 Obtención correcta areas usuario:1
20181120 13:17:59 BaseDatos.GetResultStoredSQLReader Procedure or function 'Sp_ObtenPerfiles' expects parameter '@UsuarioID', which was not supplied. 201 Sp_ObtenPerfiles 0 4
20181120 13:17:59 Usuario.ObtenPerfiles Object reference not set to an instance of an object.
20181120 13:19:58 Acceso correcto usuario veneno
20181120 13:19:58 Obtención correcta areas usuario:1
20181120 13:19:58 Avance correcto proceso 0
20181120 13:20:06 Acceso correcto usuario veneno
20181120 13:20:06 Obtención correcta areas usuario:1
20181120 13:20:06 Avance correcto proceso 0
20181120 13:20:21 BaseDatos.GetResultStoredSQLReader Procedure or function 'Sp_ObtenUsuarios' expects parameter '@UsuarioID', which was not supplied. 201 Sp_ObtenUsuarios 0 4
20181120 13:20:21 Usuario.ObtenUsuarios Object reference not set to an instance of an object.
20181120 13:21:36 Obten usuarios correcto usuario 1
20181120 13:21:36 Obtención correcta areas usuario:1
20181120 13:21:36 Obten PERFILES correcto usuario 1
20181120 13:24:10 Acceso correcto usuario veneno
20181120 13:24:10 Obtención correcta areas usuario:1
20181120 13:24:10 Avance correcto proceso 0
20181120 13:24:21 Obten usuarios correcto usuario 1
20181120 13:24:21 Obtención correcta areas usuario:1
20181120 13:24:21 Obten PERFILES correcto usuario 1
20181120 13:27:52 Acceso correcto usuario veneno
20181120 13:27:52 Obtención correcta areas usuario:1
20181120 13:27:52 Avance correcto proceso 0
20181120 13:27:57 Obten usuarios correcto usuario 1
20181120 13:27:57 Obtención correcta areas usuario:1
20181120 13:27:57 Obten PERFILES correcto usuario 1
20181120 13:28:18 Obten usuarios correcto usuario 1
20181120 13:28:18 Obtención correcta areas usuario:1
20181120 13:28:18 Obten PERFILES correcto usuario 1
20181120 13:32:46 Acceso correcto usuario veneno
20181120 13:32:46 Obtención correcta areas usuario:1
20181120 13:32:46 Avance correcto proceso 0
20181120 13:32:51 Obten usuarios correcto usuario 1
20181120 13:32:51 Obtención correcta areas usuario:1
20181120 13:32:51 Obten PERFILES correcto usuario 1
20181120 13:32:55 Obtención correcta areas usuario:1
20181120 13:32:55 Consulta correcta usuario 1
20181120 13:33:05 Obtención correcta areas usuario:1
20181120 13:33:05 Obtención correcta objetosdb usuario:1 app 1
20181120 15:07:25 Acceso correcto usuario veneno
20181120 15:07:25 Obtención correcta areas usuario:1
20181120 15:07:26 Avance correcto proceso 0
20181120 15:07:54 Obtención correcta areas usuario:1
20181120 15:07:54 Obtención correcta objetosdb usuario:1 app 1
20181120 15:07:58 Obtención correcta aplicaciones usuario:1 area 1
20181120 15:08:00 Obtención correcta aplicaciones usuario:1 area 1
20181120 15:08:20 Obtención correcta aplicaciones usuario:1 area 1
20181120 15:08:44 Obtención correcta aplicaciones usuario:1 area 1
20181120 15:08:47 Obtención correcta areas usuario:1
20181120 15:08:48 Consulta correcta usuario 1
20181120 15:08:59 Obten usuarios correcto usuario 1
20181120 15:08:59 Obtención correcta areas usuario:1
20181120 15:08:59 Obten PERFILES correcto usuario 1
20181120 15:10:43 Obtención correcta areas usuario:1
20181120 15:10:43 Avance correcto proceso 0
20181120 15:12:14 Obtención correcta areas usuario:1
20181120 15:12:14 Obtención correcta objetosdb usuario:1 app 1
20181120 15:12:18 Obtención correcta areas usuario:1
20181120 15:12:18 Consulta correcta usuario 1
20181120 15:13:08 Obtención correcta areas usuario:1
20181120 15:13:08 Obtención correcta objetosdb usuario:1 app 1
20181120 15:13:42 Obtención correcta aplicaciones usuario:1 area 1
20181120 15:13:50 Obtención correcta aplicaciones usuario:1 area 1
20181120 15:22:25 Obtención correcta areas usuario:1
20181120 15:22:25 Consulta correcta usuario 1
20181120 15:22:33 Obtención correcta areas usuario:1
20181120 15:22:33 Obtención correcta objetosdb usuario:1 app 1
20181120 15:22:50 Obtención correcta aplicaciones usuario:1 area 1
20181120 15:22:52 Obtención correcta aplicaciones usuario:1 area 1
20181120 15:23:29 Obtención correcta areas usuario:1
20181120 15:23:29 Consulta correcta usuario 1
20181120 15:23:38 Obtención correcta areas usuario:1
20181120 15:23:38 Obtención correcta objetosdb usuario:1 app 1
20181120 15:23:42 Obtención correcta aplicaciones usuario:1 area 1
20181120 15:23:44 Obtención correcta aplicaciones usuario:1 area 1
20181120 15:28:32 Acceso correcto usuario veneno
20181120 15:28:32 Obtención correcta areas usuario:1
20181120 15:28:32 Avance correcto proceso 0
20181120 15:28:39 Obtención correcta aplicaciones usuario:1 area 1
20181120 15:28:50 actualizaStatus.UploadComplete Cannot apply indexing with [] to an expression of type 'System.Dynamic.DynamicObject'
20181120 15:28:50 Obtención correcta areas usuario:1
20181120 15:28:50 Avance correcto proceso 0
20181120 15:28:59 Obtención correcta areas usuario:1
20181120 15:28:59 Avance correcto proceso 0
20181120 15:29:09 Obtención correcta areas usuario:1
20181120 15:29:09 Avance correcto proceso 0
20181120 15:29:19 Obtención correcta areas usuario:1
20181120 15:29:19 Avance correcto proceso 0
20181120 15:29:29 Obtención correcta areas usuario:1
20181120 15:29:29 Avance correcto proceso 0
20181120 15:29:39 Obtención correcta areas usuario:1
20181120 15:29:39 Avance correcto proceso 0
20181120 15:29:49 Obtención correcta areas usuario:1
20181120 15:29:49 Avance correcto proceso 0
20181120 15:29:59 Obtención correcta areas usuario:1
20181120 15:29:59 Avance correcto proceso 0
20181120 15:30:09 Obtención correcta areas usuario:1
20181120 15:30:09 Avance correcto proceso 0
20181120 15:30:19 Obtención correcta areas usuario:1
20181120 15:30:19 Avance correcto proceso 0
20181120 15:30:29 Obtención correcta areas usuario:1
20181120 15:30:29 Avance correcto proceso 0
20181120 15:30:39 Obtención correcta areas usuario:1
20181120 15:30:39 Avance correcto proceso 0
20181120 15:30:49 Obtención correcta areas usuario:1
20181120 15:30:49 Avance correcto proceso 0
20181120 15:30:59 Obtención correcta areas usuario:1
20181120 15:30:59 Avance correcto proceso 0
20181120 15:31:09 Obtención correcta areas usuario:1
20181120 15:31:09 Avance correcto proceso 0
20181120 15:31:19 Obtención correcta areas usuario:1
20181120 15:31:19 Avance correcto proceso 0
20181120 15:31:29 Obtención correcta areas usuario:1
20181120 15:31:29 Avance correcto proceso 0
20181120 15:31:39 Obtención correcta areas usuario:1
20181120 15:31:39 Avance correcto proceso 0
20181120 15:31:49 Obtención correcta areas usuario:1
20181120 15:31:49 Avance correcto proceso 0
20181120 15:31:59 Obtención correcta areas usuario:1
20181120 15:31:59 Avance correcto proceso 0
20181120 15:32:09 Obtención correcta areas usuario:1
20181120 15:32:09 Avance correcto proceso 0
20181120 15:32:16 Obtención correcta areas usuario:1
20181120 15:32:16 Obtención correcta objetosdb usuario:1 app 1
20181120 15:33:01 Obtención correcta areas usuario:1
20181120 15:33:01 Avance correcto proceso 0
20181120 15:33:04 Obtención correcta areas usuario:1
20181120 15:33:04 Obtención correcta objetosdb usuario:1 app 1
20181120 15:33:08 Obtención correcta aplicaciones usuario:1 area 1
20181120 15:33:09 Obtención correcta aplicaciones usuario:1 area 1
20181120 15:33:28 Obtención correcta aplicaciones usuario:1 area 1
20181120 15:33:35 Obtención correcta aplicaciones usuario:1 area 1
20181120 15:33:40 Obtención correcta areas usuario:1
20181120 15:33:41 Consulta correcta usuario 1
20181120 15:34:07 Obten usuarios correcto usuario 1
20181120 15:34:07 Obtención correcta areas usuario:1
20181120 15:34:07 Obten PERFILES correcto usuario 1
20181120 15:59:26 Acceso correcto usuario veneno
20181120 15:59:26 Obtención correcta areas usuario:1
20181120 15:59:26 Avance correcto proceso 0
20181120 15:59:38 Obtención correcta areas usuario:1
20181120 15:59:38 Obtención correcta objetosdb usuario:1 app 1
20181120 15:59:42 Obtención correcta aplicaciones usuario:1 area 1
20181120 15:59:44 Obtención correcta aplicaciones usuario:1 area 1
20181120 16:00:34 Obtención correcta aplicaciones usuario:1 area 1
20181120 16:01:14 Obtención correcta areas usuario:1
20181120 16:01:15 Consulta correcta usuario 1
20181120 16:01:47 Obten usuarios correcto usuario 1
20181120 16:01:47 Obtención correcta areas usuario:1
20181120 16:01:47 Obten PERFILES correcto usuario 1
20181120 16:06:53 Obtención correcta areas usuario:1
20181120 16:06:53 Obtención correcta objetosdb usuario:1 app 1
20181120 16:06:57 Obtención correcta aplicaciones usuario:1 area 1
20181120 16:06:58 Obtención correcta aplicaciones usuario:1 area 1
20181120 16:16:48 Acceso correcto usuario veneno
20181120 16:16:48 Obtención correcta areas usuario:1
20181120 16:16:48 Avance correcto proceso 0
20181120 16:17:00 Obtención correcta areas usuario:1
20181120 16:17:00 Obtención correcta objetosdb usuario:1 app 1
20181120 16:17:07 Obtención correcta aplicaciones usuario:1 area 1
20181120 16:17:09 Obtención correcta aplicaciones usuario:1 area 1
20181120 16:19:18 Obtención correcta aplicaciones usuario:1 area 1
20181120 16:19:27 Obtención correcta aplicaciones usuario:1 area 1
20181120 16:19:32 Obtención correcta aplicaciones usuario:1 area 1
20181120 16:20:23 Obtención correcta aplicaciones usuario:1 area 1
20181120 16:20:26 Obtención correcta aplicaciones usuario:1 area 1
20181120 16:22:29 Obtención correcta aplicaciones usuario:1 area 1
20181120 16:30:20 Obtención correcta areas usuario:1
20181120 16:30:20 Avance correcto proceso 0
20181120 16:31:48 Obtención correcta areas usuario:1
20181120 16:31:48 Avance correcto proceso 0
20181120 16:32:08 Obtención correcta areas usuario:1
20181120 16:32:08 Obtención correcta objetosdb usuario:1 app 1
20181120 16:32:11 Obtención correcta areas usuario:1
20181120 16:32:11 Avance correcto proceso 0
20181120 16:35:15 Obtención correcta aplicaciones usuario:1 area 1
20181120 16:35:59 actualizaStatus.UploadComplete Cannot apply indexing with [] to an expression of type 'System.Dynamic.DynamicObject'
20181120 16:36:00 Obtención correcta areas usuario:1
20181120 16:36:00 Avance correcto proceso 0
20181120 16:36:09 Obtención correcta areas usuario:1
20181120 16:36:09 Avance correcto proceso 0
20181120 16:36:19 Obtención correcta areas usuario:1
20181120 16:36:19 Avance correcto proceso 0
20181120 16:36:29 Obtención correcta areas usuario:1
20181120 16:36:29 Avance correcto proceso 0
20181120 16:36:39 Obtención correcta areas usuario:1
20181120 16:36:39 Avance correcto proceso 0
20181120 16:36:49 Obtención correcta areas usuario:1
20181120 16:36:49 Avance correcto proceso 0
20181120 16:36:59 Obtención correcta areas usuario:1
20181120 16:36:59 Avance correcto proceso 0
20181120 16:37:09 Obtención correcta areas usuario:1
20181120 16:37:09 Avance correcto proceso 0
20181120 16:37:19 Obtención correcta areas usuario:1
20181120 16:37:19 Avance correcto proceso 0
20181120 16:37:29 Obtención correcta areas usuario:1
20181120 16:37:29 Avance correcto proceso 0
20181120 16:37:39 Obtención correcta areas usuario:1
20181120 16:37:39 Avance correcto proceso 0
20181120 16:37:49 Obtención correcta areas usuario:1
20181120 16:37:49 Avance correcto proceso 0
20181120 16:37:59 Obtención correcta areas usuario:1
20181120 16:37:59 Avance correcto proceso 0
20181120 16:38:09 Obtención correcta areas usuario:1
20181120 16:38:09 Avance correcto proceso 0
20181120 16:38:19 Obtención correcta areas usuario:1
20181120 16:38:19 Avance correcto proceso 0
20181120 16:38:29 Obtención correcta areas usuario:1
20181120 16:38:29 Avance correcto proceso 0
20181120 16:38:39 Obtención correcta areas usuario:1
20181120 16:38:39 Avance correcto proceso 0
20181120 16:38:49 Obtención correcta areas usuario:1
20181120 16:38:49 Avance correcto proceso 0
20181120 16:38:59 Obtención correcta areas usuario:1
20181120 16:38:59 Avance correcto proceso 0
20181120 16:39:09 Obtención correcta areas usuario:1
20181120 16:39:09 Avance correcto proceso 0
20181120 16:39:19 Obtención correcta areas usuario:1
20181120 16:39:19 Avance correcto proceso 0
20181120 16:39:29 Obtención correcta areas usuario:1
20181120 16:39:29 Avance correcto proceso 0
20181120 16:39:39 Obtención correcta areas usuario:1
20181120 16:39:39 Avance correcto proceso 0
20181120 16:39:49 Obtención correcta areas usuario:1
20181120 16:39:49 Avance correcto proceso 0
20181120 16:39:59 Obtención correcta areas usuario:1
20181120 16:39:59 Avance correcto proceso 0
20181120 16:40:09 Obtención correcta areas usuario:1
20181120 16:40:09 Avance correcto proceso 0
20181120 16:40:19 Obtención correcta areas usuario:1
20181120 16:40:19 Avance correcto proceso 0
20181120 16:40:29 Obtención correcta areas usuario:1
20181120 16:40:29 Avance correcto proceso 0
20181120 16:40:39 Obtención correcta areas usuario:1
20181120 16:40:39 Avance correcto proceso 0
20181120 16:40:49 Obtención correcta areas usuario:1
20181120 16:40:49 Avance correcto proceso 0
20181120 16:40:59 Obtención correcta areas usuario:1
20181120 16:40:59 Avance correcto proceso 0
20181120 16:41:09 Obtención correcta areas usuario:1
20181120 16:41:09 Avance correcto proceso 0
20181120 16:41:19 Obtención correcta areas usuario:1
20181120 16:41:19 Avance correcto proceso 0
20181120 16:41:29 Obtención correcta areas usuario:1
20181120 16:41:29 Avance correcto proceso 0
20181120 16:41:39 Obtención correcta areas usuario:1
20181120 16:41:39 Avance correcto proceso 0
20181120 16:41:49 Obtención correcta areas usuario:1
20181120 16:41:49 Avance correcto proceso 0
20181120 16:41:59 Obtención correcta areas usuario:1
20181120 16:41:59 Avance correcto proceso 0
20181120 16:42:09 Obtención correcta areas usuario:1
20181120 16:42:09 Avance correcto proceso 0
20181120 16:42:19 Obtención correcta areas usuario:1
20181120 16:42:19 Avance correcto proceso 0
20181120 16:42:29 Obtención correcta areas usuario:1
20181120 16:42:29 Avance correcto proceso 0
20181120 16:42:39 Obtención correcta areas usuario:1
20181120 16:42:39 Avance correcto proceso 0
20181120 16:42:49 Obtención correcta areas usuario:1
20181120 16:42:49 Avance correcto proceso 0
20181120 16:42:59 Obtención correcta areas usuario:1
20181120 16:42:59 Avance correcto proceso 0
20181120 16:43:09 Obtención correcta areas usuario:1
20181120 16:43:09 Avance correcto proceso 0
20181120 16:43:19 Obtención correcta areas usuario:1
20181120 16:43:19 Avance correcto proceso 0
20181120 16:43:29 Obtención correcta areas usuario:1
20181120 16:43:29 Avance correcto proceso 0
20181120 16:43:39 Obtención correcta areas usuario:1
20181120 16:43:39 Avance correcto proceso 0
20181120 16:43:49 Obtención correcta areas usuario:1
20181120 16:43:49 Avance correcto proceso 0
20181120 16:43:59 Obtención correcta areas usuario:1
20181120 16:43:59 Avance correcto proceso 0
20181120 16:44:09 Obtención correcta areas usuario:1
20181120 16:44:09 Avance correcto proceso 0
20181120 16:44:19 Obtención correcta areas usuario:1
20181120 16:44:19 Avance correcto proceso 0
20181120 16:44:29 Obtención correcta areas usuario:1
20181120 16:44:29 Avance correcto proceso 0
20181120 16:44:39 Obtención correcta areas usuario:1
20181120 16:44:39 Avance correcto proceso 0
20181120 16:44:49 Obtención correcta areas usuario:1
20181120 16:44:49 Avance correcto proceso 0
20181120 16:44:59 Obtención correcta areas usuario:1
20181120 16:44:59 Avance correcto proceso 0
20181120 16:45:09 Obtención correcta areas usuario:1
20181120 16:45:09 Avance correcto proceso 0
20181120 16:45:19 Obtención correcta areas usuario:1
20181120 16:45:19 Avance correcto proceso 0
20181120 16:45:29 Obtención correcta areas usuario:1
20181120 16:45:29 Avance correcto proceso 0
20181120 16:45:39 Obtención correcta areas usuario:1
20181120 16:45:39 Avance correcto proceso 0
20181120 16:45:40 Obtención correcta areas usuario:1
20181120 16:45:40 Avance correcto proceso 0
20181120 16:45:41 actualizaStatus.UploadComplete Cannot apply indexing with [] to an expression of type 'System.Dynamic.DynamicObject'
20181120 16:45:49 Obtención correcta areas usuario:1
20181120 16:45:49 Avance correcto proceso 0
20181120 16:45:50 Obtención correcta areas usuario:1
20181120 16:45:50 Avance correcto proceso 0
20181120 16:45:59 Obtención correcta areas usuario:1
20181120 16:45:59 Avance correcto proceso 0
20181120 16:46:00 Obtención correcta areas usuario:1
20181120 16:46:00 Avance correcto proceso 0
20181120 16:46:09 Obtención correcta areas usuario:1
20181120 16:46:09 Avance correcto proceso 0
20181120 16:46:10 Obtención correcta areas usuario:1
20181120 16:46:10 Avance correcto proceso 0
20181120 16:46:19 Obtención correcta areas usuario:1
20181120 16:46:19 Avance correcto proceso 0
20181120 16:46:20 Obtención correcta areas usuario:1
20181120 16:46:20 Avance correcto proceso 0
20181120 16:46:29 Obtención correcta areas usuario:1
20181120 16:46:29 Avance correcto proceso 0
20181120 16:46:30 Obtención correcta areas usuario:1
20181120 16:46:30 Avance correcto proceso 0
20181120 16:46:39 Obtención correcta areas usuario:1
20181120 16:46:39 Avance correcto proceso 0
20181120 16:46:40 Obtención correcta areas usuario:1
20181120 16:46:40 Avance correcto proceso 0
20181120 16:46:49 Obtención correcta areas usuario:1
20181120 16:46:49 Avance correcto proceso 0
20181120 16:46:50 Obtención correcta areas usuario:1
20181120 16:46:50 Avance correcto proceso 0
20181120 16:46:59 Obtención correcta areas usuario:1
20181120 16:46:59 Avance correcto proceso 0
20181120 16:47:00 Obtención correcta areas usuario:1
20181120 16:47:00 Avance correcto proceso 0
20181120 16:47:09 Obtención correcta areas usuario:1
20181120 16:47:09 Avance correcto proceso 0
20181120 16:47:10 Obtención correcta areas usuario:1
20181120 16:47:10 Avance correcto proceso 0
20181120 16:47:19 Obtención correcta areas usuario:1
20181120 16:47:19 Avance correcto proceso 0
20181120 16:47:20 Obtención correcta areas usuario:1
20181120 16:47:20 Avance correcto proceso 0
20181120 16:47:29 Obtención correcta areas usuario:1
20181120 16:47:29 Avance correcto proceso 0
20181120 16:47:30 Obtención correcta areas usuario:1
20181120 16:47:30 Avance correcto proceso 0
20181120 16:47:39 Obtención correcta areas usuario:1
20181120 16:47:39 Avance correcto proceso 0
20181120 16:47:40 Obtención correcta areas usuario:1
20181120 16:47:40 Avance correcto proceso 0
20181120 16:47:49 Obtención correcta areas usuario:1
20181120 16:47:49 Avance correcto proceso 0
20181120 16:47:50 Obtención correcta areas usuario:1
20181120 16:47:50 Avance correcto proceso 0
20181120 16:47:59 Obtención correcta areas usuario:1
20181120 16:47:59 Avance correcto proceso 0
20181120 16:48:00 Obtención correcta areas usuario:1
20181120 16:48:00 Avance correcto proceso 0
20181120 16:48:09 Obtención correcta areas usuario:1
20181120 16:48:09 Avance correcto proceso 0
20181120 16:48:10 Obtención correcta areas usuario:1
20181120 16:48:10 Avance correcto proceso 0
20181120 16:48:19 Obtención correcta areas usuario:1
20181120 16:48:19 Avance correcto proceso 0
20181120 16:48:20 Obtención correcta areas usuario:1
20181120 16:48:20 Avance correcto proceso 0
20181120 16:48:29 Obtención correcta areas usuario:1
20181120 16:48:29 Avance correcto proceso 0
20181120 16:48:30 Obtención correcta areas usuario:1
20181120 16:48:30 Avance correcto proceso 0
20181120 16:48:39 Obtención correcta areas usuario:1
20181120 16:48:39 Avance correcto proceso 0
20181120 16:48:40 Obtención correcta areas usuario:1
20181120 16:48:40 Avance correcto proceso 0
20181120 16:48:49 Obtención correcta areas usuario:1
20181120 16:48:49 Avance correcto proceso 0
20181120 16:48:50 Obtención correcta areas usuario:1
20181120 16:48:50 Avance correcto proceso 0
20181120 16:48:59 Obtención correcta areas usuario:1
20181120 16:48:59 Avance correcto proceso 0
20181120 16:49:00 Obtención correcta areas usuario:1
20181120 16:49:00 Avance correcto proceso 0
20181120 16:49:09 Obtención correcta areas usuario:1
20181120 16:49:09 Avance correcto proceso 0
20181120 16:49:10 Obtención correcta areas usuario:1
20181120 16:49:10 Avance correcto proceso 0
20181120 16:49:19 Obtención correcta areas usuario:1
20181120 16:49:19 Avance correcto proceso 0
20181120 16:49:20 Obtención correcta areas usuario:1
20181120 16:49:20 Avance correcto proceso 0
20181120 16:49:21 Obtención correcta areas usuario:1
20181120 16:49:21 Obtención correcta objetosdb usuario:1 app 1
20181120 16:49:30 Obtención correcta aplicaciones usuario:1 area 1
20181120 16:49:32 Obtención correcta aplicaciones usuario:1 area 1
20181120 16:50:27 Acceso correcto usuario veneno
20181120 16:50:27 Obtención correcta areas usuario:1
20181120 16:50:27 Avance correcto proceso 0
20181120 16:50:42 Obtención correcta aplicaciones usuario:1 area 1
20181120 16:50:57 actualizaStatus.UploadComplete Cannot apply indexing with [] to an expression of type 'System.Dynamic.DynamicObject'
20181120 16:50:57 Obtención correcta areas usuario:1
20181120 16:50:57 Avance correcto proceso 0
20181120 16:51:06 Obtención correcta areas usuario:1
20181120 16:51:06 Avance correcto proceso 0
20181120 16:51:16 Obtención correcta areas usuario:1
20181120 16:51:16 Avance correcto proceso 0
20181120 16:51:26 Obtención correcta areas usuario:1
20181120 16:51:26 Avance correcto proceso 0
20181120 16:51:36 Obtención correcta areas usuario:1
20181120 16:51:36 Avance correcto proceso 0
20181120 16:51:46 Obtención correcta areas usuario:1
20181120 16:51:46 Avance correcto proceso 0
20181120 16:51:56 Obtención correcta areas usuario:1
20181120 16:51:56 Avance correcto proceso 0
20181120 16:52:06 Obtención correcta areas usuario:1
20181120 16:52:06 Avance correcto proceso 0
20181120 16:52:12 Obtención correcta areas usuario:1
20181120 16:52:12 Obtención correcta objetosdb usuario:1 app 1
20181120 16:52:17 Obtención correcta aplicaciones usuario:1 area 1
20181120 16:52:18 Obtención correcta aplicaciones usuario:1 area 1
20181120 16:52:35 Obtención correcta aplicaciones usuario:1 area 1
20181120 16:52:59 Obtención correcta aplicaciones usuario:1 area 1
20181120 16:54:41 Obtención correcta areas usuario:1
20181120 16:55:11 BaseDatos.GetResultStoredSQLReader Execution Timeout Expired.  The timeout period elapsed prior to completion of the operation or the server is not responding. -2  0 0
20181120 16:55:11 ConsultaDep.ConsultaDependencia Object reference not set to an instance of an object.
20181120 16:55:50 Acceso correcto usuario veneno
20181120 16:55:50 Obtención correcta areas usuario:1
20181120 16:55:50 Avance correcto proceso 0
20181120 16:55:53 Obtención correcta areas usuario:1
20181120 16:55:53 Consulta incorrecta usuario 1
20181120 16:56:51 Acceso correcto usuario veneno
20181120 16:56:51 Obtención correcta areas usuario:1
20181120 16:56:51 Avance correcto proceso 0
20181120 16:56:55 Obtención correcta areas usuario:1
20181120 16:56:55 Obtención correcta objetosdb usuario:1 app 1
20181120 16:57:04 Obtención correcta aplicaciones usuario:1 area 0
20181120 16:57:50 Obtención correcta aplicaciones usuario:1 area 0
20181120 16:58:31 Obtención correcta aplicaciones usuario:1 area 1
20181120 16:58:32 Obtención correcta aplicaciones usuario:1 area 1
20181120 16:59:20 Obtención correcta aplicaciones usuario:1 area 1
20181120 17:00:56 Obten usuarios correcto usuario 1
20181120 17:00:56 Obtención correcta areas usuario:1
20181120 17:00:56 Obten PERFILES correcto usuario 1
20181120 17:01:05 Obtención correcta areas usuario:1
20181120 17:01:05 Obtención correcta objetosdb usuario:1 app 1
20181120 17:01:28 Obtención correcta areas usuario:1
20181120 17:01:28 Avance correcto proceso 0
20181120 17:02:23 Obtención correcta aplicaciones usuario:1 area 1
20181120 17:02:33 actualizaStatus.UploadComplete Cannot apply indexing with [] to an expression of type 'System.Dynamic.DynamicObject'
20181120 17:02:33 Obtención correcta areas usuario:1
20181120 17:02:33 Avance correcto proceso 0
20181120 17:02:43 Obtención correcta areas usuario:1
20181120 17:02:43 Avance correcto proceso 0
20181120 17:02:53 Obtención correcta areas usuario:1
20181120 17:02:53 Avance correcto proceso 0
20181120 17:03:03 Obtención correcta areas usuario:1
20181120 17:03:03 Avance correcto proceso 0
20181120 17:03:13 Obtención correcta areas usuario:1
20181120 17:03:13 Avance correcto proceso 0
20181120 17:03:23 Obtención correcta areas usuario:1
20181120 17:03:23 Avance correcto proceso 0
20181120 17:03:33 Obtención correcta areas usuario:1
20181120 17:03:33 Avance correcto proceso 0
20181120 17:03:43 Obtención correcta areas usuario:1
20181120 17:03:43 Avance correcto proceso 0
20181120 17:03:53 Obtención correcta areas usuario:1
20181120 17:03:53 Avance correcto proceso 0
20181120 17:04:03 Obtención correcta areas usuario:1
20181120 17:04:03 Avance correcto proceso 0
20181120 17:04:13 Obtención correcta areas usuario:1
20181120 17:04:13 Avance correcto proceso 0
20181120 17:04:23 Obtención correcta areas usuario:1
20181120 17:04:23 Avance correcto proceso 0
20181120 17:04:33 Obtención correcta areas usuario:1
20181120 17:04:33 Avance correcto proceso 0
20181120 17:04:43 Obtención correcta areas usuario:1
20181120 17:04:43 Avance correcto proceso 0
20181120 17:04:53 Obtención correcta areas usuario:1
20181120 17:04:53 Avance correcto proceso 0
20181120 17:05:03 Obtención correcta areas usuario:1
20181120 17:05:03 Avance correcto proceso 0
20181120 17:05:13 Obtención correcta areas usuario:1
20181120 17:05:13 Avance correcto proceso 0
20181120 17:05:23 Obtención correcta areas usuario:1
20181120 17:05:23 Avance correcto proceso 0
20181120 17:05:33 Obtención correcta areas usuario:1
20181120 17:05:33 Avance correcto proceso 0
20181120 17:05:43 Obtención correcta areas usuario:1
20181120 17:05:43 Avance correcto proceso 0
20181120 17:05:53 Obtención correcta areas usuario:1
20181120 17:05:53 Avance correcto proceso 0
20181120 17:06:03 Obtención correcta areas usuario:1
20181120 17:06:03 Avance correcto proceso 0
20181120 17:06:13 Obtención correcta areas usuario:1
20181120 17:06:13 Avance correcto proceso 0
20181120 17:06:23 Obtención correcta areas usuario:1
20181120 17:06:23 Avance correcto proceso 0
20181120 17:06:33 Obtención correcta areas usuario:1
20181120 17:06:33 Avance correcto proceso 0
20181120 17:06:43 Obtención correcta areas usuario:1
20181120 17:06:43 Avance correcto proceso 0
20181120 17:06:53 Obtención correcta areas usuario:1
20181120 17:06:53 Avance correcto proceso 0
20181120 17:07:03 Obtención correcta areas usuario:1
20181120 17:07:03 Avance correcto proceso 0
20181120 17:07:13 Obtención correcta areas usuario:1
20181120 17:07:13 Avance correcto proceso 0
20181120 17:07:23 Obtención correcta areas usuario:1
20181120 17:07:23 Avance correcto proceso 0
20181120 17:07:33 Obtención correcta areas usuario:1
20181120 17:07:33 Avance correcto proceso 0
20181120 17:07:43 Obtención correcta areas usuario:1
20181120 17:07:43 Avance correcto proceso 0
20181120 17:07:53 Obtención correcta areas usuario:1
20181120 17:07:53 Avance correcto proceso 0
20181120 17:08:03 Obtención correcta areas usuario:1
20181120 17:08:03 Avance correcto proceso 0
20181120 17:08:13 Obtención correcta areas usuario:1
20181120 17:08:13 Avance correcto proceso 0
20181120 17:08:23 Obtención correcta areas usuario:1
20181120 17:08:23 Avance correcto proceso 0
20181120 17:08:48 BaseDatos.PrepareSp Sp_ObtenArea A network-related or instance-specific error occurred while establishing a connection to SQL Server. The server was not found or was not accessible. Verify that the instance name is correct and that SQL Server is configured to allow remote connections. (provider: Named Pipes Provider, error: 40 - Could not open a connection to SQL Server)
20181120 17:08:48 Area.ObtenArea Object reference not set to an instance of an object.
20181120 17:08:48 BaseDatos.PrepareSp Sp_ObtenProcesoAvance A network-related or instance-specific error occurred while establishing a connection to SQL Server. The server was not found or was not accessible. Verify that the instance name is correct and that SQL Server is configured to allow remote connections. (provider: Named Pipes Provider, error: 40 - Could not open a connection to SQL Server)
20181120 17:08:48 Proceso.ObtenProcesoAvance Object reference not set to an instance of an object.
20181120 17:13:39 Acceso correcto usuario veneno
20181120 17:13:39 Obtención correcta areas usuario:1
20181120 17:13:39 Avance correcto proceso 0
20181120 17:13:42 Obtención correcta areas usuario:1
20181120 17:13:42 Consulta correcta usuario 1
20181120 17:38:40 Obtención correcta areas usuario:1
20181120 17:38:40 Obtención correcta objetosdb usuario:1 app 1
20181120 17:38:44 Obtención correcta aplicaciones usuario:1 area 1
20181120 17:38:45 Obtención correcta aplicaciones usuario:1 area 1
20181120 17:39:50 Obtención correcta aplicaciones usuario:1 area 1
20181120 17:41:38 Obtención correcta areas usuario:1
20181120 17:41:38 Consulta correcta usuario 1
20181120 17:41:46 Obtención correcta areas usuario:1
20181120 17:41:46 ObtenProcesoAvance ObtenProcesoAvance Object reference not set to an instance of an object.
20181120 17:43:28 Acceso correcto usuario veneno
20181120 17:43:28 Obtención correcta areas usuario:1
20181120 17:43:28 Avance correcto proceso 0
20181120 17:43:33 Obtención correcta areas usuario:1
20181120 17:43:33 Obtención correcta objetosdb usuario:1 app 1
20181120 17:43:36 Obtención correcta aplicaciones usuario:1 area 1
20181120 17:43:38 Obtención correcta aplicaciones usuario:1 area 1
20181120 17:44:30 Obtención correcta aplicaciones usuario:1 area 1
20181120 17:45:37 Obtención correcta aplicaciones usuario:1 area 1
20181120 17:46:42 Obtención correcta aplicaciones usuario:1 area 1
20181120 17:56:58 Acceso correcto usuario veneno
20181120 17:56:58 Obtención correcta areas usuario:1
20181120 17:56:58 Avance correcto proceso 0
20181120 17:57:03 Obtención correcta areas usuario:1
20181120 17:57:03 Obtención correcta objetosdb usuario:1 app 1
20181120 17:57:07 Obtención correcta aplicaciones usuario:1 area 1
20181120 17:57:09 Obtención correcta aplicaciones usuario:1 area 1
20181120 17:57:16 Dependencias.ActualizaDiagramaInput string was not in a correct format.
20181120 17:57:19 Dependencias.ActualizaDiagramaInput string was not in a correct format.
20181120 17:57:21 Dependencias.ActualizaDiagramaInput string was not in a correct format.
20181120 17:57:22 Dependencias.ActualizaDiagramaInput string was not in a correct format.
20181120 17:57:25 Dependencias.ActualizaDiagramaInput string was not in a correct format.
20181120 17:57:26 Obtención correcta aplicaciones usuario:1 area 1
20181120 17:57:27 Obtención correcta aplicaciones usuario:1 area 1
20181120 17:57:29 Dependencias.ActualizaDiagramaInput string was not in a correct format.
20181120 17:57:32 Dependencias.ActualizaDiagramaInput string was not in a correct format.
20181120 17:57:34 Dependencias.ActualizaDiagramaInput string was not in a correct format.
20181120 17:57:38 Dependencias.ActualizaDiagramaInput string was not in a correct format.
20181120 17:57:41 Obtención incorrecta aplicaciones usuario:1 area 2
20181120 17:57:42 Obtención correcta aplicaciones usuario:1 area 1
20181120 17:57:44 Dependencias.ActualizaDiagramaInput string was not in a correct format.
20181120 17:57:46 Dependencias.ActualizaDiagramaInput string was not in a correct format.
20181120 17:57:47 Dependencias.ActualizaDiagramaInput string was not in a correct format.
20181120 17:57:48 Dependencias.ActualizaDiagramaInput string was not in a correct format.
20181120 17:57:50 Dependencias.ActualizaDiagramaInput string was not in a correct format.
20181120 17:57:55 Dependencias.ActualizaDiagramaInput string was not in a correct format.
20181120 17:59:02 Acceso correcto usuario veneno
20181120 17:59:02 Obtención correcta areas usuario:1
20181120 17:59:02 Avance correcto proceso 0
20181120 17:59:07 Obtención correcta areas usuario:1
20181120 17:59:07 Obtención correcta objetosdb usuario:1 app 1
20181120 17:59:12 Obtención correcta aplicaciones usuario:1 area 1
20181120 17:59:14 Obtención correcta aplicaciones usuario:1 area 1
20181120 18:00:58 Acceso correcto usuario veneno
20181120 18:00:58 Obtención correcta areas usuario:1
20181120 18:00:58 Avance correcto proceso 0
20181120 18:01:02 Obtención correcta areas usuario:1
20181120 18:01:02 Obtención correcta objetosdb usuario:1 app 1
20181120 18:01:06 Obtención correcta aplicaciones usuario:1 area 1
20181120 18:01:08 Obtención correcta aplicaciones usuario:1 area 1
20181120 18:01:09 Dependencias.ActualizaDiagramaIndex and count must refer to a location within the string.
Parameter name: count
20181120 18:01:33 Obtención correcta aplicaciones usuario:1 area 1
20181120 18:01:33 Obtención correcta aplicaciones usuario:1 area 1
20181120 19:22:05 Acceso correcto usuario veneno
20181120 19:22:05 Obtención correcta areas usuario:1
20181120 19:22:05 Avance correcto proceso 0
20181120 19:22:10 Obtención correcta areas usuario:1
20181120 19:22:10 Obtención correcta objetosdb usuario:1 app 1
20181120 19:22:13 Obtención correcta aplicaciones usuario:1 area 1
20181120 19:22:15 Obtención correcta aplicaciones usuario:1 area 1
20181120 19:22:26 Dependencias.ActualizaDiagramaInput string was not in a correct format.
20181120 19:22:28 Dependencias.ActualizaDiagramaInput string was not in a correct format.
20181120 19:22:29 Dependencias.ActualizaDiagramaInput string was not in a correct format.
20181120 19:22:57 Obtención correcta aplicaciones usuario:1 area 1
20181120 19:23:03 Obtención correcta areas usuario:1
20181120 19:23:04 Consulta correcta usuario 1
20181120 19:23:17 Obten usuarios correcto usuario 1
20181120 19:23:17 Obtención correcta areas usuario:1
20181120 19:23:17 Obten PERFILES correcto usuario 1
20181120 19:23:28 Obtención correcta areas usuario:1
20181120 19:23:28 Obtención correcta objetosdb usuario:1 app 1
20181120 19:25:51 Obten usuarios correcto usuario 1
20181120 19:25:51 Obtención correcta areas usuario:1
20181120 19:25:51 Obten PERFILES correcto usuario 1
20181120 19:25:53 Obtención correcta areas usuario:1
20181120 19:25:54 Consulta correcta usuario 1
20181120 19:33:05 Acceso correcto usuario veneno
20181120 19:33:05 Obtención correcta areas usuario:1
20181120 19:33:05 Avance correcto proceso 0
20181120 19:33:14 Obtención correcta areas usuario:1
20181120 19:33:14 Avance correcto proceso 0
20181120 19:33:14 Obtención correcta areas usuario:1
20181120 19:33:14 Avance correcto proceso 0
20181120 19:33:15 Obtención correcta areas usuario:1
20181120 19:33:15 Avance correcto proceso 0
20181120 19:33:15 Obtención correcta areas usuario:1
20181120 19:33:15 Avance correcto proceso 0
20181120 19:33:15 Obtención correcta areas usuario:1
20181120 19:33:15 Avance correcto proceso 0
20181120 19:33:15 Obtención correcta areas usuario:1
20181120 19:33:15 Avance correcto proceso 0
20181120 19:33:16 Obtención correcta areas usuario:1
20181120 19:33:16 Avance correcto proceso 0
20181120 19:33:16 Obtención correcta areas usuario:1
20181120 19:33:16 Avance correcto proceso 0
20181120 19:33:17 Obtención correcta areas usuario:1
20181120 19:33:17 Avance correcto proceso 0
20181120 19:33:17 Obtención correcta areas usuario:1
20181120 19:33:17 Avance correcto proceso 0
20181120 19:33:20 Obtención correcta areas usuario:1
20181120 19:33:20 Consulta correcta usuario 1
20181120 19:39:21 Obtención correcta areas usuario:1
20181120 19:39:22 Consulta correcta usuario 1
20181120 19:42:36 Acceso correcto usuario veneno
20181120 19:42:36 Obtención correcta areas usuario:1
20181120 19:42:36 Avance correcto proceso 0
20181120 19:42:40 Obtención correcta areas usuario:1
20181120 19:42:40 Consulta correcta usuario 1
20181120 19:44:19 Acceso correcto usuario veneno
20181120 19:44:19 Obtención correcta areas usuario:1
20181120 19:44:19 Avance correcto proceso 0
20181120 19:44:23 Obtención correcta areas usuario:1
20181120 19:44:24 Consulta correcta usuario 1
20181120 19:46:11 Acceso correcto usuario veneno
20181120 19:46:11 Obtención correcta areas usuario:1
20181120 19:46:11 Avance correcto proceso 0
20181120 19:46:14 Obtención correcta areas usuario:1
20181120 19:46:14 Obtención correcta objetosdb usuario:1 app 1
20181120 19:46:18 Obtención correcta areas usuario:1
20181120 19:46:18 Consulta correcta usuario 1
20181120 19:51:02 Acceso correcto usuario veneno
20181120 19:51:02 Obtención correcta areas usuario:1
20181120 19:51:02 Avance correcto proceso 0
20181120 19:51:06 Obtención correcta areas usuario:1
20181120 19:51:06 Consulta correcta usuario 1
20181120 19:58:16 Acceso correcto usuario veneno
20181120 19:58:16 Obtención correcta areas usuario:1
20181120 19:58:16 Avance correcto proceso 0
20181120 19:58:21 Obtención correcta areas usuario:1
20181120 19:58:21 Obtención correcta objetosdb usuario:1 app 1
20181120 20:00:20 Acceso correcto usuario veneno
20181120 20:00:20 Obtención correcta areas usuario:1
20181120 20:00:20 Avance correcto proceso 0
20181120 20:00:31 Acceso correcto usuario veneno
20181120 20:00:31 Obtención correcta areas usuario:1
20181120 20:00:31 Avance correcto proceso 0
20181120 20:00:36 Obtención correcta areas usuario:1
20181120 20:00:36 Consulta correcta usuario 1
20181120 20:00:43 Obtención correcta areas usuario:1
20181120 20:00:43 Obtención correcta objetosdb usuario:1 app 1
20181120 20:00:54 Obtención correcta aplicaciones usuario:1 area 1
20181120 20:00:55 Obtención correcta aplicaciones usuario:1 area 1
20181120 20:02:51 Acceso correcto usuario veneno
20181120 20:02:51 Obtención correcta areas usuario:1
20181120 20:02:51 Avance correcto proceso 0
20181120 20:02:57 Obtención correcta areas usuario:1
20181120 20:02:57 Obtención correcta objetosdb usuario:1 app 1
20181120 20:03:02 Obtención correcta aplicaciones usuario:1 area 1
20181120 20:03:03 Obtención correcta aplicaciones usuario:1 area 1
20181120 20:04:17 Obtención correcta aplicaciones usuario:1 area 1
20181120 20:04:17 Obtención correcta aplicaciones usuario:1 area 1
20181120 20:09:51 Acceso correcto usuario veneno
20181120 20:09:51 Obtención correcta areas usuario:1
20181120 20:09:51 Avance correcto proceso 0
20181120 20:09:56 Obtención correcta areas usuario:1
20181120 20:09:56 Obtención correcta objetosdb usuario:1 app 1
20181120 20:09:59 Obtención correcta aplicaciones usuario:1 area 1
20181120 20:10:01 Obtención correcta aplicaciones usuario:1 area 1
20181120 20:23:22 Acceso correcto usuario veneno
20181120 20:23:22 Obtención correcta areas usuario:1
20181120 20:23:22 Avance correcto proceso 0
20181120 20:23:26 Obtención correcta areas usuario:1
20181120 20:23:26 Obtención correcta objetosdb usuario:1 app 1
20181120 20:23:31 Obtención correcta aplicaciones usuario:1 area 1
20181120 20:23:32 Aplicacion.ObtenObjetosDB Object reference not set to an instance of an object.
20181120 20:24:06 Aplicacion.ObtenObjetosDB Object reference not set to an instance of an object.
20181120 20:24:29 Aplicacion.ObtenObjetosDB The connection was not closed. The connection's current state is open.
20181120 20:24:40 Aplicacion.ObtenObjetosDB The connection was not closed. The connection's current state is open.
20181120 20:25:54 Obtención correcta objetosdb usuario:1 app 1
20181120 20:26:41 Obtención correcta objetosdb usuario:1 app 1
20181120 20:27:06 Obtención correcta areas usuario:1
20181120 20:27:06 Consulta correcta usuario 1
20181120 20:27:28 Obten usuarios correcto usuario 1
20181120 20:27:28 Obtención correcta areas usuario:1
20181120 20:27:28 Obten PERFILES correcto usuario 1
20181120 20:27:32 Obtención correcta areas usuario:1
20181120 20:27:32 Obtención correcta objetosdb usuario:1 app 1
20181120 20:27:37 Obtención correcta aplicaciones usuario:1 area 1
20181120 20:27:39 Obtención correcta objetosdb usuario:1 app 1
20181120 20:28:30 Obtención correcta objetosdb usuario:1 app 1
20181120 20:30:19 Obtención correcta areas usuario:1
20181120 20:30:19 Consulta correcta usuario 1
20181120 20:30:28 Obtención correcta areas usuario:1
20181120 20:30:28 Obtención correcta objetosdb usuario:1 app 1
20181120 20:30:32 Obtención correcta aplicaciones usuario:1 area 1
20181120 20:30:34 Obtención correcta objetosdb usuario:1 app 1
20181120 20:31:01 Obtención correcta objetosdb usuario:1 app 1
20181120 20:34:44 Acceso correcto usuario veneno
20181120 20:34:44 Obtención correcta areas usuario:1
20181120 20:34:44 Avance correcto proceso 0
20181120 20:34:50 Obtención correcta areas usuario:1
20181120 20:34:50 Obtención correcta objetosdb usuario:1 app 1
20181120 20:34:55 Obtención correcta aplicaciones usuario:1 area 1
20181120 20:34:56 Obtención correcta objetosdb usuario:1 app 1
20181120 20:36:32 Obtención correcta objetosdb usuario:1 app 1
20181120 20:38:49 Acceso correcto usuario veneno
20181120 20:38:49 Obtención correcta areas usuario:1
20181120 20:38:49 Avance correcto proceso 0
20181120 20:38:54 Obtención correcta areas usuario:1
20181120 20:38:54 Obtención correcta objetosdb usuario:1 app 1
20181120 20:38:57 Obtención correcta aplicaciones usuario:1 area 1
20181120 20:38:59 Obtención correcta objetosdb usuario:1 app 1
20181120 20:40:34 Obtención correcta objetosdb usuario:1 app 1
20181120 20:41:47 Obtención correcta objetosdb usuario:1 app 1
20181120 20:58:42 Acceso correcto usuario veneno
20181120 20:58:42 Obtención correcta areas usuario:1
20181120 20:58:42 Avance correcto proceso 0
20181120 20:58:50 Acceso correcto usuario veneno
20181120 20:58:50 Obtención correcta areas usuario:1
20181120 20:58:50 Avance correcto proceso 0
20181120 20:58:53 Obtención correcta areas usuario:1
20181120 20:58:53 Obtención correcta objetosdb usuario:1 app 1
20181120 20:58:57 Obtención correcta aplicaciones usuario:1 area 1
20181120 20:58:58 Obtención correcta objetosdb usuario:1 app 1
20181120 20:59:44 Obtención correcta objetosdb usuario:1 app 1
20181120 21:19:50 Acceso correcto usuario veneno
20181120 21:19:50 Obtención correcta areas usuario:1
20181120 21:19:50 Avance correcto proceso 0
20181120 21:19:55 Obtención correcta areas usuario:1
20181120 21:19:55 Obtención correcta objetosdb usuario:1 app 1
20181120 21:19:59 Obtención correcta aplicaciones usuario:1 area 1
20181120 21:20:01 Obtención correcta objetosdb usuario:1 app 1
20181120 21:20:09 Obtención correcta objetosdb usuario:1 app 1
20181120 21:20:21 Obtención correcta objetosdb usuario:1 app 1
20181120 21:20:28 Obtención correcta objetosdb usuario:1 app 1
20181120 21:20:30 Obtención correcta objetosdb usuario:1 app 1
20181120 21:20:32 Obtención correcta objetosdb usuario:1 app 1
20181120 21:20:45 Obtención correcta objetosdb usuario:1 app 1
20181120 21:20:47 Obtención correcta objetosdb usuario:1 app 1
20181120 21:21:42 Obtención correcta objetosdb usuario:1 app 1
20181120 21:21:42 Obtención correcta objetosdb usuario:1 app 1
20181120 21:21:46 Obtención correcta objetosdb usuario:1 app 1
20181120 21:21:49 Obtención correcta objetosdb usuario:1 app 1
20181120 21:21:49 Obtención correcta objetosdb usuario:1 app 1
20181120 21:22:25 Obtención correcta objetosdb usuario:1 app 1
20181120 21:23:02 Obtención correcta objetosdb usuario:1 app 1
20181120 21:23:02 Obtención correcta objetosdb usuario:1 app 1
20181120 21:23:04 Obtención correcta objetosdb usuario:1 app 1
20181120 21:23:10 Obtención correcta objetosdb usuario:1 app 1
20181120 21:23:16 Obtención correcta objetosdb usuario:1 app 1
20181120 21:23:21 Obtención correcta objetosdb usuario:1 app 1
20181120 21:23:29 Obtención correcta objetosdb usuario:1 app 1
20181120 21:23:29 Obtención correcta objetosdb usuario:1 app 1
20181120 21:23:32 Obtención correcta objetosdb usuario:1 app 1
20181120 21:24:14 Dependencias.ActualizaDiagramaInput string was not in a correct format.
20181120 21:24:16 Dependencias.ActualizaDiagramaInput string was not in a correct format.
20181120 21:24:18 Dependencias.ActualizaDiagramaInput string was not in a correct format.
20181120 21:24:19 Dependencias.ActualizaDiagramaInput string was not in a correct format.
20181120 21:24:21 Obtención correcta objetosdb usuario:1 app 1
20181120 21:24:24 Obtención correcta objetosdb usuario:1 app 1
20181120 21:24:25 Dependencias.ActualizaDiagramaInput string was not in a correct format.
20181120 21:24:29 Dependencias.ActualizaDiagramaInput string was not in a correct format.
20181120 21:24:51 Obtención correcta objetosdb usuario:1 app 1
20181120 21:24:53 Obtención correcta objetosdb usuario:1 app 1
20181120 21:27:00 Obtención correcta objetosdb usuario:1 app 1
20181120 21:27:00 Obtención correcta objetosdb usuario:1 app 1
20181120 21:27:02 Obtención correcta objetosdb usuario:1 app 1
20181120 21:27:18 Obtención correcta objetosdb usuario:1 app 1
20181120 21:27:20 Obtención correcta objetosdb usuario:1 app 1
20181120 21:28:27 Obtención correcta objetosdb usuario:1 app 1
20181120 21:28:27 Obtención correcta objetosdb usuario:1 app 1
20181120 21:28:29 Obtención correcta objetosdb usuario:1 app 1
20181120 21:28:41 Obtención correcta objetosdb usuario:1 app 1
20181120 21:28:43 Obtención correcta objetosdb usuario:1 app 1
20181120 21:28:44 Obtención correcta objetosdb usuario:1 app 1
20181120 21:28:44 Obtención correcta objetosdb usuario:1 app 1
20181120 21:41:39 Obtención correcta objetosdb usuario:1 app 1
20181120 21:42:02 Obtención correcta objetosdb usuario:1 app 1
20181120 21:42:02 Obtención correcta objetosdb usuario:1 app 1
20181120 21:42:04 Obtención correcta objetosdb usuario:1 app 1
20181120 21:42:16 Obtención correcta objetosdb usuario:1 app 1
20181120 21:42:17 Obtención correcta objetosdb usuario:1 app 1
20181120 21:42:21 Obtención correcta objetosdb usuario:1 app 1
20181120 21:42:25 Obtención correcta objetosdb usuario:1 app 1
20181120 21:42:25 Obtención correcta objetosdb usuario:1 app 1
20181120 21:42:28 Obtención correcta objetosdb usuario:1 app 1
20181120 21:53:51 Obtención correcta objetosdb usuario:1 app 1
20181120 21:53:51 Obtención correcta objetosdb usuario:1 app 1
20181120 21:53:53 BaseDatos.GetResultStoredSQLReader Error number 9413 is invalid. The number must be from 13000 through 2147483647 and it cannot be 50000. 2732 Sp_ObtenObjetosDBD3 111 1
20181120 21:53:53 Aplicacion.ObtenObjetosDB Object reference not set to an instance of an object.
20181120 21:55:54 Obtención correcta objetosdb usuario:1 app 1
20181120 21:55:55 Obtención correcta objetosdb usuario:1 app 1
20181120 21:56:25 Obtención correcta objetosdb usuario:1 app 1
20181120 21:56:25 Obtención correcta objetosdb usuario:1 app 1
20181120 21:57:23 Obtención correcta objetosdb usuario:1 app 1
20181120 21:57:24 Obtención correcta objetosdb usuario:1 app 1
20181120 21:57:45 Obtención correcta objetosdb usuario:1 app 1
20181120 21:57:47 Obtención correcta objetosdb usuario:1 app 1
20181120 21:57:58 Obtención correcta objetosdb usuario:1 app 1
20181120 21:58:00 Obtención correcta objetosdb usuario:1 app 1
20181120 21:58:17 Obtención correcta objetosdb usuario:1 app 1
20181120 21:58:19 Obtención correcta objetosdb usuario:1 app 1
20181120 21:58:48 Obtención correcta objetosdb usuario:1 app 1
20181120 21:59:31 Obtención correcta objetosdb usuario:1 app 1
20181120 21:59:41 Obtención correcta objetosdb usuario:1 app 1
20181120 22:01:59 Obtención correcta objetosdb usuario:1 app 1
20181120 22:05:52 Obtención correcta objetosdb usuario:1 app 1
20181120 22:05:55 Obtención correcta objetosdb usuario:1 app 1
20181120 22:06:04 Obtención correcta objetosdb usuario:1 app 1
20181120 22:06:05 Obtención correcta objetosdb usuario:1 app 1
20181120 22:06:13 Obtención correcta objetosdb usuario:1 app 1
20181120 22:07:15 Obtención correcta objetosdb usuario:1 app 1
20181120 22:07:19 Obtención correcta objetosdb usuario:1 app 1
20181120 22:07:21 Obtención correcta objetosdb usuario:1 app 1
20181120 22:07:31 Obtención correcta objetosdb usuario:1 app 1
20181120 22:07:32 Obtención correcta objetosdb usuario:1 app 1
20181120 22:07:34 Obtención correcta objetosdb usuario:1 app 1
20181120 22:07:35 Obtención correcta objetosdb usuario:1 app 1
20181120 22:07:37 Obtención correcta objetosdb usuario:1 app 1
20181120 22:07:42 Obtención correcta objetosdb usuario:1 app 1
20181120 22:07:47 Obtención correcta objetosdb usuario:1 app 1
20181120 22:07:49 Obtención correcta objetosdb usuario:1 app 1
20181120 22:07:52 Obtención correcta objetosdb usuario:1 app 1
20181120 22:07:54 Obtención correcta objetosdb usuario:1 app 1
20181120 22:07:54 Obtención correcta objetosdb usuario:1 app 1
20181120 22:07:55 Obtención correcta objetosdb usuario:1 app 1
20181120 22:08:05 Obtención correcta objetosdb usuario:1 app 1
20181120 22:08:07 Obtención correcta objetosdb usuario:1 app 1
20181120 22:08:08 Obtención correcta objetosdb usuario:1 app 1
20181120 22:08:09 Obtención correcta objetosdb usuario:1 app 1
20181120 22:08:10 Obtención correcta objetosdb usuario:1 app 1
20181120 22:08:46 Obtención correcta objetosdb usuario:1 app 1
20181120 22:08:46 Obtención correcta objetosdb usuario:1 app 1
20181120 22:08:48 Obtención correcta objetosdb usuario:1 app 1
20181120 22:08:57 Obtención correcta objetosdb usuario:1 app 1
20181120 22:08:58 Obtención correcta objetosdb usuario:1 app 1
20181120 22:09:19 Obtención correcta objetosdb usuario:1 app 1
20181120 22:09:20 Obtención correcta objetosdb usuario:1 app 1
20181120 22:09:39 Obtención correcta objetosdb usuario:1 app 1
20181120 22:09:41 Obtención correcta objetosdb usuario:1 app 1
20181120 22:09:43 Obtención correcta objetosdb usuario:1 app 1
20181120 22:09:43 Obtención correcta objetosdb usuario:1 app 1
20181120 22:09:44 Obtención correcta objetosdb usuario:1 app 1
20181120 22:09:53 Obtención correcta objetosdb usuario:1 app 1
20181120 22:10:04 Obtención correcta objetosdb usuario:1 app 1
20181120 22:10:10 Obtención correcta objetosdb usuario:1 app 1
20181120 22:10:10 Obtención correcta objetosdb usuario:1 app 1
20181120 22:13:14 Obtención correcta objetosdb usuario:1 app 1
20181120 22:13:15 Obtención correcta objetosdb usuario:1 app 1
20181120 22:13:16 Obtención correcta objetosdb usuario:1 app 1
20181120 22:13:17 Obtención correcta objetosdb usuario:1 app 1
20181120 22:13:18 Obtención correcta objetosdb usuario:1 app 1
20181120 22:13:18 Obtención correcta objetosdb usuario:1 app 1
20181120 22:13:20 Obtención correcta objetosdb usuario:1 app 1
20181120 22:13:29 Obtención correcta objetosdb usuario:1 app 1
20181120 22:13:29 Obtención correcta objetosdb usuario:1 app 1
20181120 22:13:31 Obtención correcta objetosdb usuario:1 app 1
20181120 22:13:33 Obtención correcta objetosdb usuario:1 app 1
20181120 22:13:36 Obtención correcta objetosdb usuario:1 app 1
20181120 22:13:37 Obtención correcta objetosdb usuario:1 app 1
20181120 22:13:38 Obtención correcta objetosdb usuario:1 app 1
20181120 22:13:39 Obtención correcta objetosdb usuario:1 app 1
20181120 22:14:38 Acceso correcto usuario veneno
20181120 22:14:38 Obtención correcta areas usuario:1
20181120 22:14:38 Avance correcto proceso 0
20181120 22:14:42 Obtención correcta areas usuario:1
20181120 22:14:42 Obtención correcta objetosdb usuario:1 app 1
20181120 22:14:46 Obtención correcta aplicaciones usuario:1 area 1
20181120 22:14:48 Obtención correcta objetosdb usuario:1 app 1
20181120 22:14:52 Obtención correcta objetosdb usuario:1 app 1
20181120 22:14:55 Obtención correcta objetosdb usuario:1 app 1
20181120 22:14:56 Obtención correcta objetosdb usuario:1 app 1
20181120 22:14:58 Obtención correcta objetosdb usuario:1 app 1
20181120 22:15:00 Obtención correcta objetosdb usuario:1 app 1
20181120 22:15:02 Obtención correcta objetosdb usuario:1 app 1
20181120 22:15:03 Obtención correcta objetosdb usuario:1 app 1
20181120 22:15:05 Obtención correcta objetosdb usuario:1 app 1
20181120 22:15:08 Obtención correcta objetosdb usuario:1 app 1
20181120 22:15:38 Obtención correcta objetosdb usuario:1 app 1
20181120 22:15:40 Obtención correcta objetosdb usuario:1 app 1
20181120 22:15:45 Obtención correcta objetosdb usuario:1 app 1
20181120 22:15:45 Obtención correcta objetosdb usuario:1 app 1
20181120 22:15:47 Obtención correcta objetosdb usuario:1 app 1
20181120 22:15:52 Obtención correcta objetosdb usuario:1 app 1
20181120 22:15:55 Obtención correcta objetosdb usuario:1 app 1
20181120 22:18:22 Acceso correcto usuario veneno
20181120 22:18:22 Obtención correcta areas usuario:1
20181120 22:18:22 Avance correcto proceso 0
20181120 22:18:27 Obtención correcta areas usuario:1
20181120 22:18:28 Obtención correcta objetosdb usuario:1 app 1
20181120 22:18:32 Obtención correcta aplicaciones usuario:1 area 1
20181120 22:18:33 Obtención correcta objetosdb usuario:1 app 1
20181120 22:18:44 Obtención correcta objetosdb usuario:1 app 1
20181120 22:18:52 Obtención correcta objetosdb usuario:1 app 1
20181120 22:18:54 Obtención correcta objetosdb usuario:1 app 1
20181120 22:19:01 Obtención correcta objetosdb usuario:1 app 1
20181120 22:19:03 Obtención correcta objetosdb usuario:1 app 1
20181120 22:19:13 Obtención correcta objetosdb usuario:1 app 1
20181120 22:59:53 Acceso correcto usuario veneno
20181120 22:59:53 Obtención correcta areas usuario:1
20181120 22:59:53 Avance correcto proceso 0
20181120 22:59:57 Obtención correcta areas usuario:1
20181120 22:59:57 Obtención correcta objetosdb usuario:1 app 1
20181120 23:00:02 Obtención correcta aplicaciones usuario:1 area 1
20181120 23:00:04 Obtención correcta objetosdb usuario:1 app 1
20181120 23:00:07 Obtención correcta objetosdb usuario:1 app 1
20181120 23:00:32 Obtención correcta objetosdb usuario:1 app 1
20181120 23:00:32 Obtención correcta objetosdb usuario:1 app 1
20181120 23:00:34 Obtención correcta objetosdb usuario:1 app 1
20181120 23:00:41 Obtención correcta objetosdb usuario:1 app 1
20181120 23:00:44 Obtención correcta objetosdb usuario:1 app 1
20181120 23:00:52 Obtención correcta objetosdb usuario:1 app 1
20181120 23:00:54 Obtención correcta objetosdb usuario:1 app 1
20181120 23:01:57 Obtención correcta objetosdb usuario:1 app 1
20181120 23:02:05 Obtención correcta objetosdb usuario:1 app 1
20181120 23:02:10 Obtención correcta objetosdb usuario:1 app 1
20181120 23:02:12 Obtención correcta objetosdb usuario:1 app 1
20181120 23:02:20 Obtención correcta objetosdb usuario:1 app 1
20181120 23:02:20 Obtención correcta objetosdb usuario:1 app 1
20181120 23:02:23 Obtención correcta objetosdb usuario:1 app 1
