20181119 08:14:17 Acceso correcto usuario veneno
20181119 08:14:17 Obtención correcta areas usuario:1
20181119 08:14:17 Avance correcto proceso 0
20181119 08:14:24 Obtención correcta areas usuario:1
20181119 08:21:46 Acceso correcto usuario veneno
20181119 08:21:46 Obtención correcta areas usuario:1
20181119 08:21:46 Avance correcto proceso 0
20181119 08:21:49 Obtención correcta areas usuario:1
20181119 08:41:37 Acceso correcto usuario veneno
20181119 08:41:37 Obtención correcta areas usuario:1
20181119 08:41:37 Avance correcto proceso 0
20181119 08:41:40 Obtención correcta areas usuario:1
20181119 08:48:00 Acceso incorrecto usuario veneno
20181119 08:48:29 Acceso correcto usuario veneno
20181119 08:48:29 Obtención correcta areas usuario:1
20181119 08:48:29 Avance correcto proceso 0
20181119 08:48:32 Obtención correcta areas usuario:1
20181119 08:56:45 Acceso correcto usuario veneno
20181119 08:56:45 Obtención correcta areas usuario:1
20181119 08:56:45 Avance correcto proceso 0
20181119 08:56:48 Obtención correcta areas usuario:1
20181119 08:57:10 Obtención correcta areas usuario:1
20181119 09:07:19 Acceso correcto usuario veneno
20181119 09:07:19 Obtención correcta areas usuario:1
20181119 09:07:19 Avance correcto proceso 0
20181119 09:07:23 Obtención correcta areas usuario:1
20181119 09:11:14 Acceso correcto usuario veneno
20181119 09:11:14 Obtención correcta areas usuario:1
20181119 09:11:14 Avance correcto proceso 0
20181119 09:11:17 Obtención correcta areas usuario:1
20181119 09:15:53 Acceso correcto usuario veneno
20181119 09:15:53 Obtención correcta areas usuario:1
20181119 09:15:53 Avance correcto proceso 0
20181119 09:15:56 Obtención correcta areas usuario:1
20181119 09:18:20 Acceso correcto usuario veneno
20181119 09:18:20 Obtención correcta areas usuario:1
20181119 09:18:20 Avance correcto proceso 0
20181119 09:18:27 Obtención correcta areas usuario:1
20181119 09:21:51 Obtención correcta areas usuario:1
20181119 09:22:54 Obtención correcta areas usuario:1
20181119 09:29:02 Acceso correcto usuario veneno
20181119 09:29:02 Obtención correcta areas usuario:1
20181119 09:29:02 Avance correcto proceso 0
20181119 09:29:05 Obtención correcta areas usuario:1
20181119 10:19:13 Acceso correcto usuario veneno
20181119 10:19:13 Obtención correcta areas usuario:1
20181119 10:19:13 Avance correcto proceso 0
20181119 10:19:17 Obtención correcta areas usuario:1
20181119 10:31:40 Obtención correcta aplicaciones usuario:1 area 1
20181119 10:31:41 Obtención correcta aplicaciones usuario:1 area 1
20181119 10:52:12 Acceso correcto usuario veneno
20181119 10:52:12 Obtención correcta areas usuario:1
20181119 10:52:12 Avance correcto proceso 0
20181119 10:52:15 Obtención correcta areas usuario:1
20181119 10:55:01 Acceso correcto usuario veneno
20181119 10:55:02 Obtención correcta areas usuario:1
20181119 10:55:02 Avance correcto proceso 0
20181119 10:55:05 Obtención correcta areas usuario:1
20181119 10:55:22 Obtención correcta aplicaciones usuario:1 area 1
20181119 10:55:22 Obtención correcta aplicaciones usuario:1 area 1
20181119 10:59:10 Acceso correcto usuario veneno
20181119 10:59:10 Obtención correcta areas usuario:1
20181119 10:59:10 Avance correcto proceso 0
20181119 10:59:14 Obtención correcta areas usuario:1
20181119 10:59:20 Obtención correcta aplicaciones usuario:1 area 1
20181119 10:59:21 Obtención correcta aplicaciones usuario:1 area 1
20181119 11:14:36 Acceso correcto usuario veneno
20181119 11:14:36 Obtención correcta areas usuario:1
20181119 11:14:36 Avance correcto proceso 0
20181119 11:14:40 Obtención correcta areas usuario:1
20181119 11:14:59 Obtención correcta aplicaciones usuario:1 area 1
20181119 11:14:59 Obtención correcta aplicaciones usuario:1 area 1
20181119 11:15:41 Obtención correcta areas usuario:1
20181119 11:15:41 Avance correcto proceso 0
20181119 11:15:49 Obtención correcta areas usuario:1
20181119 11:15:54 Obtención correcta areas usuario:1
20181119 11:15:54 Avance correcto proceso 0
20181119 11:16:02 Obtención correcta areas usuario:1
20181119 14:15:36 Obtención correcta aplicaciones usuario:1 area 1
20181119 14:15:36 Obtención correcta aplicaciones usuario:1 area 1
20181119 14:19:13 Acceso correcto usuario veneno
20181119 14:19:13 Obtención correcta areas usuario:1
20181119 14:19:13 Avance correcto proceso 0
20181119 14:19:17 Obtención correcta areas usuario:1
20181119 14:21:16 Obtención correcta aplicaciones usuario:1 area 1
20181119 14:21:16 Obtención correcta aplicaciones usuario:1 area 1
20181119 14:29:11 Acceso correcto usuario veneno
20181119 14:29:11 Obtención correcta areas usuario:1
20181119 14:29:11 Avance correcto proceso 0
20181119 14:29:15 Obtención correcta areas usuario:1
20181119 14:30:07 Obtención correcta aplicaciones usuario:1 area 1
20181119 14:30:08 Obtención correcta aplicaciones usuario:1 area 1
20181119 14:31:26 Acceso correcto usuario veneno
20181119 14:31:26 Obtención correcta areas usuario:1
20181119 14:31:26 Avance correcto proceso 0
20181119 14:31:31 Obtención correcta areas usuario:1
20181119 14:32:20 Acceso correcto usuario veneno
20181119 14:32:20 Obtención correcta areas usuario:1
20181119 14:32:20 Avance correcto proceso 0
20181119 14:32:24 Obtención correcta areas usuario:1
20181119 14:32:38 Obtención correcta aplicaciones usuario:1 area 1
20181119 14:32:38 Obtención correcta aplicaciones usuario:1 area 1
20181119 15:08:59 Acceso correcto usuario veneno
20181119 15:08:59 Obtención correcta areas usuario:1
20181119 15:09:00 Avance correcto proceso 0
20181119 15:09:04 Obtención correcta areas usuario:1
20181119 15:12:26 Acceso correcto usuario veneno
20181119 15:12:26 Obtención correcta areas usuario:1
20181119 15:12:26 Avance correcto proceso 0
20181119 15:12:31 Obtención correcta areas usuario:1
20181119 15:15:20 Acceso correcto usuario veneno
20181119 15:15:20 Obtención correcta areas usuario:1
20181119 15:15:20 Avance correcto proceso 0
20181119 15:15:23 Obtención correcta areas usuario:1
20181119 15:17:21 Obtención correcta aplicaciones usuario:1 area 1
20181119 15:17:22 Obtención correcta aplicaciones usuario:1 area 1
20181119 15:28:01 Acceso correcto usuario veneno
20181119 15:28:01 Obtención correcta areas usuario:1
20181119 15:28:01 Avance correcto proceso 0
20181119 15:28:05 Obtención correcta areas usuario:1
20181119 15:29:33 Obtención correcta aplicaciones usuario:1 area 1
20181119 15:29:33 Obtención correcta aplicaciones usuario:1 area 1
20181119 15:33:16 Obtención correcta aplicaciones usuario:1 area 0
20181119 15:33:16 Obtención correcta aplicaciones usuario:1 area 0
20181119 15:33:18 Obtención correcta aplicaciones usuario:1 area 1
20181119 15:33:19 Obtención correcta aplicaciones usuario:1 area 1
20181119 15:43:55 Acceso correcto usuario veneno
20181119 15:43:55 Obtención correcta areas usuario:1
20181119 15:43:55 Avance correcto proceso 0
20181119 15:43:58 Obtención correcta areas usuario:1
20181119 15:54:16 Acceso correcto usuario veneno
20181119 15:54:16 Obtención correcta areas usuario:1
20181119 15:54:16 Avance correcto proceso 0
20181119 15:54:20 Obtención correcta areas usuario:1
20181119 15:54:47 Obtención correcta aplicaciones usuario:1 area 1
20181119 15:54:48 Obtención correcta aplicaciones usuario:1 area 1
20181119 15:58:11 Acceso correcto usuario veneno
20181119 15:58:11 Obtención correcta areas usuario:1
20181119 15:58:11 Avance correcto proceso 0
20181119 15:58:18 Obtención correcta areas usuario:1
20181119 16:03:51 Acceso correcto usuario veneno
20181119 16:03:51 Obtención correcta areas usuario:1
20181119 16:03:51 Avance correcto proceso 0
20181119 16:03:54 Obtención correcta areas usuario:1
20181119 16:04:10 Obtención correcta aplicaciones usuario:1 area 1
20181119 16:04:11 Obtención correcta aplicaciones usuario:1 area 1
20181119 16:04:27 Acceso correcto usuario veneno
20181119 16:04:27 Obtención correcta areas usuario:1
20181119 16:04:27 Avance correcto proceso 0
20181119 16:04:30 Obtención correcta areas usuario:1
20181119 16:05:22 Obtención correcta aplicaciones usuario:1 area 1
20181119 16:05:23 Obtención correcta aplicaciones usuario:1 area 1
20181119 16:09:46 Acceso correcto usuario veneno
20181119 16:09:46 Obtención correcta areas usuario:1
20181119 16:09:46 Avance correcto proceso 0
20181119 16:09:49 Obtención correcta areas usuario:1
20181119 16:34:01 Obtención correcta aplicaciones usuario:1 area 1
20181119 16:34:01 Obtención correcta aplicaciones usuario:1 area 1
20181119 16:39:24 Acceso correcto usuario veneno
20181119 16:39:24 Obtención correcta areas usuario:1
20181119 16:39:24 Avance correcto proceso 0
20181119 16:39:29 Obtención correcta areas usuario:1
20181119 16:39:35 Obtención correcta aplicaciones usuario:1 area 1
20181119 16:39:36 Obtención correcta aplicaciones usuario:1 area 1
20181119 16:47:26 Acceso correcto usuario veneno
20181119 16:47:26 Obtención correcta areas usuario:1
20181119 16:47:26 Avance correcto proceso 0
20181119 16:47:32 Obtención correcta areas usuario:1
20181119 16:47:34 Obtención correcta aplicaciones usuario:1 area 1
20181119 16:47:35 Obtención correcta aplicaciones usuario:1 area 1
20181119 16:48:02 Obtención correcta aplicaciones usuario:1 area 0
20181119 16:48:02 Obtención correcta aplicaciones usuario:1 area 0
20181119 16:50:38 Acceso correcto usuario veneno
20181119 16:50:39 Obtención correcta areas usuario:1
20181119 16:50:39 Avance correcto proceso 0
20181119 16:50:45 Obtención correcta areas usuario:1
20181119 16:50:50 Obtención correcta aplicaciones usuario:1 area 1
20181119 16:50:51 Obtención correcta aplicaciones usuario:1 area 1
20181119 16:52:36 Acceso correcto usuario veneno
20181119 16:52:36 Obtención correcta areas usuario:1
20181119 16:52:36 Avance correcto proceso 0
20181119 16:52:40 Obtención correcta areas usuario:1
20181119 16:52:50 Obtención correcta aplicaciones usuario:1 area 1
20181119 16:52:51 Obtención correcta aplicaciones usuario:1 area 1
20181119 16:54:43 Acceso correcto usuario veneno
20181119 16:54:43 Obtención correcta areas usuario:1
20181119 16:54:43 Avance correcto proceso 0
20181119 16:54:48 Obtención correcta areas usuario:1
20181119 16:54:53 Obtención correcta aplicaciones usuario:1 area 1
20181119 16:54:53 Obtención correcta aplicaciones usuario:1 area 1
20181119 16:59:41 Acceso correcto usuario veneno
20181119 16:59:41 Obtención correcta areas usuario:1
20181119 16:59:41 Avance correcto proceso 0
20181119 16:59:46 Obtención correcta areas usuario:1
20181119 16:59:49 Obtención correcta aplicaciones usuario:1 area 1
20181119 16:59:49 Obtención correcta aplicaciones usuario:1 area 1
20181119 17:00:14 Obtención correcta aplicaciones usuario:1 area 0
20181119 17:00:14 Obtención correcta aplicaciones usuario:1 area 0
20181119 17:00:55 Obtención correcta aplicaciones usuario:1 area 1
20181119 17:00:56 Obtención correcta aplicaciones usuario:1 area 1
20181119 17:08:35 Acceso correcto usuario veneno
20181119 17:08:35 Obtención correcta areas usuario:1
20181119 17:08:35 Avance correcto proceso 0
20181119 17:08:38 Obtención correcta areas usuario:1
20181119 17:08:41 Obtención correcta aplicaciones usuario:1 area 1
20181119 17:08:41 Obtención correcta aplicaciones usuario:1 area 1
20181119 17:09:13 Acceso correcto usuario veneno
20181119 17:09:13 Obtención correcta areas usuario:1
20181119 17:09:13 Avance correcto proceso 0
20181119 17:09:16 Obtención correcta areas usuario:1
20181119 17:09:18 Obtención correcta aplicaciones usuario:1 area 1
20181119 17:09:18 Obtención correcta aplicaciones usuario:1 area 1
20181119 17:11:29 Acceso correcto usuario veneno
20181119 17:11:29 Obtención correcta areas usuario:1
20181119 17:11:29 Avance correcto proceso 0
20181119 17:11:40 Acceso correcto usuario veneno
20181119 17:11:40 Obtención correcta areas usuario:1
20181119 17:11:40 Avance correcto proceso 0
20181119 17:11:46 Obtención correcta areas usuario:1
20181119 17:11:48 Obtención correcta aplicaciones usuario:1 area 1
20181119 17:11:49 Obtención correcta aplicaciones usuario:1 area 1
20181119 17:14:16 Acceso correcto usuario veneno
20181119 17:14:16 Obtención correcta areas usuario:1
20181119 17:14:16 Avance correcto proceso 0
20181119 17:14:26 Obtención correcta areas usuario:1
20181119 17:14:31 Obtención correcta areas usuario:1
20181119 17:14:35 Obtención correcta aplicaciones usuario:1 area 1
20181119 17:14:35 Obtención correcta aplicaciones usuario:1 area 1
20181119 17:16:45 Acceso correcto usuario veneno
20181119 17:16:46 Obtención correcta areas usuario:1
20181119 17:16:46 Avance correcto proceso 0
20181119 17:16:48 Obtención correcta areas usuario:1
20181119 17:16:54 Obtención correcta aplicaciones usuario:1 area 1
20181119 17:16:55 Obtención correcta aplicaciones usuario:1 area 1
20181119 17:17:31 Obtención correcta aplicaciones usuario:1 area 0
20181119 17:17:31 Obtención correcta aplicaciones usuario:1 area 0
20181119 17:18:26 Obtención correcta aplicaciones usuario:1 area 1
20181119 17:18:26 Obtención correcta aplicaciones usuario:1 area 1
20181119 17:31:11 Acceso correcto usuario veneno
20181119 17:31:11 Obtención correcta areas usuario:1
20181119 17:31:11 Avance correcto proceso 0
20181119 17:31:16 Obtención correcta areas usuario:1
20181119 17:31:21 Obtención correcta aplicaciones usuario:1 area 1
20181119 17:31:21 Obtención correcta aplicaciones usuario:1 area 1
20181119 17:32:46 Obtención correcta aplicaciones usuario:1 area 0
20181119 17:32:46 Obtención correcta aplicaciones usuario:1 area 0
20181119 17:33:07 Obtención correcta aplicaciones usuario:1 area 1
20181119 17:33:08 Obtención correcta aplicaciones usuario:1 area 1
20181119 17:47:52 Acceso correcto usuario veneno
20181119 17:47:52 Obtención correcta areas usuario:1
20181119 17:47:52 Avance correcto proceso 0
20181119 17:47:56 Obtención correcta areas usuario:1
20181119 17:48:00 Obtención correcta aplicaciones usuario:1 area 1
20181119 17:48:00 Obtención correcta aplicaciones usuario:1 area 1
20181119 17:48:42 Acceso correcto usuario veneno
20181119 17:48:42 Obtención correcta areas usuario:1
20181119 17:48:42 Avance correcto proceso 0
20181119 17:48:45 Obtención correcta areas usuario:1
20181119 17:48:49 Obtención correcta aplicaciones usuario:1 area 1
20181119 17:48:49 Obtención correcta aplicaciones usuario:1 area 1
20181119 17:48:53 Obtención correcta aplicaciones usuario:1 area 0
20181119 17:48:53 Obtención correcta aplicaciones usuario:1 area 0
20181119 17:49:07 Obtención correcta aplicaciones usuario:1 area 1
20181119 17:49:08 Obtención correcta aplicaciones usuario:1 area 1
20181119 17:50:12 Obtención correcta aplicaciones usuario:1 area 0
20181119 17:50:13 Obtención correcta aplicaciones usuario:1 area 0
20181119 17:52:57 Obtención correcta aplicaciones usuario:1 area 1
20181119 17:52:58 Obtención correcta aplicaciones usuario:1 area 1
20181119 17:53:15 Obtención correcta aplicaciones usuario:1 area 0
20181119 17:53:15 Obtención correcta aplicaciones usuario:1 area 0
20181119 17:54:15 Acceso correcto usuario veneno
20181119 17:54:15 Obtención correcta areas usuario:1
20181119 17:54:15 Avance correcto proceso 0
20181119 17:54:17 Obtención correcta areas usuario:1
20181119 17:54:20 Obtención correcta aplicaciones usuario:1 area 1
20181119 17:54:21 Obtención correcta aplicaciones usuario:1 area 1
20181119 17:56:33 Acceso correcto usuario veneno
20181119 17:56:33 Obtención correcta areas usuario:1
20181119 17:56:33 Avance correcto proceso 0
20181119 17:56:36 Obtención correcta areas usuario:1
20181119 17:56:39 Obtención correcta aplicaciones usuario:1 area 1
20181119 17:56:39 Obtención correcta aplicaciones usuario:1 area 1
20181119 18:01:02 Obtención correcta aplicaciones usuario:1 area 0
20181119 18:01:03 Obtención correcta aplicaciones usuario:1 area 0
20181119 18:01:31 Obtención correcta aplicaciones usuario:1 area 1
20181119 18:01:32 Obtención correcta aplicaciones usuario:1 area 1
20181119 18:02:33 Obtención correcta aplicaciones usuario:1 area 0
20181119 18:02:33 Obtención correcta aplicaciones usuario:1 area 0
20181119 18:03:34 Obtención correcta aplicaciones usuario:1 area 1
20181119 18:03:34 Obtención correcta aplicaciones usuario:1 area 1
20181119 18:15:33 Acceso correcto usuario veneno
20181119 18:15:33 Obtención correcta areas usuario:1
20181119 18:15:33 Avance correcto proceso 0
20181119 18:15:38 Obtención correcta areas usuario:1
20181119 18:15:41 Obtención correcta aplicaciones usuario:1 area 1
20181119 18:15:42 Obtención correcta aplicaciones usuario:1 area 1
20181119 18:25:36 Acceso correcto usuario veneno
20181119 18:25:36 Obtención correcta areas usuario:1
20181119 18:25:36 Avance correcto proceso 0
20181119 18:25:39 Obtención correcta areas usuario:1
20181119 18:25:45 Obtención correcta aplicaciones usuario:1 area 1
20181119 18:28:25 Acceso correcto usuario veneno
20181119 18:28:25 Obtención correcta areas usuario:1
20181119 18:28:25 Avance correcto proceso 0
20181119 18:28:30 Obtención correcta areas usuario:1
20181119 18:28:35 Obtención correcta aplicaciones usuario:1 area 1
20181119 18:28:41 Obtención correcta aplicaciones usuario:1 area 1
20181119 18:54:19 Acceso correcto usuario veneno
20181119 18:54:19 Obtención correcta areas usuario:1
20181119 18:54:19 Avance correcto proceso 0
20181119 18:54:23 Obtención correcta areas usuario:1
20181119 18:54:28 Obtención correcta aplicaciones usuario:1 area 1
20181119 18:54:30 Obtención correcta aplicaciones usuario:1 area 1
20181119 18:56:01 Obtención incorrecta aplicaciones usuario:1 area 2
20181119 18:56:02 Obtención correcta aplicaciones usuario:1 area 1
20181119 18:59:47 Acceso correcto usuario veneno
20181119 18:59:47 Obtención correcta areas usuario:1
20181119 18:59:47 Avance correcto proceso 0
20181119 18:59:50 Obtención correcta areas usuario:1
20181119 18:59:53 Obtención correcta aplicaciones usuario:1 area 1
20181119 18:59:55 Obtención correcta aplicaciones usuario:1 area 1
20181119 19:02:33 Acceso correcto usuario veneno
20181119 19:02:33 Obtención correcta areas usuario:1
20181119 19:02:33 Avance correcto proceso 0
20181119 19:02:36 Obtención correcta areas usuario:1
20181119 19:02:41 Obtención correcta aplicaciones usuario:1 area 1
20181119 19:02:43 Obtención correcta aplicaciones usuario:1 area 1
20181119 19:03:12 Obtención incorrecta aplicaciones usuario:1 area 4
20181119 19:03:14 Obtención correcta aplicaciones usuario:1 area 1
20181119 19:10:01 Acceso incorrecto usuario veneno
20181119 19:10:09 Acceso correcto usuario veneno
20181119 19:10:09 Obtención correcta areas usuario:1
20181119 19:10:09 Avance correcto proceso 0
20181119 19:10:12 Obtención correcta areas usuario:1
20181119 19:10:15 Obtención correcta aplicaciones usuario:1 area 1
20181119 19:10:20 Obtención correcta aplicaciones usuario:1 area 1
20181119 20:18:23 Acceso correcto usuario veneno
20181119 20:18:23 Obtención correcta areas usuario:1
20181119 20:18:23 Avance correcto proceso 0
20181119 20:18:27 Obtención correcta areas usuario:1
20181119 20:18:27 Obtención correcta objetosdb usuario:1 app 1
20181119 20:20:22 Obtención correcta aplicaciones usuario:1 area 1
20181119 20:20:24 Obtención correcta aplicaciones usuario:1 area 1
20181119 20:25:22 Acceso correcto usuario veneno
20181119 20:25:22 Obtención correcta areas usuario:1
20181119 20:25:22 Avance correcto proceso 0
20181119 20:25:27 Obtención correcta areas usuario:1
20181119 20:25:27 Obtención correcta objetosdb usuario:1 app 1
20181119 20:26:03 Acceso correcto usuario veneno
20181119 20:26:03 Obtención correcta areas usuario:1
20181119 20:26:03 Avance correcto proceso 0
20181119 20:26:06 Obtención correcta areas usuario:1
20181119 20:26:06 Obtención correcta objetosdb usuario:1 app 1
20181119 20:27:17 Obtención correcta aplicaciones usuario:1 area 1
20181119 20:27:19 Obtención correcta aplicaciones usuario:1 area 1
20181119 20:28:22 Obtención correcta aplicaciones usuario:1 area 0
20181119 20:37:54 Acceso correcto usuario veneno
20181119 20:37:55 Obtención correcta areas usuario:1
20181119 20:37:55 Avance correcto proceso 0
20181119 20:38:00 Obtención correcta areas usuario:1
20181119 20:38:00 Obtención correcta objetosdb usuario:1 app 1
20181119 20:38:43 Acceso correcto usuario veneno
20181119 20:38:43 Obtención correcta areas usuario:1
20181119 20:38:43 Avance correcto proceso 0
20181119 20:38:45 Obtención correcta areas usuario:1
20181119 20:38:45 Obtención correcta objetosdb usuario:1 app 1
20181119 20:39:04 Obtención correcta aplicaciones usuario:1 area 1
20181119 20:39:05 Obtención correcta aplicaciones usuario:1 area 1
20181119 20:41:43 Obtención incorrecta aplicaciones usuario:1 area 2
20181119 20:41:45 Obtención correcta aplicaciones usuario:1 area 1
20181119 20:44:38 Obtención incorrecta aplicaciones usuario:1 area 2
20181119 20:44:39 Obtención correcta aplicaciones usuario:1 area 1
20181119 20:47:09 Acceso correcto usuario veneno
20181119 20:47:09 Obtención correcta areas usuario:1
20181119 20:47:09 Avance correcto proceso 0
20181119 20:47:13 Obtención correcta areas usuario:1
20181119 20:47:13 Obtención correcta objetosdb usuario:1 app 1
20181119 20:48:04 Obtención correcta aplicaciones usuario:1 area 1
20181119 20:48:05 Obtención correcta aplicaciones usuario:1 area 1
20181119 20:52:43 Acceso correcto usuario veneno
20181119 20:52:43 Obtención correcta areas usuario:1
20181119 20:52:43 Avance correcto proceso 0
20181119 20:52:49 Obtención correcta areas usuario:1
20181119 20:52:49 Obtención correcta objetosdb usuario:1 app 1
20181119 20:53:03 Obtención correcta aplicaciones usuario:1 area 1
20181119 20:53:05 Obtención correcta aplicaciones usuario:1 area 1
20181119 21:13:42 Obtención incorrecta aplicaciones usuario:1 area 2
20181119 21:13:44 Obtención correcta aplicaciones usuario:1 area 1
20181119 21:16:17 Obtención correcta aplicaciones usuario:1 area 0
20181119 21:16:23 Obtención correcta aplicaciones usuario:1 area 1
20181119 21:16:27 Obtención correcta aplicaciones usuario:1 area 1
20181119 21:18:24 Acceso correcto usuario veneno
20181119 21:18:24 Obtención correcta areas usuario:1
20181119 21:18:24 Avance correcto proceso 0
20181119 21:18:27 Obtención correcta areas usuario:1
20181119 21:18:27 Obtención correcta objetosdb usuario:1 app 1
20181119 21:19:09 Obtención correcta aplicaciones usuario:1 area 1
20181119 21:19:10 Obtención correcta aplicaciones usuario:1 area 1
20181119 21:19:13 Obtención correcta areas usuario:1
20181119 21:19:13 Avance correcto proceso 0
20181119 21:19:16 Obtención correcta areas usuario:1
20181119 21:19:16 Obtención correcta objetosdb usuario:1 app 1
20181119 21:19:25 Obtención correcta aplicaciones usuario:1 area 1
20181119 21:19:26 Obtención correcta aplicaciones usuario:1 area 1
20181119 21:25:05 Acceso correcto usuario veneno
20181119 21:25:05 Obtención correcta areas usuario:1
20181119 21:25:05 Avance correcto proceso 0
20181119 21:25:08 Obtención correcta areas usuario:1
20181119 21:25:08 Obtención correcta objetosdb usuario:1 app 1
20181119 21:25:26 Obtención correcta aplicaciones usuario:1 area 1
20181119 21:30:03 Acceso correcto usuario veneno
20181119 21:30:03 Obtención correcta areas usuario:1
20181119 21:30:03 Avance correcto proceso 0
20181119 21:30:06 Obtención correcta areas usuario:1
20181119 21:30:06 Obtención correcta objetosdb usuario:1 app 1
20181119 21:30:14 Obtención correcta aplicaciones usuario:1 area 1
20181119 21:34:13 Acceso correcto usuario veneno
20181119 21:34:13 Obtención correcta areas usuario:1
20181119 21:34:13 Avance correcto proceso 0
20181119 21:34:18 Obtención correcta areas usuario:1
20181119 21:34:18 Obtención correcta objetosdb usuario:1 app 1
20181119 21:34:23 Obtención correcta aplicaciones usuario:1 area 1
20181119 21:34:24 Obtención correcta aplicaciones usuario:1 area 1
20181119 21:37:46 Acceso correcto usuario veneno
20181119 21:37:46 Obtención correcta areas usuario:1
20181119 21:37:46 Avance correcto proceso 0
20181119 21:37:50 Obtención correcta areas usuario:1
20181119 21:37:50 Obtención correcta objetosdb usuario:1 app 1
20181119 21:37:54 Obtención correcta aplicaciones usuario:1 area 1
20181119 21:37:56 Obtención correcta aplicaciones usuario:1 area 1
20181119 21:41:20 Acceso correcto usuario veneno
20181119 21:41:20 Obtención correcta areas usuario:1
20181119 21:41:20 Avance correcto proceso 0
20181119 21:41:23 Obtención correcta areas usuario:1
20181119 21:41:23 Obtención correcta objetosdb usuario:1 app 1
20181119 21:41:29 Obtención correcta aplicaciones usuario:1 area 1
20181119 21:41:31 Obtención correcta aplicaciones usuario:1 area 1
20181119 21:42:01 Acceso correcto usuario veneno
20181119 21:42:01 Obtención correcta areas usuario:1
20181119 21:42:01 Avance correcto proceso 0
20181119 21:42:04 Obtención correcta areas usuario:1
20181119 21:42:04 Obtención correcta objetosdb usuario:1 app 1
20181119 21:42:06 Obtención correcta aplicaciones usuario:1 area 1
20181119 21:42:08 Obtención correcta aplicaciones usuario:1 area 1
20181119 21:44:54 Acceso correcto usuario veneno
20181119 21:44:54 Obtención correcta areas usuario:1
20181119 21:44:54 Avance correcto proceso 0
20181119 21:44:57 Obtención correcta areas usuario:1
20181119 21:44:57 Obtención correcta objetosdb usuario:1 app 1
20181119 21:45:00 Obtención correcta aplicaciones usuario:1 area 1
20181119 21:45:03 Obtención correcta aplicaciones usuario:1 area 1
20181119 21:46:48 Obtención correcta areas usuario:1
20181119 21:46:48 Obtención correcta objetosdb usuario:1 app 1
20181119 21:46:58 Acceso correcto usuario veneno
20181119 21:46:58 Obtención correcta areas usuario:1
20181119 21:46:58 Avance correcto proceso 0
20181119 21:47:05 Obtención correcta areas usuario:1
20181119 21:47:05 Obtención correcta objetosdb usuario:1 app 1
20181119 21:47:08 Obtención correcta aplicaciones usuario:1 area 1
20181119 21:47:09 Obtención correcta aplicaciones usuario:1 area 1
20181119 21:49:17 Acceso correcto usuario veneno
20181119 21:49:17 Obtención correcta areas usuario:1
20181119 21:49:17 Avance correcto proceso 0
20181119 21:49:20 Obtención correcta areas usuario:1
20181119 21:49:20 Obtención correcta objetosdb usuario:1 app 1
20181119 21:49:24 Obtención correcta aplicaciones usuario:1 area 1
20181119 21:49:26 Obtención correcta aplicaciones usuario:1 area 1
20181119 21:50:18 Obtención incorrecta aplicaciones usuario:1 area 2
20181119 21:50:19 Obtención correcta aplicaciones usuario:1 area 1
20181119 21:53:45 Acceso correcto usuario veneno
20181119 21:53:45 Obtención correcta areas usuario:1
20181119 21:53:45 Avance correcto proceso 0
20181119 21:53:49 Obtención correcta areas usuario:1
20181119 21:53:49 Obtención correcta objetosdb usuario:1 app 1
20181119 21:53:59 Obtención correcta aplicaciones usuario:1 area 1
20181119 21:54:00 Obtención correcta aplicaciones usuario:1 area 1
20181119 21:54:57 Obtención correcta areas usuario:1
20181119 21:54:57 Avance correcto proceso 0
20181119 21:55:01 Obtención correcta areas usuario:1
20181119 21:55:01 Obtención correcta objetosdb usuario:1 app 1
20181119 21:55:18 Obtención correcta areas usuario:1
20181119 21:55:18 Obtención correcta objetosdb usuario:1 app 1
20181119 21:55:21 Obtención correcta aplicaciones usuario:1 area 1
20181119 21:55:23 Obtención correcta aplicaciones usuario:1 area 1
20181119 23:01:41 Obtención incorrecta aplicaciones usuario:1 area 2
20181119 23:01:43 Obtención correcta aplicaciones usuario:1 area 1
20181119 23:02:24 Obtención incorrecta aplicaciones usuario:1 area 2
20181119 23:02:26 Obtención correcta aplicaciones usuario:1 area 1
20181119 23:50:14 Acceso correcto usuario veneno
20181119 23:50:14 Obtención correcta areas usuario:1
20181119 23:50:14 Avance correcto proceso 0
20181119 23:50:21 Obtención correcta areas usuario:1
20181119 23:50:22 Consulta correcta usuario 1
20181119 23:53:12 Acceso correcto usuario veneno
20181119 23:53:12 Obtención correcta areas usuario:1
20181119 23:53:12 Avance correcto proceso 0
20181119 23:53:18 Obtención correcta areas usuario:1
20181119 23:53:19 Consulta correcta usuario 1
