20181114 16:15:22 Obtención correcta areas usuario:1
20181114 16:15:40 Obtención correcta aplicaciones usuario:1 area 1
20181114 16:15:40 Obtención correcta aplicaciones usuario:1 area 1
20181114 16:25:06 Obtención correcta areas usuario:1
20181114 16:25:15 Obtención correcta aplicaciones usuario:1 area 1
20181114 16:25:15 Obtención correcta aplicaciones usuario:1 area 1
20181114 16:32:16 Obtención correcta areas usuario:1
20181114 16:32:21 Obtención correcta aplicaciones usuario:1 area 1
20181114 16:34:08 Obtención correcta areas usuario:1
20181114 16:34:12 Obtención correcta aplicaciones usuario:1 area 1
20181114 16:34:48 Obtención correcta areas usuario:1
20181114 16:34:51 Obtención correcta aplicaciones usuario:1 area 1
20181114 16:34:51 Obtención correcta aplicaciones usuario:1 area 1
20181114 16:42:03 Obtención correcta areas usuario:1
20181114 16:42:37 Obtención correcta areas usuario:1
20181114 16:44:41 Obtención correcta areas usuario:1
20181114 16:44:53 Obtención correcta aplicaciones usuario:1 area 1
20181114 16:44:53 Obtención correcta aplicaciones usuario:1 area 1
20181114 16:47:25 Obtención correcta areas usuario:1
20181114 16:47:53 Obtención correcta aplicaciones usuario:1 area 1
20181114 16:51:10 Obtención correcta areas usuario:1
20181114 16:51:16 Obtención correcta aplicaciones usuario:1 area 1
20181114 16:59:46 Obtención correcta areas usuario:1
20181114 16:59:55 Obtención correcta aplicaciones usuario:1 area 1
20181114 17:05:28 Obtención correcta areas usuario:1
20181114 17:05:45 Obtención correcta aplicaciones usuario:1 area 1
20181114 17:05:45 Obtención correcta aplicaciones usuario:1 area 1
20181114 17:07:50 Obtención correcta areas usuario:1
20181114 17:07:59 Obtención correcta aplicaciones usuario:1 area 1
20181114 17:41:31 Obtención correcta areas usuario:1
20181114 17:43:25 Obtención correcta aplicaciones usuario:1 area 1
20181114 17:43:25 Obtención correcta aplicaciones usuario:1 area 1
20181114 20:19:43 Obtención correcta areas usuario:1
20181114 20:21:19 Obtención correcta areas usuario:1
20181114 20:22:13 Obtención correcta aplicaciones usuario:1 area 1
20181114 21:13:03 Obtención correcta areas usuario:1
20181114 21:13:17 Obtención correcta aplicaciones usuario:1 area 1
20181114 21:13:17 Obtención correcta aplicaciones usuario:1 area 1
20181114 21:14:45 Acceso correcto usuario veneno
20181114 21:14:45 Obtención correcta areas usuario:1
20181114 21:17:56 Acceso correcto usuario veneno
20181114 21:17:56 Obtención correcta areas usuario:1
20181114 21:18:38 Analisis.aspx.cs.Page_Load Object reference not set to an instance of an object.
20181114 21:19:44 Acceso correcto usuario veneno
20181114 21:19:44 Obtención correcta areas usuario:1
20181114 21:22:55 Acceso correcto usuario veneno
20181114 21:22:55 Obtención correcta areas usuario:1
20181114 22:17:20 Acceso correcto usuario veneno
20181114 22:17:25 Obtención correcta areas usuario:1
20181114 22:17:29 Avance correcto proceso 0
20181114 22:19:11 Obtención correcta areas usuario:1
20181114 22:19:11 ObtenProcesoAvance ObtenProcesoAvance Object reference not set to an instance of an object.
20181114 22:19:50 Obtención correcta areas usuario:1
20181114 22:19:50 ObtenProcesoAvance ObtenProcesoAvance Object reference not set to an instance of an object.
20181114 22:21:39 Acceso correcto usuario veneno
20181114 22:21:39 Obtención correcta areas usuario:1
20181114 22:21:39 Avance correcto proceso 0
20181114 22:22:55 Obtención correcta areas usuario:1
20181114 22:22:55 ObtenProcesoAvance ObtenProcesoAvance Object reference not set to an instance of an object.
20181114 22:24:20 Obtención correcta areas usuario:1
20181114 22:24:20 ObtenProcesoAvance ObtenProcesoAvance Object reference not set to an instance of an object.
20181114 22:25:17 Obtención correcta areas usuario:1
20181114 22:25:17 ObtenProcesoAvance ObtenProcesoAvance Object reference not set to an instance of an object.
20181114 22:28:14 Obtención correcta areas usuario:1
20181114 22:28:14 ObtenProcesoAvance ObtenProcesoAvance Object reference not set to an instance of an object.
20181114 22:30:45 Acceso correcto usuario veneno
20181114 22:30:45 Obtención correcta areas usuario:1
20181114 22:30:45 Avance correcto proceso 0
20181114 22:39:28 Acceso correcto usuario veneno
20181114 22:39:28 Obtención correcta areas usuario:1
20181114 22:39:28 Avance correcto proceso 0
20181114 22:43:57 Obtención correcta areas usuario:1
20181114 22:43:57 ObtenProcesoAvance ObtenProcesoAvance Object reference not set to an instance of an object.
20181114 22:46:18 Obtención correcta areas usuario:1
20181114 22:46:18 ObtenProcesoAvance ObtenProcesoAvance Object reference not set to an instance of an object.
20181114 22:47:48 Acceso correcto usuario veneno
20181114 22:47:49 Obtención correcta areas usuario:1
20181114 22:47:49 Avance correcto proceso 0
20181114 22:52:42 Acceso correcto usuario veneno
20181114 22:52:42 Obtención correcta areas usuario:1
20181114 22:52:42 Avance correcto proceso 0
20181114 22:56:16 Acceso correcto usuario veneno
20181114 22:56:16 Obtención correcta areas usuario:1
20181114 22:56:16 Avance correcto proceso 0
20181114 23:01:12 Acceso correcto usuario veneno
20181114 23:01:12 Obtención correcta areas usuario:1
20181114 23:01:12 Avance correcto proceso 0
20181114 23:07:10 Acceso correcto usuario veneno
20181114 23:07:10 Obtención correcta areas usuario:1
20181114 23:07:10 Avance correcto proceso 0
20181114 23:12:08 Acceso correcto usuario veneno
20181114 23:12:08 Obtención correcta areas usuario:1
20181114 23:12:08 Avance correcto proceso 0
20181114 23:23:19 Acceso correcto usuario veneno
20181114 23:23:20 Obtención correcta areas usuario:1
20181114 23:23:20 Avance correcto proceso 0
20181114 23:28:37 Acceso correcto usuario veneno
20181114 23:28:37 Obtención correcta areas usuario:1
20181114 23:28:38 Avance correcto proceso 0
20181114 23:32:44 Acceso correcto usuario veneno
20181114 23:32:44 Obtención correcta areas usuario:1
20181114 23:32:44 Avance correcto proceso 0
