20181122 09:37:08 Acceso correcto usuario info
20181122 09:37:08 Obtención correcta areas usuario:1
20181122 09:37:08 Avance correcto proceso 0
20181122 09:37:12 Obtención correcta areas usuario:1
20181122 09:37:13 Obtención correcta objetosdb usuario:1 app 1
20181122 09:37:22 Obtención correcta aplicaciones usuario:1 area 1
20181122 09:37:24 Obtención correcta objetosdb usuario:1 app 1
20181122 09:37:30 Obtención correcta objetosdb usuario:1 app 1
20181122 09:37:34 Obtención correcta objetosdb usuario:1 app 1
20181122 09:37:36 Obtención correcta objetosdb usuario:1 app 1
20181122 09:37:38 Obtención correcta objetosdb usuario:1 app 1
20181122 09:37:48 Obtención correcta objetosdb usuario:1 app 1
20181122 09:37:50 Obtención correcta objetosdb usuario:1 app 1
20181122 09:37:52 Obtención correcta objetosdb usuario:1 app 1
20181122 09:37:54 Obtención correcta objetosdb usuario:1 app 1
20181122 09:37:55 Obtención correcta objetosdb usuario:1 app 1
20181122 09:37:57 Obtención correcta objetosdb usuario:1 app 1
20181122 09:37:58 Obtención correcta objetosdb usuario:1 app 1
20181122 09:38:09 Obtención correcta objetosdb usuario:1 app 1
20181122 09:38:11 Obtención correcta objetosdb usuario:1 app 1
20181122 09:39:01 Obtención correcta objetosdb usuario:1 app 1
20181122 09:39:08 Obtención correcta objetosdb usuario:1 app 1
20181122 09:41:59 Obtención correcta objetosdb usuario:1 app 1
20181122 09:42:00 Obtención correcta objetosdb usuario:1 app 1
20181122 09:42:02 Obtención correcta objetosdb usuario:1 app 1
20181122 09:42:03 Obtención correcta objetosdb usuario:1 app 1
20181122 09:42:06 Obtención correcta objetosdb usuario:1 app 1
20181122 09:42:08 Obtención correcta objetosdb usuario:1 app 1
20181122 09:42:09 Obtención correcta objetosdb usuario:1 app 1
20181122 09:42:12 Obtención correcta objetosdb usuario:1 app 1
20181122 09:42:14 Obtención correcta objetosdb usuario:1 app 1
20181122 09:42:15 Obtención correcta objetosdb usuario:1 app 1
20181122 09:43:49 Obtención correcta areas usuario:1
20181122 09:43:49 Obtención correcta objetosdb usuario:1 app 1
20181122 09:44:10 Obtención correcta aplicaciones usuario:1 area 1
20181122 09:44:11 Obtención correcta objetosdb usuario:1 app 1
20181122 09:44:13 Obtención correcta objetosdb usuario:1 app 1
20181122 09:44:14 Obtención correcta objetosdb usuario:1 app 1
20181122 09:44:16 Obtención correcta objetosdb usuario:1 app 1
20181122 09:44:18 Obtención correcta objetosdb usuario:1 app 1
20181122 09:44:20 Obtención correcta objetosdb usuario:1 app 1
20181122 09:44:24 Obtención correcta objetosdb usuario:1 app 1
20181122 09:44:26 Obtención correcta objetosdb usuario:1 app 1
20181122 09:44:27 Obtención correcta objetosdb usuario:1 app 1
20181122 09:45:17 Obtención correcta objetosdb usuario:1 app 1
20181122 09:46:18 Obtención correcta objetosdb usuario:1 app 1
20181122 09:46:20 Obtención correcta objetosdb usuario:1 app 1
20181122 09:46:29 Obtención correcta objetosdb usuario:1 app 1
20181122 09:49:28 Obtención correcta objetosdb usuario:1 app 1
20181122 09:51:43 Obtención correcta objetosdb usuario:1 app 1
20181122 09:51:44 Obtención correcta objetosdb usuario:1 app 1
20181122 09:52:51 Obtención correcta objetosdb usuario:1 app 1
20181122 09:52:52 Obtención correcta objetosdb usuario:1 app 1
20181122 09:56:31 Acceso correcto usuario info
20181122 09:56:31 Obtención correcta areas usuario:1
20181122 09:56:31 Avance correcto proceso 0
20181122 09:56:36 Obtención correcta areas usuario:1
20181122 09:56:36 Obtención correcta objetosdb usuario:1 app 1
20181122 09:56:40 Obtención correcta aplicaciones usuario:1 area 1
20181122 09:56:42 Obtención correcta objetosdb usuario:1 app 1
20181122 09:56:47 Obtención correcta objetosdb usuario:1 app 1
20181122 09:56:55 Obtención correcta objetosdb usuario:1 app 1
20181122 09:57:00 Obtención correcta objetosdb usuario:1 app 1
20181122 09:57:51 Obtención correcta objetosdb usuario:1 app 1
20181122 09:58:00 Obtención correcta objetosdb usuario:1 app 1
20181122 09:59:28 Acceso correcto usuario info
20181122 09:59:28 Obtención correcta areas usuario:1
20181122 09:59:28 Avance correcto proceso 0
20181122 09:59:32 Obtención correcta areas usuario:1
20181122 09:59:32 Obtención correcta objetosdb usuario:1 app 1
20181122 09:59:37 Obtención correcta aplicaciones usuario:1 area 1
20181122 09:59:38 Obtención correcta objetosdb usuario:1 app 1
20181122 09:59:47 Obtención correcta objetosdb usuario:1 app 1
20181122 09:59:51 Obtención correcta objetosdb usuario:1 app 1
20181122 09:59:53 Obtención correcta objetosdb usuario:1 app 1
20181122 10:03:24 Acceso correcto usuario info
20181122 10:03:24 Obtención correcta areas usuario:1
20181122 10:03:24 Avance correcto proceso 0
20181122 10:03:28 Obtención correcta areas usuario:1
20181122 10:03:28 Obtención correcta objetosdb usuario:1 app 1
20181122 10:03:46 Obtención correcta aplicaciones usuario:1 area 1
20181122 10:03:47 Obtención correcta objetosdb usuario:1 app 1
20181122 10:04:48 Acceso correcto usuario info
20181122 10:04:48 Obtención correcta areas usuario:1
20181122 10:04:48 Avance correcto proceso 0
20181122 10:05:50 Obtención correcta areas usuario:1
20181122 10:05:50 Obtención correcta objetosdb usuario:1 app 1
20181122 10:05:54 Obtención correcta aplicaciones usuario:1 area 1
20181122 10:05:55 Obtención correcta objetosdb usuario:1 app 1
20181122 10:09:01 Acceso correcto usuario info
20181122 10:09:01 Obtención correcta areas usuario:1
20181122 10:09:01 Avance correcto proceso 0
20181122 10:09:06 Obtención correcta areas usuario:1
20181122 10:09:06 Obtención correcta objetosdb usuario:1 app 1
20181122 10:09:09 Obtención correcta aplicaciones usuario:1 area 1
20181122 10:09:11 Obtención correcta objetosdb usuario:1 app 1
20181122 10:09:21 Obtención correcta objetosdb usuario:1 app 1
20181122 10:11:33 Acceso correcto usuario info
20181122 10:11:33 Obtención correcta areas usuario:1
20181122 10:11:33 Avance correcto proceso 0
20181122 10:12:09 Obtención correcta areas usuario:1
20181122 10:12:09 Obtención correcta objetosdb usuario:1 app 1
20181122 10:12:14 Obtención correcta aplicaciones usuario:1 area 1
20181122 10:12:15 Obtención correcta objetosdb usuario:1 app 1
20181122 10:12:26 Obtención correcta objetosdb usuario:1 app 1
20181122 10:12:36 Obtención correcta objetosdb usuario:1 app 1
20181122 10:12:49 Obtención correcta objetosdb usuario:1 app 1
20181122 10:12:57 Obtención correcta objetosdb usuario:1 app 1
20181122 10:12:59 Obtención correcta objetosdb usuario:1 app 1
20181122 10:14:04 Obtención correcta objetosdb usuario:1 app 1
20181122 10:14:06 Obtención correcta objetosdb usuario:1 app 1
20181122 10:14:08 Obtención correcta objetosdb usuario:1 app 1
20181122 10:14:10 Obtención correcta objetosdb usuario:1 app 1
20181122 10:16:55 Obtención correcta objetosdb usuario:1 app 1
20181122 10:18:11 Acceso correcto usuario info
20181122 10:18:11 Obtención correcta areas usuario:1
20181122 10:18:11 Avance correcto proceso 0
20181122 10:18:15 Obtención correcta areas usuario:1
20181122 10:18:15 Obtención correcta objetosdb usuario:1 app 1
20181122 10:18:19 Obtención correcta aplicaciones usuario:1 area 1
20181122 10:18:20 Obtención correcta objetosdb usuario:1 app 1
20181122 10:18:23 Obtención correcta objetosdb usuario:1 app 1
20181122 10:18:26 Obtención correcta objetosdb usuario:1 app 1
20181122 10:18:27 Obtención correcta objetosdb usuario:1 app 1
20181122 10:19:32 Obtención correcta objetosdb usuario:1 app 1
20181122 10:22:02 Dependencias.ActualizaDiagramaInput string was not in a correct format.
20181122 10:22:03 Dependencias.ActualizaDiagramaInput string was not in a correct format.
20181122 10:22:05 Dependencias.ActualizaDiagramaInput string was not in a correct format.
20181122 10:22:06 Dependencias.ActualizaDiagramaInput string was not in a correct format.
20181122 10:22:08 Obtención correcta objetosdb usuario:1 app 1
20181122 10:22:09 Dependencias.ActualizaDiagramaInput string was not in a correct format.
20181122 10:22:11 Dependencias.ActualizaDiagramaInput string was not in a correct format.
20181122 10:22:16 Dependencias.ActualizaDiagramaInput string was not in a correct format.
20181122 10:22:18 Dependencias.ActualizaDiagramaInput string was not in a correct format.
20181122 10:22:23 Dependencias.ActualizaDiagramaInput string was not in a correct format.
20181122 10:22:25 Dependencias.ActualizaDiagramaInput string was not in a correct format.
20181122 10:22:27 Dependencias.ActualizaDiagramaInput string was not in a correct format.
20181122 10:22:29 Dependencias.ActualizaDiagramaInput string was not in a correct format.
20181122 10:22:30 Obtención correcta objetosdb usuario:1 app 1
20181122 10:22:31 Obtención correcta objetosdb usuario:1 app 1
20181122 10:22:31 Obtención correcta objetosdb usuario:1 app 1
20181122 10:22:33 Dependencias.ActualizaDiagramaInput string was not in a correct format.
20181122 10:22:35 Dependencias.ActualizaDiagramaInput string was not in a correct format.
20181122 10:22:59 Obtención correcta objetosdb usuario:1 app 1
20181122 10:23:01 Obtención correcta objetosdb usuario:1 app 1
20181122 10:23:03 Obtención correcta objetosdb usuario:1 app 1
20181122 10:23:05 Obtención correcta objetosdb usuario:1 app 1
20181122 10:23:06 Obtención correcta objetosdb usuario:1 app 1
20181122 10:23:16 Dependencias.ActualizaDiagramaInput string was not in a correct format.
20181122 10:23:23 Obtención correcta objetosdb usuario:1 app 1
20181122 10:23:25 Obtención correcta objetosdb usuario:1 app 1
20181122 10:23:27 Obtención correcta objetosdb usuario:1 app 1
20181122 10:23:29 Obtención correcta objetosdb usuario:1 app 1
20181122 10:38:20 Acceso correcto usuario info
20181122 10:38:20 Obtención correcta areas usuario:1
20181122 10:38:20 Avance correcto proceso 0
20181122 10:38:23 Obtención correcta areas usuario:1
20181122 10:38:23 Obtención correcta objetosdb usuario:1 app 1
20181122 10:38:43 Obtención correcta aplicaciones usuario:1 area 1
20181122 10:38:44 Obtención correcta objetosdb usuario:1 app 1
20181122 10:44:45 Acceso correcto usuario info
20181122 10:44:45 Obtención correcta areas usuario:1
20181122 10:44:45 Avance correcto proceso 0
20181122 10:44:48 Obtención correcta areas usuario:1
20181122 10:44:48 Obtención correcta objetosdb usuario:1 app 1
20181122 10:44:55 Obtención correcta aplicaciones usuario:1 area 1
20181122 10:44:59 Obtención correcta objetosdb usuario:1 app 1
20181122 10:53:01 Acceso correcto usuario info
20181122 10:53:01 Obtención correcta areas usuario:1
20181122 10:53:01 Avance correcto proceso 0
20181122 10:55:15 Obtención correcta areas usuario:1
20181122 10:55:15 Obtención correcta objetosdb usuario:1 app 1
20181122 10:56:52 Obtención correcta aplicaciones usuario:1 area 1
20181122 10:56:53 Obtención correcta objetosdb usuario:1 app 1
20181122 10:58:04 Acceso correcto usuario info
20181122 10:58:04 Obtención correcta areas usuario:1
20181122 10:58:04 Avance correcto proceso 0
20181122 10:58:07 Obtención correcta areas usuario:1
20181122 10:58:07 Obtención correcta objetosdb usuario:1 app 1
20181122 10:58:13 Obtención correcta areas usuario:1
20181122 10:58:13 Obtención correcta objetosdb usuario:1 app 1
20181122 10:58:17 Obtención correcta aplicaciones usuario:1 area 1
20181122 10:58:19 Obtención correcta objetosdb usuario:1 app 1
20181122 11:21:23 Acceso correcto usuario info
20181122 11:21:23 Obtención correcta areas usuario:1
20181122 11:21:23 Avance correcto proceso 0
20181122 11:21:32 Acceso correcto usuario info
20181122 11:21:32 Obtención correcta areas usuario:1
20181122 11:21:32 Avance correcto proceso 0
20181122 11:21:35 Obtención correcta areas usuario:1
20181122 11:21:35 Obtención correcta objetosdb usuario:1 app 1
20181122 11:21:40 Obtención correcta aplicaciones usuario:1 area 1
20181122 11:26:46 Acceso correcto usuario info
20181122 11:26:46 Obtención correcta areas usuario:1
20181122 11:26:46 Avance correcto proceso 0
20181122 11:26:49 Obtención correcta areas usuario:1
20181122 11:26:49 Obtención correcta objetosdb usuario:1 app 1
20181122 11:26:56 Obtención correcta aplicaciones usuario:1 area 1
20181122 11:31:05 Acceso correcto usuario info
20181122 11:31:05 Obtención correcta areas usuario:1
20181122 11:31:05 Avance correcto proceso 0
20181122 11:31:08 Obtención correcta areas usuario:1
20181122 11:31:08 Obtención correcta objetosdb usuario:1 app 1
20181122 11:31:13 Obtención correcta aplicaciones usuario:1 area 1
20181122 11:49:24 Acceso correcto usuario info
20181122 11:49:24 Obtención correcta areas usuario:1
20181122 11:49:24 Avance correcto proceso 0
20181122 11:49:27 Obtención correcta areas usuario:1
20181122 11:49:27 Obtención correcta objetosdb usuario:1 app 1
20181122 11:49:44 Obtención correcta aplicaciones usuario:1 area 1
20181122 11:49:46 Obtención correcta objetosdb usuario:1 app 1
20181122 11:51:23 Acceso correcto usuario info
20181122 11:51:23 Obtención correcta areas usuario:1
20181122 11:51:23 Avance correcto proceso 0
20181122 11:51:27 Obtención correcta areas usuario:1
20181122 11:51:27 Obtención correcta objetosdb usuario:1 app 1
20181122 11:51:31 Obtención correcta aplicaciones usuario:1 area 1
20181122 11:51:33 Obtención correcta objetosdb usuario:1 app 1
20181122 11:51:38 Obtención correcta objetosdb usuario:1 app 1
20181122 11:51:42 Obtención correcta objetosdb usuario:1 app 1
20181122 11:51:43 Obtención correcta objetosdb usuario:1 app 1
20181122 11:51:49 Obtención correcta objetosdb usuario:1 app 1
20181122 11:51:57 Obtención correcta objetosdb usuario:1 app 1
20181122 11:51:59 Obtención correcta objetosdb usuario:1 app 1
20181122 11:52:01 Obtención correcta objetosdb usuario:1 app 1
20181122 12:27:04 Acceso correcto usuario info
20181122 12:27:04 Obtención correcta areas usuario:1
20181122 12:27:04 Avance correcto proceso 0
20181122 12:27:10 Obtención correcta areas usuario:1
20181122 12:27:10 Obtención correcta objetosdb usuario:1 app 1
20181122 12:27:37 Obtención correcta aplicaciones usuario:1 area 1
20181122 12:27:39 Obtención correcta objetosdb usuario:1 app 1
20181122 12:31:13 Acceso correcto usuario info
20181122 12:31:13 Obtención correcta areas usuario:1
20181122 12:31:13 Avance correcto proceso 0
20181122 12:31:17 Obtención correcta areas usuario:1
20181122 12:31:17 Obtención correcta objetosdb usuario:1 app 1
20181122 12:31:21 Obtención correcta aplicaciones usuario:1 area 1
20181122 12:31:22 Obtención correcta objetosdb usuario:1 app 1
20181122 12:31:24 Obtención correcta objetosdb usuario:1 app 1
20181122 12:31:27 Obtención correcta objetosdb usuario:1 app 1
20181122 12:31:28 Obtención correcta objetosdb usuario:1 app 1
20181122 12:32:17 Obtención correcta objetosdb usuario:1 app 1
20181122 12:32:19 Obtención correcta objetosdb usuario:1 app 1
20181122 12:33:20 Acceso correcto usuario info
20181122 12:33:20 Obtención correcta areas usuario:1
20181122 12:33:20 Avance correcto proceso 0
20181122 12:33:24 Obtención correcta areas usuario:1
20181122 12:33:24 Obtención correcta objetosdb usuario:1 app 1
20181122 12:33:28 Obtención correcta aplicaciones usuario:1 area 1
20181122 12:33:30 Obtención correcta objetosdb usuario:1 app 1
20181122 12:33:32 Obtención correcta objetosdb usuario:1 app 1
20181122 12:33:39 Obtención correcta objetosdb usuario:1 app 1
20181122 12:33:40 Obtención correcta objetosdb usuario:1 app 1
20181122 12:34:39 Obtención correcta objetosdb usuario:1 app 1
20181122 12:34:41 Obtención correcta objetosdb usuario:1 app 1
20181122 12:36:36 Acceso correcto usuario info
20181122 12:36:36 Obtención correcta areas usuario:1
20181122 12:36:36 Avance correcto proceso 0
20181122 12:36:40 Obtención correcta areas usuario:1
20181122 12:36:40 Obtención correcta objetosdb usuario:1 app 1
20181122 12:36:43 Obtención correcta aplicaciones usuario:1 area 1
20181122 12:36:44 Obtención correcta objetosdb usuario:1 app 1
20181122 12:36:47 Obtención correcta objetosdb usuario:1 app 1
20181122 12:36:58 Obtención correcta objetosdb usuario:1 app 1
20181122 12:37:00 Obtención correcta objetosdb usuario:1 app 1
20181122 12:37:19 Obtención correcta objetosdb usuario:1 app 1
20181122 12:37:23 Obtención correcta objetosdb usuario:1 app 1
20181122 12:37:28 Obtención correcta objetosdb usuario:1 app 1
20181122 12:37:29 Obtención correcta objetosdb usuario:1 app 1
20181122 12:37:36 Obtención correcta objetosdb usuario:1 app 1
20181122 12:37:38 Obtención correcta objetosdb usuario:1 app 1
20181122 12:37:45 Obtención correcta objetosdb usuario:1 app 1
20181122 12:37:45 Obtención correcta objetosdb usuario:1 app 1
20181122 12:37:47 Obtención correcta objetosdb usuario:1 app 1
20181122 12:38:29 Obtención correcta objetosdb usuario:1 app 1
20181122 12:38:38 Obtención correcta objetosdb usuario:1 app 1
20181122 12:39:41 Obtención correcta objetosdb usuario:1 app 1
20181122 12:39:49 Obtención correcta objetosdb usuario:1 app 1
20181122 12:39:52 Obtención correcta objetosdb usuario:1 app 1
20181122 12:39:54 Obtención correcta objetosdb usuario:1 app 1
20181122 12:39:55 Obtención correcta objetosdb usuario:1 app 1
20181122 12:40:01 Obtención correcta objetosdb usuario:1 app 1
20181122 12:40:02 Obtención correcta objetosdb usuario:1 app 1
20181122 12:40:35 Obtención correcta objetosdb usuario:1 app 1
20181122 12:40:40 Obtención correcta objetosdb usuario:1 app 1
20181122 13:39:22 Acceso correcto usuario info
20181122 13:39:22 Obtención correcta areas usuario:1
20181122 13:39:22 Avance correcto proceso 0
20181122 13:39:26 Obtención correcta areas usuario:1
20181122 13:39:26 Obtención correcta objetosdb usuario:1 app 1
20181122 13:39:33 Obtención correcta aplicaciones usuario:1 area 1
20181122 13:39:35 Obtención correcta objetosdb usuario:1 app 1
20181122 13:39:40 Obtención correcta objetosdb usuario:1 app 1
20181122 13:39:44 Obtención correcta objetosdb usuario:1 app 1
20181122 13:39:46 Obtención correcta objetosdb usuario:1 app 1
20181122 13:41:28 Obtención correcta objetosdb usuario:1 app 1
20181122 13:41:34 Obtención correcta objetosdb usuario:1 app 1
20181122 13:41:50 Obtención correcta objetosdb usuario:1 app 1
20181122 13:41:51 Obtención correcta objetosdb usuario:1 app 1
20181122 13:42:01 Obtención correcta objetosdb usuario:1 app 1
20181122 13:42:05 Obtención correcta objetosdb usuario:1 app 1
20181122 13:47:01 Acceso correcto usuario info
20181122 13:47:02 Obtención correcta areas usuario:1
20181122 13:47:02 Avance correcto proceso 0
20181122 13:47:04 Obtención correcta areas usuario:1
20181122 13:47:04 Obtención correcta objetosdb usuario:1 app 1
20181122 13:47:10 Obtención correcta aplicaciones usuario:1 area 1
20181122 13:47:12 Obtención correcta objetosdb usuario:1 app 1
20181122 13:47:26 Obtención correcta objetosdb usuario:1 app 1
20181122 13:47:57 Obtención correcta objetosdb usuario:1 app 1
20181122 13:48:10 Obtención correcta objetosdb usuario:1 app 1
20181122 13:48:18 Obtención correcta objetosdb usuario:1 app 1
20181122 13:50:15 Acceso correcto usuario info
20181122 13:50:15 Obtención correcta areas usuario:1
20181122 13:50:15 Avance correcto proceso 0
20181122 13:50:18 Obtención correcta areas usuario:1
20181122 13:50:18 Obtención correcta objetosdb usuario:1 app 1
20181122 13:50:24 Obtención correcta aplicaciones usuario:1 area 1
20181122 13:50:26 Obtención correcta objetosdb usuario:1 app 1
20181122 13:50:27 Obtención correcta objetosdb usuario:1 app 1
20181122 13:50:34 Obtención correcta objetosdb usuario:1 app 1
20181122 13:50:43 Obtención correcta objetosdb usuario:1 app 1
20181122 13:50:50 Obtención correcta areas usuario:1
20181122 13:50:50 Obtención correcta objetosdb usuario:1 app 1
20181122 13:50:57 Obtención correcta aplicaciones usuario:1 area 1
20181122 13:50:59 Obtención correcta objetosdb usuario:1 app 1
20181122 13:51:04 Obtención correcta objetosdb usuario:1 app 1
20181122 13:51:27 Obtención correcta objetosdb usuario:1 app 1
20181122 13:51:29 Obtención correcta areas usuario:1
20181122 13:51:30 Obtención correcta objetosdb usuario:1 app 1
20181122 13:51:33 Obtención correcta aplicaciones usuario:1 area 1
20181122 13:51:36 Obtención correcta objetosdb usuario:1 app 1
20181122 13:51:41 Obtención correcta objetosdb usuario:1 app 1
20181122 15:43:39 Obtención correcta objetosdb usuario:1 app 1
20181122 15:43:41 Obtención correcta objetosdb usuario:1 app 1
20181122 15:43:43 Obtención correcta objetosdb usuario:1 app 1
20181122 15:44:26 Obtención correcta objetosdb usuario:1 app 1
20181122 15:44:29 Obtención correcta objetosdb usuario:1 app 1
20181122 15:44:31 Obtención correcta objetosdb usuario:1 app 1
20181122 15:44:33 Obtención correcta objetosdb usuario:1 app 1
20181122 15:49:12 Acceso correcto usuario info
20181122 15:49:13 Obtención correcta areas usuario:1
20181122 15:49:13 Avance correcto proceso 0
20181122 15:49:17 Obtención correcta areas usuario:1
20181122 15:49:17 Obtención correcta objetosdb usuario:1 app 1
20181122 15:50:32 Obtención correcta objetosdb usuario:1 app 0
20181122 15:52:59 Obtención correcta aplicaciones usuario:1 area 1
20181122 15:53:00 Obtención correcta objetosdb usuario:1 app 1
20181122 15:53:10 Obtención correcta objetosdb usuario:1 app 1
20181122 15:55:49 Acceso correcto usuario info
20181122 15:55:49 Obtención correcta areas usuario:1
20181122 15:55:49 Avance correcto proceso 0
20181122 15:55:52 Obtención correcta areas usuario:1
20181122 15:55:52 Obtención correcta objetosdb usuario:1 app 1
20181122 15:55:58 Obtención correcta aplicaciones usuario:1 area 1
20181122 15:56:00 Obtención correcta objetosdb usuario:1 app 1
20181122 15:56:08 Obtención correcta objetosdb usuario:1 app 1
20181122 16:07:11 Acceso correcto usuario info
20181122 16:07:11 Obtención correcta areas usuario:1
20181122 16:07:11 Avance correcto proceso 0
20181122 16:07:15 Obtención correcta areas usuario:1
20181122 16:07:15 Obtención correcta objetosdb usuario:1 app 1
20181122 16:07:22 Obtención correcta aplicaciones usuario:1 area 1
20181122 16:07:24 Obtención correcta objetosdb usuario:1 app 1
20181122 16:07:52 Obtención correcta objetosdb usuario:1 app 1
20181122 16:07:58 Obtención correcta objetosdb usuario:1 app 1
20181122 16:08:03 Obtención correcta objetosdb usuario:1 app 1
20181122 16:08:10 Obtención correcta objetosdb usuario:1 app 1
20181122 16:15:23 Acceso correcto usuario info
20181122 16:15:23 Obtención correcta areas usuario:1
20181122 16:15:23 Avance correcto proceso 0
20181122 16:15:26 Obtención correcta areas usuario:1
20181122 16:15:26 Obtención correcta objetosdb usuario:1 app 1
20181122 16:15:32 Obtención correcta aplicaciones usuario:1 area 1
20181122 16:15:34 Obtención correcta objetosdb usuario:1 app 1
20181122 16:16:07 Obtención correcta objetosdb usuario:1 app 1
20181122 16:19:42 Acceso correcto usuario info
20181122 16:19:43 Obtención correcta areas usuario:1
20181122 16:19:43 Avance correcto proceso 0
20181122 16:19:46 Obtención correcta areas usuario:1
20181122 16:19:46 Obtención correcta objetosdb usuario:1 app 1
20181122 16:19:51 Obtención correcta aplicaciones usuario:1 area 1
20181122 16:19:53 Obtención correcta objetosdb usuario:1 app 1
20181122 16:20:00 Obtención correcta objetosdb usuario:1 app 1
20181122 16:21:43 Obtención correcta objetosdb usuario:1 app 1
20181122 16:21:48 Obtención correcta objetosdb usuario:1 app 1
20181122 16:21:56 Obtención correcta objetosdb usuario:1 app 1
20181122 16:31:05 Acceso correcto usuario info
20181122 16:31:05 Obtención correcta areas usuario:1
20181122 16:31:05 Avance correcto proceso 0
20181122 16:31:09 Obtención correcta areas usuario:1
20181122 16:31:09 Obtención correcta objetosdb usuario:1 app 1
20181122 16:31:13 Obtención correcta aplicaciones usuario:1 area 1
20181122 16:31:15 Obtención correcta objetosdb usuario:1 app 1
20181122 16:31:26 Obtención correcta objetosdb usuario:1 app 1
20181122 16:32:48 Obtención correcta objetosdb usuario:1 app 1
20181122 16:33:58 Obtención correcta objetosdb usuario:1 app 1
20181122 16:34:02 Obtención correcta objetosdb usuario:1 app 1
20181122 16:34:09 Obtención correcta objetosdb usuario:1 app 1
20181122 16:34:11 Obtención correcta objetosdb usuario:1 app 1
20181122 16:45:09 Obtención correcta objetosdb usuario:1 app 1
20181122 16:45:11 Obtención correcta objetosdb usuario:1 app 1
20181122 16:46:07 Dependencias.ActualizaDiagramaInput string was not in a correct format.
20181122 16:46:14 Dependencias.ActualizaDiagramaInput string was not in a correct format.
20181122 16:46:17 Dependencias.ActualizaDiagramaInput string was not in a correct format.
20181122 16:46:18 Dependencias.ActualizaDiagramaInput string was not in a correct format.
20181122 16:46:26 Dependencias.ActualizaDiagramaInput string was not in a correct format.
20181122 16:46:29 Dependencias.ActualizaDiagramaInput string was not in a correct format.
20181122 16:46:47 Obtención correcta objetosdb usuario:1 app 1
20181122 16:47:01 Obtención correcta objetosdb usuario:1 app 1
20181122 16:47:03 Obtención correcta objetosdb usuario:1 app 1
20181122 16:47:10 Obtención correcta objetosdb usuario:1 app 1
20181122 16:47:11 Obtención correcta objetosdb usuario:1 app 1
20181122 16:49:56 Obtención correcta objetosdb usuario:1 app 1
20181122 16:50:39 Obtención correcta objetosdb usuario:1 app 1
20181122 16:51:22 Obtención correcta objetosdb usuario:1 app 1
20181122 16:51:42 Obtención correcta objetosdb usuario:1 app 1
20181122 16:51:43 Obtención correcta objetosdb usuario:1 app 1
20181122 16:51:48 Obtención correcta objetosdb usuario:1 app 1
20181122 17:12:59 Acceso correcto usuario info
20181122 17:12:59 Obtención correcta areas usuario:1
20181122 17:12:59 Avance correcto proceso 0
20181122 17:13:03 Obtención correcta areas usuario:1
20181122 17:13:03 Obtención correcta objetosdb usuario:1 app 1
20181122 17:13:10 Obtención correcta aplicaciones usuario:1 area 1
20181122 17:13:12 Obtención correcta objetosdb usuario:1 app 1
20181122 17:13:16 Obtención correcta objetosdb usuario:1 app 1
20181122 17:13:19 Obtención correcta objetosdb usuario:1 app 1
20181122 17:13:21 Obtención correcta objetosdb usuario:1 app 1
20181122 17:14:41 Acceso correcto usuario info
20181122 17:14:41 Obtención correcta areas usuario:1
20181122 17:14:41 Avance correcto proceso 0
20181122 17:14:44 Obtención correcta areas usuario:1
20181122 17:14:44 Obtención correcta objetosdb usuario:1 app 1
20181122 17:14:51 Obtención correcta aplicaciones usuario:1 area 1
20181122 17:14:52 Obtención correcta objetosdb usuario:1 app 1
20181122 17:14:59 Obtención correcta objetosdb usuario:1 app 1
20181122 17:15:12 Obtención correcta objetosdb usuario:1 app 1
20181122 17:15:16 Obtención correcta objetosdb usuario:1 app 1
20181122 17:15:19 Obtención correcta objetosdb usuario:1 app 1
20181122 17:15:21 Obtención correcta objetosdb usuario:1 app 1
20181122 17:45:22 Acceso correcto usuario info
20181122 17:45:22 Obtención correcta areas usuario:1
20181122 17:45:22 Avance correcto proceso 0
20181122 17:45:27 Obtención correcta areas usuario:1
20181122 17:45:27 Obtención correcta objetosdb usuario:1 app 1
20181122 17:45:31 Obtención correcta aplicaciones usuario:1 area 1
20181122 17:45:33 Obtención correcta objetosdb usuario:1 app 1
20181122 17:45:38 Dependencias.ActualizaDiagramaIndex and count must refer to a location within the string.
Parameter name: count
20181122 17:48:50 Acceso correcto usuario info
20181122 17:48:50 Obtención correcta areas usuario:1
20181122 17:48:50 Avance correcto proceso 0
20181122 17:48:54 Obtención correcta areas usuario:1
20181122 17:48:54 Obtención correcta objetosdb usuario:1 app 1
20181122 17:48:58 Obtención correcta aplicaciones usuario:1 area 1
20181122 17:49:00 Obtención correcta objetosdb usuario:1 app 1
20181122 17:49:02 Obtención correcta objetosdb usuario:1 app 1
20181122 17:49:07 Obtención correcta objetosdb usuario:1 app 1
20181122 17:49:10 Obtención correcta objetosdb usuario:1 app 1
20181122 17:49:13 Obtención correcta objetosdb usuario:1 app 1
20181122 17:49:17 Obtención correcta objetosdb usuario:1 app 1
20181122 17:51:35 Acceso correcto usuario info
20181122 17:51:35 Obtención correcta areas usuario:1
20181122 17:51:35 Avance correcto proceso 0
20181122 17:51:43 Acceso correcto usuario info
20181122 17:51:43 Obtención correcta areas usuario:1
20181122 17:51:43 Avance correcto proceso 0
20181122 17:51:46 Obtención correcta areas usuario:1
20181122 17:51:46 Obtención correcta objetosdb usuario:1 app 1
20181122 17:51:50 Obtención correcta aplicaciones usuario:1 area 1
20181122 17:51:51 Obtención correcta objetosdb usuario:1 app 1
20181122 17:51:53 Obtención correcta objetosdb usuario:1 app 1
20181122 17:51:56 Obtención correcta objetosdb usuario:1 app 1
20181122 17:51:57 Obtención correcta objetosdb usuario:1 app 1
20181122 17:52:01 Obtención correcta objetosdb usuario:1 app 1
20181122 17:52:04 Obtención correcta objetosdb usuario:1 app 1
20181122 17:58:13 Acceso correcto usuario info
20181122 17:58:13 Obtención correcta areas usuario:1
20181122 17:58:13 Avance correcto proceso 0
20181122 17:58:17 Obtención correcta areas usuario:1
20181122 17:58:17 Obtención correcta objetosdb usuario:1 app 1
20181122 17:58:37 Acceso correcto usuario info
20181122 17:58:37 Obtención correcta areas usuario:1
20181122 17:58:37 Avance correcto proceso 0
20181122 17:58:40 Obtención correcta areas usuario:1
20181122 17:58:40 Obtención correcta objetosdb usuario:1 app 1
20181122 17:58:42 Obtención correcta aplicaciones usuario:1 area 1
20181122 17:58:44 Obtención correcta objetosdb usuario:1 app 1
20181122 17:58:52 Obtención correcta objetosdb usuario:1 app 1
20181122 17:59:16 Obtención correcta objetosdb usuario:1 app 1
20181122 17:59:19 Obtención correcta objetosdb usuario:1 app 1
20181122 18:01:44 Acceso correcto usuario info
20181122 18:01:44 Obtención correcta areas usuario:1
20181122 18:01:44 Avance correcto proceso 0
20181122 18:01:47 Obtención correcta areas usuario:1
20181122 18:01:47 Obtención correcta objetosdb usuario:1 app 1
20181122 18:02:10 Obtención correcta aplicaciones usuario:1 area 1
20181122 18:02:14 Obtención correcta objetosdb usuario:1 app 1
20181122 18:02:17 Obtención correcta objetosdb usuario:1 app 1
20181122 18:02:22 Obtención correcta objetosdb usuario:1 app 1
20181122 18:02:24 Obtención correcta objetosdb usuario:1 app 1
20181122 18:02:36 Obtención correcta objetosdb usuario:1 app 1
20181122 18:02:38 Obtención correcta objetosdb usuario:1 app 1
20181122 18:02:44 Obtención correcta objetosdb usuario:1 app 1
20181122 18:02:46 Obtención correcta objetosdb usuario:1 app 1
20181122 18:04:26 Obtención correcta objetosdb usuario:1 app 1
20181122 18:04:41 Obtención correcta objetosdb usuario:1 app 1
20181122 18:04:51 Obtención correcta objetosdb usuario:1 app 1
20181122 18:04:54 Obtención correcta objetosdb usuario:1 app 1
20181122 18:05:16 Obtención correcta objetosdb usuario:1 app 1
20181122 18:05:19 Obtención correcta objetosdb usuario:1 app 1
20181122 18:05:22 Obtención correcta objetosdb usuario:1 app 1
20181122 18:05:28 Obtención correcta objetosdb usuario:1 app 1
20181122 18:05:31 Obtención correcta objetosdb usuario:1 app 1
20181122 18:05:34 Obtención correcta objetosdb usuario:1 app 1
20181122 18:05:36 Obtención correcta objetosdb usuario:1 app 1
20181122 18:05:46 Obtención correcta areas usuario:1
20181122 18:05:46 Obtención correcta objetosdb usuario:1 app 1
20181122 18:05:52 Obtención correcta aplicaciones usuario:1 area 1
20181122 18:05:54 Obtención correcta objetosdb usuario:1 app 1
20181122 18:06:01 Obtención correcta objetosdb usuario:1 app 1
20181122 18:06:35 Obtención correcta objetosdb usuario:1 app 1
20181122 18:06:38 Obtención correcta objetosdb usuario:1 app 1
20181122 18:06:40 Obtención correcta objetosdb usuario:1 app 1
20181122 18:06:41 Obtención correcta objetosdb usuario:1 app 1
20181122 18:06:43 Obtención correcta objetosdb usuario:1 app 1
20181122 18:06:44 Obtención correcta objetosdb usuario:1 app 1
20181122 18:06:45 Obtención correcta objetosdb usuario:1 app 1
20181122 18:06:47 Obtención correcta objetosdb usuario:1 app 1
20181122 18:06:48 Obtención correcta objetosdb usuario:1 app 1
20181122 18:06:49 Obtención correcta objetosdb usuario:1 app 1
20181122 18:06:50 Obtención correcta objetosdb usuario:1 app 1
20181122 18:06:51 Obtención correcta objetosdb usuario:1 app 1
20181122 18:06:53 Obtención correcta objetosdb usuario:1 app 1
20181122 18:06:54 Obtención correcta objetosdb usuario:1 app 1
20181122 18:06:58 Obtención correcta objetosdb usuario:1 app 1
20181122 18:07:00 Obtención correcta objetosdb usuario:1 app 1
20181122 18:07:53 Obtención correcta objetosdb usuario:1 app 1
20181122 18:07:55 Obtención correcta objetosdb usuario:1 app 1
20181122 18:07:56 Obtención correcta objetosdb usuario:1 app 1
