20181117 00:00:42 Acceso correcto usuario veneno
20181117 00:00:42 Obtención correcta areas usuario:1
20181117 00:00:42 Avance correcto proceso 0
20181117 00:02:16 Acceso correcto usuario veneno
20181117 00:02:16 Obtención correcta areas usuario:1
20181117 00:02:16 Avance correcto proceso 0
20181117 00:04:52 Acceso correcto usuario veneno
20181117 00:04:52 Obtención correcta areas usuario:1
20181117 00:04:52 Avance correcto proceso 0
20181117 00:07:05 Obtención correcta areas usuario:1
20181117 00:07:05 ObtenProcesoAvance ObtenProcesoAvance Object reference not set to an instance of an object.
20181117 00:07:36 Acceso correcto usuario veneno
20181117 00:07:37 Obtención correcta areas usuario:1
20181117 00:07:37 Avance correcto proceso 0
20181117 00:12:45 Obtención correcta areas usuario:1
20181117 00:12:45 ObtenProcesoAvance ObtenProcesoAvance Object reference not set to an instance of an object.
20181117 00:13:19 Acceso correcto usuario veneno
20181117 00:13:19 Obtención correcta areas usuario:1
20181117 00:13:20 Avance correcto proceso 0
20181117 00:16:14 Acceso correcto usuario veneno
20181117 00:16:14 Obtención correcta areas usuario:1
20181117 00:16:14 Avance correcto proceso 0
20181117 00:25:45 Obtención correcta areas usuario:1
20181117 00:25:45 ObtenProcesoAvance ObtenProcesoAvance Object reference not set to an instance of an object.
20181117 00:26:22 Acceso correcto usuario veneno
20181117 00:26:22 Obtención correcta areas usuario:1
20181117 00:26:22 Avance correcto proceso 0
20181117 00:34:07 Obtención correcta areas usuario:1
20181117 00:34:07 ObtenProcesoAvance ObtenProcesoAvance Object reference not set to an instance of an object.
20181117 00:37:11 Obtención correcta areas usuario:1
20181117 00:37:11 ObtenProcesoAvance ObtenProcesoAvance Object reference not set to an instance of an object.
20181117 00:37:57 Acceso correcto usuario veneno
20181117 00:37:57 Obtención correcta areas usuario:1
20181117 00:37:57 Avance correcto proceso 0
20181117 00:38:10 Obtención correcta aplicaciones usuario:1 area 1
20181117 00:38:19 Obtención correcta areas usuario:1
20181117 00:38:19 Avance correcto proceso 0
20181117 00:38:22 Obtención correcta aplicaciones usuario:1 area 1
20181117 08:36:47 Acceso correcto usuario veneno
20181117 08:36:48 Obtención correcta areas usuario:1
20181117 08:36:48 Avance correcto proceso 0
20181117 08:38:39 Acceso correcto usuario veneno
20181117 08:38:39 Obtención correcta areas usuario:1
20181117 08:38:39 Avance correcto proceso 0
20181117 08:39:34 Acceso correcto usuario veneno
20181117 08:39:34 Obtención correcta areas usuario:1
20181117 08:39:34 Avance correcto proceso 0
20181117 08:42:22 Acceso correcto usuario veneno
20181117 08:42:22 Obtención correcta areas usuario:1
20181117 08:42:22 Avance correcto proceso 0
20181117 08:43:16 Acceso correcto usuario veneno
20181117 08:43:16 Obtención correcta areas usuario:1
20181117 08:43:17 Avance correcto proceso 0
20181117 09:06:10 Obtención correcta areas usuario:1
20181117 09:06:11 ObtenProcesoAvance ObtenProcesoAvance Object reference not set to an instance of an object.
20181117 09:06:44 Acceso correcto usuario veneno
20181117 09:06:44 Obtención correcta areas usuario:1
20181117 09:06:44 Avance correcto proceso 0
20181117 09:15:59 Acceso correcto usuario veneno
20181117 09:15:59 Obtención correcta areas usuario:1
20181117 09:15:59 Avance correcto proceso 0
20181117 09:18:07 Obtención correcta areas usuario:1
20181117 09:18:07 ObtenProcesoAvance ObtenProcesoAvance Object reference not set to an instance of an object.
20181117 09:18:49 Acceso correcto usuario veneno
20181117 09:18:49 Obtención correcta areas usuario:1
20181117 09:18:49 Avance correcto proceso 0
20181117 09:24:43 Acceso correcto usuario veneno
20181117 09:24:43 Obtención correcta areas usuario:1
20181117 09:24:43 Avance correcto proceso 0
20181117 09:29:04 Acceso correcto usuario veneno
20181117 09:29:04 Obtención correcta areas usuario:1
20181117 09:29:04 Avance correcto proceso 0
20181117 09:30:31 Acceso correcto usuario veneno
20181117 09:30:31 Obtención correcta areas usuario:1
20181117 09:30:31 Avance correcto proceso 0
20181117 09:31:11 Obtención correcta areas usuario:1
20181117 09:31:19 Obtención correcta areas usuario:1
20181117 09:31:19 Avance correcto proceso 0
20181117 09:32:38 Acceso correcto usuario veneno
20181117 09:32:38 Obtención correcta areas usuario:1
20181117 09:32:38 Avance correcto proceso 0
20181117 09:36:16 Acceso correcto usuario veneno
20181117 09:36:16 Obtención correcta areas usuario:1
20181117 09:36:16 Avance correcto proceso 0
20181117 09:38:18 Acceso correcto usuario veneno
20181117 09:38:18 Obtención correcta areas usuario:1
20181117 09:38:19 Avance correcto proceso 0
20181117 09:39:31 Acceso correcto usuario veneno
20181117 09:39:31 Obtención correcta areas usuario:1
20181117 09:39:31 Avance correcto proceso 0
20181117 09:40:12 Acceso correcto usuario veneno
20181117 09:40:12 Obtención correcta areas usuario:1
20181117 09:40:12 Avance correcto proceso 0
20181117 09:43:13 Acceso correcto usuario veneno
20181117 09:43:13 Obtención correcta areas usuario:1
20181117 09:43:13 Avance correcto proceso 0
20181117 09:49:54 Acceso correcto usuario veneno
20181117 09:49:54 Obtención correcta areas usuario:1
20181117 09:49:55 Avance correcto proceso 0
20181117 09:53:48 Acceso correcto usuario veneno
20181117 09:53:48 Obtención correcta areas usuario:1
20181117 09:53:49 Avance correcto proceso 0
20181117 09:54:51 Acceso correcto usuario veneno
20181117 09:54:51 Obtención correcta areas usuario:1
20181117 09:54:51 Avance correcto proceso 0
20181117 10:21:48 Acceso correcto usuario veneno
20181117 10:21:48 Obtención correcta areas usuario:1
20181117 10:21:48 Avance correcto proceso 0
20181117 10:23:53 Obtención correcta aplicaciones usuario:1 area 1
20181117 10:34:35 Acceso incorrecto usuario veneno
20181117 10:35:34 Acceso correcto usuario veneno
20181117 10:35:34 Obtención correcta areas usuario:1
20181117 10:35:34 Avance correcto proceso 0
20181117 10:39:57 Acceso correcto usuario veneno
20181117 10:39:57 Obtención correcta areas usuario:1
20181117 10:39:57 Avance correcto proceso 0
20181117 10:40:55 Obtención correcta aplicaciones usuario:1 area 1
20181117 10:46:18 Acceso correcto usuario veneno
20181117 10:46:18 Obtención correcta areas usuario:1
20181117 10:46:18 Avance correcto proceso 0
20181117 10:49:01 Acceso correcto usuario veneno
20181117 10:49:01 Obtención correcta areas usuario:1
20181117 10:49:01 Avance correcto proceso 0
20181117 10:52:02 Acceso correcto usuario veneno
20181117 10:52:02 Obtención correcta areas usuario:1
20181117 10:52:02 Avance correcto proceso 0
20181117 10:57:05 Acceso correcto usuario veneno
20181117 10:57:05 Obtención correcta areas usuario:1
20181117 10:57:05 Avance correcto proceso 0
20181117 10:58:43 Acceso correcto usuario veneno
20181117 10:58:43 Obtención correcta areas usuario:1
20181117 10:58:43 Avance correcto proceso 0
20181117 10:59:40 Acceso correcto usuario veneno
20181117 10:59:40 Obtención correcta areas usuario:1
20181117 10:59:40 Avance correcto proceso 0
20181117 11:01:12 Acceso correcto usuario veneno
20181117 11:01:12 Obtención correcta areas usuario:1
20181117 11:01:12 Avance correcto proceso 0
20181117 11:29:23 Acceso correcto usuario veneno
20181117 11:29:23 Obtención correcta areas usuario:1
20181117 11:29:23 Avance correcto proceso 0
20181117 11:39:49 Obtención correcta aplicaciones usuario:1 area 1
20181117 13:24:16 Acceso correcto usuario veneno
20181117 13:24:16 Obtención correcta areas usuario:1
20181117 13:24:16 Avance correcto proceso 0
20181117 13:43:26 Acceso correcto usuario veneno
20181117 13:43:26 Obtención correcta areas usuario:1
20181117 13:43:26 Avance correcto proceso 0
20181117 13:43:32 Obtención correcta aplicaciones usuario:1 area 1
20181117 13:45:01 actualizaStatus.UploadComplete Value cannot be null.
Parameter name: String
20181117 13:53:49 Acceso correcto usuario veneno
20181117 13:53:49 Obtención correcta areas usuario:1
20181117 13:53:49 Avance correcto proceso 0
20181117 13:54:36 Obtención correcta aplicaciones usuario:1 area 1
20181117 14:02:42 Acceso correcto usuario veneno
20181117 14:02:42 Obtención correcta areas usuario:1
20181117 14:02:42 Avance correcto proceso 0
20181117 14:03:22 Obtención correcta aplicaciones usuario:1 area 1
20181117 14:05:18 Obtención correcta areas usuario:1
20181117 14:05:19 Avance correcto proceso 155
20181117 14:19:33 Acceso correcto usuario veneno
20181117 14:19:34 Obtención correcta areas usuario:1
20181117 14:19:34 Avance correcto proceso 0
20181117 14:19:39 Obtención correcta aplicaciones usuario:1 area 1
20181117 16:30:14 Acceso correcto usuario veneno
20181117 16:30:14 Obtención correcta areas usuario:1
20181117 16:30:14 Avance correcto proceso 0
20181117 16:36:10 Acceso correcto usuario veneno
20181117 16:36:10 Obtención correcta areas usuario:1
20181117 16:36:10 Avance correcto proceso 0
20181117 16:36:19 Obtención correcta aplicaciones usuario:1 area 1
20181117 16:50:31 Obtención correcta areas usuario:1
20181117 16:50:31 ObtenProcesoAvance ObtenProcesoAvance Object reference not set to an instance of an object.
20181117 16:51:08 Acceso correcto usuario veneno
20181117 16:51:08 Obtención correcta areas usuario:1
20181117 16:51:08 Avance correcto proceso 0
20181117 16:59:44 Obtención correcta areas usuario:1
20181117 16:59:44 ObtenProcesoAvance ObtenProcesoAvance Object reference not set to an instance of an object.
20181117 17:00:22 Acceso correcto usuario veneno
20181117 17:00:22 Obtención correcta areas usuario:1
20181117 17:00:22 Avance correcto proceso 0
20181117 17:00:26 Obtención correcta aplicaciones usuario:1 area 1
20181117 17:04:30 Acceso correcto usuario veneno
20181117 17:04:30 Obtención correcta areas usuario:1
20181117 17:04:30 Avance correcto proceso 0
20181117 17:05:04 Proceso.GuardaProceso AplicacionID incorrecto 
20181117 17:06:26 Acceso correcto usuario veneno
20181117 17:06:26 Obtención correcta areas usuario:1
20181117 17:06:26 Avance correcto proceso 0
20181117 17:06:45 Proceso.GuardaProceso AplicacionID incorrecto 
20181117 17:06:45 Obtención correcta areas usuario:1
20181117 17:06:57 Obtención correcta areas usuario:1
20181117 17:06:59 Avance correcto proceso 0
20181117 17:07:16 Obtención correcta aplicaciones usuario:1 area 1
20181117 17:07:58 Obtención correcta areas usuario:1
20181117 17:08:10 Avance incorrecto proceso 1
20181117 17:15:29 Acceso correcto usuario veneno
20181117 17:15:29 Obtención correcta areas usuario:1
20181117 17:15:29 Avance correcto proceso 0
20181117 17:15:35 Obtención correcta aplicaciones usuario:1 area 1
20181117 17:16:10 Obtención correcta areas usuario:1
20181117 17:16:11 Avance correcto proceso 161
20181117 17:18:26 Acceso incorrecto usuario veneno
20181117 17:18:51 Acceso correcto usuario veneno
20181117 17:18:51 Obtención correcta areas usuario:1
20181117 17:18:51 Avance correcto proceso 0
20181117 17:19:03 Obtención correcta aplicaciones usuario:1 area 1
20181117 17:19:27 Obtención correcta areas usuario:1
20181117 17:19:27 Avance correcto proceso 162
20181117 17:49:53 Acceso correcto usuario veneno
20181117 17:49:53 Obtención correcta areas usuario:1
20181117 17:49:53 Avance correcto proceso 0
20181117 17:50:08 Obtención correcta aplicaciones usuario:1 area 1
20181117 17:50:26 Obtención correcta areas usuario:1
20181117 17:50:27 Avance correcto proceso 163
20181117 17:54:45 Acceso correcto usuario veneno
20181117 17:54:45 Obtención correcta areas usuario:1
20181117 17:54:45 Avance correcto proceso 0
20181117 17:54:53 Obtención correcta aplicaciones usuario:1 area 1
20181117 17:55:13 Obtención correcta areas usuario:1
20181117 17:55:48 Avance correcto proceso 164
20181117 17:59:05 Acceso incorrecto usuario veneno
20181117 17:59:20 Acceso correcto usuario veneno
20181117 17:59:20 Obtención correcta areas usuario:1
20181117 17:59:20 Avance correcto proceso 0
20181117 17:59:26 Obtención correcta aplicaciones usuario:1 area 1
20181117 17:59:56 Obtención correcta areas usuario:1
20181117 17:59:56 Avance correcto proceso 165
20181117 18:04:37 Acceso correcto usuario veneno
20181117 18:04:37 Obtención correcta areas usuario:1
20181117 18:04:37 Avance correcto proceso 0
20181117 18:04:49 Obtención correcta aplicaciones usuario:1 area 1
20181117 18:05:18 Obtención correcta areas usuario:1
20181117 18:05:22 Avance correcto proceso 166
20181117 18:09:04 Obtención correcta areas usuario:1
20181117 18:09:04 ObtenProcesoAvance ObtenProcesoAvance Object reference not set to an instance of an object.
20181117 18:09:31 Acceso correcto usuario veneno
20181117 18:09:31 Obtención correcta areas usuario:1
20181117 18:09:31 Avance correcto proceso 0
20181117 18:09:35 Obtención correcta aplicaciones usuario:1 area 1
20181117 18:09:46 Obtención correcta areas usuario:1
20181117 18:09:52 Avance correcto proceso 167
20181117 18:09:52 Obtención correcta areas usuario:1
20181117 18:13:05 Acceso correcto usuario veneno
20181117 18:13:05 Obtención correcta areas usuario:1
20181117 18:13:05 Avance correcto proceso 0
20181117 18:13:18 Obtención correcta aplicaciones usuario:1 area 1
20181117 18:13:47 Obtención correcta areas usuario:1
20181117 18:13:50 Avance correcto proceso 168
20181117 18:13:50 Obtención correcta areas usuario:1
20181117 18:16:33 Acceso correcto usuario veneno
20181117 18:16:33 Obtención correcta areas usuario:1
20181117 18:16:33 Avance correcto proceso 0
20181117 18:16:41 Obtención correcta aplicaciones usuario:1 area 1
20181117 18:16:54 Obtención correcta areas usuario:1
20181117 18:16:54 Avance correcto proceso 169
20181117 18:16:54 Obtención correcta areas usuario:1
20181117 18:18:33 Acceso correcto usuario veneno
20181117 18:18:33 Obtención correcta areas usuario:1
20181117 18:18:33 Avance correcto proceso 0
20181117 18:18:48 Obtención correcta aplicaciones usuario:1 area 1
20181117 18:18:59 actualizaStatus.UploadComplete Cannot apply indexing with [] to an expression of type 'System.Dynamic.DynamicObject'
20181117 18:19:00 Obtención correcta areas usuario:1
20181117 18:19:00 Avance correcto proceso 170
20181117 18:19:00 Obtención correcta areas usuario:1
20181117 18:20:37 Avance correcto proceso 0
20181117 18:20:37 Obtención correcta areas usuario:1
20181117 18:20:37 Avance correcto proceso 0
20181117 18:20:37 Obtención correcta areas usuario:1
20181117 18:20:37 Avance correcto proceso 0
20181117 18:20:37 Obtención correcta areas usuario:1
20181117 18:20:37 Avance correcto proceso 0
20181117 18:20:37 Obtención correcta areas usuario:1
20181117 18:20:37 Avance correcto proceso 0
20181117 18:20:37 Obtención correcta areas usuario:1
20181117 18:20:37 Avance correcto proceso 0
20181117 18:20:37 Obtención correcta areas usuario:1
20181117 18:20:38 Avance correcto proceso 0
20181117 18:20:38 Obtención correcta areas usuario:1
20181117 18:20:38 Avance correcto proceso 0
20181117 18:20:38 Obtención correcta areas usuario:1
20181117 18:20:38 Avance correcto proceso 0
20181117 18:20:38 Obtención correcta areas usuario:1
20181117 18:20:38 Avance correcto proceso 0
20181117 18:20:38 Obtención correcta areas usuario:1
20181117 18:20:38 Avance correcto proceso 0
20181117 18:20:38 Obtención correcta areas usuario:1
20181117 18:20:38 Avance correcto proceso 0
20181117 18:20:38 Obtención correcta areas usuario:1
20181117 18:20:38 Avance correcto proceso 0
20181117 18:20:38 Obtención correcta areas usuario:1
20181117 18:20:38 Avance correcto proceso 0
20181117 18:20:38 Obtención correcta areas usuario:1
20181117 18:20:38 Avance correcto proceso 0
20181117 18:20:38 Obtención correcta areas usuario:1
20181117 18:20:38 Avance correcto proceso 0
20181117 18:20:38 Obtención correcta areas usuario:1
20181117 18:20:38 Avance correcto proceso 0
20181117 18:20:39 Obtención correcta areas usuario:1
20181117 18:20:39 Avance correcto proceso 0
20181117 18:20:39 Obtención correcta areas usuario:1
20181117 18:20:39 Avance correcto proceso 0
20181117 18:20:39 Obtención correcta areas usuario:1
20181117 18:20:39 Avance correcto proceso 0
20181117 18:20:39 Obtención correcta areas usuario:1
20181117 18:20:39 Avance correcto proceso 0
20181117 18:20:39 Obtención correcta areas usuario:1
20181117 18:20:39 Avance correcto proceso 0
20181117 18:20:39 Obtención correcta areas usuario:1
20181117 18:20:39 Avance correcto proceso 0
20181117 18:20:39 Obtención correcta areas usuario:1
20181117 18:20:39 Avance correcto proceso 0
20181117 18:20:39 Obtención correcta areas usuario:1
20181117 18:20:39 Avance correcto proceso 0
20181117 18:20:39 Obtención correcta areas usuario:1
20181117 18:20:39 Avance correcto proceso 0
20181117 18:20:39 Obtención correcta areas usuario:1
20181117 18:20:39 Avance correcto proceso 0
20181117 18:20:39 Obtención correcta areas usuario:1
20181117 18:20:39 Avance correcto proceso 0
20181117 18:20:39 Obtención correcta areas usuario:1
20181117 18:20:39 Avance correcto proceso 0
20181117 18:20:40 Obtención correcta areas usuario:1
20181117 18:20:40 Avance correcto proceso 0
20181117 18:20:40 Obtención correcta areas usuario:1
20181117 18:20:40 Avance correcto proceso 0
20181117 18:20:40 Obtención correcta areas usuario:1
20181117 18:20:40 Avance correcto proceso 0
20181117 18:20:40 Obtención correcta areas usuario:1
20181117 18:20:40 Avance correcto proceso 0
20181117 18:20:40 Obtención correcta areas usuario:1
20181117 18:20:40 Avance correcto proceso 0
20181117 18:20:40 Obtención correcta areas usuario:1
20181117 18:20:40 Avance correcto proceso 0
20181117 18:20:40 Obtención correcta areas usuario:1
20181117 18:20:40 Avance correcto proceso 0
20181117 18:20:40 Obtención correcta areas usuario:1
20181117 18:20:40 Avance correcto proceso 0
20181117 18:20:40 Obtención correcta areas usuario:1
20181117 18:20:40 Avance correcto proceso 0
20181117 18:20:41 Obtención correcta areas usuario:1
20181117 18:20:41 Avance correcto proceso 0
20181117 18:20:41 Obtención correcta areas usuario:1
20181117 18:20:41 Avance correcto proceso 0
20181117 18:20:41 Obtención correcta areas usuario:1
20181117 18:20:41 Avance correcto proceso 0
20181117 18:20:41 Obtención correcta areas usuario:1
20181117 18:20:41 Avance correcto proceso 0
20181117 18:20:41 Obtención correcta areas usuario:1
20181117 18:20:41 Avance correcto proceso 0
20181117 18:20:41 Obtención correcta areas usuario:1
20181117 18:20:41 Avance correcto proceso 0
20181117 18:20:41 Obtención correcta areas usuario:1
20181117 18:20:41 Avance correcto proceso 0
20181117 18:20:41 Obtención correcta areas usuario:1
20181117 18:20:41 Avance correcto proceso 0
20181117 18:20:41 Obtención correcta areas usuario:1
20181117 18:20:42 Avance correcto proceso 0
20181117 18:20:42 Obtención correcta areas usuario:1
20181117 18:20:42 Avance correcto proceso 0
20181117 18:20:42 Obtención correcta areas usuario:1
20181117 18:20:42 Avance correcto proceso 0
20181117 18:20:42 Obtención correcta areas usuario:1
20181117 18:20:42 Avance correcto proceso 0
20181117 18:20:42 Obtención correcta areas usuario:1
20181117 18:20:42 Avance correcto proceso 0
20181117 18:20:42 Obtención correcta areas usuario:1
20181117 18:20:42 Avance correcto proceso 0
20181117 18:20:42 Obtención correcta areas usuario:1
20181117 18:20:42 Avance correcto proceso 0
20181117 18:20:42 Obtención correcta areas usuario:1
20181117 18:20:42 Avance correcto proceso 0
20181117 18:20:42 Obtención correcta areas usuario:1
20181117 18:20:42 Avance correcto proceso 0
20181117 18:20:42 Obtención correcta areas usuario:1
20181117 18:20:43 Avance correcto proceso 0
20181117 18:20:43 Obtención correcta areas usuario:1
20181117 18:20:43 Avance correcto proceso 0
20181117 18:20:43 Obtención correcta areas usuario:1
20181117 18:20:43 Avance correcto proceso 0
20181117 18:20:43 Obtención correcta areas usuario:1
20181117 18:20:43 Avance correcto proceso 0
20181117 18:20:43 Obtención correcta areas usuario:1
20181117 18:20:43 Avance correcto proceso 0
20181117 18:20:43 Obtención correcta areas usuario:1
20181117 18:20:43 Avance correcto proceso 0
20181117 18:20:43 Obtención correcta areas usuario:1
20181117 18:20:43 Avance correcto proceso 0
20181117 18:20:43 Obtención correcta areas usuario:1
20181117 18:20:43 Avance correcto proceso 0
20181117 18:20:43 Obtención correcta areas usuario:1
20181117 18:20:43 Avance correcto proceso 0
20181117 18:20:43 Obtención correcta areas usuario:1
20181117 18:20:43 Avance correcto proceso 0
20181117 18:20:43 Obtención correcta areas usuario:1
20181117 18:20:43 Avance correcto proceso 0
20181117 18:20:43 Obtención correcta areas usuario:1
20181117 18:20:44 Avance correcto proceso 0
20181117 18:20:44 Obtención correcta areas usuario:1
20181117 18:20:46 Avance correcto proceso 0
20181117 18:20:46 Obtención correcta areas usuario:1
20181117 18:20:48 Avance correcto proceso 0
20181117 18:20:48 Obtención correcta areas usuario:1
20181117 18:20:50 Avance correcto proceso 0
20181117 18:20:50 Obtención correcta areas usuario:1
20181117 18:20:51 Avance correcto proceso 0
20181117 18:20:51 Obtención correcta areas usuario:1
20181117 18:20:53 Avance correcto proceso 0
20181117 18:20:53 Obtención correcta areas usuario:1
20181117 18:20:54 Avance correcto proceso 0
20181117 18:20:54 Obtención correcta areas usuario:1
20181117 18:20:55 Avance correcto proceso 0
20181117 18:20:55 Obtención correcta areas usuario:1
20181117 18:20:56 Avance correcto proceso 0
20181117 18:20:56 Obtención correcta areas usuario:1
20181117 18:20:57 Avance correcto proceso 0
20181117 18:20:57 Obtención correcta areas usuario:1
20181117 18:20:57 Avance correcto proceso 0
20181117 18:20:57 Obtención correcta areas usuario:1
20181117 18:20:58 Avance correcto proceso 0
20181117 18:20:58 Obtención correcta areas usuario:1
20181117 18:20:58 Avance correcto proceso 0
20181117 18:20:58 Obtención correcta areas usuario:1
20181117 18:20:59 Avance correcto proceso 0
20181117 18:20:59 Obtención correcta areas usuario:1
20181117 18:20:59 Avance correcto proceso 0
20181117 18:20:59 Obtención correcta areas usuario:1
20181117 18:20:59 Avance correcto proceso 0
20181117 18:20:59 Obtención correcta areas usuario:1
20181117 18:37:52 Acceso correcto usuario veneno
20181117 18:37:52 Obtención correcta areas usuario:1
20181117 18:37:52 Avance correcto proceso 0
20181117 18:38:06 Obtención correcta aplicaciones usuario:1 area 1
20181117 18:38:16 actualizaStatus.UploadComplete Cannot apply indexing with [] to an expression of type 'System.Dynamic.DynamicObject'
20181117 18:38:16 Obtención correcta areas usuario:1
20181117 18:38:21 Avance correcto proceso 0
20181117 18:38:21 Obtención correcta areas usuario:1
20181117 18:38:24 Avance correcto proceso 0
20181117 18:43:34 Obtención correcta areas usuario:1
20181117 18:43:34 ObtenProcesoAvance ObtenProcesoAvance Object reference not set to an instance of an object.
20181117 18:44:30 Acceso correcto usuario veneno
20181117 18:44:30 Obtención correcta areas usuario:1
20181117 18:44:30 Avance correcto proceso 0
20181117 18:44:50 Obtención correcta aplicaciones usuario:1 area 1
20181117 18:45:29 actualizaStatus.UploadComplete Cannot apply indexing with [] to an expression of type 'System.Dynamic.DynamicObject'
20181117 18:45:29 Obtención correcta areas usuario:1
20181117 18:45:31 Avance correcto proceso 0
20181117 18:45:31 Obtención correcta areas usuario:1
20181117 18:45:33 Avance correcto proceso 0
20181117 18:48:51 Obtención correcta areas usuario:1
20181117 18:48:52 ObtenProcesoAvance ObtenProcesoAvance Object reference not set to an instance of an object.
20181117 18:50:14 Acceso correcto usuario veneno
20181117 18:50:14 Obtención correcta areas usuario:1
20181117 18:50:14 Avance correcto proceso 0
20181117 18:50:23 Obtención correcta aplicaciones usuario:1 area 1
20181117 18:50:38 actualizaStatus.UploadComplete Cannot apply indexing with [] to an expression of type 'System.Dynamic.DynamicObject'
20181117 18:50:38 Obtención correcta areas usuario:1
20181117 18:50:42 Avance correcto proceso 0
20181117 18:51:07 Obtención correcta areas usuario:1
20181117 18:51:14 Avance correcto proceso 0
20181117 18:54:16 Obtención correcta areas usuario:1
20181117 18:54:16 ObtenProcesoAvance ObtenProcesoAvance Object reference not set to an instance of an object.
20181117 18:54:58 Acceso correcto usuario veneno
20181117 18:54:58 Obtención correcta areas usuario:1
20181117 18:54:58 Avance correcto proceso 0
20181117 18:55:07 Obtención correcta aplicaciones usuario:1 area 1
20181117 18:55:29 actualizaStatus.UploadComplete Cannot apply indexing with [] to an expression of type 'System.Dynamic.DynamicObject'
20181117 18:55:29 Obtención correcta areas usuario:1
20181117 18:55:29 Avance correcto proceso 0
20181117 18:55:38 Obtención correcta areas usuario:1
20181117 18:55:42 Avance correcto proceso 0
20181117 18:55:48 Obtención correcta areas usuario:1
20181117 18:55:50 Avance correcto proceso 0
20181117 18:55:58 Obtención correcta areas usuario:1
20181117 18:56:05 Avance correcto proceso 0
20181117 18:56:08 Obtención correcta areas usuario:1
20181117 18:56:08 Avance correcto proceso 0
20181117 18:56:18 Obtención correcta areas usuario:1
20181117 18:56:18 Avance correcto proceso 0
20181117 18:56:28 Obtención correcta areas usuario:1
20181117 18:56:28 Avance correcto proceso 0
20181117 18:56:38 Obtención correcta areas usuario:1
20181117 18:56:38 Avance correcto proceso 0
20181117 18:56:48 Obtención correcta areas usuario:1
20181117 18:56:48 Avance correcto proceso 0
20181117 18:56:58 Obtención correcta areas usuario:1
20181117 18:56:58 Avance correcto proceso 0
20181117 18:57:08 Obtención correcta areas usuario:1
20181117 18:57:08 Avance correcto proceso 0
20181117 18:57:18 Obtención correcta areas usuario:1
20181117 18:57:18 Avance correcto proceso 0
20181117 18:57:28 Obtención correcta areas usuario:1
20181117 18:57:28 Avance correcto proceso 0
20181117 18:57:38 Obtención correcta areas usuario:1
20181117 18:57:38 Avance correcto proceso 0
20181117 18:57:48 Obtención correcta areas usuario:1
20181117 18:57:48 Avance correcto proceso 0
20181117 18:57:58 Obtención correcta areas usuario:1
20181117 18:57:58 Avance correcto proceso 0
20181117 18:58:08 Obtención correcta areas usuario:1
20181117 18:58:08 Avance correcto proceso 0
20181117 18:58:18 Obtención correcta areas usuario:1
20181117 18:58:18 Avance correcto proceso 0
20181117 18:58:28 Obtención correcta areas usuario:1
20181117 18:58:28 Avance correcto proceso 0
20181117 18:58:38 Obtención correcta areas usuario:1
20181117 18:58:38 Avance correcto proceso 0
20181117 18:58:48 Obtención correcta areas usuario:1
20181117 18:58:48 Avance correcto proceso 0
20181117 18:58:58 Obtención correcta areas usuario:1
20181117 18:58:58 Avance correcto proceso 0
20181117 18:59:08 Obtención correcta areas usuario:1
20181117 18:59:08 Avance correcto proceso 0
20181117 18:59:18 Obtención correcta areas usuario:1
20181117 18:59:18 Avance correcto proceso 0
20181117 18:59:28 Obtención correcta areas usuario:1
20181117 18:59:28 Avance correcto proceso 0
20181117 18:59:38 Obtención correcta areas usuario:1
20181117 18:59:38 Avance correcto proceso 0
20181117 18:59:48 Obtención correcta areas usuario:1
20181117 18:59:48 Avance correcto proceso 0
20181117 18:59:58 Obtención correcta areas usuario:1
20181117 18:59:58 Avance correcto proceso 0
20181117 19:00:08 Obtención correcta areas usuario:1
20181117 19:00:08 Avance correcto proceso 0
20181117 19:00:18 Obtención correcta areas usuario:1
20181117 19:00:18 Avance correcto proceso 0
20181117 19:00:28 Obtención correcta areas usuario:1
20181117 19:00:28 Avance correcto proceso 0
20181117 19:00:38 Obtención correcta areas usuario:1
20181117 19:00:38 Avance correcto proceso 0
20181117 19:00:48 Obtención correcta areas usuario:1
20181117 19:00:48 Avance correcto proceso 0
20181117 19:00:58 Obtención correcta areas usuario:1
20181117 19:00:58 Avance correcto proceso 0
20181117 19:01:08 Obtención correcta areas usuario:1
20181117 19:01:08 Avance correcto proceso 0
20181117 19:01:18 Obtención correcta areas usuario:1
20181117 19:01:18 Avance correcto proceso 0
20181117 19:01:28 Obtención correcta areas usuario:1
20181117 19:01:28 Avance correcto proceso 0
20181117 19:01:38 Obtención correcta areas usuario:1
20181117 19:01:38 Avance correcto proceso 0
20181117 19:01:48 Obtención correcta areas usuario:1
20181117 19:01:48 Avance correcto proceso 0
20181117 19:01:58 Obtención correcta areas usuario:1
20181117 19:01:58 Avance correcto proceso 0
20181117 19:02:08 Obtención correcta areas usuario:1
20181117 19:02:08 Avance correcto proceso 0
20181117 19:02:18 Obtención correcta areas usuario:1
20181117 19:02:18 Avance correcto proceso 0
20181117 19:02:28 Obtención correcta areas usuario:1
20181117 19:02:28 Avance correcto proceso 0
20181117 19:02:38 Obtención correcta areas usuario:1
20181117 19:02:38 Avance correcto proceso 0
20181117 19:02:48 Obtención correcta areas usuario:1
20181117 19:02:48 Avance correcto proceso 0
20181117 19:02:58 Obtención correcta areas usuario:1
20181117 19:02:58 Avance correcto proceso 0
20181117 19:03:08 Obtención correcta areas usuario:1
20181117 19:03:08 Avance correcto proceso 0
20181117 19:03:18 Obtención correcta areas usuario:1
20181117 19:03:18 Avance correcto proceso 0
20181117 19:03:28 Obtención correcta areas usuario:1
20181117 19:03:28 Avance correcto proceso 0
20181117 19:03:38 Obtención correcta areas usuario:1
20181117 19:03:38 Avance correcto proceso 0
20181117 19:03:48 Obtención correcta areas usuario:1
20181117 19:03:48 Avance correcto proceso 0
20181117 19:03:58 Obtención correcta areas usuario:1
20181117 19:03:58 Avance correcto proceso 0
20181117 19:04:08 Obtención correcta areas usuario:1
20181117 19:04:08 Avance correcto proceso 0
20181117 19:04:18 Obtención correcta areas usuario:1
20181117 19:04:18 Avance correcto proceso 0
20181117 19:04:28 Obtención correcta areas usuario:1
20181117 19:04:28 Avance correcto proceso 0
20181117 19:04:38 Obtención correcta areas usuario:1
20181117 19:04:38 Avance correcto proceso 0
20181117 19:04:48 Obtención correcta areas usuario:1
20181117 19:04:48 Avance correcto proceso 0
20181117 19:04:58 Obtención correcta areas usuario:1
20181117 19:04:58 Avance correcto proceso 0
20181117 19:05:08 Obtención correcta areas usuario:1
20181117 19:05:08 Avance correcto proceso 0
20181117 19:05:18 Obtención correcta areas usuario:1
20181117 19:05:18 Avance correcto proceso 0
20181117 19:05:28 Obtención correcta areas usuario:1
20181117 19:05:28 Avance correcto proceso 0
20181117 19:05:38 Obtención correcta areas usuario:1
20181117 19:05:38 Avance correcto proceso 0
20181117 19:05:48 Obtención correcta areas usuario:1
20181117 19:05:48 Avance correcto proceso 0
20181117 19:05:58 Obtención correcta areas usuario:1
20181117 19:05:58 Avance correcto proceso 0
20181117 19:06:08 Obtención correcta areas usuario:1
20181117 19:06:08 Avance correcto proceso 0
20181117 19:06:18 Obtención correcta areas usuario:1
20181117 19:06:18 Avance correcto proceso 0
20181117 19:06:28 Obtención correcta areas usuario:1
20181117 19:06:28 Avance correcto proceso 0
20181117 19:06:38 Obtención correcta areas usuario:1
20181117 19:06:38 Avance correcto proceso 0
20181117 19:06:48 Obtención correcta areas usuario:1
20181117 19:06:49 Avance correcto proceso 0
20181117 19:06:58 Obtención correcta areas usuario:1
20181117 19:06:58 Avance correcto proceso 0
20181117 19:07:08 Obtención correcta areas usuario:1
20181117 19:07:08 Avance correcto proceso 0
20181117 19:07:18 Obtención correcta areas usuario:1
20181117 19:07:18 Avance correcto proceso 0
20181117 19:07:28 Obtención correcta areas usuario:1
20181117 19:07:28 Avance correcto proceso 0
20181117 19:07:38 Obtención correcta areas usuario:1
20181117 19:07:38 Avance correcto proceso 0
20181117 19:07:48 Obtención correcta areas usuario:1
20181117 19:07:48 Avance correcto proceso 0
20181117 19:07:58 Obtención correcta areas usuario:1
20181117 19:07:58 Avance correcto proceso 0
20181117 19:08:08 Obtención correcta areas usuario:1
20181117 19:08:08 Avance correcto proceso 0
20181117 19:08:18 Obtención correcta areas usuario:1
20181117 19:08:18 Avance correcto proceso 0
20181117 19:08:28 Obtención correcta areas usuario:1
20181117 19:08:28 Avance correcto proceso 0
20181117 19:08:38 Obtención correcta areas usuario:1
20181117 19:08:38 Avance correcto proceso 0
20181117 19:08:48 Obtención correcta areas usuario:1
20181117 19:08:48 Avance correcto proceso 0
20181117 19:08:58 Obtención correcta areas usuario:1
20181117 19:08:58 Avance correcto proceso 0
20181117 19:09:08 Obtención correcta areas usuario:1
20181117 19:09:08 Avance correcto proceso 0
20181117 19:09:18 Obtención correcta areas usuario:1
20181117 19:09:18 Avance correcto proceso 0
20181117 19:09:28 Obtención correcta areas usuario:1
20181117 19:09:28 Avance correcto proceso 0
20181117 19:09:38 Obtención correcta areas usuario:1
20181117 19:09:38 Avance correcto proceso 0
20181117 19:09:48 Obtención correcta areas usuario:1
20181117 19:09:48 Avance correcto proceso 0
20181117 19:09:58 Obtención correcta areas usuario:1
20181117 19:09:58 Avance correcto proceso 0
20181117 19:10:08 Obtención correcta areas usuario:1
20181117 19:10:08 Avance correcto proceso 0
20181117 19:10:18 Obtención correcta areas usuario:1
20181117 19:10:18 Avance correcto proceso 0
20181117 19:10:28 Obtención correcta areas usuario:1
20181117 19:10:28 Avance correcto proceso 0
20181117 19:10:38 Obtención correcta areas usuario:1
20181117 19:10:38 Avance correcto proceso 0
20181117 19:10:48 Obtención correcta areas usuario:1
20181117 19:10:48 Avance correcto proceso 0
20181117 19:10:58 Obtención correcta areas usuario:1
20181117 19:10:58 Avance correcto proceso 0
20181117 19:11:08 Obtención correcta areas usuario:1
20181117 19:11:08 Avance correcto proceso 0
20181117 19:11:18 Obtención correcta areas usuario:1
20181117 19:11:18 Avance correcto proceso 0
20181117 19:11:28 Obtención correcta areas usuario:1
20181117 19:11:28 Avance correcto proceso 0
20181117 19:11:38 Obtención correcta areas usuario:1
20181117 19:11:38 Avance correcto proceso 0
20181117 19:11:48 Obtención correcta areas usuario:1
20181117 19:11:48 Avance correcto proceso 0
20181117 19:11:58 Obtención correcta areas usuario:1
20181117 19:11:58 Avance correcto proceso 0
20181117 19:12:08 Obtención correcta areas usuario:1
20181117 19:12:08 Avance correcto proceso 0
20181117 19:12:18 Obtención correcta areas usuario:1
20181117 19:12:18 Avance correcto proceso 0
20181117 19:12:28 Obtención correcta areas usuario:1
20181117 19:12:28 Avance correcto proceso 0
20181117 19:12:38 Obtención correcta areas usuario:1
20181117 19:12:38 Avance correcto proceso 0
20181117 19:12:48 Obtención correcta areas usuario:1
20181117 19:12:48 Avance correcto proceso 0
20181117 19:12:58 Obtención correcta areas usuario:1
20181117 19:12:58 Avance correcto proceso 0
20181117 19:13:08 Obtención correcta areas usuario:1
20181117 19:13:08 Avance correcto proceso 0
20181117 19:13:18 Obtención correcta areas usuario:1
20181117 19:13:18 Avance correcto proceso 0
20181117 19:13:28 Obtención correcta areas usuario:1
20181117 19:13:28 Avance correcto proceso 0
20181117 19:13:38 Obtención correcta areas usuario:1
20181117 19:13:38 Avance correcto proceso 0
20181117 19:13:48 Obtención correcta areas usuario:1
20181117 19:13:48 Avance correcto proceso 0
20181117 19:13:58 Obtención correcta areas usuario:1
20181117 19:13:58 Avance correcto proceso 0
20181117 19:14:08 Obtención correcta areas usuario:1
20181117 19:14:08 Avance correcto proceso 0
20181117 19:14:18 Obtención correcta areas usuario:1
20181117 19:14:18 Avance correcto proceso 0
20181117 19:14:28 Obtención correcta areas usuario:1
20181117 19:14:29 Avance correcto proceso 0
20181117 19:14:38 Obtención correcta areas usuario:1
20181117 19:14:39 Avance correcto proceso 0
20181117 19:14:48 Obtención correcta areas usuario:1
20181117 19:14:48 Avance correcto proceso 0
20181117 19:14:58 Obtención correcta areas usuario:1
20181117 19:14:59 Avance correcto proceso 0
20181117 19:15:08 Obtención correcta areas usuario:1
20181117 19:15:09 Avance correcto proceso 0
20181117 19:15:18 Obtención correcta areas usuario:1
20181117 19:15:19 Avance correcto proceso 0
20181117 19:15:28 Obtención correcta areas usuario:1
20181117 19:15:29 Avance correcto proceso 0
20181117 19:15:38 Obtención correcta areas usuario:1
20181117 19:15:39 Avance correcto proceso 0
20181117 19:15:48 Obtención correcta areas usuario:1
20181117 19:15:49 Avance correcto proceso 0
20181117 19:15:58 Obtención correcta areas usuario:1
20181117 19:15:59 Avance correcto proceso 0
20181117 19:16:08 Obtención correcta areas usuario:1
20181117 19:16:09 Avance correcto proceso 0
20181117 19:16:18 Obtención correcta areas usuario:1
20181117 19:16:19 Avance correcto proceso 0
20181117 19:16:28 Obtención correcta areas usuario:1
20181117 19:16:29 Avance correcto proceso 0
20181117 19:16:39 Obtención correcta areas usuario:1
20181117 19:16:39 Avance correcto proceso 0
20181117 19:16:49 Obtención correcta areas usuario:1
20181117 19:16:49 Avance correcto proceso 0
20181117 19:16:58 Obtención correcta areas usuario:1
20181117 19:16:59 Avance correcto proceso 0
20181117 19:17:09 Obtención correcta areas usuario:1
20181117 19:17:09 Avance correcto proceso 0
20181117 19:17:19 Obtención correcta areas usuario:1
20181117 19:17:19 Avance correcto proceso 0
20181117 19:17:29 Obtención correcta areas usuario:1
20181117 19:17:29 Avance correcto proceso 0
20181117 19:17:39 Obtención correcta areas usuario:1
20181117 19:17:39 Avance correcto proceso 0
20181117 19:17:49 Obtención correcta areas usuario:1
20181117 19:17:49 Avance correcto proceso 0
20181117 19:17:59 Obtención correcta areas usuario:1
20181117 19:17:59 Avance correcto proceso 0
20181117 19:18:09 Obtención correcta areas usuario:1
20181117 19:18:09 Avance correcto proceso 0
20181117 19:18:19 Obtención correcta areas usuario:1
20181117 19:18:19 Avance correcto proceso 0
20181117 19:18:29 Obtención correcta areas usuario:1
20181117 19:18:29 Avance correcto proceso 0
20181117 19:18:39 Obtención correcta areas usuario:1
20181117 19:18:39 Avance correcto proceso 0
20181117 19:18:49 Obtención correcta areas usuario:1
20181117 19:18:49 Avance correcto proceso 0
20181117 19:18:59 actualizaStatus.UploadComplete Cannot apply indexing with [] to an expression of type 'System.Dynamic.DynamicObject'
20181117 19:18:59 Obtención correcta areas usuario:1
20181117 19:18:59 Avance correcto proceso 0
20181117 19:18:59 Obtención correcta areas usuario:1
20181117 19:18:59 Avance correcto proceso 0
20181117 19:19:08 actualizaStatus.UploadComplete Cannot create a file when that file already exists.

20181117 19:19:09 Obtención correcta areas usuario:1
20181117 19:19:09 Avance correcto proceso 0
20181117 19:19:09 Obtención correcta areas usuario:1
20181117 19:19:09 Avance correcto proceso 0
20181117 19:19:09 Obtención correcta areas usuario:1
20181117 19:19:09 Avance correcto proceso 0
20181117 19:19:18 Obtención correcta areas usuario:1
20181117 19:19:18 Avance correcto proceso 0
20181117 19:19:18 Obtención correcta areas usuario:1
20181117 19:19:18 Avance correcto proceso 0
20181117 19:19:19 Obtención correcta areas usuario:1
20181117 19:19:19 Avance correcto proceso 0
20181117 19:19:28 Obtención correcta areas usuario:1
20181117 19:19:28 Avance correcto proceso 0
20181117 19:19:29 Obtención correcta areas usuario:1
20181117 19:19:29 Avance correcto proceso 0
20181117 19:19:29 Obtención correcta areas usuario:1
20181117 19:19:29 Avance correcto proceso 0
20181117 19:19:38 Obtención correcta areas usuario:1
20181117 19:19:38 Avance correcto proceso 0
20181117 19:19:39 Obtención correcta areas usuario:1
20181117 19:19:39 Avance correcto proceso 0
20181117 19:19:39 Obtención correcta areas usuario:1
20181117 19:19:39 Avance correcto proceso 0
20181117 19:19:48 Obtención correcta areas usuario:1
20181117 19:19:48 Avance correcto proceso 0
20181117 19:19:49 Obtención correcta areas usuario:1
20181117 19:19:49 Avance correcto proceso 0
20181117 19:19:49 Obtención correcta areas usuario:1
20181117 19:19:49 Avance correcto proceso 0
20181117 19:19:58 Obtención correcta areas usuario:1
20181117 19:19:58 Avance correcto proceso 0
20181117 19:19:59 Obtención correcta areas usuario:1
20181117 19:19:59 Avance correcto proceso 0
20181117 19:19:59 Obtención correcta areas usuario:1
20181117 19:19:59 Avance correcto proceso 0
20181117 19:20:08 Obtención correcta areas usuario:1
20181117 19:20:08 Avance correcto proceso 0
20181117 19:20:09 Obtención correcta areas usuario:1
20181117 19:20:09 Avance correcto proceso 0
20181117 19:20:09 Obtención correcta areas usuario:1
20181117 19:20:09 Avance correcto proceso 0
20181117 19:20:18 Obtención correcta areas usuario:1
20181117 19:20:18 Avance correcto proceso 0
20181117 19:20:19 Obtención correcta areas usuario:1
20181117 19:20:19 Avance correcto proceso 0
20181117 19:20:19 Obtención correcta areas usuario:1
20181117 19:20:19 Avance correcto proceso 0
20181117 19:20:28 Obtención correcta areas usuario:1
20181117 19:20:28 Avance correcto proceso 0
20181117 19:20:29 Obtención correcta areas usuario:1
20181117 19:20:29 Avance correcto proceso 0
20181117 19:20:29 Obtención correcta areas usuario:1
20181117 19:20:29 Avance correcto proceso 0
20181117 19:20:38 Obtención correcta areas usuario:1
20181117 19:20:38 Avance correcto proceso 0
20181117 19:20:39 Obtención correcta areas usuario:1
20181117 19:20:39 Avance correcto proceso 0
20181117 19:20:39 Obtención correcta areas usuario:1
20181117 19:20:39 Avance correcto proceso 0
20181117 19:20:48 Obtención correcta areas usuario:1
20181117 19:20:48 Avance correcto proceso 0
20181117 19:20:49 Obtención correcta areas usuario:1
20181117 19:20:49 Avance correcto proceso 0
20181117 19:20:49 Obtención correcta areas usuario:1
20181117 19:20:49 Avance correcto proceso 0
20181117 19:20:58 Obtención correcta areas usuario:1
20181117 19:20:58 Avance correcto proceso 0
20181117 19:20:59 Obtención correcta areas usuario:1
20181117 19:20:59 Avance correcto proceso 0
20181117 19:20:59 Obtención correcta areas usuario:1
20181117 19:20:59 Avance correcto proceso 0
20181117 19:21:08 Obtención correcta areas usuario:1
20181117 19:21:08 Avance correcto proceso 0
20181117 19:21:09 Obtención correcta areas usuario:1
20181117 19:21:09 Avance correcto proceso 0
20181117 19:21:09 Obtención correcta areas usuario:1
20181117 19:21:09 Avance correcto proceso 0
20181117 19:21:18 Obtención correcta areas usuario:1
20181117 19:21:18 Avance correcto proceso 0
20181117 19:21:19 Obtención correcta areas usuario:1
20181117 19:21:19 Avance correcto proceso 0
20181117 19:21:19 Obtención correcta areas usuario:1
20181117 19:21:19 Avance correcto proceso 0
20181117 19:41:59 Acceso correcto usuario veneno
20181117 19:41:59 Obtención correcta areas usuario:1
20181117 19:41:59 Avance correcto proceso 0
20181117 19:42:09 Obtención correcta areas usuario:1
20181117 19:42:09 Avance correcto proceso 0
20181117 19:42:21 Obtención correcta areas usuario:1
20181117 19:42:21 Avance correcto proceso 0
20181117 19:44:11 Acceso correcto usuario veneno
20181117 19:44:11 Obtención correcta areas usuario:1
20181117 19:44:11 Avance correcto proceso 0
20181117 19:44:17 Obtención correcta areas usuario:1
20181117 19:44:17 Avance correcto proceso 0
20181117 19:45:19 Acceso correcto usuario veneno
20181117 19:45:19 Obtención correcta areas usuario:1
20181117 19:45:19 Avance correcto proceso 0
20181117 19:45:22 Obtención correcta areas usuario:1
20181117 19:45:22 Avance correcto proceso 0
20181117 19:48:38 Acceso correcto usuario veneno
20181117 19:48:38 Obtención correcta areas usuario:1
20181117 19:48:38 Avance correcto proceso 0
20181117 19:48:42 Obtención correcta areas usuario:1
20181117 19:48:44 Avance correcto proceso 0
20181117 19:54:14 Acceso correcto usuario veneno
20181117 19:54:14 Obtención correcta areas usuario:1
20181117 19:54:14 Avance correcto proceso 0
20181117 19:54:21 Obtención correcta areas usuario:1
20181117 19:54:21 Avance correcto proceso 0
20181117 19:54:26 Obtención correcta areas usuario:1
20181117 19:54:26 Avance correcto proceso 0
20181117 19:54:44 Obtención correcta areas usuario:1
20181117 19:54:44 Avance correcto proceso 0
20181117 19:54:44 Obtención correcta areas usuario:1
20181117 19:54:44 Avance correcto proceso 0
20181117 19:54:46 Obtención correcta areas usuario:1
20181117 19:54:46 Avance correcto proceso 0
20181117 19:54:46 Obtención correcta areas usuario:1
20181117 19:54:46 Avance correcto proceso 0
20181117 19:54:51 Obtención correcta areas usuario:1
20181117 19:54:51 Avance correcto proceso 0
20181117 19:54:51 Obtención correcta areas usuario:1
20181117 19:54:51 Avance correcto proceso 0
20181117 19:54:54 Obtención correcta areas usuario:1
20181117 19:54:54 Avance correcto proceso 0
20181117 19:54:54 Obtención correcta areas usuario:1
20181117 19:54:54 Avance correcto proceso 0
20181117 19:54:56 Obtención correcta areas usuario:1
20181117 19:54:56 Avance correcto proceso 0
20181117 19:54:56 Obtención correcta areas usuario:1
20181117 19:54:56 Avance correcto proceso 0
20181117 19:54:57 Obtención correcta areas usuario:1
20181117 19:54:57 Avance correcto proceso 0
20181117 19:54:57 Obtención correcta areas usuario:1
20181117 19:54:57 Avance correcto proceso 0
20181117 19:54:59 Obtención correcta areas usuario:1
20181117 19:54:59 Avance correcto proceso 0
20181117 19:54:59 Obtención correcta areas usuario:1
20181117 19:54:59 Avance correcto proceso 0
20181117 19:55:00 Obtención correcta areas usuario:1
20181117 19:55:00 Avance correcto proceso 0
20181117 19:55:00 Obtención correcta areas usuario:1
20181117 19:55:00 Avance correcto proceso 0
20181117 19:55:03 Obtención correcta areas usuario:1
20181117 19:55:03 Avance correcto proceso 0
20181117 19:55:03 Obtención correcta areas usuario:1
20181117 19:55:03 Avance correcto proceso 0
20181117 19:55:04 Obtención correcta areas usuario:1
20181117 19:55:04 Avance correcto proceso 0
20181117 19:55:04 Obtención correcta areas usuario:1
20181117 19:55:04 Avance correcto proceso 0
20181117 19:55:06 Obtención correcta areas usuario:1
20181117 19:55:06 Avance correcto proceso 0
20181117 19:55:06 Obtención correcta areas usuario:1
20181117 19:55:07 Avance correcto proceso 0
20181117 19:55:08 Obtención correcta areas usuario:1
20181117 19:55:08 Avance correcto proceso 0
20181117 19:55:08 Obtención correcta areas usuario:1
20181117 19:55:08 Avance correcto proceso 0
20181117 19:55:10 Obtención correcta areas usuario:1
20181117 19:55:10 Avance correcto proceso 0
20181117 19:55:10 Obtención correcta areas usuario:1
20181117 19:55:10 Avance correcto proceso 0
20181117 19:55:11 Obtención correcta areas usuario:1
20181117 19:55:11 Avance correcto proceso 0
20181117 19:55:11 Obtención correcta areas usuario:1
20181117 19:55:11 Avance correcto proceso 0
20181117 19:55:14 Obtención correcta areas usuario:1
20181117 19:55:14 Avance correcto proceso 0
20181117 19:55:14 Obtención correcta areas usuario:1
20181117 19:55:14 Avance correcto proceso 0
20181117 19:57:13 Obtención correcta areas usuario:1
20181117 19:57:13 Avance correcto proceso 0
20181117 19:57:13 Obtención correcta areas usuario:1
20181117 19:57:13 Avance correcto proceso 0
20181117 19:57:17 Obtención correcta areas usuario:1
20181117 19:57:17 Avance correcto proceso 0
20181117 19:57:17 Obtención correcta areas usuario:1
20181117 19:57:17 Avance correcto proceso 0
20181117 19:57:22 Obtención correcta areas usuario:1
20181117 19:57:22 Avance correcto proceso 0
20181117 19:57:22 Obtención correcta areas usuario:1
20181117 19:57:22 Avance correcto proceso 0
20181117 19:57:23 Obtención correcta areas usuario:1
20181117 19:57:23 Avance correcto proceso 0
20181117 19:57:23 Obtención correcta areas usuario:1
20181117 19:57:23 Avance correcto proceso 0
20181117 19:57:24 Obtención correcta areas usuario:1
20181117 19:57:24 Avance correcto proceso 0
20181117 19:57:24 Obtención correcta areas usuario:1
20181117 19:57:24 Avance correcto proceso 0
20181117 19:57:25 Obtención correcta areas usuario:1
20181117 19:57:26 Avance correcto proceso 0
20181117 19:57:26 Obtención correcta areas usuario:1
20181117 19:57:26 Avance correcto proceso 0
20181117 19:57:27 Obtención correcta areas usuario:1
20181117 19:57:27 Avance correcto proceso 0
20181117 19:57:27 Obtención correcta areas usuario:1
20181117 19:57:27 Avance correcto proceso 0
20181117 19:57:28 Obtención correcta areas usuario:1
20181117 19:57:28 Avance correcto proceso 0
20181117 19:57:28 Obtención correcta areas usuario:1
20181117 19:57:28 Avance correcto proceso 0
20181117 19:57:29 Obtención correcta areas usuario:1
20181117 19:57:29 Avance correcto proceso 0
20181117 19:57:29 Obtención correcta areas usuario:1
20181117 19:57:29 Avance correcto proceso 0
20181117 19:57:30 Obtención correcta areas usuario:1
20181117 19:57:30 Avance correcto proceso 0
20181117 19:57:30 Obtención correcta areas usuario:1
20181117 19:57:30 Avance correcto proceso 0
20181117 19:57:32 Obtención correcta areas usuario:1
20181117 19:57:32 Avance correcto proceso 0
20181117 19:57:32 Obtención correcta areas usuario:1
20181117 19:57:32 Avance correcto proceso 0
20181117 19:57:33 Obtención correcta areas usuario:1
20181117 19:57:33 Avance correcto proceso 0
20181117 19:57:33 Obtención correcta areas usuario:1
20181117 19:57:33 Avance correcto proceso 0
20181117 19:57:34 Obtención correcta areas usuario:1
20181117 19:57:34 Avance correcto proceso 0
20181117 19:57:34 Obtención correcta areas usuario:1
20181117 19:57:34 Avance correcto proceso 0
20181117 19:57:35 Obtención correcta areas usuario:1
20181117 19:57:35 Avance correcto proceso 0
20181117 19:57:35 Obtención correcta areas usuario:1
20181117 19:57:35 Avance correcto proceso 0
20181117 19:57:36 Obtención correcta areas usuario:1
20181117 19:57:36 Avance correcto proceso 0
20181117 19:57:36 Obtención correcta areas usuario:1
20181117 19:57:36 Avance correcto proceso 0
20181117 19:57:37 Obtención correcta areas usuario:1
20181117 19:57:37 Avance correcto proceso 0
20181117 19:57:37 Obtención correcta areas usuario:1
20181117 19:57:37 Avance correcto proceso 0
20181117 19:57:38 Obtención correcta areas usuario:1
20181117 19:57:38 Avance correcto proceso 0
20181117 19:57:38 Obtención correcta areas usuario:1
20181117 19:57:38 Avance correcto proceso 0
20181117 19:57:39 Obtención correcta areas usuario:1
20181117 19:57:39 Avance correcto proceso 0
20181117 19:57:39 Obtención correcta areas usuario:1
20181117 19:57:39 Avance correcto proceso 0
20181117 19:57:40 Obtención correcta areas usuario:1
20181117 19:57:40 Avance correcto proceso 0
20181117 19:57:40 Obtención correcta areas usuario:1
20181117 19:57:40 Avance correcto proceso 0
20181117 19:57:41 Obtención correcta areas usuario:1
20181117 19:57:41 Avance correcto proceso 0
20181117 19:57:41 Obtención correcta areas usuario:1
20181117 19:57:41 Avance correcto proceso 0
20181117 19:57:42 Obtención correcta areas usuario:1
20181117 19:57:42 Avance correcto proceso 0
20181117 19:57:42 Obtención correcta areas usuario:1
20181117 19:57:42 Avance correcto proceso 0
20181117 19:57:43 Obtención correcta areas usuario:1
20181117 19:57:43 Avance correcto proceso 0
20181117 19:57:43 Obtención correcta areas usuario:1
20181117 19:57:43 Avance correcto proceso 0
20181117 19:57:44 Obtención correcta areas usuario:1
20181117 19:57:44 Avance correcto proceso 0
20181117 19:57:44 Obtención correcta areas usuario:1
20181117 19:57:44 Avance correcto proceso 0
20181117 19:57:45 Obtención correcta areas usuario:1
20181117 19:57:45 Avance correcto proceso 0
20181117 19:57:45 Obtención correcta areas usuario:1
20181117 19:57:45 Avance correcto proceso 0
20181117 19:57:46 Obtención correcta areas usuario:1
20181117 19:57:46 Avance correcto proceso 0
20181117 19:57:47 Obtención correcta areas usuario:1
20181117 19:57:47 Avance correcto proceso 0
20181117 19:57:48 Obtención correcta areas usuario:1
20181117 19:57:48 Avance correcto proceso 0
20181117 19:57:48 Obtención correcta areas usuario:1
20181117 19:57:48 Avance correcto proceso 0
20181117 19:57:49 Obtención correcta areas usuario:1
20181117 19:57:49 Avance correcto proceso 0
20181117 19:57:49 Obtención correcta areas usuario:1
20181117 19:57:49 Avance correcto proceso 0
20181117 19:57:50 Obtención correcta areas usuario:1
20181117 19:57:50 Avance correcto proceso 0
20181117 19:57:50 Obtención correcta areas usuario:1
20181117 19:57:50 Avance correcto proceso 0
20181117 19:57:52 Obtención correcta areas usuario:1
20181117 19:57:52 Avance correcto proceso 0
20181117 19:57:52 Obtención correcta areas usuario:1
20181117 19:57:52 Avance correcto proceso 0
20181117 19:57:53 Obtención correcta areas usuario:1
20181117 19:57:53 Avance correcto proceso 0
20181117 19:57:53 Obtención correcta areas usuario:1
20181117 19:57:53 Avance correcto proceso 0
20181117 19:57:54 Obtención correcta areas usuario:1
20181117 19:57:54 Avance correcto proceso 0
20181117 19:57:54 Obtención correcta areas usuario:1
20181117 19:57:54 Avance correcto proceso 0
20181117 19:57:55 Obtención correcta areas usuario:1
20181117 19:57:55 Avance correcto proceso 0
20181117 19:57:55 Obtención correcta areas usuario:1
20181117 19:57:55 Avance correcto proceso 0
20181117 19:57:56 Obtención correcta areas usuario:1
20181117 19:57:56 Avance correcto proceso 0
20181117 19:57:56 Obtención correcta areas usuario:1
20181117 19:57:56 Avance correcto proceso 0
20181117 19:57:58 Obtención correcta areas usuario:1
20181117 19:57:58 Avance correcto proceso 0
20181117 19:57:58 Obtención correcta areas usuario:1
20181117 19:57:58 Avance correcto proceso 0
20181117 19:58:02 Obtención correcta areas usuario:1
20181117 19:58:02 Avance correcto proceso 0
20181117 19:58:02 Obtención correcta areas usuario:1
20181117 19:58:02 Avance correcto proceso 0
20181117 19:58:05 Obtención correcta areas usuario:1
20181117 19:58:05 Avance correcto proceso 0
20181117 19:58:05 Obtención correcta areas usuario:1
20181117 19:58:05 Avance correcto proceso 0
20181117 19:58:09 Obtención correcta areas usuario:1
20181117 19:58:09 Avance correcto proceso 0
20181117 19:58:09 Obtención correcta areas usuario:1
20181117 19:58:09 Avance correcto proceso 0
20181117 19:58:13 Obtención correcta areas usuario:1
20181117 19:58:13 Avance correcto proceso 0
20181117 19:58:13 Obtención correcta areas usuario:1
20181117 19:58:13 Avance correcto proceso 0
20181117 19:58:14 Obtención correcta areas usuario:1
20181117 19:58:14 Avance correcto proceso 0
20181117 19:58:14 Obtención correcta areas usuario:1
20181117 19:58:14 Avance correcto proceso 0
20181117 19:58:16 Obtención correcta areas usuario:1
20181117 19:58:16 Avance correcto proceso 0
20181117 19:58:16 Obtención correcta areas usuario:1
20181117 19:58:16 Avance correcto proceso 0
20181117 19:58:17 Obtención correcta areas usuario:1
20181117 19:58:17 Avance correcto proceso 0
20181117 19:58:17 Obtención correcta areas usuario:1
20181117 19:58:17 Avance correcto proceso 0
20181117 19:58:18 Obtención correcta areas usuario:1
20181117 19:58:18 Avance correcto proceso 0
20181117 19:58:18 Obtención correcta areas usuario:1
20181117 19:58:18 Avance correcto proceso 0
20181117 19:58:20 Obtención correcta areas usuario:1
20181117 19:58:20 Avance correcto proceso 0
20181117 19:58:20 Obtención correcta areas usuario:1
20181117 19:58:20 Avance correcto proceso 0
20181117 19:58:23 Obtención correcta areas usuario:1
20181117 19:58:23 Avance correcto proceso 0
20181117 19:58:23 Obtención correcta areas usuario:1
20181117 19:58:23 Avance correcto proceso 0
20181117 19:58:24 Obtención correcta areas usuario:1
20181117 19:58:24 Avance correcto proceso 0
20181117 19:58:24 Obtención correcta areas usuario:1
20181117 19:58:24 Avance correcto proceso 0
20181117 19:58:27 Obtención correcta areas usuario:1
20181117 19:58:27 Avance correcto proceso 0
20181117 19:58:27 Obtención correcta areas usuario:1
20181117 19:58:27 Avance correcto proceso 0
20181117 19:58:28 Obtención correcta areas usuario:1
20181117 19:58:28 Avance correcto proceso 0
20181117 19:58:28 Obtención correcta areas usuario:1
20181117 19:58:28 Avance correcto proceso 0
20181117 19:58:30 Obtención correcta areas usuario:1
20181117 19:58:30 Avance correcto proceso 0
20181117 19:58:30 Obtención correcta areas usuario:1
20181117 19:58:30 Avance correcto proceso 0
20181117 19:58:31 Obtención correcta areas usuario:1
20181117 19:58:31 Avance correcto proceso 0
20181117 19:58:31 Obtención correcta areas usuario:1
20181117 19:58:31 Avance correcto proceso 0
20181117 19:58:32 Obtención correcta areas usuario:1
20181117 19:58:32 Avance correcto proceso 0
20181117 19:58:32 Obtención correcta areas usuario:1
20181117 19:58:32 Avance correcto proceso 0
20181117 19:58:38 Obtención correcta areas usuario:1
20181117 19:58:38 Avance correcto proceso 0
20181117 19:58:38 Obtención correcta areas usuario:1
20181117 19:58:38 Avance correcto proceso 0
20181117 19:58:39 Obtención correcta areas usuario:1
20181117 19:58:39 Avance correcto proceso 0
20181117 19:58:39 Obtención correcta areas usuario:1
20181117 19:58:39 Avance correcto proceso 0
20181117 19:58:40 Obtención correcta areas usuario:1
20181117 19:58:40 Avance correcto proceso 0
20181117 19:58:40 Obtención correcta areas usuario:1
20181117 19:58:40 Avance correcto proceso 0
20181117 19:58:41 Obtención correcta areas usuario:1
20181117 19:58:41 Avance correcto proceso 0
20181117 19:58:41 Obtención correcta areas usuario:1
20181117 19:58:41 Avance correcto proceso 0
20181117 19:58:42 Obtención correcta areas usuario:1
20181117 19:58:42 Avance correcto proceso 0
20181117 19:58:42 Obtención correcta areas usuario:1
20181117 19:58:42 Avance correcto proceso 0
20181117 19:58:44 Obtención correcta areas usuario:1
20181117 19:58:44 Avance correcto proceso 0
20181117 19:58:44 Obtención correcta areas usuario:1
20181117 19:58:44 Avance correcto proceso 0
20181117 19:58:45 Obtención correcta areas usuario:1
20181117 19:58:45 Avance correcto proceso 0
20181117 19:58:45 Obtención correcta areas usuario:1
20181117 19:58:45 Avance correcto proceso 0
20181117 19:58:47 Obtención correcta areas usuario:1
20181117 19:58:47 Avance correcto proceso 0
20181117 19:58:47 Obtención correcta areas usuario:1
20181117 19:58:47 Avance correcto proceso 0
20181117 19:58:49 Obtención correcta areas usuario:1
20181117 19:58:49 Avance correcto proceso 0
20181117 19:58:49 Obtención correcta areas usuario:1
20181117 19:58:49 Avance correcto proceso 0
20181117 19:58:53 Obtención correcta areas usuario:1
20181117 19:58:53 Avance correcto proceso 0
20181117 19:58:53 Obtención correcta areas usuario:1
20181117 19:58:53 Avance correcto proceso 0
20181117 19:58:57 Obtención correcta areas usuario:1
20181117 19:58:57 Avance correcto proceso 0
20181117 19:58:57 Obtención correcta areas usuario:1
20181117 19:58:57 Avance correcto proceso 0
20181117 19:59:04 Obtención correcta areas usuario:1
20181117 19:59:04 Avance correcto proceso 0
20181117 19:59:04 Obtención correcta areas usuario:1
20181117 19:59:04 Avance correcto proceso 0
20181117 19:59:11 Obtención correcta areas usuario:1
20181117 19:59:11 Avance correcto proceso 0
20181117 19:59:11 Obtención correcta areas usuario:1
20181117 19:59:11 Avance correcto proceso 0
20181117 19:59:14 Obtención correcta areas usuario:1
20181117 19:59:14 Avance correcto proceso 0
20181117 19:59:14 Obtención correcta areas usuario:1
20181117 19:59:14 Avance correcto proceso 0
20181117 19:59:15 Obtención correcta areas usuario:1
20181117 19:59:15 Avance correcto proceso 0
20181117 19:59:15 Obtención correcta areas usuario:1
20181117 19:59:15 Avance correcto proceso 0
20181117 19:59:22 Obtención correcta areas usuario:1
20181117 19:59:22 Avance correcto proceso 0
20181117 19:59:22 Obtención correcta areas usuario:1
20181117 19:59:22 Avance correcto proceso 0
20181117 19:59:28 Obtención correcta areas usuario:1
20181117 19:59:28 Avance correcto proceso 0
20181117 19:59:28 Obtención correcta areas usuario:1
20181117 19:59:28 Avance correcto proceso 0
20181117 19:59:32 Obtención correcta areas usuario:1
20181117 19:59:32 Avance correcto proceso 0
20181117 19:59:32 Obtención correcta areas usuario:1
20181117 19:59:32 Avance correcto proceso 0
20181117 19:59:36 Obtención correcta areas usuario:1
20181117 19:59:36 Avance correcto proceso 0
20181117 19:59:36 Obtención correcta areas usuario:1
20181117 19:59:36 Avance correcto proceso 0
20181117 19:59:39 Obtención correcta areas usuario:1
20181117 19:59:39 Avance correcto proceso 0
20181117 19:59:39 Obtención correcta areas usuario:1
20181117 19:59:39 Avance correcto proceso 0
20181117 19:59:42 Obtención correcta areas usuario:1
20181117 19:59:42 Avance correcto proceso 0
20181117 19:59:42 Obtención correcta areas usuario:1
20181117 19:59:42 Avance correcto proceso 0
20181117 19:59:44 Obtención correcta areas usuario:1
20181117 19:59:44 Avance correcto proceso 0
20181117 19:59:45 Obtención correcta areas usuario:1
20181117 19:59:45 Avance correcto proceso 0
20181117 19:59:47 Obtención correcta areas usuario:1
20181117 19:59:47 Avance correcto proceso 0
20181117 19:59:47 Obtención correcta areas usuario:1
20181117 19:59:47 Avance correcto proceso 0
20181117 19:59:49 Obtención correcta areas usuario:1
20181117 19:59:49 Avance correcto proceso 0
20181117 19:59:49 Obtención correcta areas usuario:1
20181117 19:59:49 Avance correcto proceso 0
20181117 19:59:51 Obtención correcta areas usuario:1
20181117 19:59:51 Avance correcto proceso 0
20181117 19:59:51 Obtención correcta areas usuario:1
20181117 19:59:51 Avance correcto proceso 0
20181117 19:59:55 Obtención correcta areas usuario:1
20181117 19:59:55 Avance correcto proceso 0
20181117 19:59:55 Obtención correcta areas usuario:1
20181117 19:59:55 Avance correcto proceso 0
20181117 19:59:58 Obtención correcta areas usuario:1
20181117 19:59:58 Avance correcto proceso 0
20181117 19:59:58 Obtención correcta areas usuario:1
20181117 19:59:58 Avance correcto proceso 0
20181117 20:00:05 Obtención correcta areas usuario:1
20181117 20:00:05 Avance correcto proceso 0
20181117 20:00:05 Obtención correcta areas usuario:1
20181117 20:00:05 Avance correcto proceso 0
20181117 20:00:06 Obtención correcta areas usuario:1
20181117 20:00:06 Avance correcto proceso 0
20181117 20:00:06 Obtención correcta areas usuario:1
20181117 20:00:06 Avance correcto proceso 0
20181117 20:00:07 Obtención correcta areas usuario:1
20181117 20:00:07 Avance correcto proceso 0
20181117 20:00:07 Obtención correcta areas usuario:1
20181117 20:00:07 Avance correcto proceso 0
20181117 20:00:08 Obtención correcta areas usuario:1
20181117 20:00:08 Avance correcto proceso 0
20181117 20:00:08 Obtención correcta areas usuario:1
20181117 20:00:08 Avance correcto proceso 0
20181117 20:00:10 Obtención correcta areas usuario:1
20181117 20:00:10 Avance correcto proceso 0
20181117 20:00:10 Obtención correcta areas usuario:1
20181117 20:00:10 Avance correcto proceso 0
20181117 20:00:15 Obtención correcta areas usuario:1
20181117 20:00:15 Avance correcto proceso 0
20181117 20:00:15 Obtención correcta areas usuario:1
20181117 20:00:15 Avance correcto proceso 0
20181117 20:00:16 Obtención correcta areas usuario:1
20181117 20:00:16 Avance correcto proceso 0
20181117 20:00:16 Obtención correcta areas usuario:1
20181117 20:00:16 Avance correcto proceso 0
20181117 20:00:17 Obtención correcta areas usuario:1
20181117 20:00:17 Avance correcto proceso 0
20181117 20:00:17 Obtención correcta areas usuario:1
20181117 20:00:17 Avance correcto proceso 0
20181117 20:00:19 Obtención correcta areas usuario:1
20181117 20:00:19 Avance correcto proceso 0
20181117 20:00:19 Obtención correcta areas usuario:1
20181117 20:00:19 Avance correcto proceso 0
20181117 20:00:19 Obtención correcta areas usuario:1
20181117 20:00:19 Avance correcto proceso 0
20181117 20:00:19 Obtención correcta areas usuario:1
20181117 20:00:19 Avance correcto proceso 0
20181117 20:23:07 Obtención correcta areas usuario:1
20181117 20:23:20 Obtención correcta areas usuario:1
20181117 20:28:37 Acceso correcto usuario veneno
20181117 20:28:37 Obtención correcta areas usuario:1
20181117 20:28:37 Avance correcto proceso 0
20181117 20:45:26 Acceso correcto usuario veneno
20181117 20:45:26 Obtención correcta areas usuario:1
20181117 20:45:26 Avance correcto proceso 0
20181117 21:54:34 Acceso correcto usuario veneno
20181117 21:54:34 Obtención correcta areas usuario:1
20181117 21:54:34 Avance correcto proceso 0
20181117 21:54:38 Obtención correcta areas usuario:1
20181117 21:54:46 Obtención correcta areas usuario:1
20181117 21:56:06 Acceso correcto usuario veneno
20181117 21:56:06 Obtención correcta areas usuario:1
20181117 21:56:06 Avance correcto proceso 0
20181117 21:56:10 Obtención correcta areas usuario:1
20181117 22:02:29 Acceso correcto usuario veneno
20181117 22:02:29 Obtención correcta areas usuario:1
20181117 22:02:29 Avance correcto proceso 0
20181117 22:02:33 Obtención correcta areas usuario:1
20181117 22:05:41 Acceso correcto usuario veneno
20181117 22:05:41 Obtención correcta areas usuario:1
20181117 22:05:41 Avance correcto proceso 0
20181117 22:05:45 Obtención correcta areas usuario:1
20181117 22:08:22 Acceso correcto usuario veneno
20181117 22:08:22 Obtención correcta areas usuario:1
20181117 22:08:22 Avance correcto proceso 0
20181117 22:08:31 Obtención correcta areas usuario:1
20181117 22:10:42 Acceso correcto usuario veneno
20181117 22:10:42 Obtención correcta areas usuario:1
20181117 22:10:42 Avance correcto proceso 0
20181117 22:10:48 Obtención correcta areas usuario:1
20181117 22:11:26 Obtención correcta aplicaciones usuario:1 area 1
20181117 22:11:26 Obtención correcta aplicaciones usuario:1 area 1
20181117 22:14:43 Acceso correcto usuario veneno
20181117 22:14:43 Obtención correcta areas usuario:1
20181117 22:14:43 Avance correcto proceso 0
20181117 22:14:47 Obtención correcta areas usuario:1
20181117 22:18:58 Obtención correcta areas usuario:1
20181117 22:20:49 Obtención correcta areas usuario:1
20181117 22:20:49 ObtenProcesoAvance ObtenProcesoAvance Object reference not set to an instance of an object.
20181117 22:23:23 Acceso correcto usuario veneno
20181117 22:23:23 Obtención correcta areas usuario:1
20181117 22:23:23 Avance correcto proceso 0
20181117 22:23:30 Obtención correcta areas usuario:1
20181117 22:24:25 Acceso correcto usuario veneno
20181117 22:24:25 Obtención correcta areas usuario:1
20181117 22:24:25 Avance correcto proceso 0
20181117 22:24:30 Obtención correcta areas usuario:1
20181117 22:24:48 Obtención correcta aplicaciones usuario:1 area 1
20181117 22:24:49 Obtención correcta aplicaciones usuario:1 area 1
20181117 22:25:29 Obtención correcta areas usuario:1
20181117 22:25:29 Avance correcto proceso 0
20181117 22:25:31 Obtención correcta areas usuario:1
20181117 22:25:34 Obtención correcta areas usuario:1
20181117 22:25:34 Avance correcto proceso 0
20181117 22:25:37 Obtención correcta areas usuario:1
20181117 22:39:22 Acceso correcto usuario veneno
20181117 22:39:22 Obtención correcta areas usuario:1
20181117 22:39:22 Avance correcto proceso 0
20181117 22:39:27 Obtención correcta areas usuario:1
20181117 22:44:04 Acceso correcto usuario veneno
20181117 22:44:04 Obtención correcta areas usuario:1
20181117 22:44:04 Avance correcto proceso 0
20181117 22:44:08 Obtención correcta areas usuario:1
20181117 22:46:15 Acceso correcto usuario veneno
20181117 22:46:15 Obtención correcta areas usuario:1
20181117 22:46:15 Avance correcto proceso 0
20181117 22:46:18 Obtención correcta areas usuario:1
20181117 22:52:25 Acceso correcto usuario veneno
20181117 22:52:25 Obtención correcta areas usuario:1
20181117 22:52:25 Avance correcto proceso 0
20181117 22:52:28 Obtención correcta areas usuario:1
