20181217 12:44:12 Acceso correcto usuario info
20181217 12:44:13 Obtención correcta areas usuario:1
20181217 12:44:13 Avance correcto proceso 0
20181217 12:50:30 Acceso correcto usuario nuevo20
20181217 12:50:30 Obtención correcta areas usuario:1
20181217 12:50:30 Avance correcto proceso 0
20181217 12:51:02 Acceso correcto usuario nuevo1
20181217 12:51:02 Obtención correcta areas usuario:1
20181217 12:51:02 Avance correcto proceso 0
20181217 12:52:05 Acceso correcto usuario info
20181217 12:52:05 Obtención correcta areas usuario:1
20181217 12:52:05 Avance correcto proceso 0
20181217 12:55:47 Obtención correcta aplicaciones usuario:1 area 1
20181217 13:10:54 actualizaStatus.UploadComplete Cannot apply indexing with [] to an expression of type 'System.Dynamic.DynamicObject'
20181217 13:10:54 Obtención correcta areas usuario:1
20181217 13:10:54 Avance correcto proceso 0
20181217 13:11:03 Obtención correcta areas usuario:1
20181217 13:11:03 Avance correcto proceso 0
20181217 13:11:28 Obtención correcta areas usuario:1
20181217 13:11:28 Avance correcto proceso 0
20181217 13:11:38 Obtención correcta areas usuario:1
20181217 13:11:38 Avance correcto proceso 0
20181217 13:11:48 Obtención correcta areas usuario:1
20181217 13:11:48 Avance correcto proceso 0
20181217 13:11:58 Obtención correcta areas usuario:1
20181217 13:11:58 Avance correcto proceso 0
20181217 13:12:08 Obtención correcta areas usuario:1
20181217 13:12:08 Avance correcto proceso 0
20181217 13:12:19 Obtención correcta areas usuario:1
20181217 13:12:19 Avance correcto proceso 0
20181217 13:12:29 Obtención correcta areas usuario:1
20181217 13:12:29 Avance correcto proceso 0
20181217 13:13:09 Obtención correcta areas usuario:1
20181217 13:13:09 Avance correcto proceso 0
20181217 13:43:27 Obtención correcta areas usuario:1
20181217 13:43:27 Avance correcto proceso 0
20181217 13:43:37 Obtención correcta areas usuario:1
20181217 13:43:37 Avance correcto proceso 0
20181217 13:43:47 Obtención correcta areas usuario:1
20181217 13:43:47 Avance correcto proceso 0
20181217 13:43:57 Obtención correcta areas usuario:1
20181217 13:43:57 Avance correcto proceso 0
20181217 13:44:07 Obtención correcta areas usuario:1
20181217 13:44:07 Avance correcto proceso 0
20181217 13:44:17 Obtención correcta areas usuario:1
20181217 13:44:17 Avance correcto proceso 0
20181217 13:44:27 Obtención correcta areas usuario:1
20181217 13:44:27 Avance correcto proceso 0
20181217 13:44:37 Obtención correcta areas usuario:1
20181217 13:44:37 Avance correcto proceso 0
20181217 13:44:47 Obtención correcta areas usuario:1
20181217 13:44:47 Avance correcto proceso 0
20181217 13:44:57 Obtención correcta areas usuario:1
20181217 13:44:57 Avance correcto proceso 0
20181217 13:45:07 Obtención correcta areas usuario:1
20181217 13:45:07 Avance correcto proceso 0
20181217 13:45:17 Obtención correcta areas usuario:1
20181217 13:45:17 Avance correcto proceso 0
20181217 13:45:27 Obtención correcta areas usuario:1
20181217 13:45:27 Avance correcto proceso 0
20181217 13:45:37 Obtención correcta areas usuario:1
20181217 13:45:37 Avance correcto proceso 0
20181217 13:45:47 Obtención correcta areas usuario:1
20181217 13:45:47 Avance correcto proceso 0
20181217 13:45:57 Obtención correcta areas usuario:1
20181217 13:45:57 Avance correcto proceso 0
20181217 13:46:07 Obtención correcta areas usuario:1
20181217 13:46:07 Avance correcto proceso 0
20181217 13:46:17 Obtención correcta areas usuario:1
20181217 13:46:17 Avance correcto proceso 0
20181217 13:46:27 Obtención correcta areas usuario:1
20181217 13:46:27 Avance correcto proceso 0
20181217 13:46:37 Obtención correcta areas usuario:1
20181217 13:46:37 Avance correcto proceso 0
20181217 13:46:47 Obtención correcta areas usuario:1
20181217 13:46:47 Avance correcto proceso 0
20181217 13:46:57 Obtención correcta areas usuario:1
20181217 13:46:57 Avance correcto proceso 0
20181217 13:47:07 Obtención correcta areas usuario:1
20181217 13:47:07 Avance correcto proceso 0
20181217 13:47:17 Obtención correcta areas usuario:1
20181217 13:47:17 Avance correcto proceso 0
20181217 13:47:27 Obtención correcta areas usuario:1
20181217 13:47:27 Avance correcto proceso 0
20181217 13:47:37 Obtención correcta areas usuario:1
20181217 13:47:37 Avance correcto proceso 0
20181217 13:47:47 Obtención correcta areas usuario:1
20181217 13:47:47 Avance correcto proceso 0
20181217 13:47:57 Obtención correcta areas usuario:1
20181217 13:47:57 Avance correcto proceso 0
20181217 13:48:07 Obtención correcta areas usuario:1
20181217 13:48:07 Avance correcto proceso 0
20181217 13:48:17 Obtención correcta areas usuario:1
20181217 13:48:17 Avance correcto proceso 0
20181217 13:48:27 Obtención correcta areas usuario:1
20181217 13:48:27 Avance correcto proceso 0
20181217 13:48:37 Obtención correcta areas usuario:1
20181217 13:48:37 Avance correcto proceso 0
20181217 13:48:47 Obtención correcta areas usuario:1
20181217 13:48:47 Avance correcto proceso 0
20181217 13:48:57 Obtención correcta areas usuario:1
20181217 13:48:57 Avance correcto proceso 0
20181217 13:49:07 Obtención correcta areas usuario:1
20181217 13:49:07 Avance correcto proceso 0
20181217 13:49:17 Obtención correcta areas usuario:1
20181217 13:49:17 Avance correcto proceso 0
20181217 13:49:27 Obtención correcta areas usuario:1
20181217 13:49:27 Avance correcto proceso 0
20181217 13:49:37 Obtención correcta areas usuario:1
20181217 13:49:37 Avance correcto proceso 0
20181217 13:49:47 Obtención correcta areas usuario:1
20181217 13:49:47 Avance correcto proceso 0
20181217 13:49:57 Obtención correcta areas usuario:1
20181217 13:49:57 Avance correcto proceso 0
20181217 13:50:07 Obtención correcta areas usuario:1
20181217 13:50:07 Avance correcto proceso 0
20181217 13:50:17 Obtención correcta areas usuario:1
20181217 13:50:17 Avance correcto proceso 0
20181217 13:50:27 Obtención correcta areas usuario:1
20181217 13:50:27 Avance correcto proceso 0
20181217 13:50:37 Obtención correcta areas usuario:1
20181217 13:50:37 Avance correcto proceso 0
20181217 13:50:47 Obtención correcta areas usuario:1
20181217 13:50:47 Avance correcto proceso 0
20181217 13:50:57 Obtención correcta areas usuario:1
20181217 13:50:57 Avance correcto proceso 0
20181217 13:51:07 Obtención correcta areas usuario:1
20181217 13:51:07 Avance correcto proceso 0
20181217 13:51:17 Obtención correcta areas usuario:1
20181217 13:51:17 Avance correcto proceso 0
20181217 13:51:27 Obtención correcta areas usuario:1
20181217 13:51:27 Avance correcto proceso 0
20181217 13:51:37 Obtención correcta areas usuario:1
20181217 13:51:37 Avance correcto proceso 0
20181217 13:51:47 Obtención correcta areas usuario:1
20181217 13:51:47 Avance correcto proceso 0
20181217 13:51:57 Obtención correcta areas usuario:1
20181217 13:51:57 Avance correcto proceso 0
20181217 13:52:07 Obtención correcta areas usuario:1
20181217 13:52:07 Avance correcto proceso 0
20181217 13:52:17 Obtención correcta areas usuario:1
20181217 13:52:17 Avance correcto proceso 0
20181217 13:52:27 Obtención correcta areas usuario:1
20181217 13:52:27 Avance correcto proceso 0
20181217 13:52:37 Obtención correcta areas usuario:1
20181217 13:52:37 Avance correcto proceso 0
20181217 13:52:47 Obtención correcta areas usuario:1
20181217 13:52:47 Avance correcto proceso 0
20181217 13:52:57 Obtención correcta areas usuario:1
20181217 13:52:57 Avance correcto proceso 0
20181217 13:53:07 Obtención correcta areas usuario:1
20181217 13:53:07 Avance correcto proceso 0
20181217 13:53:17 Obtención correcta areas usuario:1
20181217 13:53:17 Avance correcto proceso 0
20181217 13:53:27 Obtención correcta areas usuario:1
20181217 13:53:27 Avance correcto proceso 0
20181217 13:53:37 Obtención correcta areas usuario:1
20181217 13:53:37 Avance correcto proceso 0
20181217 13:53:47 Obtención correcta areas usuario:1
20181217 13:53:47 Avance correcto proceso 0
20181217 13:53:57 Obtención correcta areas usuario:1
20181217 13:53:57 Avance correcto proceso 0
20181217 13:54:07 Obtención correcta areas usuario:1
20181217 13:54:07 Avance correcto proceso 0
20181217 13:54:17 Obtención correcta areas usuario:1
20181217 13:54:17 Avance correcto proceso 0
20181217 13:54:27 Obtención correcta areas usuario:1
20181217 13:54:27 Avance correcto proceso 0
20181217 13:54:37 Obtención correcta areas usuario:1
20181217 13:54:37 Avance correcto proceso 0
20181217 13:54:47 Obtención correcta areas usuario:1
20181217 13:54:47 Avance correcto proceso 0
20181217 13:54:57 Obtención correcta areas usuario:1
20181217 13:54:57 Avance correcto proceso 0
20181217 13:55:07 Obtención correcta areas usuario:1
20181217 13:55:07 Avance correcto proceso 0
20181217 13:55:17 Obtención correcta areas usuario:1
20181217 13:55:17 Avance correcto proceso 0
20181217 13:55:27 Obtención correcta areas usuario:1
20181217 13:55:27 Avance correcto proceso 0
20181217 13:55:37 Obtención correcta areas usuario:1
20181217 13:55:37 Avance correcto proceso 0
20181217 13:55:47 Obtención correcta areas usuario:1
20181217 13:55:47 Avance correcto proceso 0
20181217 13:55:57 Obtención correcta areas usuario:1
20181217 13:55:57 Avance correcto proceso 0
20181217 13:56:07 Obtención correcta areas usuario:1
20181217 13:56:07 Avance correcto proceso 0
20181217 13:56:17 Obtención correcta areas usuario:1
20181217 13:56:17 Avance correcto proceso 0
20181217 13:56:27 Obtención correcta areas usuario:1
20181217 13:56:27 Avance correcto proceso 0
20181217 13:56:37 Obtención correcta areas usuario:1
20181217 13:56:37 Avance correcto proceso 0
20181217 13:56:47 Obtención correcta areas usuario:1
20181217 13:56:47 Avance correcto proceso 0
20181217 13:56:57 Obtención correcta areas usuario:1
20181217 13:56:57 Avance correcto proceso 0
20181217 13:57:07 Obtención correcta areas usuario:1
20181217 13:57:07 Avance correcto proceso 0
20181217 13:57:17 Obtención correcta areas usuario:1
20181217 13:57:17 Avance correcto proceso 0
20181217 13:57:27 Obtención correcta areas usuario:1
20181217 13:57:27 Avance correcto proceso 0
20181217 13:57:37 Obtención correcta areas usuario:1
20181217 13:57:37 Avance correcto proceso 0
20181217 13:57:47 Obtención correcta areas usuario:1
20181217 13:57:47 Avance correcto proceso 0
20181217 13:57:57 Obtención correcta areas usuario:1
20181217 13:57:57 Avance correcto proceso 0
20181217 13:58:07 Obtención correcta areas usuario:1
20181217 13:58:07 Avance correcto proceso 0
20181217 13:58:17 Obtención correcta areas usuario:1
20181217 13:58:17 Avance correcto proceso 0
20181217 13:58:27 Obtención correcta areas usuario:1
20181217 13:58:27 Avance correcto proceso 0
20181217 13:58:37 Obtención correcta areas usuario:1
20181217 13:58:37 Avance correcto proceso 0
20181217 13:58:47 Obtención correcta areas usuario:1
20181217 13:58:47 Avance correcto proceso 0
20181217 13:58:57 Obtención correcta areas usuario:1
20181217 13:58:57 Avance correcto proceso 0
20181217 13:59:07 Obtención correcta areas usuario:1
20181217 13:59:07 Avance correcto proceso 0
20181217 13:59:17 Obtención correcta areas usuario:1
20181217 13:59:17 Avance correcto proceso 0
20181217 13:59:27 Obtención correcta areas usuario:1
20181217 13:59:27 Avance correcto proceso 0
20181217 13:59:37 Obtención correcta areas usuario:1
20181217 13:59:37 Avance correcto proceso 0
20181217 13:59:47 Obtención correcta areas usuario:1
20181217 13:59:47 Avance correcto proceso 0
20181217 13:59:57 Obtención correcta areas usuario:1
20181217 13:59:57 Avance correcto proceso 0
20181217 14:00:07 Obtención correcta areas usuario:1
20181217 14:00:07 Avance correcto proceso 0
20181217 14:00:17 Obtención correcta areas usuario:1
20181217 14:00:17 Avance correcto proceso 0
20181217 14:00:27 Obtención correcta areas usuario:1
20181217 14:00:27 Avance correcto proceso 0
20181217 14:00:37 Obtención correcta areas usuario:1
20181217 14:00:37 Avance correcto proceso 0
20181217 14:00:47 Obtención correcta areas usuario:1
20181217 14:00:47 Avance correcto proceso 0
20181217 14:00:57 Obtención correcta areas usuario:1
20181217 14:00:57 Avance correcto proceso 0
20181217 14:01:07 Obtención correcta areas usuario:1
20181217 14:01:07 Avance correcto proceso 0
20181217 14:01:17 Obtención correcta areas usuario:1
20181217 14:01:17 Avance correcto proceso 0
20181217 14:01:27 Obtención correcta areas usuario:1
20181217 14:01:27 Avance correcto proceso 0
20181217 14:01:37 Obtención correcta areas usuario:1
20181217 14:01:37 Avance correcto proceso 0
20181217 14:01:47 Obtención correcta areas usuario:1
20181217 14:01:47 Avance correcto proceso 0
20181217 14:01:57 Obtención correcta areas usuario:1
20181217 14:01:57 Avance correcto proceso 0
20181217 14:02:07 Obtención correcta areas usuario:1
20181217 14:02:07 Avance correcto proceso 0
20181217 14:02:17 Obtención correcta areas usuario:1
20181217 14:02:17 Avance correcto proceso 0
20181217 14:02:27 Obtención correcta areas usuario:1
20181217 14:02:27 Avance correcto proceso 0
20181217 14:02:37 Obtención correcta areas usuario:1
20181217 14:02:37 Avance correcto proceso 0
20181217 14:02:47 Obtención correcta areas usuario:1
20181217 14:02:47 Avance correcto proceso 0
20181217 14:02:57 Obtención correcta areas usuario:1
20181217 14:02:57 Avance correcto proceso 0
20181217 14:03:07 Obtención correcta areas usuario:1
20181217 14:03:07 Avance correcto proceso 0
20181217 14:03:17 Obtención correcta areas usuario:1
20181217 14:03:17 Avance correcto proceso 0
20181217 14:03:27 Obtención correcta areas usuario:1
20181217 14:03:27 Avance correcto proceso 0
20181217 14:03:37 Obtención correcta areas usuario:1
20181217 14:03:37 Avance correcto proceso 0
20181217 14:03:47 Obtención correcta areas usuario:1
20181217 14:03:47 Avance correcto proceso 0
20181217 14:03:57 Obtención correcta areas usuario:1
20181217 14:03:57 Avance correcto proceso 0
20181217 14:04:07 Obtención correcta areas usuario:1
20181217 14:04:07 Avance correcto proceso 0
20181217 14:04:17 Obtención correcta areas usuario:1
20181217 14:04:17 Avance correcto proceso 0
20181217 14:04:27 Obtención correcta areas usuario:1
20181217 14:04:27 Avance correcto proceso 0
20181217 14:04:37 Obtención correcta areas usuario:1
20181217 14:04:37 Avance correcto proceso 0
20181217 14:04:47 Obtención correcta areas usuario:1
20181217 14:04:47 Avance correcto proceso 0
20181217 14:04:57 Obtención correcta areas usuario:1
20181217 14:04:57 Avance correcto proceso 0
20181217 14:05:07 Obtención correcta areas usuario:1
20181217 14:05:07 Avance correcto proceso 0
20181217 14:05:17 Obtención correcta areas usuario:1
20181217 14:05:17 Avance correcto proceso 0
20181217 14:05:27 Obtención correcta areas usuario:1
20181217 14:05:27 Avance correcto proceso 0
20181217 14:05:37 Obtención correcta areas usuario:1
20181217 14:05:37 Avance correcto proceso 0
20181217 14:05:47 Obtención correcta areas usuario:1
20181217 14:05:47 Avance correcto proceso 0
20181217 14:05:57 Obtención correcta areas usuario:1
20181217 14:05:57 Avance correcto proceso 0
20181217 14:06:07 Obtención correcta areas usuario:1
20181217 14:06:07 Avance correcto proceso 0
20181217 14:06:17 Obtención correcta areas usuario:1
20181217 14:06:17 Avance correcto proceso 0
20181217 14:06:27 Obtención correcta areas usuario:1
20181217 14:06:27 Avance correcto proceso 0
20181217 14:06:37 Obtención correcta areas usuario:1
20181217 14:06:37 Avance correcto proceso 0
20181217 14:06:47 Obtención correcta areas usuario:1
20181217 14:06:47 Avance correcto proceso 0
20181217 14:06:57 Obtención correcta areas usuario:1
20181217 14:06:57 Avance correcto proceso 0
20181217 14:07:07 Obtención correcta areas usuario:1
20181217 14:07:07 Avance correcto proceso 0
20181217 14:07:17 Obtención correcta areas usuario:1
20181217 14:07:17 Avance correcto proceso 0
20181217 14:07:27 Obtención correcta areas usuario:1
20181217 14:07:27 Avance correcto proceso 0
20181217 14:07:37 Obtención correcta areas usuario:1
20181217 14:07:37 Avance correcto proceso 0
20181217 14:07:47 Obtención correcta areas usuario:1
20181217 14:07:47 Avance correcto proceso 0
20181217 14:07:57 Obtención correcta areas usuario:1
20181217 14:07:57 Avance correcto proceso 0
20181217 14:08:07 Obtención correcta areas usuario:1
20181217 14:08:07 Avance correcto proceso 0
20181217 14:08:17 Obtención correcta areas usuario:1
20181217 14:08:17 Avance correcto proceso 0
20181217 14:08:27 Obtención correcta areas usuario:1
20181217 14:08:27 Avance correcto proceso 0
20181217 14:08:37 Obtención correcta areas usuario:1
20181217 14:08:37 Avance correcto proceso 0
20181217 14:08:47 Obtención correcta areas usuario:1
20181217 14:08:47 Avance correcto proceso 0
20181217 14:08:57 Obtención correcta areas usuario:1
20181217 14:08:57 Avance correcto proceso 0
20181217 14:09:07 Obtención correcta areas usuario:1
20181217 14:09:07 Avance correcto proceso 0
20181217 14:09:17 Obtención correcta areas usuario:1
20181217 14:09:17 Avance correcto proceso 0
20181217 14:09:27 Obtención correcta areas usuario:1
20181217 14:09:27 Avance correcto proceso 0
20181217 14:09:37 Obtención correcta areas usuario:1
20181217 14:09:37 Avance correcto proceso 0
20181217 14:09:47 Obtención correcta areas usuario:1
20181217 14:09:47 Avance correcto proceso 0
20181217 14:09:57 Obtención correcta areas usuario:1
20181217 14:09:57 Avance correcto proceso 0
20181217 14:10:07 Obtención correcta areas usuario:1
20181217 14:10:07 Avance correcto proceso 0
20181217 14:10:17 Obtención correcta areas usuario:1
20181217 14:10:17 Avance correcto proceso 0
20181217 14:10:27 Obtención correcta areas usuario:1
20181217 14:10:27 Avance correcto proceso 0
20181217 14:10:37 Obtención correcta areas usuario:1
20181217 14:10:37 Avance correcto proceso 0
20181217 14:10:47 Obtención correcta areas usuario:1
20181217 14:10:47 Avance correcto proceso 0
20181217 14:10:57 Obtención correcta areas usuario:1
20181217 14:10:57 Avance correcto proceso 0
20181217 14:11:07 Obtención correcta areas usuario:1
20181217 14:11:07 Avance correcto proceso 0
20181217 14:11:17 Obtención correcta areas usuario:1
20181217 14:11:17 Avance correcto proceso 0
20181217 14:11:27 Obtención correcta areas usuario:1
20181217 14:11:27 Avance correcto proceso 0
20181217 14:11:37 Obtención correcta areas usuario:1
20181217 14:11:37 Avance correcto proceso 0
20181217 14:11:47 Obtención correcta areas usuario:1
20181217 14:11:47 Avance correcto proceso 0
20181217 14:11:57 Obtención correcta areas usuario:1
20181217 14:11:57 Avance correcto proceso 0
20181217 14:12:07 Obtención correcta areas usuario:1
20181217 14:12:07 Avance correcto proceso 0
20181217 14:12:17 Obtención correcta areas usuario:1
20181217 14:12:17 Avance correcto proceso 0
20181217 14:12:27 Obtención correcta areas usuario:1
20181217 14:12:27 Avance correcto proceso 0
20181217 14:12:37 Obtención correcta areas usuario:1
20181217 14:12:37 Avance correcto proceso 0
20181217 14:12:47 Obtención correcta areas usuario:1
20181217 14:12:47 Avance correcto proceso 0
20181217 14:12:57 Obtención correcta areas usuario:1
20181217 14:12:57 Avance correcto proceso 0
20181217 14:13:07 Obtención correcta areas usuario:1
20181217 14:13:07 Avance correcto proceso 0
20181217 14:13:17 Obtención correcta areas usuario:1
20181217 14:13:17 Avance correcto proceso 0
20181217 14:13:27 Obtención correcta areas usuario:1
20181217 14:13:27 Avance correcto proceso 0
20181217 14:13:37 Obtención correcta areas usuario:1
20181217 14:13:37 Avance correcto proceso 0
20181217 14:13:47 Obtención correcta areas usuario:1
20181217 14:13:47 Avance correcto proceso 0
20181217 14:13:57 Obtención correcta areas usuario:1
20181217 14:13:57 Avance correcto proceso 0
20181217 14:14:07 Obtención correcta areas usuario:1
20181217 14:14:07 Avance correcto proceso 0
20181217 14:14:17 Obtención correcta areas usuario:1
20181217 14:14:17 Avance correcto proceso 0
20181217 14:14:27 Obtención correcta areas usuario:1
20181217 14:14:27 Avance correcto proceso 0
20181217 14:14:37 Obtención correcta areas usuario:1
20181217 14:14:37 Avance correcto proceso 0
20181217 14:14:47 Obtención correcta areas usuario:1
20181217 14:14:47 Avance correcto proceso 0
20181217 14:14:57 Obtención correcta areas usuario:1
20181217 14:14:57 Avance correcto proceso 0
20181217 14:15:07 Obtención correcta areas usuario:1
20181217 14:15:07 Avance correcto proceso 0
20181217 14:15:17 Obtención correcta areas usuario:1
20181217 14:15:17 Avance correcto proceso 0
20181217 14:15:27 Obtención correcta areas usuario:1
20181217 14:15:27 Avance correcto proceso 0
20181217 14:15:37 Obtención correcta areas usuario:1
20181217 14:15:37 Avance correcto proceso 0
20181217 14:15:47 Obtención correcta areas usuario:1
20181217 14:15:47 Avance correcto proceso 0
20181217 14:15:57 Obtención correcta areas usuario:1
20181217 14:15:57 Avance correcto proceso 0
20181217 14:16:07 Obtención correcta areas usuario:1
20181217 14:16:07 Avance correcto proceso 0
20181217 14:16:17 Obtención correcta areas usuario:1
20181217 14:16:17 Avance correcto proceso 0
20181217 14:16:27 Obtención correcta areas usuario:1
20181217 14:16:27 Avance correcto proceso 0
20181217 14:16:37 Obtención correcta areas usuario:1
20181217 14:16:37 Avance correcto proceso 0
20181217 14:16:47 Obtención correcta areas usuario:1
20181217 14:16:47 Avance correcto proceso 0
20181217 14:16:57 Obtención correcta areas usuario:1
20181217 14:16:57 Avance correcto proceso 0
20181217 14:17:07 Obtención correcta areas usuario:1
20181217 14:17:07 Avance correcto proceso 0
20181217 14:17:17 Obtención correcta areas usuario:1
20181217 14:17:17 Avance correcto proceso 0
20181217 14:17:27 Obtención correcta areas usuario:1
20181217 14:17:27 Avance correcto proceso 0
20181217 14:17:37 Obtención correcta areas usuario:1
20181217 14:17:37 Avance correcto proceso 0
20181217 14:17:47 Obtención correcta areas usuario:1
20181217 14:17:47 Avance correcto proceso 0
20181217 14:17:57 Obtención correcta areas usuario:1
20181217 14:17:57 Avance correcto proceso 0
20181217 14:18:07 Obtención correcta areas usuario:1
20181217 14:18:07 Avance correcto proceso 0
20181217 14:18:17 Obtención correcta areas usuario:1
20181217 14:18:17 Avance correcto proceso 0
20181217 14:18:27 Obtención correcta areas usuario:1
20181217 14:18:27 Avance correcto proceso 0
20181217 14:18:37 Obtención correcta areas usuario:1
20181217 14:18:37 Avance correcto proceso 0
20181217 14:18:47 Obtención correcta areas usuario:1
20181217 14:18:47 Avance correcto proceso 0
20181217 14:18:57 Obtención correcta areas usuario:1
20181217 14:18:57 Avance correcto proceso 0
20181217 14:19:07 Obtención correcta areas usuario:1
20181217 14:19:07 Avance correcto proceso 0
20181217 14:19:17 Obtención correcta areas usuario:1
20181217 14:19:17 Avance correcto proceso 0
20181217 14:19:27 Obtención correcta areas usuario:1
20181217 14:19:27 Avance correcto proceso 0
20181217 14:19:37 Obtención correcta areas usuario:1
20181217 14:19:37 Avance correcto proceso 0
20181217 14:19:47 Obtención correcta areas usuario:1
20181217 14:19:47 Avance correcto proceso 0
20181217 14:19:57 Obtención correcta areas usuario:1
20181217 14:19:57 Avance correcto proceso 0
20181217 14:20:07 Obtención correcta areas usuario:1
20181217 14:20:07 Avance correcto proceso 0
20181217 14:20:17 Obtención correcta areas usuario:1
20181217 14:20:17 Avance correcto proceso 0
20181217 14:20:27 Obtención correcta areas usuario:1
20181217 14:20:27 Avance correcto proceso 0
20181217 14:20:37 Obtención correcta areas usuario:1
20181217 14:20:37 Avance correcto proceso 0
20181217 14:20:47 Obtención correcta areas usuario:1
20181217 14:20:47 Avance correcto proceso 0
20181217 14:20:57 Obtención correcta areas usuario:1
20181217 14:20:57 Avance correcto proceso 0
20181217 14:21:07 Obtención correcta areas usuario:1
20181217 14:21:07 Avance correcto proceso 0
20181217 14:21:17 Obtención correcta areas usuario:1
20181217 14:21:17 Avance correcto proceso 0
20181217 14:21:27 Obtención correcta areas usuario:1
20181217 14:21:27 Avance correcto proceso 0
20181217 14:21:37 Obtención correcta areas usuario:1
20181217 14:21:37 Avance correcto proceso 0
20181217 14:21:47 Obtención correcta areas usuario:1
20181217 14:21:47 Avance correcto proceso 0
20181217 14:21:57 Obtención correcta areas usuario:1
20181217 14:21:57 Avance correcto proceso 0
20181217 14:22:07 Obtención correcta areas usuario:1
20181217 14:22:08 Avance correcto proceso 0
20181217 14:22:18 Obtención correcta areas usuario:1
20181217 14:22:18 Avance correcto proceso 0
20181217 14:22:27 Obtención correcta areas usuario:1
20181217 14:22:27 Avance correcto proceso 0
20181217 14:22:38 Obtención correcta areas usuario:1
20181217 14:22:38 Avance correcto proceso 0
20181217 14:22:48 Obtención correcta areas usuario:1
20181217 14:22:48 Avance correcto proceso 0
20181217 14:22:58 Obtención correcta areas usuario:1
20181217 14:22:58 Avance correcto proceso 0
20181217 14:23:08 Obtención correcta areas usuario:1
20181217 14:23:08 Avance correcto proceso 0
20181217 14:23:18 Obtención correcta areas usuario:1
20181217 14:23:18 Avance correcto proceso 0
20181217 14:23:28 Obtención correcta areas usuario:1
20181217 14:23:28 Avance correcto proceso 0
20181217 14:23:38 Obtención correcta areas usuario:1
20181217 14:23:38 Avance correcto proceso 0
20181217 14:23:48 Obtención correcta areas usuario:1
20181217 14:23:48 Avance correcto proceso 0
20181217 14:23:58 Obtención correcta areas usuario:1
20181217 14:23:58 Avance correcto proceso 0
20181217 14:24:08 Obtención correcta areas usuario:1
20181217 14:24:08 Avance correcto proceso 0
20181217 14:24:18 Obtención correcta areas usuario:1
20181217 14:24:18 Avance correcto proceso 0
20181217 14:24:28 Obtención correcta areas usuario:1
20181217 14:24:28 Avance correcto proceso 0
20181217 14:24:38 Obtención correcta areas usuario:1
20181217 14:24:38 Avance correcto proceso 0
20181217 14:24:48 Obtención correcta areas usuario:1
20181217 14:24:48 Avance correcto proceso 0
20181217 14:24:58 Obtención correcta areas usuario:1
20181217 14:24:58 Avance correcto proceso 0
20181217 14:25:08 Obtención correcta areas usuario:1
20181217 14:25:08 Avance correcto proceso 0
20181217 14:25:09 Obtención correcta areas usuario:1
20181217 14:25:09 Consulta correcta aplicacion 0
20181217 14:48:37 Obtención correcta aplicaciones usuario:1 area 1
20181217 14:48:44 Obtención correcta ObtenFiltros Tipo:BD BaseDatos Aplicacion 23
20181217 14:48:45 Obtención correcta areas usuario:1
20181217 14:48:45 Consulta correcta aplicacion 0
20181217 14:48:46 Consulta correcta apliación: BD 23
20181217 14:48:46 Obtención correcta areas usuario:1
20181217 14:48:46 Consulta correcta aplicacion 0
20181217 14:48:46 Consulta correcta apliación: BD 23
20181217 15:00:37 Obtención correcta ObtenFiltros Tipo:BD ObjetosBD Aplicacion 23
20181217 15:00:39 Obtención correcta ObtenFiltros Tipo:BD Archivo Aplicacion 23
20181217 15:00:41 Obtención correcta ObtenFiltros Tipo:BD NumeroLinea Aplicacion 23
20181217 15:01:06 Obtención correcta ObtenFiltros Tipo:BD NumeroLinea Aplicacion 23
20181217 15:01:07 Obtención correcta areas usuario:1
20181217 15:01:07 Consulta correcta aplicacion 0
20181217 15:01:07 Consulta correcta apliación: BD 23
20181217 15:01:15 Obtención correcta ObtenFiltros Tipo:BD NumeroLinea Aplicacion 23
20181217 15:01:19 Obtención correcta areas usuario:1
20181217 15:01:19 Consulta correcta aplicacion 0
20181217 15:01:19 Consulta correcta apliación: BD 23
20181217 15:01:33 Obtención correcta areas usuario:1
20181217 15:01:33 Consulta correcta aplicacion 0
20181217 15:01:38 Obtención correcta aplicaciones usuario:1 area 1
20181217 15:05:14 Obtención correcta areas usuario:1
20181217 15:05:14 Consulta correcta aplicacion 0
