20181128 00:31:51 Acceso correcto usuario info
20181128 00:31:51 Obtención correcta areas usuario:1
20181128 00:31:51 Avance correcto proceso 0
20181128 00:31:59 Obtención correcta areas usuario:1
20181128 00:32:04 Obtención correcta aplicaciones usuario:1 area 1
20181128 00:32:06 Obtención correcta objetosdb usuario:1 app 1
20181128 00:32:07 Obtención correcta objetosdb usuario:1 app 1
20181128 00:32:07 Obtención correcta ObtenIndicaores usuario:1 app 1
20181128 00:34:52 Aplicacion.ObtenRelTablas Object reference not set to an instance of an object.
20181128 00:35:05 Obtención correcta objetosdb usuario:1 app 1
20181128 00:35:06 Obtención correcta objetosdb usuario:1 app 1
20181128 00:35:06 Obtención correcta ObtenIndicaores usuario:1 app 1
20181128 00:37:13 Obtención correcta RelacionesTablas usuario:1 app 1
20181128 00:41:00 Acceso correcto usuario info
20181128 00:41:00 Obtención correcta areas usuario:1
20181128 00:41:00 Avance correcto proceso 0
20181128 00:41:03 Obtención correcta areas usuario:1
20181128 00:41:07 Obtención correcta aplicaciones usuario:1 area 1
20181128 00:41:10 Obtención correcta objetosdb usuario:1 app 1
20181128 00:41:11 Obtención correcta ObtenIndicaores usuario:1 app 1
20181128 00:41:11 Obtención correcta objetosdb usuario:1 app 1
20181128 00:41:27 Obtención correcta RelacionesTablas usuario:1 app 1
20181128 00:45:02 Acceso correcto usuario info
20181128 00:45:03 Obtención correcta areas usuario:1
20181128 00:45:03 Avance correcto proceso 0
20181128 00:45:06 Obtención correcta areas usuario:1
20181128 00:45:10 Obtención correcta aplicaciones usuario:1 area 1
20181128 00:45:13 Obtención correcta objetosdb usuario:1 app 1
20181128 00:45:13 Obtención correcta ObtenIndicaores usuario:1 app 1
20181128 00:45:14 Obtención correcta objetosdb usuario:1 app 1
20181128 00:45:16 Obtención correcta RelacionesTablas usuario:1 app 1
20181128 00:47:58 Acceso correcto usuario info
20181128 00:47:58 Obtención correcta areas usuario:1
20181128 00:47:58 Avance correcto proceso 0
20181128 00:48:03 Obtención correcta areas usuario:1
20181128 00:48:08 Obtención correcta aplicaciones usuario:1 area 1
20181128 00:48:10 Obtención correcta objetosdb usuario:1 app 1
20181128 00:48:11 Obtención correcta objetosdb usuario:1 app 1
20181128 00:48:11 Obtención correcta ObtenIndicaores usuario:1 app 1
20181128 00:48:13 Obtención correcta RelacionesTablas usuario:1 app 1
20181128 00:49:05 Obtención correcta objetosdb usuario:1 app 1
20181128 00:49:06 Obtención correcta ObtenIndicaores usuario:1 app 1
20181128 00:49:07 Obtención correcta objetosdb usuario:1 app 1
20181128 08:14:12 Acceso correcto usuario info
20181128 08:14:12 Obtención correcta areas usuario:1
20181128 08:14:12 Avance correcto proceso 0
20181128 08:14:16 Obtención correcta areas usuario:1
20181128 08:14:20 Obtención correcta aplicaciones usuario:1 area 1
20181128 08:14:21 Obtención correcta objetosdb usuario:1 app 1
20181128 08:14:22 Obtención correcta ObtenIndicaores usuario:1 app 1
20181128 08:14:23 Obtención correcta objetosdb usuario:1 app 1
20181128 08:14:25 Obtención correcta RelacionesTablas usuario:1 app 1
20181128 08:19:53 Obtención correcta objetosdb usuario:1 app 1
20181128 08:19:53 Obtención correcta objetosdb usuario:1 app 1
20181128 08:19:54 Obtención correcta ObtenIndicaores usuario:1 app 1
20181128 08:19:55 Obtención correcta RelacionesTablas usuario:1 app 1
20181128 08:21:16 Acceso correcto usuario info
20181128 08:21:16 Obtención correcta areas usuario:1
20181128 08:21:16 Avance correcto proceso 0
20181128 08:21:21 Obtención correcta areas usuario:1
20181128 08:21:25 Obtención correcta aplicaciones usuario:1 area 1
20181128 08:21:27 Obtención correcta ObtenIndicaores usuario:1 app 1
20181128 08:21:27 Obtención correcta objetosdb usuario:1 app 1
20181128 08:21:27 Obtención correcta objetosdb usuario:1 app 1
20181128 08:21:30 Obtención correcta RelacionesTablas usuario:1 app 1
20181128 08:33:22 Obtención correcta ObtenIndicaores usuario:1 app 1
20181128 08:33:23 Obtención correcta objetosdb usuario:1 app 1
20181128 08:33:23 Obtención correcta objetosdb usuario:1 app 1
20181128 08:33:25 Obtención correcta RelacionesTablas usuario:1 app 1
20181128 08:34:59 Obtención correcta objetosdb usuario:1 app 1
20181128 08:35:00 Obtención correcta objetosdb usuario:1 app 1
20181128 08:35:00 Obtención correcta ObtenIndicaores usuario:1 app 1
20181128 08:35:01 Obtención correcta RelacionesTablas usuario:1 app 1
20181128 08:48:53 Acceso correcto usuario info
20181128 08:48:53 Obtención correcta areas usuario:1
20181128 08:48:53 Avance correcto proceso 0
20181128 08:48:58 Obtención correcta areas usuario:1
20181128 08:49:02 Obtención correcta aplicaciones usuario:1 area 1
20181128 08:49:03 Obtención correcta objetosdb usuario:1 app 1
20181128 08:49:04 Obtención correcta objetosdb usuario:1 app 1
20181128 08:49:04 Obtención correcta ObtenIndicaores usuario:1 app 1
20181128 08:49:06 Obtención correcta RelacionesTablas usuario:1 app 1
20181128 08:51:30 Obtención correcta objetosdb usuario:1 app 1
20181128 08:51:31 Obtención correcta objetosdb usuario:1 app 1
20181128 08:51:31 Obtención correcta ObtenIndicaores usuario:1 app 1
20181128 08:51:31 Obtención correcta ObtenIndicaores usuario:1 app 1
20181128 08:51:32 Obtención correcta objetosdb usuario:1 app 1
20181128 08:51:32 Obtención correcta objetosdb usuario:1 app 1
20181128 08:51:33 Obtención correcta RelacionesTablas usuario:1 app 1
20181128 08:51:42 Dependencias.ActualizaDiagramaInput string was not in a correct format.
20181128 08:51:43 Dependencias.ActualizaDiagramaInput string was not in a correct format.
20181128 08:51:45 Dependencias.ActualizaDiagramaInput string was not in a correct format.
20181128 08:51:47 Dependencias.ActualizaDiagramaInput string was not in a correct format.
20181128 08:52:36 Obtención correcta ObtenIndicaores usuario:1 app 1
20181128 08:52:37 Obtención correcta objetosdb usuario:1 app 1
20181128 08:52:37 Obtención correcta ObtenIndicaores usuario:1 app 1
20181128 08:52:37 Obtención correcta ObtenIndicaores usuario:1 app 1
20181128 08:52:38 Obtención correcta objetosdb usuario:1 app 1
20181128 08:52:38 Obtención correcta objetosdb usuario:1 app 1
20181128 08:52:38 Obtención correcta objetosdb usuario:1 app 1
20181128 08:52:38 Obtención correcta objetosdb usuario:1 app 1
20181128 08:52:38 Obtención correcta objetosdb usuario:1 app 1
20181128 08:52:55 Obtención correcta RelacionesTablas usuario:1 app 1
20181128 10:36:38 Acceso correcto usuario info
20181128 10:36:38 Obtención correcta areas usuario:1
20181128 10:36:38 Avance correcto proceso 0
20181128 10:36:42 Obtención correcta areas usuario:1
20181128 10:36:46 Obtención correcta aplicaciones usuario:1 area 1
20181128 10:36:47 Obtención correcta objetosdb usuario:1 app 1
20181128 10:36:48 Obtención correcta ObtenIndicaores usuario:1 app 1
20181128 10:36:48 Obtención correcta objetosdb usuario:1 app 1
20181128 10:36:51 Obtención correcta RelacionesTablas usuario:1 app 1
20181128 10:36:53 Dependencias.ActualizaDiagramaIndex and count must refer to a location within the string.
Parameter name: count
20181128 10:37:30 Dependencias.ActualizaDiagramaInput string was not in a correct format.
20181128 10:37:31 Dependencias.ActualizaDiagramaInput string was not in a correct format.
20181128 10:37:34 Dependencias.ActualizaDiagramaInput string was not in a correct format.
20181128 10:37:36 Dependencias.ActualizaDiagramaInput string was not in a correct format.
20181128 10:43:31 Obtención correcta objetosdb usuario:1 app 1
20181128 10:43:32 Obtención correcta ObtenIndicaores usuario:1 app 1
20181128 10:43:33 Obtención correcta objetosdb usuario:1 app 1
20181128 10:43:33 Obtención correcta RelacionesTablas usuario:1 app 1
20181128 10:45:18 Dependencias.ActualizaDiagramaInput string was not in a correct format.
20181128 10:47:40 Obtención correcta objetosdb usuario:1 app 1
20181128 10:47:41 Obtención correcta objetosdb usuario:1 app 1
20181128 10:47:41 Obtención correcta ObtenIndicaores usuario:1 app 1
20181128 10:47:44 Obtención correcta RelacionesTablas usuario:1 app 1
20181128 10:48:54 Obtención correcta areas usuario:1
20181128 10:48:56 Obtención correcta objetosdb usuario:1 app 0
20181128 10:48:57 Obtención incorrecta aplicaciones usuario:1 app 0
20181128 10:49:28 Acceso correcto usuario info
20181128 10:49:28 Obtención correcta areas usuario:1
20181128 10:49:28 Avance correcto proceso 0
20181128 10:49:30 Obtención correcta areas usuario:1
20181128 10:49:33 Obtención correcta aplicaciones usuario:1 area 1
20181128 10:49:35 Obtención correcta objetosdb usuario:1 app 1
20181128 10:49:36 Obtención correcta objetosdb usuario:1 app 1
20181128 10:49:36 Obtención correcta ObtenIndicaores usuario:1 app 1
20181128 10:49:37 Obtención correcta RelacionesTablas usuario:1 app 1
20181128 11:03:25 Acceso correcto usuario info
20181128 11:03:25 Obtención correcta areas usuario:1
20181128 11:03:25 Avance correcto proceso 0
20181128 11:03:29 Obtención correcta areas usuario:1
20181128 11:03:33 Obtención correcta aplicaciones usuario:1 area 1
20181128 11:03:34 Obtención correcta objetosdb usuario:1 app 1
20181128 11:03:35 Obtención correcta objetosdb usuario:1 app 1
20181128 11:03:35 Obtención correcta ObtenIndicaores usuario:1 app 1
20181128 11:03:36 Obtención correcta RelacionesTablas usuario:1 app 1
20181128 11:07:48 Obtención correcta areas usuario:1
20181128 11:08:00 Acceso correcto usuario info
20181128 11:08:00 Obtención correcta areas usuario:1
20181128 11:08:00 Avance correcto proceso 0
20181128 11:08:04 Obtención correcta areas usuario:1
20181128 11:08:08 Obtención correcta aplicaciones usuario:1 area 1
20181128 11:08:09 Obtención correcta objetosdb usuario:1 app 1
20181128 11:08:10 Obtención correcta ObtenIndicaores usuario:1 app 1
20181128 11:08:10 Obtención correcta objetosdb usuario:1 app 1
20181128 11:08:16 Obtención correcta objetosdb usuario:1 app 1
20181128 11:08:16 Obtención correcta objetosdb usuario:1 app 1
20181128 11:08:17 Obtención correcta ObtenIndicaores usuario:1 app 1
20181128 11:08:21 Obtención correcta RelacionesTablas usuario:1 app 1
20181128 11:10:33 Acceso correcto usuario info
20181128 11:10:33 Obtención correcta areas usuario:1
20181128 11:10:33 Avance correcto proceso 0
20181128 11:10:37 Obtención correcta areas usuario:1
20181128 11:10:41 Obtención correcta aplicaciones usuario:1 area 1
20181128 11:10:43 Obtención correcta objetosdb usuario:1 app 1
20181128 11:10:44 Obtención correcta objetosdb usuario:1 app 1
20181128 11:10:44 Obtención correcta ObtenIndicaores usuario:1 app 1
20181128 11:10:45 Obtención correcta RelacionesTablas usuario:1 app 1
20181128 11:16:22 Acceso correcto usuario info
20181128 11:16:22 Obtención correcta areas usuario:1
20181128 11:16:22 Avance correcto proceso 0
20181128 11:16:27 Obtención correcta areas usuario:1
20181128 11:16:31 Obtención correcta aplicaciones usuario:1 area 1
20181128 11:16:33 Obtención correcta objetosdb usuario:1 app 1
20181128 11:16:33 Obtención correcta ObtenIndicaores usuario:1 app 1
20181128 11:16:34 Obtención correcta objetosdb usuario:1 app 1
20181128 11:16:34 Obtención correcta RelacionesTablas usuario:1 app 1
20181128 11:17:05 Obtención correcta objetosdb usuario:1 app 1
20181128 11:17:07 Obtención correcta objetosdb usuario:1 app 1
20181128 11:17:07 Obtención correcta ObtenIndicaores usuario:1 app 1
20181128 11:17:09 Obtención correcta RelacionesTablas usuario:1 app 1
20181128 11:28:57 Acceso correcto usuario info
20181128 11:28:57 Obtención correcta areas usuario:1
20181128 11:28:57 Avance correcto proceso 0
20181128 11:29:01 Obtención correcta areas usuario:1
20181128 11:29:05 Obtención correcta aplicaciones usuario:1 area 1
20181128 11:29:07 Obtención correcta objetosdb usuario:1 app 1
20181128 11:29:08 Obtención correcta ObtenIndicaores usuario:1 app 1
20181128 11:29:08 Obtención correcta objetosdb usuario:1 app 1
20181128 11:29:14 Obtención correcta RelacionesTablas usuario:1 app 1
20181128 11:29:27 Obtención correcta areas usuario:1
20181128 11:29:36 Acceso correcto usuario info
20181128 11:29:36 Obtención correcta areas usuario:1
20181128 11:29:36 Avance correcto proceso 0
20181128 11:29:40 Obtención correcta areas usuario:1
20181128 11:29:41 Obtención correcta aplicaciones usuario:1 area 1
20181128 11:29:43 Obtención correcta objetosdb usuario:1 app 1
20181128 11:29:43 Obtención correcta ObtenIndicaores usuario:1 app 1
20181128 11:29:43 Obtención correcta objetosdb usuario:1 app 1
20181128 11:29:49 Obtención correcta RelacionesTablas usuario:1 app 1
20181128 11:30:33 Obtención correcta areas usuario:1
20181128 11:30:35 Obtención correcta aplicaciones usuario:1 area 1
20181128 11:30:37 Obtención correcta objetosdb usuario:1 app 1
20181128 11:30:38 Obtención correcta ObtenIndicaores usuario:1 app 1
20181128 11:30:38 Obtención correcta objetosdb usuario:1 app 1
20181128 11:30:41 Obtención correcta RelacionesTablas usuario:1 app 1
20181128 11:45:20 Acceso correcto usuario info
20181128 11:45:20 Obtención correcta areas usuario:1
20181128 11:45:20 Avance correcto proceso 0
20181128 11:45:25 Obtención correcta areas usuario:1
20181128 11:45:29 Obtención correcta aplicaciones usuario:1 area 1
20181128 11:45:32 Obtención correcta objetosdb usuario:1 app 1
20181128 11:45:32 Obtención correcta ObtenIndicaores usuario:1 app 1
20181128 11:45:33 Obtención correcta objetosdb usuario:1 app 1
20181128 11:45:34 Obtención correcta RelacionesTablas usuario:1 app 1
20181128 11:46:11 Obtención correcta areas usuario:1
20181128 11:46:22 Acceso correcto usuario info
20181128 11:46:22 Obtención correcta areas usuario:1
20181128 11:46:22 Avance correcto proceso 0
20181128 11:46:26 Obtención correcta areas usuario:1
20181128 11:46:28 Obtención correcta aplicaciones usuario:1 area 1
20181128 11:46:30 Obtención correcta objetosdb usuario:1 app 1
20181128 11:46:30 Obtención correcta ObtenIndicaores usuario:1 app 1
20181128 11:46:31 Obtención correcta objetosdb usuario:1 app 1
20181128 11:46:36 Obtención correcta RelacionesTablas usuario:1 app 1
20181128 11:48:06 Obtención correcta ObtenIndicaores usuario:1 app 1
20181128 11:48:06 Obtención correcta objetosdb usuario:1 app 1
20181128 11:48:07 Obtención correcta objetosdb usuario:1 app 1
20181128 11:48:08 Obtención correcta RelacionesTablas usuario:1 app 1
20181128 11:50:12 Acceso correcto usuario info
20181128 11:50:12 Obtención correcta areas usuario:1
20181128 11:50:12 Avance correcto proceso 0
20181128 11:50:15 Obtención correcta areas usuario:1
20181128 11:50:22 Obtención correcta aplicaciones usuario:1 area 1
20181128 11:50:24 Obtención correcta objetosdb usuario:1 app 1
20181128 11:50:24 Obtención correcta ObtenIndicaores usuario:1 app 1
20181128 11:50:25 Obtención correcta objetosdb usuario:1 app 1
20181128 11:50:25 Obtención correcta RelacionesTablas usuario:1 app 1
20181128 11:53:21 Acceso correcto usuario info
20181128 11:53:21 Obtención correcta areas usuario:1
20181128 11:53:21 Avance correcto proceso 0
20181128 11:53:23 Obtención correcta areas usuario:1
20181128 11:53:28 Obtención correcta aplicaciones usuario:1 area 1
20181128 11:53:29 Obtención correcta objetosdb usuario:1 app 1
20181128 11:53:30 Obtención correcta objetosdb usuario:1 app 1
20181128 11:53:30 Obtención correcta ObtenIndicaores usuario:1 app 1
20181128 11:53:31 Obtención correcta RelacionesTablas usuario:1 app 1
20181128 11:58:56 Acceso correcto usuario info
20181128 11:58:56 Obtención correcta areas usuario:1
20181128 11:58:56 Avance correcto proceso 0
20181128 11:59:00 Obtención correcta areas usuario:1
20181128 11:59:05 Obtención correcta aplicaciones usuario:1 area 1
20181128 11:59:06 Obtención correcta ObtenIndicaores usuario:1 app 1
20181128 11:59:07 Obtención correcta objetosdb usuario:1 app 1
20181128 11:59:07 Obtención correcta objetosdb usuario:1 app 1
20181128 11:59:10 Obtención correcta RelacionesTablas usuario:1 app 1
20181128 12:04:17 Acceso correcto usuario info
20181128 12:04:17 Obtención correcta areas usuario:1
20181128 12:04:17 Avance correcto proceso 0
20181128 12:04:23 Obtención correcta areas usuario:1
20181128 12:04:26 Obtención correcta aplicaciones usuario:1 area 1
20181128 12:04:28 Obtención correcta objetosdb usuario:1 app 1
20181128 12:04:29 Obtención correcta objetosdb usuario:1 app 1
20181128 12:04:29 Obtención correcta ObtenIndicaores usuario:1 app 1
20181128 12:04:30 Obtención correcta RelacionesTablas usuario:1 app 1
20181128 12:05:16 Obtención correcta objetosdb usuario:1 app 1
20181128 12:05:17 Obtención correcta objetosdb usuario:1 app 1
20181128 12:05:17 Obtención correcta ObtenIndicaores usuario:1 app 1
20181128 12:05:25 Obtención correcta RelacionesTablas usuario:1 app 1
20181128 12:09:30 Acceso correcto usuario info
20181128 12:09:30 Obtención correcta areas usuario:1
20181128 12:09:30 Avance correcto proceso 0
20181128 12:09:34 Obtención correcta areas usuario:1
20181128 12:09:37 Obtención correcta aplicaciones usuario:1 area 1
20181128 12:09:38 Obtención correcta objetosdb usuario:1 app 1
20181128 12:09:39 Obtención correcta ObtenIndicaores usuario:1 app 1
20181128 12:09:40 Obtención correcta objetosdb usuario:1 app 1
20181128 12:09:42 Obtención correcta RelacionesTablas usuario:1 app 1
20181128 12:14:03 Acceso correcto usuario info
20181128 12:14:03 Obtención correcta areas usuario:1
20181128 12:14:03 Avance correcto proceso 0
20181128 12:14:06 Obtención correcta areas usuario:1
20181128 12:14:11 Obtención correcta aplicaciones usuario:1 area 1
20181128 12:14:13 Obtención correcta objetosdb usuario:1 app 1
20181128 12:14:14 Obtención correcta ObtenIndicaores usuario:1 app 1
20181128 12:14:15 Obtención correcta objetosdb usuario:1 app 1
20181128 12:14:15 Obtención correcta RelacionesTablas usuario:1 app 1
20181128 12:15:51 Acceso correcto usuario info
20181128 12:15:51 Obtención correcta areas usuario:1
20181128 12:15:51 Avance correcto proceso 0
20181128 12:15:53 Obtención correcta areas usuario:1
20181128 12:15:55 Obtención correcta aplicaciones usuario:1 area 1
20181128 12:15:57 Obtención correcta objetosdb usuario:1 app 1
20181128 12:15:58 Obtención correcta objetosdb usuario:1 app 1
20181128 12:15:59 Obtención correcta RelacionesTablas usuario:1 app 1
20181128 12:15:59 Obtención correcta ObtenIndicaores usuario:1 app 1
20181128 12:18:33 Obtención correcta objetosdb usuario:1 app 3
20181128 12:18:34 Obtención correcta objetosdb usuario:1 app 3
20181128 12:18:35 Obtención correcta ObtenIndicaores usuario:1 app 3
20181128 12:18:38 Obtención correcta objetosdb usuario:1 app 3
20181128 12:18:38 Obtención correcta objetosdb usuario:1 app 3
20181128 12:18:39 Obtención incorrecta aplicaciones usuario:1 app 3
20181128 12:18:40 Obtención incorrecta aplicaciones usuario:1 app 3
20181128 12:32:55 Acceso correcto usuario info
20181128 12:32:55 Obtención correcta areas usuario:1
20181128 12:32:55 Avance correcto proceso 0
20181128 12:32:58 Obtención correcta areas usuario:1
20181128 12:33:00 Obtención correcta aplicaciones usuario:1 area 1
20181128 12:33:02 Obtención correcta objetosdb usuario:1 app 1
20181128 12:33:03 Obtención correcta ObtenIndicaores usuario:1 app 1
20181128 12:33:04 Obtención correcta objetosdb usuario:1 app 1
20181128 12:33:07 Obtención correcta RelacionesTablas usuario:1 app 1
20181128 12:35:12 Obtención correcta objetosdb usuario:1 app 1
20181128 12:35:13 Obtención correcta objetosdb usuario:1 app 1
20181128 12:35:14 Obtención correcta ObtenIndicaores usuario:1 app 1
20181128 12:35:15 Obtención correcta RelacionesTablas usuario:1 app 1
20181128 13:27:11 Acceso correcto usuario info
20181128 13:27:11 Obtención correcta areas usuario:1
20181128 13:27:11 Avance correcto proceso 0
20181128 13:27:17 Obtención correcta areas usuario:1
20181128 13:27:21 Obtención correcta aplicaciones usuario:1 area 1
20181128 13:27:23 Obtención correcta objetosdb usuario:1 app 1
20181128 13:27:23 Obtención correcta ObtenIndicaores usuario:1 app 1
20181128 13:27:25 Obtención correcta objetosdb usuario:1 app 1
20181128 13:27:26 Obtención correcta objetosdb usuario:1 app 1
20181128 13:27:26 Obtención correcta RelacionesTablas usuario:1 app 1
20181128 13:28:48 Obtención correcta objetosdb usuario:1 app 1
20181128 13:28:48 Obtención correcta ObtenIndicaores usuario:1 app 1
20181128 13:28:53 Obtención correcta objetosdb usuario:1 app 1
20181128 13:30:10 Obtención correcta objetosdb usuario:1 app 1
20181128 13:31:19 Obtención correcta RelacionesTablas usuario:1 app 1
20181128 13:36:23 Obtención correcta objetosdb usuario:1 app 1
20181128 13:36:24 Obtención correcta ObtenIndicaores usuario:1 app 1
20181128 13:36:44 Obtención correcta objetosdb usuario:1 app 1
20181128 13:36:47 Obtención correcta RelacionesTablas usuario:1 app 1
20181128 13:36:51 Obtención correcta objetosdb usuario:1 app 1
20181128 13:38:30 Obtención correcta objetosdb usuario:1 app 1
20181128 13:38:31 Obtención correcta ObtenIndicaores usuario:1 app 1
20181128 13:38:32 Obtención correcta objetosdb usuario:1 app 1
20181128 13:38:34 Obtención correcta objetosdb usuario:1 app 1
20181128 13:38:34 Obtención correcta RelacionesTablas usuario:1 app 1
20181128 13:38:58 Obtención correcta relaciondetalle usuario:1 app 62
20181128 13:46:31 Acceso correcto usuario info
20181128 13:46:31 Obtención correcta areas usuario:1
20181128 13:46:31 Avance correcto proceso 0
20181128 13:46:35 Obtención correcta areas usuario:1
20181128 13:46:39 Obtención correcta aplicaciones usuario:1 area 1
20181128 13:46:41 Obtención correcta objetosdb usuario:1 app 1
20181128 13:46:42 Obtención correcta objetosdb usuario:1 app 1
20181128 13:46:42 Obtención correcta ObtenIndicaores usuario:1 app 1
20181128 13:46:43 Obtención correcta objetosdb usuario:1 app 1
20181128 13:46:44 Obtención correcta RelacionesTablas usuario:1 app 1
20181128 13:46:50 Obtención correcta relaciondetalle usuario:1 app 62
20181128 13:47:01 Obtención correcta relaciondetalle usuario:1 app 19
20181128 13:47:04 Obtención correcta relaciondetalle usuario:1 app 8
20181128 13:47:07 Obtención correcta relaciondetalle usuario:1 app 3
20181128 13:47:09 Obtención correcta relaciondetalle usuario:1 app 13
20181128 13:47:12 Obtención correcta relaciondetalle usuario:1 app 4
20181128 13:47:17 Obtención correcta relaciondetalle usuario:1 app 19
20181128 13:47:20 Obtención correcta relaciondetalle usuario:1 app 19
20181128 13:47:21 Obtención correcta relaciondetalle usuario:1 app 62
20181128 13:51:10 Acceso correcto usuario info
20181128 13:51:10 Obtención correcta areas usuario:1
20181128 13:51:10 Avance correcto proceso 0
20181128 13:51:15 Obtención correcta areas usuario:1
20181128 13:51:19 Obtención correcta aplicaciones usuario:1 area 1
20181128 13:51:22 Obtención correcta objetosdb usuario:1 app 1
20181128 13:51:23 Obtención correcta ObtenIndicaores usuario:1 app 1
20181128 13:51:24 Obtención correcta objetosdb usuario:1 app 1
20181128 13:51:27 Obtención correcta objetosdb usuario:1 app 1
20181128 13:51:27 Obtención correcta RelacionesTablas usuario:1 app 1
20181128 13:51:31 Obtención correcta relaciondetalle usuario:1 app 62
20181128 13:51:48 Obtención correcta relaciondetalle usuario:1 app 19
20181128 13:51:55 Obtención correcta relaciondetalle usuario:1 app 15
20181128 13:52:00 Obtención correcta relaciondetalle usuario:1 app 23
20181128 13:52:14 Obtención correcta relaciondetalle usuario:1 app 1
20181128 13:52:17 Obtención correcta relaciondetalle usuario:1 app 4
20181128 13:52:26 Obtención correcta objetosdb usuario:1 app 1
20181128 13:52:27 Obtención correcta ObtenIndicaores usuario:1 app 1
20181128 13:52:28 Obtención correcta objetosdb usuario:1 app 1
20181128 13:52:28 Obtención correcta objetosdb usuario:1 app 1
20181128 13:52:29 Obtención correcta objetosdb usuario:1 app 1
20181128 13:52:38 Obtención correcta objetosdb usuario:1 app 1
20181128 13:52:38 Obtención correcta ObtenIndicaores usuario:1 app 1
20181128 13:52:39 Obtención correcta objetosdb usuario:1 app 1
20181128 13:52:39 Obtención correcta objetosdb usuario:1 app 1
20181128 13:52:40 Obtención correcta objetosdb usuario:1 app 1
20181128 13:52:42 Obtención correcta objetosdb usuario:1 app 1
20181128 13:52:46 Obtención correcta objetosdb usuario:1 app 1
20181128 13:52:51 Obtención correcta objetosdb usuario:1 app 1
20181128 13:52:51 Obtención correcta objetosdb usuario:1 app 1
20181128 13:52:51 Obtención correcta ObtenIndicaores usuario:1 app 1
20181128 13:52:53 Obtención correcta RelacionesTablas usuario:1 app 1
20181128 13:52:54 Obtención correcta objetosdb usuario:1 app 1
20181128 13:52:58 Obtención correcta relaciondetalle usuario:1 app 4
20181128 13:53:00 Obtención correcta relaciondetalle usuario:1 app 8
20181128 13:53:24 Obtención correcta objetosdb usuario:1 app 1
20181128 13:53:24 Obtención correcta ObtenIndicaores usuario:1 app 1
20181128 13:53:25 Obtención correcta objetosdb usuario:1 app 1
20181128 15:32:29 Acceso correcto usuario info
20181128 15:32:29 Obtención correcta areas usuario:1
20181128 15:32:29 Avance correcto proceso 0
20181128 15:32:33 Obtención correcta areas usuario:1
20181128 15:32:36 Obtención correcta aplicaciones usuario:1 area 1
20181128 15:32:38 Obtención correcta objetosdb usuario:1 app 1
20181128 15:32:39 Obtención correcta objetosdb usuario:1 app 1
20181128 15:32:39 Obtención correcta ObtenIndicaores usuario:1 app 1
20181128 15:32:42 Obtención correcta objetosdb usuario:1 app 1
20181128 15:32:43 Obtención correcta RelacionesTablas usuario:1 app 1
20181128 15:35:31 Obtención correcta relaciondetalle usuario:1 app 62
20181128 15:56:28 Acceso correcto usuario info
20181128 15:56:28 Obtención correcta areas usuario:1
20181128 15:56:28 Avance correcto proceso 0
20181128 15:56:31 Obtención correcta areas usuario:1
20181128 15:56:34 Obtención correcta aplicaciones usuario:1 area 1
20181128 15:56:36 Obtención correcta ObtenIndicaores usuario:1 app 1
20181128 15:56:36 Obtención correcta objetosdb usuario:1 app 1
20181128 15:56:38 Obtención correcta objetosdb usuario:1 app 1
20181128 15:56:40 Obtención correcta objetosdb usuario:1 app 1
20181128 15:56:41 Obtención correcta RelacionesTablas usuario:1 app 1
20181128 15:56:47 Obtención correcta relaciondetalle usuario:1 app 62
20181128 15:56:50 Obtención correcta relaciondetalle usuario:1 app 414
20181128 15:57:06 Obtención correcta objetosdb usuario:1 app 1
20181128 15:57:06 Obtención correcta objetosdb usuario:1 app 1
20181128 15:57:06 Obtención correcta objetosdb usuario:1 app 1
20181128 15:57:06 Obtención correcta objetosdb usuario:1 app 1
20181128 15:57:07 Obtención correcta objetosdb usuario:1 app 1
20181128 15:57:07 Obtención correcta ObtenIndicaores usuario:1 app 1
20181128 15:57:07 Obtención correcta ObtenIndicaores usuario:1 app 1
20181128 15:57:07 Obtención correcta ObtenIndicaores usuario:1 app 1
20181128 15:57:07 Obtención correcta ObtenIndicaores usuario:1 app 1
20181128 15:57:08 Obtención correcta objetosdb usuario:1 app 1
20181128 15:57:08 Obtención correcta objetosdb usuario:1 app 1
20181128 15:57:08 Obtención correcta objetosdb usuario:1 app 1
20181128 15:57:08 Obtención correcta RelacionesTablas usuario:1 app 1
20181128 15:57:09 Obtención correcta objetosdb usuario:1 app 1
20181128 15:57:24 Obtención correcta relaciondetalle usuario:1 app 414
20181128 15:57:42 Obtención correcta relaciondetalle usuario:1 app 414
20181128 15:57:45 Obtención correcta relaciondetalle usuario:1 app 19
20181128 15:57:47 Obtención correcta relaciondetalle usuario:1 app 19
20181128 15:57:49 Obtención correcta relaciondetalle usuario:1 app 19
20181128 15:57:51 Obtención correcta relaciondetalle usuario:1 app 217
20181128 15:57:53 Obtención correcta relaciondetalle usuario:1 app 8
20181128 15:58:07 Obtención correcta relaciondetalle usuario:1 app 414
20181128 16:02:21 Acceso correcto usuario info
20181128 16:02:21 Obtención correcta areas usuario:1
20181128 16:02:21 Avance correcto proceso 0
20181128 16:02:26 Obtención correcta areas usuario:1
20181128 16:02:30 Obtención correcta aplicaciones usuario:1 area 1
20181128 16:02:36 Obtención correcta ObtenIndicaores usuario:1 app 1
20181128 16:02:36 Obtención correcta objetosdb usuario:1 app 1
20181128 16:02:37 Obtención correcta objetosdb usuario:1 app 1
20181128 16:02:42 Obtención correcta RelacionesTablas usuario:1 app 1
20181128 16:02:42 Obtención correcta objetosdb usuario:1 app 1
20181128 16:03:00 Obtención correcta relaciondetalle usuario:1 app 414
20181128 16:03:18 Obtención correcta objetosdb usuario:1 app 1
20181128 16:03:18 Obtención correcta objetosdb usuario:1 app 1
20181128 16:03:18 Obtención correcta objetosdb usuario:1 app 1
20181128 16:03:18 Obtención correcta ObtenIndicaores usuario:1 app 1
20181128 16:03:18 Obtención correcta ObtenIndicaores usuario:1 app 1
20181128 16:03:19 Obtención correcta objetosdb usuario:1 app 1
20181128 16:03:20 Obtención correcta objetosdb usuario:1 app 1
20181128 16:03:20 Obtención correcta RelacionesTablas usuario:1 app 1
20181128 16:05:14 Dependencias.ActualizaDiagramaInput string was not in a correct format.
20181128 16:06:21 Obtención correcta relaciondetalle usuario:1 app 414
20181128 16:06:38 Obtención correcta relaciondetalle usuario:1 app 414
20181128 16:06:49 Obtención correcta relaciondetalle usuario:1 app 19
20181128 16:06:52 Obtención correcta relaciondetalle usuario:1 app 62
20181128 16:07:25 Obtención correcta objetosdb usuario:1 app 1
20181128 16:07:26 Obtención correcta objetosdb usuario:1 app 1
20181128 16:07:27 Obtención correcta ObtenIndicaores usuario:1 app 1
20181128 16:07:31 Obtención correcta objetosdb usuario:1 app 1
20181128 16:07:32 Obtención correcta ObtenIndicaores usuario:1 app 1
20181128 16:07:32 Obtención correcta objetosdb usuario:1 app 1
20181128 16:07:32 Obtención correcta objetosdb usuario:1 app 1
20181128 16:07:33 Obtención correcta ObtenIndicaores usuario:1 app 1
20181128 16:07:34 Obtención correcta objetosdb usuario:1 app 1
20181128 16:07:34 Obtención correcta objetosdb usuario:1 app 1
20181128 16:07:34 Obtención correcta RelacionesTablas usuario:1 app 1
20181128 16:07:38 Obtención correcta relaciondetalle usuario:1 app 62
20181128 16:07:41 Obtención correcta relaciondetalle usuario:1 app 414
20181128 16:09:07 Acceso correcto usuario info
20181128 16:09:07 Obtención correcta areas usuario:1
20181128 16:09:08 Avance correcto proceso 0
20181128 16:09:12 Obtención correcta areas usuario:1
20181128 16:09:17 Obtención correcta aplicaciones usuario:1 area 1
20181128 16:09:18 Obtención correcta objetosdb usuario:1 app 1
20181128 16:09:20 Obtención correcta objetosdb usuario:1 app 1
20181128 16:09:21 Obtención correcta ObtenIndicaores usuario:1 app 1
20181128 16:09:22 Obtención correcta RelacionesTablas usuario:1 app 1
20181128 16:09:22 Obtención correcta objetosdb usuario:1 app 1
20181128 16:09:25 Obtención correcta relaciondetalle usuario:1 app 62
20181128 16:09:40 Obtención correcta relaciondetalle usuario:1 app 414
20181128 16:10:09 Obtención correcta objetosdb usuario:1 app 1
20181128 16:10:10 Obtención correcta ObtenIndicaores usuario:1 app 1
20181128 16:10:11 Obtención correcta RelacionesTablas usuario:1 app 1
20181128 16:10:12 Obtención correcta objetosdb usuario:1 app 1
20181128 16:10:13 Obtención correcta objetosdb usuario:1 app 1
20181128 16:13:27 Obtención correcta relaciondetalle usuario:1 app 414
20181128 16:13:45 Obtención correcta objetosdb usuario:1 app 1
20181128 16:13:46 Obtención correcta ObtenIndicaores usuario:1 app 1
20181128 16:13:46 Obtención correcta objetosdb usuario:1 app 1
20181128 16:13:55 Obtención correcta objetosdb usuario:1 app 1
20181128 16:13:55 Obtención correcta objetosdb usuario:1 app 1
20181128 16:13:56 Obtención correcta ObtenIndicaores usuario:1 app 1
20181128 16:13:57 Obtención correcta objetosdb usuario:1 app 1
20181128 16:13:58 Obtención correcta objetosdb usuario:1 app 1
20181128 16:13:59 Obtención correcta ObtenIndicaores usuario:1 app 1
20181128 16:14:02 Obtención correcta objetosdb usuario:1 app 1
20181128 16:14:03 Obtención correcta objetosdb usuario:1 app 1
20181128 16:14:03 Obtención correcta ObtenIndicaores usuario:1 app 1
20181128 16:14:40 Obtención correcta objetosdb usuario:1 app 3
20181128 16:14:41 Obtención correcta ObtenIndicaores usuario:1 app 3
20181128 16:14:42 Obtención correcta objetosdb usuario:1 app 3
20181128 16:14:52 Obtención correcta objetosdb usuario:1 app 3
20181128 16:14:52 Obtención correcta objetosdb usuario:1 app 3
20181128 16:14:57 Obtención correcta objetosdb usuario:1 app 3
20181128 16:14:58 Obtención correcta ObtenIndicaores usuario:1 app 3
20181128 16:14:58 Obtención correcta objetosdb usuario:1 app 3
20181128 16:14:59 Obtención correcta objetosdb usuario:1 app 3
20181128 16:15:00 Obtención correcta objetosdb usuario:1 app 3
20181128 16:15:27 Obtención correcta objetosdb usuario:1 app 3
20181128 16:15:27 Obtención correcta objetosdb usuario:1 app 3
20181128 16:15:28 Obtención correcta ObtenIndicaores usuario:1 app 3
20181128 16:15:28 Obtención correcta ObtenIndicaores usuario:1 app 3
20181128 16:15:28 Obtención correcta objetosdb usuario:1 app 3
20181128 16:15:28 Obtención correcta objetosdb usuario:1 app 3
20181128 16:15:30 Obtención correcta objetosdb usuario:1 app 3
20181128 16:15:30 Obtención correcta objetosdb usuario:1 app 3
20181128 16:15:36 Obtención correcta objetosdb usuario:1 app 3
20181128 16:15:38 Obtención correcta objetosdb usuario:1 app 3
20181128 16:15:39 Obtención correcta ObtenIndicaores usuario:1 app 3
20181128 16:15:45 Obtención correcta objetosdb usuario:1 app 3
20181128 16:15:45 Obtención correcta objetosdb usuario:1 app 3
20181128 16:15:49 Obtención correcta objetosdb usuario:1 app 3
20181128 16:15:49 Obtención correcta ObtenIndicaores usuario:1 app 3
20181128 16:15:50 Obtención correcta objetosdb usuario:1 app 3
20181128 16:15:52 Obtención correcta objetosdb usuario:1 app 3
20181128 16:15:53 Obtención correcta objetosdb usuario:1 app 3
20181128 16:15:56 Obtención correcta objetosdb usuario:1 app 3
20181128 16:15:57 Obtención correcta objetosdb usuario:1 app 3
20181128 16:15:57 Obtención correcta ObtenIndicaores usuario:1 app 3
20181128 16:15:58 Obtención correcta objetosdb usuario:1 app 3
20181128 16:15:58 Obtención correcta objetosdb usuario:1 app 3
20181128 16:16:01 Obtención correcta ObtenIndicaores usuario:1 app 3
20181128 16:16:02 Obtención correcta objetosdb usuario:1 app 3
20181128 16:16:02 Obtención correcta objetosdb usuario:1 app 3
20181128 16:16:04 Obtención incorrecta aplicaciones usuario:1 app 3
20181128 16:16:04 Obtención incorrecta aplicaciones usuario:1 app 3
20181128 16:16:14 Obtención correcta objetosdb usuario:1 app 3
20181128 16:16:15 Obtención correcta ObtenIndicaores usuario:1 app 3
20181128 16:16:15 Obtención correcta objetosdb usuario:1 app 3
20181128 16:16:17 Obtención correcta objetosdb usuario:1 app 3
20181128 16:16:18 Obtención correcta objetosdb usuario:1 app 3
20181128 16:16:18 Obtención correcta ObtenIndicaores usuario:1 app 3
20181128 16:16:20 Obtención correcta objetosdb usuario:1 app 3
20181128 16:16:21 Obtención correcta objetosdb usuario:1 app 3
20181128 16:16:24 Obtención correcta objetosdb usuario:1 app 3
20181128 16:16:24 Obtención correcta objetosdb usuario:1 app 3
20181128 16:16:25 Obtención correcta ObtenIndicaores usuario:1 app 3
20181128 16:16:26 Obtención correcta RelacionesTablas usuario:1 app 3
20181128 16:16:27 Obtención correcta objetosdb usuario:1 app 3
20181128 16:16:33 Obtención correcta relaciondetalle usuario:1 app 414
20181128 16:17:36 Obtención correcta objetosdb usuario:1 app 3
20181128 16:17:37 Obtención correcta ObtenIndicaores usuario:1 app 3
20181128 16:17:38 Obtención correcta objetosdb usuario:1 app 3
20181128 16:17:38 Obtención correcta RelacionesTablas usuario:1 app 3
20181128 16:17:39 Obtención correcta objetosdb usuario:1 app 3
20181128 16:18:03 Obtención correcta relaciondetalle usuario:1 app 62
20181128 16:18:05 Obtención correcta relaciondetalle usuario:1 app 62
20181128 16:18:48 Obtención correcta objetosdb usuario:1 app 3
20181128 16:18:48 Obtención correcta ObtenIndicaores usuario:1 app 3
20181128 16:18:49 Obtención correcta objetosdb usuario:1 app 3
20181128 16:19:57 Obtención correcta objetosdb usuario:1 app 3
20181128 16:19:57 Obtención correcta objetosdb usuario:1 app 3
20181128 16:19:57 Obtención correcta objetosdb usuario:1 app 3
20181128 16:19:57 Obtención correcta objetosdb usuario:1 app 3
20181128 16:19:58 Obtención correcta ObtenIndicaores usuario:1 app 3
20181128 16:19:58 Obtención correcta ObtenIndicaores usuario:1 app 3
20181128 16:20:00 Obtención correcta objetosdb usuario:1 app 3
20181128 16:20:01 Obtención correcta objetosdb usuario:1 app 3
20181128 16:20:04 Obtención correcta ObtenIndicaores usuario:1 app 3
20181128 16:20:04 Obtención correcta ObtenIndicaores usuario:1 app 3
20181128 16:20:05 Obtención correcta objetosdb usuario:1 app 3
20181128 16:20:05 Obtención correcta objetosdb usuario:1 app 3
20181128 16:20:06 Obtención correcta ObtenIndicaores usuario:1 app 3
20181128 16:20:06 Obtención correcta objetosdb usuario:1 app 3
20181128 16:20:06 Obtención correcta objetosdb usuario:1 app 3
20181128 16:20:06 Obtención correcta objetosdb usuario:1 app 3
20181128 16:20:07 Obtención correcta objetosdb usuario:1 app 3
20181128 16:20:07 Obtención correcta ObtenIndicaores usuario:1 app 3
20181128 16:20:07 Obtención correcta objetosdb usuario:1 app 3
20181128 16:20:07 Obtención correcta objetosdb usuario:1 app 3
20181128 16:20:07 Obtención correcta ObtenIndicaores usuario:1 app 3
20181128 16:20:07 Obtención correcta ObtenIndicaores usuario:1 app 3
20181128 16:20:08 Obtención correcta objetosdb usuario:1 app 3
20181128 16:20:08 Obtención correcta objetosdb usuario:1 app 3
20181128 16:20:08 Obtención correcta objetosdb usuario:1 app 3
20181128 16:20:08 Obtención correcta ObtenIndicaores usuario:1 app 3
20181128 16:20:08 Obtención correcta objetosdb usuario:1 app 3
20181128 16:20:16 Obtención correcta areas usuario:1
20181128 16:20:17 Consulta correcta usuario 1
20181128 16:36:22 Acceso correcto usuario info
20181128 16:36:22 Obtención correcta areas usuario:1
20181128 16:36:23 Avance correcto proceso 0
20181128 16:36:28 Obtención correcta areas usuario:1
20181128 16:36:28 Consulta correcta usuario 1
20181128 16:37:40 Obtención correcta areas usuario:1
20181128 16:37:40 Consulta correcta usuario 1
20181128 16:40:31 Acceso correcto usuario info
20181128 16:40:31 Obtención correcta areas usuario:1
20181128 16:40:31 Avance correcto proceso 0
20181128 16:40:35 Obtención correcta areas usuario:1
20181128 16:40:35 Consulta correcta usuario 1
20181128 16:42:40 Obtención correcta areas usuario:1
20181128 16:42:40 Consulta correcta usuario 1
20181128 16:44:06 Acceso correcto usuario info
20181128 16:44:06 Obtención correcta areas usuario:1
20181128 16:44:06 Avance correcto proceso 0
20181128 16:44:16 Acceso correcto usuario info
20181128 16:44:16 Obtención correcta areas usuario:1
20181128 16:44:17 Avance correcto proceso 0
20181128 16:44:28 Acceso correcto usuario info
20181128 16:44:28 Obtención correcta areas usuario:1
20181128 16:44:28 Avance correcto proceso 0
20181128 16:44:31 Obtención correcta areas usuario:1
20181128 16:44:38 Obtención correcta areas usuario:1
20181128 16:44:38 Consulta correcta usuario 1
20181128 16:58:43 Acceso correcto usuario info
20181128 16:58:44 Obtención correcta areas usuario:1
20181128 16:58:44 Avance correcto proceso 0
20181128 16:58:47 Obtención correcta areas usuario:1
20181128 16:58:51 Obtención correcta areas usuario:1
20181128 16:58:51 Consulta correcta usuario 1
20181128 17:00:35 Acceso correcto usuario info
20181128 17:00:35 Obtención correcta areas usuario:1
20181128 17:00:35 Avance correcto proceso 0
20181128 17:00:40 Obtención correcta areas usuario:1
20181128 17:00:40 Consulta correcta usuario 1
20181128 17:01:09 Obtención correcta areas usuario:1
20181128 17:01:12 Obtención correcta aplicaciones usuario:1 area 1
20181128 17:01:15 Obtención correcta objetosdb usuario:1 app 3
20181128 17:01:16 Obtención correcta objetosdb usuario:1 app 3
20181128 17:01:16 Obtención correcta ObtenIndicaores usuario:1 app 3
20181128 17:01:19 Obtención correcta objetosdb usuario:1 app 3
20181128 17:01:19 Obtención correcta RelacionesTablas usuario:1 app 3
20181128 17:01:27 Obtención correcta relaciondetalle usuario:1 app 414
20181128 17:01:43 Obtención correcta objetosdb usuario:1 app 3
20181128 17:01:44 Obtención correcta objetosdb usuario:1 app 3
20181128 17:01:44 Obtención correcta objetosdb usuario:1 app 3
20181128 17:01:45 Obtención correcta objetosdb usuario:1 app 3
20181128 17:01:45 Obtención correcta ObtenIndicaores usuario:1 app 3
20181128 17:01:45 Obtención correcta ObtenIndicaores usuario:1 app 3
20181128 17:01:50 Obtención correcta objetosdb usuario:1 app 3
20181128 17:01:50 Obtención correcta objetosdb usuario:1 app 3
20181128 17:01:50 Obtención correcta objetosdb usuario:1 app 3
20181128 17:01:50 Obtención correcta ObtenIndicaores usuario:1 app 3
20181128 17:01:50 Obtención correcta ObtenIndicaores usuario:1 app 3
20181128 17:01:51 Obtención correcta objetosdb usuario:1 app 3
20181128 17:01:51 Obtención correcta ObtenIndicaores usuario:1 app 3
20181128 17:01:52 Obtención correcta objetosdb usuario:1 app 3
20181128 17:01:52 Obtención correcta objetosdb usuario:1 app 3
20181128 17:01:57 Obtención incorrecta aplicaciones usuario:1 app 3
20181128 17:01:59 Obtención incorrecta aplicaciones usuario:1 app 3
20181128 17:02:00 Obtención correcta objetosdb usuario:1 app 3
20181128 17:02:01 Obtención correcta objetosdb usuario:1 app 3
20181128 17:02:01 Obtención correcta ObtenIndicaores usuario:1 app 3
20181128 17:02:10 Obtención correcta objetosdb usuario:1 app 3
20181128 17:02:11 Obtención correcta RelacionesTablas usuario:1 app 3
20181128 17:02:35 Obtención correcta areas usuario:1
20181128 17:02:36 Consulta correcta usuario 1
20181128 17:03:46 Obtención correcta areas usuario:1
20181128 17:04:51 Obtención correcta areas usuario:1
20181128 17:04:53 Obtención correcta areas usuario:1
20181128 17:04:53 Avance correcto proceso 0
20181128 17:05:01 Obtención correcta areas usuario:1
20181128 17:05:01 Consulta correcta usuario 1
20181128 17:08:00 Obtención correcta areas usuario:1
20181128 17:08:00 Consulta correcta usuario 1
20181128 17:09:33 Obtención correcta areas usuario:1
20181128 17:09:37 Obtención correcta aplicaciones usuario:1 area 1
20181128 17:09:39 Obtención correcta objetosdb usuario:1 app 1
20181128 17:09:40 Obtención correcta ObtenIndicaores usuario:1 app 1
20181128 17:09:41 Obtención correcta objetosdb usuario:1 app 1
20181128 17:09:41 Obtención correcta objetosdb usuario:1 app 1
20181128 17:09:42 Obtención correcta RelacionesTablas usuario:1 app 1
20181128 17:11:48 Obtención correcta relaciondetalle usuario:1 app 414
20181128 17:12:48 Obtención correcta relaciondetalle usuario:1 app 19
20181128 17:12:53 Obtención correcta relaciondetalle usuario:1 app 229
20181128 17:12:57 Obtención correcta objetosdb usuario:1 app 1
20181128 17:12:59 Obtención correcta objetosdb usuario:1 app 1
20181128 17:12:59 Obtención correcta ObtenIndicaores usuario:1 app 1
20181128 17:12:59 Obtención correcta RelacionesTablas usuario:1 app 1
20181128 17:13:00 Obtención correcta objetosdb usuario:1 app 1
20181128 17:13:12 Obtención correcta objetosdb usuario:1 app 1
20181128 17:13:13 Obtención correcta ObtenIndicaores usuario:1 app 1
20181128 17:13:13 Obtención correcta objetosdb usuario:1 app 1
20181128 17:13:15 Obtención correcta RelacionesTablas usuario:1 app 1
20181128 17:13:16 Obtención correcta objetosdb usuario:1 app 1
20181128 17:13:30 Obtención correcta relaciondetalle usuario:1 app 414
20181128 17:13:58 Obtención correcta areas usuario:1
20181128 17:13:59 Consulta correcta usuario 1
20181128 17:14:13 Obtención correcta areas usuario:1
20181128 17:14:16 Obtención correcta aplicaciones usuario:1 area 1
20181128 17:14:18 Obtención correcta objetosdb usuario:1 app 3
20181128 17:14:18 Obtención correcta ObtenIndicaores usuario:1 app 3
20181128 17:14:19 Obtención correcta objetosdb usuario:1 app 3
20181128 17:14:40 Obtención correcta objetosdb usuario:1 app 3
20181128 17:14:41 Obtención correcta objetosdb usuario:1 app 3
20181128 17:14:44 Obtención correcta ObtenIndicaores usuario:1 app 3
20181128 17:14:45 Obtención correcta objetosdb usuario:1 app 3
20181128 17:14:45 Obtención correcta objetosdb usuario:1 app 3
20181128 17:14:46 Obtención correcta objetosdb usuario:1 app 3
20181128 17:14:46 Obtención correcta ObtenIndicaores usuario:1 app 3
20181128 17:14:47 Obtención correcta objetosdb usuario:1 app 3
20181128 17:14:47 Obtención correcta objetosdb usuario:1 app 3
20181128 17:14:48 Obtención correcta objetosdb usuario:1 app 3
20181128 17:15:10 Obtención correcta objetosdb usuario:1 app 3
20181128 17:15:11 Obtención correcta objetosdb usuario:1 app 3
20181128 17:15:11 Obtención correcta ObtenIndicaores usuario:1 app 3
20181128 17:15:13 Obtención correcta objetosdb usuario:1 app 3
20181128 17:15:14 Obtención correcta objetosdb usuario:1 app 3
20181128 17:15:17 Obtención correcta ObtenIndicaores usuario:1 app 3
20181128 17:15:18 Obtención correcta objetosdb usuario:1 app 3
20181128 17:15:18 Obtención correcta objetosdb usuario:1 app 3
20181128 17:17:29 Obtención correcta objetosdb usuario:1 app 3
20181128 17:17:30 Obtención correcta ObtenIndicaores usuario:1 app 3
20181128 17:17:32 Obtención correcta objetosdb usuario:1 app 3
20181128 17:17:35 Obtención correcta ObtenIndicaores usuario:1 app 3
20181128 17:17:35 Obtención correcta objetosdb usuario:1 app 3
20181128 17:17:36 Obtención correcta objetosdb usuario:1 app 3
20181128 17:17:36 Obtención correcta objetosdb usuario:1 app 3
20181128 17:17:36 Obtención correcta objetosdb usuario:1 app 3
20181128 17:17:37 Obtención correcta ObtenIndicaores usuario:1 app 3
20181128 17:17:41 Obtención correcta objetosdb usuario:1 app 3
20181128 17:17:42 Obtención correcta objetosdb usuario:1 app 3
20181128 17:17:51 Obtención correcta objetosdb usuario:1 app 3
20181128 17:17:51 Obtención correcta objetosdb usuario:1 app 3
20181128 17:17:52 Obtención correcta ObtenIndicaores usuario:1 app 3
20181128 17:17:52 Obtención correcta ObtenIndicaores usuario:1 app 3
20181128 17:17:52 Obtención correcta objetosdb usuario:1 app 3
20181128 17:17:52 Obtención correcta objetosdb usuario:1 app 3
20181128 17:17:53 Obtención correcta objetosdb usuario:1 app 3
20181128 17:17:54 Obtención correcta RelacionesTablas usuario:1 app 3
20181128 17:18:14 Obtención correcta relaciondetalle usuario:1 app 414
20181128 17:19:24 Obtención correcta areas usuario:1
20181128 17:19:24 Consulta correcta usuario 1
20181128 17:19:43 Obtención correcta areas usuario:1
20181128 17:19:43 Avance correcto proceso 0
20181128 17:42:50 Acceso correcto usuario info
20181128 17:42:50 Obtención correcta areas usuario:1
20181128 17:42:50 Avance correcto proceso 0
20181128 17:42:54 Obtención correcta areas usuario:1
20181128 17:42:57 Obtención correcta aplicaciones usuario:1 area 1
20181128 17:42:59 Obtención correcta objetosdb usuario:1 app 1
20181128 17:42:59 Obtención correcta ObtenIndicaores usuario:1 app 1
20181128 17:43:01 Obtención correcta objetosdb usuario:1 app 1
20181128 17:43:22 Obtención correcta RelacionesTablas usuario:1 app 1
20181128 17:43:23 Obtención correcta objetosdb usuario:1 app 1
20181128 17:44:02 Obtención correcta relaciondetalle usuario:1 app 414
20181128 17:44:19 Obtención correcta relaciondetalle usuario:1 app 19
20181128 17:44:29 Obtención correcta objetosdb usuario:1 app 1
20181128 17:44:30 Obtención correcta objetosdb usuario:1 app 1
20181128 17:44:31 Obtención correcta ObtenIndicaores usuario:1 app 1
20181128 17:45:22 Obtención correcta RelacionesTablas usuario:1 app 1
20181128 17:45:23 Obtención correcta objetosdb usuario:1 app 1
20181128 17:48:49 Dependencias.ActualizaDiagramaInput string was not in a correct format.
20181128 17:48:50 Dependencias.ActualizaDiagramaInput string was not in a correct format.
20181128 19:34:10 Acceso correcto usuario info
20181128 19:34:10 Obtención correcta areas usuario:1
20181128 19:34:10 Avance correcto proceso 0
20181128 19:34:14 Obtención correcta areas usuario:1
20181128 19:34:18 Obtención correcta aplicaciones usuario:1 area 1
20181128 19:34:20 Obtención correcta objetosdb usuario:1 app 1
20181128 19:34:21 Obtención correcta ObtenIndicaores usuario:1 app 1
20181128 19:34:23 Obtención correcta objetosdb usuario:1 app 1
20181128 19:34:24 Obtención correcta RelacionesTablas usuario:1 app 1
20181128 19:34:25 Obtención correcta objetosdb usuario:1 app 1
20181128 19:34:49 Obtención correcta relaciondetalle usuario:1 app 414
20181128 19:35:02 Obtención correcta areas usuario:1
20181128 19:35:03 Consulta correcta usuario 1
20181128 19:35:30 Obtención correcta areas usuario:1
20181128 19:38:04 Acceso correcto usuario info
20181128 19:38:04 Obtención correcta areas usuario:1
20181128 19:38:04 Avance correcto proceso 0
20181128 19:38:09 Obtención correcta areas usuario:1
20181128 19:38:10 Consulta correcta usuario 1
20181128 19:38:33 Obtención correcta aplicaciones usuario:1 area 1
20181128 19:38:46 Obtención correcta areas usuario:1
20181128 19:38:53 Obtención correcta aplicaciones usuario:1 area 1
20181128 19:38:55 Obtención correcta objetosdb usuario:1 app 1
20181128 19:38:56 Obtención correcta ObtenIndicaores usuario:1 app 1
20181128 19:38:56 Obtención correcta objetosdb usuario:1 app 1
20181128 19:39:06 Obtención correcta objetosdb usuario:1 app 3
20181128 19:39:07 Obtención correcta objetosdb usuario:1 app 3
20181128 19:39:07 Obtención correcta ObtenIndicaores usuario:1 app 3
20181128 19:39:17 Obtención correcta objetosdb usuario:1 app 3
20181128 19:39:18 Obtención correcta objetosdb usuario:1 app 3
20181128 19:39:31 Obtención correcta objetosdb usuario:1 app 3
20181128 19:39:45 Obtención correcta objetosdb usuario:1 app 3
20181128 19:39:51 Obtención correcta objetosdb usuario:1 app 3
20181128 19:41:04 Obtención correcta objetosdb usuario:1 app 3
20181128 19:41:06 Obtención correcta objetosdb usuario:1 app 3
20181128 19:41:10 Obtención correcta objetosdb usuario:1 app 3
20181128 19:41:28 Obtención incorrecta aplicaciones usuario:1 app 3
20181128 19:41:28 Obtención incorrecta aplicaciones usuario:1 app 3
20181128 19:43:53 Obtención correcta ObtenIndicaores usuario:1 app 3
20181128 19:43:53 Obtención correcta objetosdb usuario:1 app 3
20181128 19:43:54 Obtención correcta objetosdb usuario:1 app 3
20181128 19:44:01 Obtención correcta objetosdb usuario:1 app 3
20181128 19:44:05 Obtención correcta objetosdb usuario:1 app 3
20181128 19:44:29 Obtención incorrecta aplicaciones usuario:1 app 3
20181128 19:46:11 Obtención incorrecta aplicaciones usuario:1 app 3
20181128 19:47:26 Acceso correcto usuario info
20181128 19:47:26 Obtención correcta areas usuario:1
20181128 19:47:26 Avance correcto proceso 0
20181128 19:47:32 Obtención correcta areas usuario:1
20181128 19:47:37 Obtención correcta aplicaciones usuario:1 area 1
20181128 19:47:39 Obtención correcta objetosdb usuario:1 app 3
20181128 19:47:40 Obtención correcta ObtenIndicaores usuario:1 app 3
20181128 19:47:41 Obtención correcta objetosdb usuario:1 app 3
20181128 19:48:10 Obtención correcta objetosdb usuario:1 app 3
20181128 19:48:15 Obtención correcta objetosdb usuario:1 app 3
20181128 19:48:22 Obtención incorrecta aplicaciones usuario:1 app 3
20181128 19:48:23 Obtención incorrecta aplicaciones usuario:1 app 3
20181128 19:48:27 Obtención correcta objetosdb usuario:1 app 3
20181128 19:48:27 Obtención correcta objetosdb usuario:1 app 3
20181128 19:48:27 Obtención correcta ObtenIndicaores usuario:1 app 3
20181128 19:48:39 Obtención correcta objetosdb usuario:1 app 3
20181128 19:48:39 Obtención correcta objetosdb usuario:1 app 3
20181128 19:48:42 Obtención correcta objetosdb usuario:1 app 3
20181128 19:48:43 Obtención correcta ObtenIndicaores usuario:1 app 3
20181128 19:48:43 Obtención correcta objetosdb usuario:1 app 3
20181128 19:48:45 Obtención correcta objetosdb usuario:1 app 3
20181128 19:48:46 Obtención correcta objetosdb usuario:1 app 3
20181128 19:48:55 Obtención correcta ObtenIndicaores usuario:1 app 3
20181128 19:48:55 Obtención correcta objetosdb usuario:1 app 3
20181128 19:48:56 Obtención correcta objetosdb usuario:1 app 3
20181128 19:49:09 Obtención correcta objetosdb usuario:1 app 3
20181128 19:49:09 Obtención correcta objetosdb usuario:1 app 3
20181128 19:49:37 Obtención incorrecta aplicaciones usuario:1 app 3
20181128 19:49:38 Obtención incorrecta aplicaciones usuario:1 app 3
20181128 19:49:41 Obtención correcta ObtenIndicaores usuario:1 app 3
20181128 19:49:42 Obtención correcta objetosdb usuario:1 app 3
20181128 19:49:42 Obtención correcta objetosdb usuario:1 app 3
20181128 19:49:45 Obtención incorrecta aplicaciones usuario:1 app 3
20181128 19:49:45 Obtención incorrecta aplicaciones usuario:1 app 3
20181128 19:49:49 Obtención correcta objetosdb usuario:1 app 3
20181128 19:49:50 Obtención correcta ObtenIndicaores usuario:1 app 3
20181128 19:49:50 Obtención correcta objetosdb usuario:1 app 3
20181128 19:49:59 Obtención correcta objetosdb usuario:1 app 3
20181128 19:50:00 Obtención correcta ObtenIndicaores usuario:1 app 3
20181128 19:50:00 Obtención correcta objetosdb usuario:1 app 3
20181128 19:50:13 Obtención correcta objetosdb usuario:1 app 3
20181128 19:50:13 Obtención correcta RelacionesTablas usuario:1 app 3
20181128 19:50:31 Obtención correcta relaciondetalle usuario:1 app 414
20181128 19:50:39 Obtención correcta relaciondetalle usuario:1 app 62
20181128 19:51:01 Obtención correcta ObtenIndicaores usuario:1 app 3
20181128 19:51:01 Obtención correcta ObtenIndicaores usuario:1 app 3
20181128 19:51:01 Obtención correcta objetosdb usuario:1 app 3
20181128 19:51:01 Obtención correcta objetosdb usuario:1 app 3
20181128 19:51:03 Obtención correcta objetosdb usuario:1 app 3
20181128 19:51:03 Obtención correcta objetosdb usuario:1 app 3
20181128 19:52:45 Acceso correcto usuario info
20181128 19:52:46 Obtención correcta areas usuario:1
20181128 19:52:46 Avance correcto proceso 0
20181128 19:52:52 Obtención correcta areas usuario:1
20181128 19:53:01 Obtención correcta aplicaciones usuario:1 area 1
20181128 19:53:03 Obtención correcta objetosdb usuario:1 app 1
20181128 19:53:04 Obtención correcta ObtenIndicaores usuario:1 app 1
20181128 19:53:05 Obtención correcta objetosdb usuario:1 app 1
20181128 19:53:34 Obtención correcta areas usuario:1
20181128 19:53:58 Acceso correcto usuario info
20181128 19:53:58 Obtención correcta areas usuario:1
20181128 19:53:58 Avance correcto proceso 0
20181128 19:54:04 Obtención correcta areas usuario:1
20181128 19:54:09 Obtención correcta aplicaciones usuario:1 area 1
20181128 19:54:11 Obtención correcta objetosdb usuario:1 app 1
20181128 19:54:11 Obtención correcta objetosdb usuario:1 app 1
20181128 19:54:12 Obtención correcta ObtenIndicaores usuario:1 app 1
20181128 19:54:20 Obtención correcta objetosdb usuario:1 app 1
20181128 19:54:20 Obtención correcta objetosdb usuario:1 app 1
20181128 19:54:44 Obtención correcta objetosdb usuario:1 app 1
20181128 19:54:44 Obtención correcta objetosdb usuario:1 app 1
20181128 19:54:45 Obtención correcta ObtenIndicaores usuario:1 app 1
20181128 19:54:47 Obtención correcta objetosdb usuario:1 app 1
20181128 19:54:47 Obtención correcta objetosdb usuario:1 app 1
20181128 19:55:09 Obtención correcta ObtenIndicaores usuario:1 app 1
20181128 19:55:09 Obtención correcta objetosdb usuario:1 app 1
20181128 19:55:11 Obtención correcta objetosdb usuario:1 app 1
20181128 19:55:39 Obtención correcta areas usuario:1
20181128 19:55:50 Acceso correcto usuario info
20181128 19:55:50 Obtención correcta areas usuario:1
20181128 19:55:50 Avance correcto proceso 0
20181128 19:55:53 Obtención correcta areas usuario:1
20181128 19:55:55 Obtención correcta aplicaciones usuario:1 area 1
20181128 19:55:58 Obtención correcta objetosdb usuario:1 app 3
20181128 19:55:58 Obtención correcta objetosdb usuario:1 app 3
20181128 19:55:59 Obtención correcta ObtenIndicaores usuario:1 app 3
20181128 19:56:42 Obtención correcta objetosdb usuario:1 app 3
20181128 19:56:42 Obtención correcta objetosdb usuario:1 app 3
20181128 19:56:58 Obtención correcta objetosdb usuario:1 app 3
20181128 19:57:00 Obtención correcta objetosdb usuario:1 app 3
20181128 19:57:03 Obtención correcta objetosdb usuario:1 app 3
20181128 19:57:16 Obtención correcta objetosdb usuario:1 app 3
20181128 19:57:29 Obtención correcta objetosdb usuario:1 app 3
20181128 19:57:30 Obtención correcta objetosdb usuario:1 app 3
20181128 19:57:30 Obtención correcta ObtenIndicaores usuario:1 app 3
20181128 19:58:07 Obtención correcta objetosdb usuario:1 app 3
20181128 19:58:07 Obtención correcta objetosdb usuario:1 app 3
20181128 19:58:11 Obtención correcta objetosdb usuario:1 app 3
20181128 19:58:12 Obtención correcta ObtenIndicaores usuario:1 app 3
20181128 19:58:12 Obtención correcta objetosdb usuario:1 app 3
20181128 19:58:14 Obtención correcta objetosdb usuario:1 app 3
20181128 19:58:15 Obtención correcta objetosdb usuario:1 app 3
20181128 19:58:23 Obtención correcta objetosdb usuario:1 app 3
20181128 19:58:24 Obtención correcta ObtenIndicaores usuario:1 app 3
20181128 19:58:25 Obtención correcta objetosdb usuario:1 app 3
20181128 19:58:37 Obtención correcta objetosdb usuario:1 app 3
20181128 19:58:37 Obtención correcta objetosdb usuario:1 app 3
20181128 19:58:39 Obtención correcta objetosdb usuario:1 app 3
20181128 19:58:40 Obtención correcta ObtenIndicaores usuario:1 app 3
20181128 19:58:40 Obtención correcta objetosdb usuario:1 app 3
20181128 19:58:42 Obtención correcta objetosdb usuario:1 app 3
20181128 19:58:43 Obtención correcta ObtenIndicaores usuario:1 app 3
20181128 19:58:43 Obtención correcta objetosdb usuario:1 app 3
20181128 19:58:47 Obtención correcta objetosdb usuario:1 app 1
20181128 19:58:48 Obtención correcta objetosdb usuario:1 app 1
20181128 19:58:48 Obtención correcta ObtenIndicaores usuario:1 app 1
20181128 19:58:51 Obtención correcta objetosdb usuario:1 app 1
20181128 19:58:52 Obtención correcta objetosdb usuario:1 app 1
20181128 19:58:53 Obtención correcta objetosdb usuario:1 app 1
20181128 19:58:53 Obtención correcta objetosdb usuario:1 app 1
20181128 19:58:54 Obtención correcta ObtenIndicaores usuario:1 app 1
20181128 19:58:54 Obtención correcta objetosdb usuario:1 app 1
20181128 19:58:55 Obtención correcta objetosdb usuario:1 app 1
20181128 19:58:56 Obtención correcta objetosdb usuario:1 app 1
20181128 19:58:56 Obtención correcta objetosdb usuario:1 app 1
20181128 19:58:57 Obtención correcta ObtenIndicaores usuario:1 app 1
20181128 19:58:57 Obtención correcta objetosdb usuario:1 app 1
20181128 19:58:57 Obtención correcta objetosdb usuario:1 app 1
20181128 19:58:59 Obtención correcta objetosdb usuario:1 app 1
20181128 19:58:59 Obtención correcta objetosdb usuario:1 app 1
20181128 19:59:00 Obtención correcta ObtenIndicaores usuario:1 app 1
20181128 19:59:01 Obtención correcta objetosdb usuario:1 app 1
20181128 19:59:01 Obtención correcta objetosdb usuario:1 app 1
20181128 19:59:03 Obtención correcta ObtenIndicaores usuario:1 app 1
20181128 19:59:03 Obtención correcta objetosdb usuario:1 app 1
20181128 19:59:03 Obtención correcta objetosdb usuario:1 app 1
20181128 19:59:06 Obtención correcta objetosdb usuario:1 app 1
20181128 19:59:07 Obtención correcta objetosdb usuario:1 app 1
20181128 19:59:08 Obtención correcta objetosdb usuario:1 app 1
20181128 19:59:08 Obtención correcta objetosdb usuario:1 app 1
20181128 19:59:09 Obtención correcta ObtenIndicaores usuario:1 app 1
20181128 19:59:09 Obtención correcta objetosdb usuario:1 app 1
20181128 19:59:10 Obtención correcta RelacionesTablas usuario:1 app 1
20181128 19:59:12 Obtención correcta objetosdb usuario:1 app 1
20181128 19:59:13 Obtención correcta objetosdb usuario:1 app 1
20181128 19:59:14 Obtención correcta ObtenIndicaores usuario:1 app 1
20181128 19:59:20 Obtención correcta objetosdb usuario:1 app 1
20181128 19:59:20 Obtención correcta objetosdb usuario:1 app 1
20181128 19:59:28 Obtención incorrecta aplicaciones usuario:1 app 1
20181128 19:59:29 Obtención incorrecta aplicaciones usuario:1 app 1
20181128 19:59:32 Obtención correcta objetosdb usuario:1 app 1
20181128 19:59:34 Obtención correcta objetosdb usuario:1 app 1
20181128 19:59:34 Obtención correcta objetosdb usuario:1 app 1
20181128 19:59:35 Obtención correcta objetosdb usuario:1 app 1
20181128 19:59:35 Obtención correcta ObtenIndicaores usuario:1 app 1
20181128 19:59:42 Obtención incorrecta aplicaciones usuario:1 app 1
20181128 19:59:42 Obtención incorrecta aplicaciones usuario:1 app 1
20181128 19:59:44 Obtención correcta objetosdb usuario:1 app 1
20181128 19:59:45 Obtención correcta objetosdb usuario:1 app 1
20181128 19:59:45 Obtención correcta ObtenIndicaores usuario:1 app 1
20181128 19:59:49 Obtención correcta objetosdb usuario:1 app 1
20181128 19:59:49 Obtención correcta objetosdb usuario:1 app 1
20181128 19:59:53 Obtención incorrecta aplicaciones usuario:1 app 1
20181128 19:59:53 Obtención incorrecta aplicaciones usuario:1 app 1
20181128 20:00:03 Obtención correcta objetosdb usuario:1 app 1
20181128 20:00:03 Obtención correcta ObtenIndicaores usuario:1 app 1
20181128 20:00:04 Obtención correcta objetosdb usuario:1 app 1
20181128 20:00:50 Obtención correcta objetosdb usuario:1 app 1
20181128 20:00:50 Obtención correcta objetosdb usuario:1 app 1
20181128 20:00:57 Obtención correcta objetosdb usuario:1 app 1
20181128 20:00:57 Obtención correcta objetosdb usuario:1 app 1
20181128 20:00:58 Obtención correcta ObtenIndicaores usuario:1 app 1
20181128 20:01:07 Obtención correcta objetosdb usuario:1 app 1
20181128 20:01:07 Obtención correcta objetosdb usuario:1 app 1
20181128 20:01:25 Obtención incorrecta aplicaciones usuario:1 app 1
20181128 20:01:25 Obtención incorrecta aplicaciones usuario:1 app 1
20181128 20:01:30 Obtención correcta objetosdb usuario:1 app 1
20181128 20:01:30 Obtención correcta ObtenIndicaores usuario:1 app 1
20181128 20:01:30 Obtención correcta objetosdb usuario:1 app 1
20181128 20:01:30 Obtención correcta objetosdb usuario:1 app 1
20181128 20:01:31 Obtención correcta objetosdb usuario:1 app 1
20181128 20:01:31 Obtención correcta ObtenIndicaores usuario:1 app 1
20181128 20:01:34 Obtención correcta objetosdb usuario:1 app 1
20181128 20:01:35 Obtención correcta objetosdb usuario:1 app 1
20181128 20:01:38 Obtención correcta objetosdb usuario:1 app 1
20181128 20:01:39 Obtención correcta ObtenIndicaores usuario:1 app 1
20181128 20:01:39 Obtención correcta objetosdb usuario:1 app 1
20181128 20:01:43 Obtención correcta objetosdb usuario:1 app 1
20181128 20:01:45 Obtención correcta objetosdb usuario:1 app 1
20181128 20:01:48 Obtención correcta ObtenIndicaores usuario:1 app 1
20181128 20:01:48 Obtención correcta objetosdb usuario:1 app 1
20181128 20:01:50 Obtención correcta objetosdb usuario:1 app 1
20181128 20:01:51 Obtención correcta objetosdb usuario:1 app 1
20181128 20:01:52 Obtención correcta objetosdb usuario:1 app 1
20181128 20:01:54 Obtención correcta objetosdb usuario:1 app 1
20181128 20:01:55 Obtención correcta objetosdb usuario:1 app 1
20181128 20:01:55 Obtención correcta ObtenIndicaores usuario:1 app 1
20181128 20:02:00 Obtención correcta objetosdb usuario:1 app 1
20181128 20:02:00 Obtención correcta objetosdb usuario:1 app 1
20181128 20:14:50 Acceso correcto usuario info
20181128 20:14:50 Obtención correcta areas usuario:1
20181128 20:14:50 Avance correcto proceso 0
20181128 20:14:56 Obtención correcta areas usuario:1
20181128 20:15:15 Obtención correcta aplicaciones usuario:1 area 1
20181128 20:15:16 Obtención correcta objetosdb usuario:1 app 1
20181128 20:15:17 Obtención correcta ObtenIndicaores usuario:1 app 1
20181128 20:15:18 Obtención correcta objetosdb usuario:1 app 1
20181128 20:16:33 Obtención correcta objetosdb usuario:1 app 1
20181128 20:16:39 Obtención correcta objetosdb usuario:1 app 1
20181128 20:16:48 Obtención correcta objetosdb usuario:1 app 1
20181128 20:17:00 Obtención correcta objetosdb usuario:1 app 1
20181128 20:17:01 Obtención correcta ObtenIndicaores usuario:1 app 1
20181128 20:17:03 Obtención correcta objetosdb usuario:1 app 1
20181128 20:18:48 Obtención correcta objetosdb usuario:1 app 1
20181128 20:18:48 Obtención correcta objetosdb usuario:1 app 1
20181128 20:18:52 Obtención correcta objetosdb usuario:1 app 1
20181128 20:18:53 Obtención correcta ObtenIndicaores usuario:1 app 1
20181128 20:18:53 Obtención correcta objetosdb usuario:1 app 1
20181128 20:18:55 Obtención correcta objetosdb usuario:1 app 1
20181128 20:18:56 Obtención correcta objetosdb usuario:1 app 1
20181128 20:21:09 Acceso correcto usuario info
20181128 20:21:10 Obtención correcta areas usuario:1
20181128 20:21:10 Avance correcto proceso 0
20181128 20:21:20 Obtención correcta areas usuario:1
20181128 20:21:33 Obtención correcta aplicaciones usuario:1 area 1
20181128 20:21:35 Obtención correcta objetosdb usuario:1 app 1
20181128 20:21:36 Obtención correcta ObtenIndicaores usuario:1 app 1
20181128 20:21:37 Obtención correcta objetosdb usuario:1 app 1
20181128 20:21:41 Obtención correcta objetosdb usuario:1 app 1
20181128 20:21:41 Obtención correcta objetosdb usuario:1 app 1
20181128 20:21:47 Obtención correcta objetosdb usuario:1 app 1
20181128 20:21:47 Obtención correcta ObtenIndicaores usuario:1 app 1
20181128 20:21:48 Obtención correcta objetosdb usuario:1 app 1
20181128 20:21:54 Obtención correcta objetosdb usuario:1 app 1
20181128 20:21:55 Obtención correcta objetosdb usuario:1 app 1
20181128 20:21:57 Obtención correcta objetosdb usuario:1 app 1
20181128 20:21:58 Obtención correcta ObtenIndicaores usuario:1 app 1
20181128 20:21:59 Obtención correcta objetosdb usuario:1 app 1
20181128 20:21:59 Obtención correcta objetosdb usuario:1 app 1
20181128 20:22:00 Obtención correcta objetosdb usuario:1 app 1
20181128 20:22:01 Obtención correcta objetosdb usuario:1 app 1
20181128 20:22:01 Obtención correcta ObtenIndicaores usuario:1 app 1
20181128 20:22:02 Obtención correcta objetosdb usuario:1 app 1
20181128 20:22:02 Obtención correcta objetosdb usuario:1 app 1
20181128 20:22:03 Obtención correcta objetosdb usuario:1 app 1
20181128 20:22:06 Obtención correcta objetosdb usuario:1 app 1
20181128 20:22:07 Obtención correcta ObtenIndicaores usuario:1 app 1
20181128 20:22:07 Obtención correcta objetosdb usuario:1 app 1
20181128 20:22:09 Obtención correcta objetosdb usuario:1 app 1
20181128 20:22:10 Obtención correcta objetosdb usuario:1 app 1
20181128 20:22:11 Obtención correcta objetosdb usuario:1 app 1
20181128 20:22:12 Obtención correcta objetosdb usuario:1 app 1
20181128 20:22:13 Obtención correcta ObtenIndicaores usuario:1 app 1
20181128 20:22:14 Obtención correcta objetosdb usuario:1 app 1
20181128 20:22:15 Obtención correcta objetosdb usuario:1 app 1
20181128 20:22:16 Obtención correcta objetosdb usuario:1 app 1
20181128 20:22:16 Obtención correcta ObtenIndicaores usuario:1 app 1
20181128 20:22:17 Obtención correcta objetosdb usuario:1 app 1
20181128 20:22:20 Obtención correcta objetosdb usuario:1 app 1
20181128 20:22:20 Obtención correcta RelacionesTablas usuario:1 app 1
20181128 20:22:47 Obtención correcta relaciondetalle usuario:1 app 414
20181128 20:22:58 Obtención correcta relaciondetalle usuario:1 app 414
20181128 20:23:13 Obtención correcta objetosdb usuario:1 app 1
20181128 20:23:14 Obtención correcta ObtenIndicaores usuario:1 app 1
20181128 20:23:14 Obtención correcta objetosdb usuario:1 app 1
20181128 20:23:17 Obtención correcta ObtenIndicaores usuario:1 app 1
20181128 20:23:17 Obtención correcta objetosdb usuario:1 app 1
20181128 20:23:18 Obtención correcta objetosdb usuario:1 app 1
20181128 20:32:27 Obtención correcta objetosdb usuario:1 app 1
20181128 20:32:28 Obtención correcta ObtenIndicaores usuario:1 app 1
20181128 20:32:28 Obtención correcta objetosdb usuario:1 app 1
20181128 20:32:36 Obtención correcta objetosdb usuario:1 app 1
20181128 20:32:37 Obtención correcta ObtenIndicaores usuario:1 app 1
20181128 20:32:37 Obtención correcta objetosdb usuario:1 app 1
20181128 21:06:35 Acceso correcto usuario info
20181128 21:06:35 Obtención correcta areas usuario:1
20181128 21:06:35 Avance correcto proceso 0
20181128 21:06:42 Obtención correcta areas usuario:1
20181128 21:06:47 Obtención correcta aplicaciones usuario:1 area 1
20181128 21:06:48 Obtención correcta objetosdb usuario:1 app 1
20181128 21:06:49 Obtención correcta ObtenIndicaores usuario:1 app 1
20181128 21:06:50 Obtención correcta objetosdb usuario:1 app 1
20181128 21:06:55 Obtención correcta ObtenIndicaores usuario:1 app 1
20181128 21:06:55 Obtención correcta objetosdb usuario:1 app 1
20181128 21:06:56 Obtención correcta objetosdb usuario:1 app 1
20181128 21:07:02 BaseDatos.GetResultStoredSQLReader Procedure or function Sp_ObtenObjetosDBD4 has too many arguments specified. 8144 Sp_ObtenObjetosDBD4 0 2
20181128 21:07:02 Aplicacion.ObtenObjetosDB Object reference not set to an instance of an object.
20181128 21:08:00 Obtención correcta objetosdb usuario:1 app 1
20181128 21:08:01 Obtención correcta ObtenIndicaores usuario:1 app 1
20181128 21:08:02 Obtención correcta objetosdb usuario:1 app 1
20181128 21:08:03 BaseDatos.GetResultStoredSQLReader Procedure or function Sp_ObtenObjetosDBD4 has too many arguments specified. 8144 Sp_ObtenObjetosDBD4 0 2
20181128 21:08:03 Aplicacion.ObtenObjetosDB Object reference not set to an instance of an object.
20181128 21:08:55 Obtención correcta objetosdb usuario:1 app 1
20181128 21:08:56 Obtención correcta ObtenIndicaores usuario:1 app 1
20181128 21:08:57 Obtención correcta objetosdb usuario:1 app 1
20181128 21:08:59 Obtención correcta objetosdb usuario:1 app 1
20181128 21:09:02 Obtención incorrecta aplicaciones usuario:1 app 1
20181128 21:09:08 Obtención incorrecta aplicaciones usuario:1 app 1
20181128 21:09:10 Obtención correcta objetosdb usuario:1 app 1
20181128 21:09:10 Obtención correcta objetosdb usuario:1 app 1
20181128 21:09:11 Obtención correcta ObtenIndicaores usuario:1 app 1
20181128 21:09:12 Obtención correcta objetosdb usuario:1 app 1
20181128 21:09:15 Obtención correcta objetosdb usuario:1 app 1
20181128 21:09:17 Obtención correcta objetosdb usuario:1 app 1
20181128 21:09:20 Obtención correcta objetosdb usuario:1 app 1
20181128 21:09:21 Obtención correcta objetosdb usuario:1 app 1
20181128 21:09:23 Obtención correcta objetosdb usuario:1 app 1
20181128 21:09:26 Obtención correcta objetosdb usuario:1 app 1
20181128 21:09:32 Obtención incorrecta aplicaciones usuario:1 app 1
20181128 21:11:55 Acceso correcto usuario info
20181128 21:11:55 Obtención correcta areas usuario:1
20181128 21:11:55 Avance correcto proceso 0
20181128 21:12:04 Obtención correcta areas usuario:1
20181128 21:12:07 Obtención correcta aplicaciones usuario:1 area 1
20181128 21:12:09 Obtención correcta objetosdb usuario:1 app 1
20181128 21:12:09 Obtención correcta objetosdb usuario:1 app 1
20181128 21:12:10 Obtención correcta ObtenIndicaores usuario:1 app 1
20181128 21:12:14 Obtención correcta objetosdb usuario:1 app 1
20181128 21:12:15 Obtención correcta objetosdb usuario:1 app 1
20181128 21:12:15 Obtención correcta ObtenIndicaores usuario:1 app 1
20181128 21:12:18 Obtención correcta objetosdb usuario:1 app 1
20181128 21:12:23 Obtención correcta objetosdb usuario:1 app 1
20181128 21:12:30 Obtención correcta objetosdb usuario:1 app 1
20181128 21:12:32 Obtención correcta objetosdb usuario:1 app 1
20181128 21:12:32 Obtención correcta objetosdb usuario:1 app 1
20181128 21:12:33 Obtención correcta ObtenIndicaores usuario:1 app 1
20181128 21:12:55 Obtención incorrecta aplicaciones usuario:1 app 1
20181128 21:12:55 Obtención incorrecta aplicaciones usuario:1 app 1
20181128 21:12:57 Obtención correcta objetosdb usuario:1 app 1
20181128 21:12:58 Obtención correcta ObtenIndicaores usuario:1 app 1
20181128 21:12:58 Obtención correcta objetosdb usuario:1 app 1
20181128 21:53:59 Acceso correcto usuario info
20181128 21:53:59 Obtención correcta areas usuario:1
20181128 21:53:59 Avance correcto proceso 0
20181128 21:54:04 Obtención correcta areas usuario:1
20181128 21:54:07 Obtención correcta aplicaciones usuario:1 area 1
20181128 21:54:09 Obtención correcta objetosdb usuario:1 app 1
20181128 21:54:10 Obtención correcta ObtenIndicaores usuario:1 app 1
20181128 21:54:11 Obtención correcta objetosdb usuario:1 app 1
20181128 21:54:11 Obtención correcta objetosdb usuario:1 app 1
20181128 21:54:11 Obtención correcta objetosdb usuario:1 app 1
20181128 21:54:12 Obtención correcta ObtenIndicaores usuario:1 app 1
20181128 21:54:13 Obtención correcta objetosdb usuario:1 app 1
20181128 21:54:14 Obtención correcta objetosdb usuario:1 app 1
20181128 21:56:17 Obtención correcta objetosdb usuario:1 app 1
20181128 21:56:18 Obtención correcta ObtenIndicaores usuario:1 app 1
20181128 21:56:19 Obtención correcta objetosdb usuario:1 app 1
20181128 21:56:22 Obtención incorrecta aplicaciones usuario:1 app 1
20181128 21:56:23 Obtención incorrecta aplicaciones usuario:1 app 1
20181128 22:00:17 Obtención correcta ObtenIndicaores usuario:1 app 1
20181128 22:00:17 Obtención correcta objetosdb usuario:1 app 1
20181128 22:00:19 Obtención correcta objetosdb usuario:1 app 1
20181128 22:01:51 Obtención correcta objetosdb usuario:1 app 1
20181128 22:01:51 Obtención correcta objetosdb usuario:1 app 1
20181128 22:02:00 Obtención correcta objetosdb usuario:1 app 1
20181128 22:02:01 Obtención correcta ObtenIndicaores usuario:1 app 1
20181128 22:02:02 Obtención correcta objetosdb usuario:1 app 1
20181128 22:02:08 Obtención correcta ObtenIndicaores usuario:1 app 1
20181128 22:02:09 Obtención correcta objetosdb usuario:1 app 1
20181128 22:02:09 Obtención correcta objetosdb usuario:1 app 1
20181128 22:03:53 Obtención correcta objetosdb usuario:1 app 1
20181128 22:03:53 Obtención correcta objetosdb usuario:1 app 1
20181128 22:03:59 Obtención correcta objetosdb usuario:1 app 1
20181128 22:04:05 Obtención correcta objetosdb usuario:1 app 1
20181128 22:04:18 Obtención correcta objetosdb usuario:1 app 1
20181128 22:04:19 Obtención correcta objetosdb usuario:1 app 1
20181128 22:04:20 Obtención correcta ObtenIndicaores usuario:1 app 1
20181128 22:09:45 Aplicacion.ObtenObjetosDB Object reference not set to an instance of an object.
20181128 22:09:46 Aplicacion.ObtenObjetosDB Object reference not set to an instance of an object.
20181128 22:10:33 Acceso correcto usuario info
20181128 22:10:34 Obtención correcta areas usuario:1
20181128 22:10:34 Avance correcto proceso 0
20181128 22:10:40 Obtención correcta areas usuario:1
20181128 22:10:44 Obtención correcta aplicaciones usuario:1 area 1
20181128 22:10:46 Obtención correcta objetosdb usuario:1 app 1
20181128 22:10:47 Obtención correcta ObtenIndicaores usuario:1 app 1
20181128 22:10:48 Aplicacion.ObtenObjetosDB Object reference not set to an instance of an object.
20181128 22:11:03 Aplicacion.ObtenObjetosDB Object reference not set to an instance of an object.
20181128 22:11:07 Obtención correcta ObtenIndicaores usuario:1 app 1
20181128 22:11:07 Obtención correcta objetosdb usuario:1 app 1
20181128 22:11:11 Obtención correcta objetosdb usuario:1 app 1
20181128 22:11:11 Aplicacion.ObtenObjetosDB Object reference not set to an instance of an object.
20181128 22:12:29 Acceso correcto usuario info
20181128 22:12:29 Obtención correcta areas usuario:1
20181128 22:12:29 Avance correcto proceso 0
20181128 22:12:35 Obtención correcta areas usuario:1
20181128 22:12:58 Obtención correcta aplicaciones usuario:1 area 1
20181128 22:12:59 Obtención correcta objetosdb usuario:1 app 1
20181128 22:13:00 Obtención correcta ObtenIndicaores usuario:1 app 1
20181128 22:13:01 Obtención correcta objetosdb usuario:1 app 1
20181128 22:13:04 Obtención correcta objetosdb usuario:1 app 1
20181128 22:13:05 Obtención correcta ObtenIndicaores usuario:1 app 1
20181128 22:13:05 Obtención correcta objetosdb usuario:1 app 1
20181128 22:13:09 Obtención correcta objetosdb usuario:1 app 1
20181128 22:13:10 Obtención correcta objetosdb usuario:1 app 1
20181128 22:13:13 Obtención correcta objetosdb usuario:1 app 1
20181128 22:13:13 Obtención correcta ObtenIndicaores usuario:1 app 1
20181128 22:13:13 Obtención correcta objetosdb usuario:1 app 1
20181128 22:13:15 Obtención correcta objetosdb usuario:1 app 1
20181128 22:13:15 Obtención correcta objetosdb usuario:1 app 1
20181128 22:13:22 Obtención correcta objetosdb usuario:1 app 1
20181128 22:13:26 Obtención correcta objetosdb usuario:1 app 1
20181128 22:13:28 Obtención correcta objetosdb usuario:1 app 1
20181128 22:13:32 Obtención correcta objetosdb usuario:1 app 1
20181128 22:13:32 Obtención correcta objetosdb usuario:1 app 1
20181128 22:13:32 Obtención correcta objetosdb usuario:1 app 1
20181128 22:13:32 Obtención correcta ObtenIndicaores usuario:1 app 1
20181128 22:13:32 Obtención correcta ObtenIndicaores usuario:1 app 1
20181128 22:13:32 Obtención correcta objetosdb usuario:1 app 1
20181128 22:24:06 Acceso correcto usuario info
20181128 22:24:06 Obtención correcta areas usuario:1
20181128 22:24:06 Avance correcto proceso 0
20181128 22:24:09 Obtención correcta areas usuario:1
20181128 22:24:11 Obtención correcta aplicaciones usuario:1 area 1
20181128 22:24:12 Obtención correcta objetosdb usuario:1 app 1
20181128 22:24:13 Obtención correcta ObtenIndicaores usuario:1 app 1
20181128 22:24:14 Obtención correcta objetosdb usuario:1 app 1
20181128 22:24:15 Obtención correcta objetosdb usuario:1 app 1
20181128 22:24:16 Obtención correcta objetosdb usuario:1 app 1
20181128 22:24:16 Obtención correcta ObtenIndicaores usuario:1 app 1
20181128 22:24:18 Obtención correcta objetosdb usuario:1 app 1
20181128 22:24:19 Obtención correcta objetosdb usuario:1 app 1
20181128 22:24:20 Obtención correcta objetosdb usuario:1 app 1
20181128 22:24:21 Obtención correcta ObtenIndicaores usuario:1 app 1
20181128 22:24:21 Obtención correcta objetosdb usuario:1 app 1
20181128 22:24:22 Obtención correcta objetosdb usuario:1 app 1
20181128 22:24:23 Obtención correcta objetosdb usuario:1 app 1
20181128 22:24:26 Obtención correcta objetosdb usuario:1 app 1
20181128 22:24:27 Obtención correcta ObtenIndicaores usuario:1 app 1
20181128 22:24:28 Obtención correcta objetosdb usuario:1 app 1
20181128 22:24:29 Obtención correcta objetosdb usuario:1 app 1
20181128 22:24:29 Obtención correcta objetosdb usuario:1 app 1
20181128 22:24:33 Obtención incorrecta aplicaciones usuario:1 app 1
20181128 22:24:35 Obtención incorrecta aplicaciones usuario:1 app 1
20181128 22:24:37 Obtención incorrecta aplicaciones usuario:1 app 1
20181128 22:24:38 Obtención incorrecta aplicaciones usuario:1 app 1
20181128 22:24:53 Obtención correcta ObtenIndicaores usuario:1 app 1
20181128 22:24:53 Obtención correcta objetosdb usuario:1 app 1
20181128 22:24:54 Obtención correcta objetosdb usuario:1 app 1
20181128 22:24:56 Obtención correcta objetosdb usuario:1 app 1
20181128 22:24:56 Obtención correcta objetosdb usuario:1 app 1
20181128 22:29:23 Obtención incorrecta aplicaciones usuario:1 app 1
20181128 22:36:27 Acceso correcto usuario info
20181128 22:36:27 Obtención correcta areas usuario:1
20181128 22:36:27 Avance correcto proceso 0
20181128 22:36:34 Obtención correcta areas usuario:1
20181128 22:36:39 Obtención correcta aplicaciones usuario:1 area 1
20181128 22:36:41 Obtención correcta objetosdb usuario:1 app 1
20181128 22:36:42 Obtención correcta objetosdb usuario:1 app 1
20181128 22:36:42 Obtención correcta ObtenIndicaores usuario:1 app 1
20181128 22:36:48 Obtención correcta objetosdb usuario:1 app 1
20181128 22:36:49 Obtención correcta objetosdb usuario:1 app 1
20181128 22:36:49 Obtención correcta ObtenIndicaores usuario:1 app 1
20181128 22:36:53 Obtención correcta objetosdb usuario:1 app 1
20181128 22:36:54 Obtención correcta objetosdb usuario:1 app 1
20181128 22:36:56 Obtención correcta ObtenIndicaores usuario:1 app 1
20181128 22:36:57 Obtención correcta objetosdb usuario:1 app 1
20181128 22:36:57 Obtención correcta objetosdb usuario:1 app 1
20181128 22:36:59 Obtención correcta objetosdb usuario:1 app 1
20181128 22:36:59 Obtención correcta objetosdb usuario:1 app 1
20181128 22:37:02 Obtención correcta objetosdb usuario:1 app 1
20181128 22:37:03 Obtención correcta ObtenIndicaores usuario:1 app 1
20181128 22:37:04 Obtención correcta objetosdb usuario:1 app 1
20181128 22:37:04 Obtención correcta objetosdb usuario:1 app 1
20181128 22:37:05 Obtención correcta objetosdb usuario:1 app 1
20181128 22:37:08 Obtención correcta objetosdb usuario:1 app 1
20181128 22:37:08 Obtención correcta ObtenIndicaores usuario:1 app 1
20181128 22:37:09 Obtención correcta objetosdb usuario:1 app 1
20181128 22:37:10 Obtención correcta objetosdb usuario:1 app 1
20181128 22:37:11 Obtención correcta objetosdb usuario:1 app 1
20181128 22:37:13 Obtención correcta objetosdb usuario:1 app 1
20181128 22:37:13 Obtención correcta objetosdb usuario:1 app 1
20181128 22:37:13 Obtención correcta ObtenIndicaores usuario:1 app 1
20181128 22:37:13 Obtención correcta ObtenIndicaores usuario:1 app 1
20181128 22:37:14 Obtención correcta objetosdb usuario:1 app 1
20181128 22:37:14 Obtención correcta objetosdb usuario:1 app 1
20181128 22:37:15 Obtención correcta objetosdb usuario:1 app 1
20181128 22:37:16 Obtención correcta objetosdb usuario:1 app 1
20181128 22:37:18 Obtención correcta objetosdb usuario:1 app 1
20181128 22:37:21 Obtención correcta objetosdb usuario:1 app 1
20181128 22:37:22 Obtención correcta ObtenIndicaores usuario:1 app 1
20181128 22:37:22 Obtención correcta objetosdb usuario:1 app 1
20181128 22:37:26 Obtención correcta objetosdb usuario:1 app 1
20181128 22:37:29 Obtención correcta objetosdb usuario:1 app 1
20181128 22:37:29 Obtención correcta ObtenIndicaores usuario:1 app 1
20181128 22:37:30 Obtención correcta objetosdb usuario:1 app 1
20181128 22:37:30 Obtención correcta objetosdb usuario:1 app 1
20181128 22:37:31 Obtención correcta objetosdb usuario:1 app 1
20181128 22:37:34 Obtención correcta objetosdb usuario:1 app 1
20181128 22:37:37 Obtención correcta objetosdb usuario:1 app 1
20181128 22:37:43 Obtención correcta objetosdb usuario:1 app 1
20181128 22:37:45 Obtención correcta objetosdb usuario:1 app 1
20181128 22:37:49 Obtención correcta objetosdb usuario:1 app 1
20181128 22:37:50 Obtención correcta objetosdb usuario:1 app 1
20181128 22:37:51 Obtención correcta ObtenIndicaores usuario:1 app 1
20181128 22:37:51 Obtención correcta objetosdb usuario:1 app 1
20181128 22:37:51 Obtención correcta objetosdb usuario:1 app 1
20181128 22:37:51 Obtención correcta ObtenIndicaores usuario:1 app 1
20181128 22:39:04 Obtención correcta objetosdb usuario:1 app 1
20181128 22:39:05 Obtención correcta ObtenIndicaores usuario:1 app 1
20181128 22:39:06 Obtención correcta objetosdb usuario:1 app 1
20181128 22:39:08 Obtención incorrecta aplicaciones usuario:1 app 1
20181128 22:39:08 Obtención incorrecta aplicaciones usuario:1 app 1
20181128 22:39:10 Obtención correcta ObtenIndicaores usuario:1 app 1
20181128 22:39:10 Obtención correcta ObtenIndicaores usuario:1 app 1
20181128 22:39:11 Obtención correcta objetosdb usuario:1 app 1
20181128 22:39:11 Obtención correcta objetosdb usuario:1 app 1
20181128 22:39:11 Obtención correcta objetosdb usuario:1 app 1
20181128 22:39:11 Obtención correcta objetosdb usuario:1 app 1
20181128 22:39:31 Obtención correcta objetosdb usuario:1 app 1
20181128 22:40:12 Obtención correcta objetosdb usuario:1 app 1
20181128 22:40:12 Obtención correcta objetosdb usuario:1 app 1
20181128 22:40:13 Obtención correcta ObtenIndicaores usuario:1 app 1
20181128 22:40:13 Obtención correcta ObtenIndicaores usuario:1 app 1
20181128 22:40:14 Obtención correcta objetosdb usuario:1 app 1
20181128 22:40:14 Obtención correcta objetosdb usuario:1 app 1
20181128 22:45:51 Acceso correcto usuario info
20181128 22:45:51 Obtención correcta areas usuario:1
20181128 22:45:51 Avance correcto proceso 0
20181128 22:45:56 Obtención correcta areas usuario:1
20181128 22:46:03 Obtención correcta aplicaciones usuario:1 area 1
20181128 22:46:04 Obtención correcta objetosdb usuario:1 app 1
20181128 22:46:05 Obtención correcta objetosdb usuario:1 app 1
20181128 22:46:06 Obtención correcta ObtenIndicaores usuario:1 app 1
20181128 22:46:10 Obtención correcta objetosdb usuario:1 app 1
20181128 22:46:10 Obtención correcta ObtenIndicaores usuario:1 app 1
20181128 22:46:10 Obtención correcta objetosdb usuario:1 app 1
20181128 22:46:12 Obtención correcta objetosdb usuario:1 app 1
20181128 22:46:13 Obtención correcta objetosdb usuario:1 app 1
20181128 22:57:22 Acceso correcto usuario info
20181128 22:57:22 Obtención correcta areas usuario:1
20181128 22:57:22 Avance correcto proceso 0
20181128 22:57:27 Obtención correcta areas usuario:1
20181128 22:57:34 Obtención correcta aplicaciones usuario:1 area 1
20181128 22:57:35 Obtención correcta objetosdb usuario:1 app 1
20181128 22:57:37 Obtención correcta objetosdb usuario:1 app 1
20181128 22:57:37 Obtención correcta ObtenIndicaores usuario:1 app 1
20181128 22:57:39 Obtención correcta objetosdb usuario:1 app 1
20181128 22:57:39 Obtención correcta objetosdb usuario:1 app 1
20181128 22:57:40 Obtención correcta ObtenIndicaores usuario:1 app 1
20181128 22:57:41 Obtención correcta objetosdb usuario:1 app 1
20181128 22:57:42 Obtención correcta objetosdb usuario:1 app 1
20181128 22:57:46 Obtención correcta objetosdb usuario:1 app 1
20181128 22:57:49 Obtención correcta objetosdb usuario:1 app 1
20181128 22:57:51 Obtención correcta objetosdb usuario:1 app 1
20181128 22:57:54 Obtención correcta objetosdb usuario:1 app 1
20181128 22:57:56 Obtención correcta objetosdb usuario:1 app 1
20181128 22:57:57 Obtención correcta ObtenIndicaores usuario:1 app 1
20181128 22:57:57 Obtención correcta objetosdb usuario:1 app 1
20181128 22:58:00 Obtención correcta objetosdb usuario:1 app 1
20181128 22:58:00 Obtención correcta ObtenIndicaores usuario:1 app 1
20181128 22:58:00 Obtención correcta objetosdb usuario:1 app 1
20181128 22:58:09 Obtención correcta objetosdb usuario:1 app 1
20181128 22:58:10 Obtención correcta objetosdb usuario:1 app 1
20181128 22:58:10 Obtención correcta ObtenIndicaores usuario:1 app 1
20181128 23:22:42 Acceso correcto usuario info
20181128 23:22:42 Obtención correcta areas usuario:1
20181128 23:22:42 Avance correcto proceso 0
20181128 23:22:57 Obtención correcta areas usuario:1
20181128 23:23:02 Obtención correcta aplicaciones usuario:1 area 1
20181128 23:23:05 Obtención correcta ObtenIndicaores usuario:1 app 1
20181128 23:23:06 Obtención correcta objetosdb usuario:1 app 1
20181128 23:23:06 Obtención correcta objetosdb usuario:1 app 1
20181128 23:23:11 Obtención correcta objetosdb usuario:1 app 1
20181128 23:23:12 Obtención correcta objetosdb usuario:1 app 1
20181128 23:23:26 Obtención correcta objetosdb usuario:1 app 1
20181128 23:23:37 Obtención correcta objetosdb usuario:1 app 1
20181128 23:23:39 Obtención correcta objetosdb usuario:1 app 1
20181128 23:23:39 Obtención correcta ObtenIndicaores usuario:1 app 1
20181128 23:23:40 Obtención correcta objetosdb usuario:1 app 1
20181128 23:23:54 Obtención correcta objetosdb usuario:1 app 1
20181128 23:23:54 Obtención correcta objetosdb usuario:1 app 1
20181128 23:23:58 Obtención correcta objetosdb usuario:1 app 1
20181128 23:24:02 Obtención correcta objetosdb usuario:1 app 1
20181128 23:24:05 Obtención correcta objetosdb usuario:1 app 1
20181128 23:24:09 Obtención correcta objetosdb usuario:1 app 1
20181128 23:24:10 Obtención correcta objetosdb usuario:1 app 1
20181128 23:24:10 Obtención correcta ObtenIndicaores usuario:1 app 1
20181128 23:24:12 Obtención correcta objetosdb usuario:1 app 1
20181128 23:24:12 Obtención correcta objetosdb usuario:1 app 1
20181128 23:24:14 Obtención correcta ObtenIndicaores usuario:1 app 1
20181128 23:24:14 Obtención correcta objetosdb usuario:1 app 1
20181128 23:24:15 Obtención correcta objetosdb usuario:1 app 1
20181128 23:24:16 Obtención correcta objetosdb usuario:1 app 1
20181128 23:24:16 Obtención correcta objetosdb usuario:1 app 1
20181128 23:24:27 Obtención correcta objetosdb usuario:1 app 1
20181128 23:24:28 Obtención correcta ObtenIndicaores usuario:1 app 1
20181128 23:24:28 Obtención correcta objetosdb usuario:1 app 1
20181128 23:24:31 Obtención correcta objetosdb usuario:1 app 1
20181128 23:24:31 Obtención correcta objetosdb usuario:1 app 1
20181128 23:24:33 Obtención correcta objetosdb usuario:1 app 1
20181128 23:24:34 Obtención correcta ObtenIndicaores usuario:1 app 1
20181128 23:24:34 Obtención correcta objetosdb usuario:1 app 1
20181128 23:24:35 Obtención correcta objetosdb usuario:1 app 1
20181128 23:24:35 Obtención correcta objetosdb usuario:1 app 1
20181128 23:24:38 Obtención correcta objetosdb usuario:1 app 1
20181128 23:24:43 Obtención correcta ObtenIndicaores usuario:1 app 1
20181128 23:24:43 Obtención correcta objetosdb usuario:1 app 1
20181128 23:24:44 Obtención correcta objetosdb usuario:1 app 1
20181128 23:24:47 Obtención correcta objetosdb usuario:1 app 1
20181128 23:24:47 Obtención correcta ObtenIndicaores usuario:1 app 1
20181128 23:24:48 Obtención correcta objetosdb usuario:1 app 1
20181128 23:24:50 Obtención correcta objetosdb usuario:1 app 1
20181128 23:24:50 Obtención correcta objetosdb usuario:1 app 1
20181128 23:24:51 Obtención correcta objetosdb usuario:1 app 1
20181128 23:24:52 Obtención correcta ObtenIndicaores usuario:1 app 1
20181128 23:24:52 Obtención correcta objetosdb usuario:1 app 1
20181128 23:24:53 Obtención correcta objetosdb usuario:1 app 1
20181128 23:24:54 Obtención correcta ObtenIndicaores usuario:1 app 1
20181128 23:24:54 Obtención correcta objetosdb usuario:1 app 1
20181128 23:24:57 Obtención correcta objetosdb usuario:1 app 1
20181128 23:24:57 Obtención correcta RelacionesTablas usuario:1 app 1
20181128 23:25:04 Obtención correcta relaciondetalle usuario:1 app 414
20181128 23:25:26 Obtención correcta ObtenIndicaores usuario:1 app 1
20181128 23:25:26 Obtención correcta objetosdb usuario:1 app 1
20181128 23:25:27 Obtención correcta objetosdb usuario:1 app 1
20181128 23:25:47 Obtención correcta objetosdb usuario:1 app 1
20181128 23:25:50 Obtención correcta objetosdb usuario:1 app 1
20181128 23:25:51 Obtención correcta objetosdb usuario:1 app 1
20181128 23:25:51 Obtención correcta ObtenIndicaores usuario:1 app 1
20181128 23:25:53 Obtención correcta objetosdb usuario:1 app 1
20181128 23:25:54 Obtención correcta objetosdb usuario:1 app 1
20181128 23:25:59 Obtención correcta objetosdb usuario:1 app 1
20181128 23:26:01 Obtención correcta objetosdb usuario:1 app 1
20181128 23:26:02 Obtención correcta ObtenIndicaores usuario:1 app 1
20181128 23:26:03 Obtención correcta objetosdb usuario:1 app 1
20181128 23:26:04 Obtención correcta objetosdb usuario:1 app 1
20181128 23:26:04 Obtención correcta objetosdb usuario:1 app 1
20181128 23:26:09 Obtención correcta objetosdb usuario:1 app 1
20181128 23:26:13 Obtención correcta ObtenIndicaores usuario:1 app 1
20181128 23:26:14 Obtención correcta objetosdb usuario:1 app 1
20181128 23:26:14 Obtención correcta objetosdb usuario:1 app 1
20181128 23:26:16 Obtención correcta objetosdb usuario:1 app 1
20181128 23:26:17 Obtención correcta objetosdb usuario:1 app 1
20181128 23:26:23 Obtención correcta objetosdb usuario:1 app 1
20181128 23:26:25 Obtención correcta objetosdb usuario:1 app 1
20181128 23:26:26 Obtención correcta objetosdb usuario:1 app 1
20181128 23:26:27 Obtención correcta ObtenIndicaores usuario:1 app 1
20181128 23:26:42 Obtención correcta objetosdb usuario:1 app 1
20181128 23:26:42 Obtención correcta objetosdb usuario:1 app 1
20181128 23:27:19 Obtención correcta objetosdb usuario:1 app 1
20181128 23:27:19 Obtención correcta objetosdb usuario:1 app 1
20181128 23:27:20 Obtención correcta objetosdb usuario:1 app 1
20181128 23:27:20 Obtención correcta objetosdb usuario:1 app 1
20181128 23:27:20 Obtención correcta ObtenIndicaores usuario:1 app 1
20181128 23:27:21 Obtención correcta ObtenIndicaores usuario:1 app 1
20181128 23:29:26 Obtención correcta areas usuario:1
20181128 23:29:26 Consulta correcta usuario 1
20181128 23:30:10 Obtención correcta areas usuario:1
20181128 23:30:10 Avance correcto proceso 0
20181128 23:33:29 Acceso correcto usuario info
20181128 23:33:30 Obtención correcta areas usuario:1
20181128 23:33:30 Avance correcto proceso 0
20181128 23:33:36 Obten usuarios correcto usuario 1
20181128 23:33:36 Obtención correcta areas usuario:1
20181128 23:33:36 Obten PERFILES correcto usuario 1
20181128 23:34:01 Obtención correcta areas usuario:1
20181128 23:34:01 Avance correcto proceso 0
20181128 23:37:48 Obtención correcta areas usuario:1
20181128 23:37:51 Obtención correcta aplicaciones usuario:1 area 1
20181128 23:37:55 Obtención correcta objetosdb usuario:1 app 1
20181128 23:37:56 Obtención correcta ObtenIndicaores usuario:1 app 1
20181128 23:37:57 Obtención correcta objetosdb usuario:1 app 1
20181128 23:38:01 Obtención correcta objetosdb usuario:1 app 1
20181128 23:38:01 Obtención correcta objetosdb usuario:1 app 1
20181128 23:38:02 Obtención correcta ObtenIndicaores usuario:1 app 1
20181128 23:38:06 Obtención correcta ObtenIndicaores usuario:1 app 1
20181128 23:38:06 Obtención correcta objetosdb usuario:1 app 1
20181128 23:38:07 Obtención correcta objetosdb usuario:1 app 1
20181128 23:40:38 Obtención correcta objetosdb usuario:1 app 1
20181128 23:40:39 Obtención correcta objetosdb usuario:1 app 1
20181128 23:40:39 Obtención correcta ObtenIndicaores usuario:1 app 1
20181128 23:40:41 Obtención correcta objetosdb usuario:1 app 1
20181128 23:40:42 Obtención correcta RelacionesTablas usuario:1 app 1
20181128 23:41:19 Obtención correcta relaciondetalle usuario:1 app 414
20181128 23:41:38 Obtención correcta objetosdb usuario:1 app 1
20181128 23:41:39 Obtención correcta objetosdb usuario:1 app 1
20181128 23:41:40 Obtención correcta ObtenIndicaores usuario:1 app 1
20181128 23:41:40 Obtención correcta ObtenIndicaores usuario:1 app 1
20181128 23:41:40 Obtención correcta objetosdb usuario:1 app 1
20181128 23:41:41 Obtención correcta objetosdb usuario:1 app 1
20181128 23:41:42 Obtención correcta objetosdb usuario:1 app 1
20181128 23:41:43 Obtención correcta ObtenIndicaores usuario:1 app 1
20181128 23:41:43 Obtención correcta objetosdb usuario:1 app 1
20181128 23:42:20 Obtención correcta objetosdb usuario:1 app 3
20181128 23:42:20 Obtención correcta objetosdb usuario:1 app 3
20181128 23:42:21 Obtención correcta ObtenIndicaores usuario:1 app 3
20181128 23:42:36 Obtención correcta objetosdb usuario:1 app 3
20181128 23:42:37 Obtención correcta objetosdb usuario:1 app 3
20181128 23:42:46 Obtención correcta objetosdb usuario:1 app 3
20181128 23:42:53 Obtención correcta objetosdb usuario:1 app 3
20181128 23:42:54 Obtención correcta objetosdb usuario:1 app 3
20181128 23:42:54 Obtención correcta ObtenIndicaores usuario:1 app 3
20181128 23:42:55 Obtención correcta objetosdb usuario:1 app 3
20181128 23:42:56 Obtención correcta objetosdb usuario:1 app 3
20181128 23:42:57 Obtención correcta objetosdb usuario:1 app 3
20181128 23:42:58 Obtención correcta ObtenIndicaores usuario:1 app 3
20181128 23:42:58 Obtención correcta objetosdb usuario:1 app 3
20181128 23:43:02 Obtención incorrecta aplicaciones usuario:1 app 3
20181128 23:43:02 Obtención incorrecta aplicaciones usuario:1 app 3
20181128 23:43:04 Obtención correcta objetosdb usuario:1 app 3
20181128 23:43:04 Obtención correcta objetosdb usuario:1 app 3
20181128 23:43:05 Obtención correcta ObtenIndicaores usuario:1 app 3
20181128 23:43:09 Obtención correcta objetosdb usuario:1 app 3
20181128 23:43:09 Obtención correcta objetosdb usuario:1 app 3
20181128 23:43:12 Obtención correcta objetosdb usuario:1 app 3
20181128 23:43:15 Obtención correcta objetosdb usuario:1 app 3
20181128 23:43:17 Obtención correcta objetosdb usuario:1 app 3
20181128 23:43:19 Obtención correcta objetosdb usuario:1 app 3
20181128 23:43:19 Obtención correcta objetosdb usuario:1 app 3
20181128 23:43:20 Obtención correcta ObtenIndicaores usuario:1 app 3
20181128 23:43:21 Obtención correcta objetosdb usuario:1 app 3
20181128 23:43:22 Obtención correcta RelacionesTablas usuario:1 app 3
20181128 23:43:27 Obtención correcta relaciondetalle usuario:1 app 414
20181128 23:43:44 Obtención correcta objetosdb usuario:1 app 3
20181128 23:43:45 Obtención correcta ObtenIndicaores usuario:1 app 3
20181128 23:43:45 Obtención correcta objetosdb usuario:1 app 3
20181128 23:53:07 Acceso correcto usuario info
20181128 23:53:07 Obtención correcta areas usuario:1
20181128 23:53:07 Avance correcto proceso 0
20181128 23:53:43 Obtención correcta areas usuario:1
20181128 23:53:47 Obtención correcta aplicaciones usuario:1 area 1
20181128 23:53:49 Obtención correcta objetosdb usuario:1 app 1
20181128 23:53:50 Obtención correcta ObtenIndicaores usuario:1 app 1
20181128 23:53:51 Obtención correcta objetosdb usuario:1 app 1
20181128 23:53:53 Obtención correcta areas usuario:1
20181128 23:54:02 Acceso correcto usuario info
20181128 23:54:02 Obtención correcta areas usuario:1
20181128 23:54:02 Avance correcto proceso 0
20181128 23:54:05 Obtención correcta areas usuario:1
20181128 23:54:07 Obtención correcta aplicaciones usuario:1 area 1
20181128 23:54:09 Obtención correcta objetosdb usuario:1 app 1
20181128 23:54:09 Obtención correcta ObtenIndicaores usuario:1 app 1
20181128 23:54:10 Obtención correcta objetosdb usuario:1 app 1
20181128 23:55:05 Acceso correcto usuario info
20181128 23:55:05 Obtención correcta areas usuario:1
20181128 23:55:05 Avance correcto proceso 0
20181128 23:55:11 Obtención correcta areas usuario:1
20181128 23:55:24 Obtención correcta aplicaciones usuario:1 area 1
20181128 23:55:26 Obtención correcta objetosdb usuario:1 app 1
20181128 23:55:27 Obtención correcta ObtenIndicaores usuario:1 app 1
20181128 23:55:28 Obtención correcta objetosdb usuario:1 app 1
20181128 23:55:29 Obtención correcta objetosdb usuario:1 app 1
20181128 23:55:29 Obtención correcta objetosdb usuario:1 app 1
20181128 23:55:30 Obtención correcta ObtenIndicaores usuario:1 app 1
20181128 23:55:34 Obtención incorrecta aplicaciones usuario:1 app 1
20181128 23:55:35 Obtención incorrecta aplicaciones usuario:1 app 1
20181128 23:55:37 Obtención correcta objetosdb usuario:1 app 1
20181128 23:55:38 Obtención correcta ObtenIndicaores usuario:1 app 1
20181128 23:55:38 Obtención correcta objetosdb usuario:1 app 1
20181128 23:56:22 Obtención correcta ObtenIndicaores usuario:1 app 1
20181128 23:56:23 Obtención correcta objetosdb usuario:1 app 1
20181128 23:56:23 Obtención correcta objetosdb usuario:1 app 1
20181128 23:56:24 Obtención correcta objetosdb usuario:1 app 1
20181128 23:56:24 Obtención correcta objetosdb usuario:1 app 1
20181128 23:56:25 Obtención correcta ObtenIndicaores usuario:1 app 1
20181128 23:56:26 Obtención correcta objetosdb usuario:1 app 1
20181128 23:56:27 Obtención correcta objetosdb usuario:1 app 1
20181128 23:56:42 Obtención correcta ObtenIndicaores usuario:1 app 1
20181128 23:56:42 Obtención correcta objetosdb usuario:1 app 1
20181128 23:56:43 Obtención correcta objetosdb usuario:1 app 1
20181128 23:56:44 Obtención correcta objetosdb usuario:1 app 1
20181128 23:56:44 Obtención correcta objetosdb usuario:1 app 1
20181128 23:57:21 Obtención correcta objetosdb usuario:1 app 1
20181128 23:57:44 Obtención correcta objetosdb usuario:1 app 1
20181128 23:58:02 Obtención correcta ObtenIndicaores usuario:1 app 1
20181128 23:58:02 Obtención correcta ObtenIndicaores usuario:1 app 1
20181128 23:58:03 Obtención correcta objetosdb usuario:1 app 1
20181128 23:58:04 Obtención correcta objetosdb usuario:1 app 1
20181128 23:58:05 Obtención correcta objetosdb usuario:1 app 1
20181128 23:58:05 Obtención correcta objetosdb usuario:1 app 1
20181128 23:58:05 Obtención correcta objetosdb usuario:1 app 1
20181128 23:58:06 Obtención correcta ObtenIndicaores usuario:1 app 1
20181128 23:58:06 Obtención correcta objetosdb usuario:1 app 1
