20181214 09:19:44 Acceso correcto usuario info
20181214 09:19:44 Obtención correcta areas usuario:1
20181214 09:19:44 Avance correcto proceso 0
20181214 09:25:26 Obtención correcta areas usuario:1
20181214 09:25:26 Avance correcto proceso 0
20181214 09:27:09 Acceso correcto usuario info
20181214 09:27:09 Obtención correcta areas usuario:1
20181214 09:27:09 Avance correcto proceso 0
20181214 11:00:17 Acceso incorrecto usuario info
20181214 11:01:06 Acceso incorrecto usuario info
20181214 11:26:31 Acceso correcto usuario info
20181214 11:26:31 Obtención correcta areas usuario:1
20181214 11:26:31 Avance correcto proceso 0
20181214 11:27:32 Acceso correcto usuario info
20181214 11:27:32 Obtención correcta areas usuario:1
20181214 11:27:32 Avance correcto proceso 0
20181214 11:47:05 Acceso correcto usuario info
20181214 11:47:05 Obtención correcta areas usuario:1
20181214 11:47:06 Avance correcto proceso 0
20181214 11:47:21 Obtención correcta aplicaciones usuario:1 area 1
20181214 11:52:27 actualizaStatus.UploadComplete Cannot apply indexing with [] to an expression of type 'System.Dynamic.DynamicObject'
20181214 11:52:37 Obtención correcta areas usuario:1
20181214 11:52:37 Avance correcto proceso 0
20181214 11:52:37 Obtención correcta areas usuario:1
20181214 11:52:37 Avance correcto proceso 0
20181214 11:52:52 Obtención correcta areas usuario:1
20181214 11:52:58 Avance correcto proceso 0
20181214 11:52:58 Obtención correcta areas usuario:1
20181214 11:52:58 Avance correcto proceso 0
20181214 11:54:22 Obtención correcta areas usuario:1
20181214 11:54:22 Avance correcto proceso 0
20181214 11:54:32 Obtención correcta areas usuario:1
20181214 11:54:32 Avance correcto proceso 0
20181214 11:54:42 Obtención correcta areas usuario:1
20181214 11:54:42 Avance correcto proceso 0
20181214 11:54:52 Obtención correcta areas usuario:1
20181214 11:54:52 Avance correcto proceso 0
20181214 11:55:02 Obtención correcta areas usuario:1
20181214 11:55:02 Avance correcto proceso 0
20181214 11:55:12 Obtención correcta areas usuario:1
20181214 11:55:12 Avance correcto proceso 0
20181214 11:55:22 Obtención correcta areas usuario:1
20181214 11:55:22 Avance correcto proceso 0
20181214 11:55:32 Obtención correcta areas usuario:1
20181214 11:55:32 Avance correcto proceso 0
20181214 11:55:42 Obtención correcta areas usuario:1
20181214 11:55:42 Avance correcto proceso 0
20181214 11:55:52 Obtención correcta areas usuario:1
20181214 11:55:52 Avance correcto proceso 0
20181214 11:56:02 Obtención correcta areas usuario:1
20181214 11:56:02 Avance correcto proceso 0
20181214 11:56:12 Obtención correcta areas usuario:1
20181214 11:56:12 Avance correcto proceso 0
20181214 11:56:22 Obtención correcta areas usuario:1
20181214 11:56:22 Avance correcto proceso 0
20181214 11:56:32 Obtención correcta areas usuario:1
20181214 11:56:32 Avance correcto proceso 0
20181214 11:56:42 Obtención correcta areas usuario:1
20181214 11:56:42 Avance correcto proceso 0
20181214 11:56:52 Obtención correcta areas usuario:1
20181214 11:56:52 Avance correcto proceso 0
20181214 11:57:02 Obtención correcta areas usuario:1
20181214 11:57:02 Avance correcto proceso 0
20181214 11:57:15 Obtención correcta areas usuario:1
20181214 11:57:15 Avance correcto proceso 0
20181214 11:57:22 Obtención correcta areas usuario:1
20181214 11:57:23 Avance correcto proceso 0
20181214 11:57:34 Obtención correcta areas usuario:1
20181214 11:57:34 Avance correcto proceso 0
20181214 11:57:42 Obtención correcta areas usuario:1
20181214 11:57:42 Avance correcto proceso 0
20181214 11:57:54 Obtención correcta areas usuario:1
20181214 11:57:54 Avance correcto proceso 0
20181214 11:58:05 Obtención correcta areas usuario:1
20181214 11:58:05 Avance correcto proceso 0
20181214 11:58:05 Obtención correcta areas usuario:1
20181214 11:58:05 Avance correcto proceso 0
20181214 11:58:15 actualizaStatus.UploadComplete Cannot apply indexing with [] to an expression of type 'System.Dynamic.DynamicObject'
20181214 11:58:15 Obtención correcta areas usuario:1
20181214 11:58:15 Avance correcto proceso 0
20181214 11:58:16 Obtención correcta areas usuario:1
20181214 11:58:16 Avance correcto proceso 0
20181214 11:58:25 Obtención correcta areas usuario:1
20181214 11:58:25 Avance correcto proceso 0
20181214 11:58:26 Obtención correcta areas usuario:1
20181214 11:58:26 Avance correcto proceso 0
20181214 12:47:26 Acceso correcto usuario info
20181214 12:47:27 Obtención correcta areas usuario:1
20181214 12:47:27 Avance correcto proceso 0
20181214 12:51:27 Acceso correcto usuario info
20181214 12:51:27 Obtención correcta areas usuario:1
20181214 12:51:27 Avance correcto proceso 0
20181214 12:53:26 Acceso correcto usuario info
20181214 12:53:26 Obtención correcta areas usuario:1
20181214 12:53:26 Avance correcto proceso 0
20181214 12:53:38 Acceso correcto usuario nuevo20
20181214 12:53:38 Obtención correcta areas usuario:1
20181214 12:53:38 Avance correcto proceso 0
20181214 12:55:06 Acceso correcto usuario info
20181214 12:55:06 Obtención correcta areas usuario:1
20181214 12:55:06 Avance correcto proceso 0
20181214 12:55:16 Obtención correcta aplicaciones usuario:1 area 1
20181214 12:55:35 actualizaStatus.UploadComplete Cannot apply indexing with [] to an expression of type 'System.Dynamic.DynamicObject'
20181214 12:55:35 Obtención correcta areas usuario:1
20181214 12:55:35 Avance correcto proceso 0
20181214 12:55:43 Obtención correcta areas usuario:1
20181214 12:55:43 Avance correcto proceso 0
20181214 12:55:53 Obtención correcta areas usuario:1
20181214 12:55:53 Avance correcto proceso 0
20181214 12:56:03 Obtención correcta areas usuario:1
20181214 12:56:03 Avance correcto proceso 0
20181214 12:56:13 Obtención correcta areas usuario:1
20181214 12:56:13 Avance correcto proceso 0
20181214 12:56:23 Obtención correcta areas usuario:1
20181214 12:56:23 Avance correcto proceso 0
20181214 12:56:53 Obtención correcta areas usuario:1
20181214 12:56:57 Avance correcto proceso 0
20181214 12:57:03 Obtención correcta areas usuario:1
20181214 12:57:03 Avance correcto proceso 0
20181214 12:57:14 Obtención correcta areas usuario:1
20181214 12:57:14 Avance correcto proceso 0
20181214 12:57:24 Obtención correcta areas usuario:1
20181214 12:57:24 Avance correcto proceso 0
20181214 12:57:34 Obtención correcta areas usuario:1
20181214 12:57:34 Avance correcto proceso 0
20181214 12:57:44 Obtención correcta areas usuario:1
20181214 12:57:44 Avance correcto proceso 0
20181214 12:57:54 Obtención correcta areas usuario:1
20181214 12:57:54 Avance correcto proceso 0
20181214 12:58:04 Obtención correcta areas usuario:1
20181214 12:58:04 Avance correcto proceso 0
20181214 12:58:14 Obtención correcta areas usuario:1
20181214 12:58:14 Avance correcto proceso 0
20181214 12:58:24 Obtención correcta areas usuario:1
20181214 12:58:24 Avance correcto proceso 0
20181214 12:58:34 Obtención correcta areas usuario:1
20181214 12:58:34 Avance correcto proceso 0
20181214 12:58:44 Obtención correcta areas usuario:1
20181214 12:58:44 Avance correcto proceso 0
20181214 12:58:54 Obtención correcta areas usuario:1
20181214 12:58:54 Avance correcto proceso 0
20181214 12:59:04 Obtención correcta areas usuario:1
20181214 12:59:04 Avance correcto proceso 0
20181214 12:59:14 Obtención correcta areas usuario:1
20181214 12:59:14 Avance correcto proceso 0
20181214 12:59:24 Obtención correcta areas usuario:1
20181214 12:59:24 Avance correcto proceso 0
20181214 12:59:34 Obtención correcta areas usuario:1
20181214 12:59:34 Avance correcto proceso 0
20181214 12:59:44 Obtención correcta areas usuario:1
20181214 12:59:44 Avance correcto proceso 0
20181214 12:59:54 Obtención correcta areas usuario:1
20181214 12:59:54 Avance correcto proceso 0
20181214 13:00:04 Obtención correcta areas usuario:1
20181214 13:00:04 Avance correcto proceso 0
20181214 13:00:14 Obtención correcta areas usuario:1
20181214 13:00:14 Avance correcto proceso 0
20181214 13:00:24 Obtención correcta areas usuario:1
20181214 13:00:24 Avance correcto proceso 0
20181214 13:00:34 Obtención correcta areas usuario:1
20181214 13:00:34 Avance correcto proceso 0
20181214 13:00:44 Obtención correcta areas usuario:1
20181214 13:00:44 Avance correcto proceso 0
20181214 13:00:54 Obtención correcta areas usuario:1
20181214 13:00:54 Avance correcto proceso 0
20181214 13:01:04 Obtención correcta areas usuario:1
20181214 13:01:04 Avance correcto proceso 0
20181214 13:01:06 actualizaStatus.UploadComplete Cannot apply indexing with [] to an expression of type 'System.Dynamic.DynamicObject'
20181214 13:01:06 Obtención correcta areas usuario:1
20181214 13:01:06 Avance correcto proceso 0
20181214 13:01:14 Obtención correcta areas usuario:1
20181214 13:01:14 Avance correcto proceso 0
20181214 13:01:16 Obtención correcta areas usuario:1
20181214 13:01:16 Avance correcto proceso 0
20181214 13:01:27 Obtención correcta areas usuario:1
20181214 13:01:27 Avance correcto proceso 0
20181214 13:01:27 Obtención correcta areas usuario:1
20181214 13:01:27 Avance correcto proceso 0
20181214 13:01:37 Obtención correcta areas usuario:1
20181214 13:01:37 Avance correcto proceso 0
20181214 13:01:37 Obtención correcta areas usuario:1
20181214 13:01:37 Avance correcto proceso 0
20181214 13:01:47 Obtención correcta areas usuario:1
20181214 13:01:47 Avance correcto proceso 0
20181214 13:01:47 Obtención correcta areas usuario:1
20181214 13:01:47 Avance correcto proceso 0
20181214 13:01:56 Obten perfiles correcto usuario 1
20181214 13:01:58 Obtención correcta areas usuario:1
20181214 13:01:58 Avance correcto proceso 0
20181214 13:01:58 Obtención correcta areas usuario:1
20181214 13:01:58 Avance correcto proceso 0
20181214 13:02:03 Obtención correcta areas usuario:1
20181214 13:02:03 Avance correcto proceso 0
20181214 13:03:16 Obtención correcta areas usuario:1
20181214 13:03:16 Avance correcto proceso 0
20181214 13:03:55 Obtención correcta areas usuario:1
20181214 13:03:55 Avance correcto proceso 0
20181214 13:04:00 Obtención correcta aplicaciones usuario:1 area 1
20181214 13:04:13 Obtención correcta areas usuario:1
20181214 13:04:13 Avance correcto proceso 0
20181214 13:04:14 actualizaStatus.UploadComplete Cannot apply indexing with [] to an expression of type 'System.Dynamic.DynamicObject'
20181214 13:04:23 Obtención correcta areas usuario:1
20181214 13:04:23 Avance correcto proceso 0
20181214 13:04:33 Obtención correcta areas usuario:1
20181214 13:04:33 Avance correcto proceso 0
20181214 13:04:43 Obtención correcta areas usuario:1
20181214 13:04:43 Avance correcto proceso 0
20181214 13:04:53 Obtención correcta areas usuario:1
20181214 13:04:53 Avance correcto proceso 0
20181214 13:05:03 Obtención correcta areas usuario:1
20181214 13:05:03 Avance correcto proceso 0
20181214 13:05:13 Obtención correcta areas usuario:1
20181214 13:05:13 Avance correcto proceso 0
20181214 13:05:23 Obtención correcta areas usuario:1
20181214 13:05:23 Avance correcto proceso 0
20181214 13:05:33 Obtención correcta areas usuario:1
20181214 13:05:33 Avance correcto proceso 0
20181214 13:05:43 Obtención correcta areas usuario:1
20181214 13:05:43 Avance correcto proceso 0
20181214 13:05:53 Obtención correcta areas usuario:1
20181214 13:05:53 Avance correcto proceso 0
20181214 13:06:03 Obtención correcta areas usuario:1
20181214 13:06:03 Avance correcto proceso 0
20181214 13:06:13 Obtención correcta areas usuario:1
20181214 13:06:13 Avance correcto proceso 0
20181214 13:06:23 Obtención correcta areas usuario:1
20181214 13:06:23 Avance correcto proceso 0
20181214 13:06:34 Obtención correcta areas usuario:1
20181214 13:06:34 Avance correcto proceso 0
20181214 13:06:43 Obtención correcta areas usuario:1
20181214 13:06:44 Avance correcto proceso 0
20181214 13:06:54 Obtención correcta areas usuario:1
20181214 13:06:54 Avance correcto proceso 0
20181214 13:07:03 Obtención correcta areas usuario:1
20181214 13:07:03 Avance correcto proceso 0
20181214 13:07:13 Obtención correcta areas usuario:1
20181214 13:07:13 Avance correcto proceso 0
20181214 13:07:24 Obtención correcta areas usuario:1
20181214 13:07:24 Avance correcto proceso 0
20181214 13:07:33 Obtención correcta areas usuario:1
20181214 13:07:34 Avance correcto proceso 0
20181214 13:07:44 Obtención correcta areas usuario:1
20181214 13:07:44 Avance correcto proceso 0
20181214 13:07:54 Obtención correcta areas usuario:1
20181214 13:07:54 Avance correcto proceso 0
20181214 13:08:04 Obtención correcta areas usuario:1
20181214 13:08:04 Avance correcto proceso 0
20181214 13:08:14 Obtención correcta areas usuario:1
20181214 13:08:14 Avance correcto proceso 0
20181214 13:08:24 Obtención correcta areas usuario:1
20181214 13:08:24 Avance correcto proceso 0
20181214 13:08:34 Obtención correcta areas usuario:1
20181214 13:08:34 Avance correcto proceso 0
20181214 13:08:44 Obtención correcta areas usuario:1
20181214 13:08:44 Avance correcto proceso 0
20181214 13:08:54 Obtención correcta areas usuario:1
20181214 13:08:54 Avance correcto proceso 0
20181214 13:09:04 Obtención correcta areas usuario:1
20181214 13:09:04 Avance correcto proceso 0
20181214 13:09:14 Obtención correcta areas usuario:1
20181214 13:09:14 Avance correcto proceso 0
20181214 13:09:26 Acceso correcto usuario nuevo20
20181214 13:09:26 Obtención correcta areas usuario:1
20181214 13:09:26 Avance correcto proceso 0
20181214 13:09:30 Obtención correcta areas usuario:1
20181214 13:09:30 Avance correcto proceso 0
20181214 13:09:33 Obtención correcta areas usuario:1
20181214 13:09:34 Consulta correcta aplicacion 0
20181214 13:10:10 Obtención correcta areas usuario:1
20181214 13:10:10 Avance correcto proceso 0
20181214 13:10:14 Obten Aplicaciones correcto usuario 1
20181214 13:10:14 Obtención correcta areas usuario:1
20181214 13:10:14 Obten Lenguajes correcto usuario 1
20181214 13:10:17 Obtención correcta areas usuario:1
20181214 13:10:17 Avance correcto proceso 0
20181214 13:10:49 Obten Aplicaciones correcto usuario 1
20181214 13:10:49 Obtención correcta areas usuario:1
20181214 13:10:49 Obten Lenguajes correcto usuario 1
20181214 13:11:17 Obtención correcta areas usuario:1
20181214 13:11:17 Avance correcto proceso 0
20181214 13:16:19 Obten Aplicaciones correcto usuario 1
20181214 13:16:22 Obtención correcta areas usuario:1
20181214 13:16:27 Obten Lenguajes correcto usuario 1
20181214 13:16:49 Obtención correcta areas usuario:1
20181214 13:16:49 Avance correcto proceso 0
20181214 13:16:55 Obten Aplicaciones correcto usuario 1
20181214 13:16:57 Obtención correcta areas usuario:1
20181214 13:17:19 Obten Lenguajes correcto usuario 1
20181214 13:22:43 Obtención correcta areas usuario:1
20181214 13:22:43 Avance correcto proceso 0
20181214 13:22:47 Obten usuarios correcto usuario 1
20181214 13:22:47 Obtención correcta areas usuario:1
20181214 13:22:47 Obten PERFILES correcto usuario 1
20181214 13:28:08 Acceso correcto usuario nuevo20
20181214 13:28:08 Obtención correcta areas usuario:1
20181214 13:28:08 Avance correcto proceso 0
20181214 13:28:21 Obten Aplicaciones correcto usuario 1
20181214 13:28:21 Obtención correcta areas usuario:1
20181214 13:28:21 Obten Lenguajes correcto usuario 1
20181214 13:49:19 Acceso correcto usuario info
20181214 13:49:19 Obtención correcta areas usuario:1
20181214 13:49:19 Avance correcto proceso 0
20181214 16:03:09 Acceso correcto usuario nuevo20
20181214 16:03:09 Obtención correcta areas usuario:1
20181214 16:03:09 Avance correcto proceso 0
20181214 16:05:56 Acceso correcto usuario nuevo20
20181214 16:05:56 Obtención correcta areas usuario:1
20181214 16:05:56 Avance correcto proceso 0
20181214 16:06:16 Obten usuarios correcto usuario 1
20181214 16:06:16 Obtención correcta areas usuario:1
20181214 16:06:16 Obten PERFILES correcto usuario 1
20181214 16:07:04 Obtención correcta areas usuario:1
20181214 16:07:04 Avance correcto proceso 0
20181214 16:07:14 Obtención correcta areas usuario:1
20181214 16:07:14 Avance correcto proceso 0
20181214 16:07:23 Obtención correcta areas usuario:1
20181214 16:07:23 Consulta correcta aplicacion 0
20181214 16:13:56 Acceso correcto usuario nuevo20
20181214 16:13:56 Obtención correcta areas usuario:1
20181214 16:13:56 Avance correcto proceso 0
20181214 16:15:22 Acceso correcto usuario nuevo20
20181214 16:16:25 Obtención correcta areas usuario:1
20181214 16:16:25 Avance correcto proceso 0
20181214 16:20:09 Acceso correcto usuario nuevo20
20181214 16:20:12 Obtención correcta areas usuario:1
20181214 16:20:12 Avance correcto proceso 0
20181214 16:22:16 Acceso correcto usuario nuevo20
20181214 16:22:19 Obtención correcta areas usuario:1
20181214 16:22:19 Avance correcto proceso 0
20181214 16:22:26 Obtención correcta areas usuario:1
20181214 16:22:26 Consulta correcta aplicacion 0
20181214 16:22:34 Obtención correcta areas usuario:1
20181214 16:28:45 Acceso correcto usuario nuevo20
20181214 16:28:48 Obtención correcta areas usuario:1
20181214 16:28:48 Avance correcto proceso 0
20181214 16:28:57 Obten Aplicaciones correcto usuario 1
20181214 16:28:57 Obtención correcta areas usuario:1
20181214 16:28:57 Obten Lenguajes correcto usuario 1
20181214 16:29:03 Obten perfiles correcto usuario 1
20181214 16:29:07 Obten usuarios correcto usuario 1
20181214 16:29:07 Obtención correcta areas usuario:1
20181214 16:29:07 Obten PERFILES correcto usuario 1
20181214 16:29:10 Obten perfiles correcto usuario 1
20181214 16:29:18 Acceso correcto usuario nuevo20
20181214 16:29:18 Obtención correcta areas usuario:1
20181214 16:29:18 Avance correcto proceso 0
20181214 16:30:02 Obtención correcta areas usuario:1
20181214 16:30:02 Avance correcto proceso 0
20181214 16:30:06 Obtención correcta areas usuario:1
20181214 16:30:12 Obtención correcta areas usuario:1
20181214 16:30:12 Consulta correcta aplicacion 0
20181214 16:30:16 Obtención correcta areas usuario:1
