20181228 13:59:09 Acceso correcto usuario info
20181228 13:59:09 Obtención correcta areas usuario:1
20181228 13:59:09 Avance correcto proceso 0
20181228 13:59:18 Obten Aplicaciones correcto usuario 1
20181228 13:59:18 Obtención correcta areas usuario:1
20181228 13:59:18 Obten Lenguajes correcto usuario 1
20181228 13:59:18 Obtención correcta estatus usuario:1
20181228 13:59:24 Obten Aplicaciones correcto usuario 1
20181228 13:59:24 Obtención correcta areas usuario:1
20181228 13:59:24 Obten Lenguajes correcto usuario 1
20181228 13:59:24 Obtención correcta estatus usuario:1
20181228 13:59:29 Obten Aplicaciones correcto usuario 1
20181228 13:59:29 Obtención correcta areas usuario:1
20181228 13:59:29 Obten Lenguajes correcto usuario 1
20181228 13:59:29 Obtención correcta estatus usuario:1
20181228 13:59:31 Obten Aplicaciones correcto usuario 1
20181228 13:59:31 Obtención correcta areas usuario:1
20181228 13:59:31 Obten Lenguajes correcto usuario 1
20181228 13:59:31 Obtención correcta estatus usuario:1
20181228 13:59:44 Obten Aplicaciones correcto usuario 1
20181228 13:59:44 Obtención correcta areas usuario:1
20181228 13:59:44 Obten Lenguajes correcto usuario 1
20181228 13:59:44 Obtención correcta estatus usuario:1
20181228 13:59:46 Obten Aplicaciones correcto usuario 1
20181228 13:59:46 Obtención correcta areas usuario:1
20181228 13:59:46 Obten Lenguajes correcto usuario 1
20181228 13:59:46 Obtención correcta estatus usuario:1
20181228 16:09:11 Acceso correcto usuario info
20181228 16:09:11 Obtención correcta areas usuario:1
20181228 16:09:11 Avance correcto proceso 0
20181228 16:09:18 Obten Aplicaciones correcto usuario 1
20181228 16:09:18 Obtención correcta areas usuario:1
20181228 16:09:18 Obten Lenguajes correcto usuario 1
20181228 16:09:18 Obtención correcta estatus usuario:1
20181228 16:09:24 Obten Aplicaciones correcto usuario 1
20181228 16:09:24 Obtención correcta areas usuario:1
20181228 16:09:24 Obten Lenguajes correcto usuario 1
20181228 16:09:24 Obtención correcta estatus usuario:1
20181228 16:09:34 Obtención correcta areas usuario:1
20181228 16:10:06 Obtención correcta areas usuario:1
20181228 16:31:52 Acceso correcto usuario info
20181228 16:31:52 Obtención correcta areas usuario:1
20181228 16:31:52 Avance correcto proceso 0
20181228 16:32:11 Obten Aplicaciones correcto usuario 1
20181228 16:32:11 Obtención correcta areas usuario:1
20181228 16:32:11 Obten Lenguajes correcto usuario 1
20181228 16:32:11 Obtención correcta estatus usuario:1
20181228 16:32:19 Obten Aplicaciones correcto usuario 1
20181228 16:32:19 Obtención correcta areas usuario:1
20181228 16:32:19 Obten Lenguajes correcto usuario 1
20181228 16:32:20 Obtención correcta estatus usuario:1
20181228 16:32:26 Obten Aplicaciones correcto usuario 1
20181228 16:32:26 Obtención correcta areas usuario:1
20181228 16:32:26 Obten Lenguajes correcto usuario 1
20181228 16:32:26 Obtención correcta estatus usuario:1
20181228 16:32:28 Obten Aplicaciones correcto usuario 1
20181228 16:32:28 Obtención correcta areas usuario:1
20181228 16:32:28 Obten Lenguajes correcto usuario 1
20181228 16:32:28 Obtención correcta estatus usuario:1
20181228 16:32:39 Obtención correcta areas usuario:1
20181228 16:37:44 Acceso correcto usuario info
20181228 16:37:44 Obtención correcta areas usuario:1
20181228 16:37:44 Avance correcto proceso 0
20181228 16:37:56 Obten Aplicaciones correcto usuario 1
20181228 16:37:56 Obtención correcta areas usuario:1
20181228 16:37:56 Obten Lenguajes correcto usuario 1
20181228 16:37:56 Obtención correcta estatus usuario:1
20181228 16:38:02 Obten Aplicaciones correcto usuario 1
20181228 16:38:02 Obtención correcta areas usuario:1
20181228 16:38:02 Obten Lenguajes correcto usuario 1
20181228 16:38:02 Obtención correcta estatus usuario:1
20181228 16:38:12 Obten Aplicaciones correcto usuario 1
20181228 16:38:12 Obtención correcta areas usuario:1
20181228 16:38:12 Obten Lenguajes correcto usuario 1
20181228 16:38:12 Obtención correcta estatus usuario:1
20181228 16:38:14 Obten Aplicaciones correcto usuario 1
20181228 16:38:14 Obtención correcta areas usuario:1
20181228 16:38:14 Obten Lenguajes correcto usuario 1
20181228 16:38:14 Obtención correcta estatus usuario:1
20181228 16:38:24 Obtención correcta areas usuario:1
20181228 16:38:24 Obten Lenguajes correcto usuario 1
20181228 16:38:24 Obtención correcta estatus usuario:1
20181228 16:38:33 Obtención correcta areas usuario:1
20181228 16:38:33 Obten Lenguajes correcto usuario 1
20181228 16:38:33 Obtención correcta estatus usuario:1
20181228 16:41:13 Acceso correcto usuario info
20181228 16:41:13 Obtención correcta areas usuario:1
20181228 16:41:13 Avance correcto proceso 0
20181228 16:41:23 Obten Aplicaciones correcto usuario 1
20181228 16:41:23 Obtención correcta areas usuario:1
20181228 16:41:23 Obten Lenguajes correcto usuario 1
20181228 16:41:23 Obtención correcta estatus usuario:1
20181228 16:41:26 Obten Aplicaciones correcto usuario 1
20181228 16:41:26 Obtención correcta areas usuario:1
20181228 16:41:26 Obten Lenguajes correcto usuario 1
20181228 16:41:26 Obtención correcta estatus usuario:1
20181228 16:41:28 Obtención correcta areas usuario:1
20181228 16:41:28 Obten Lenguajes correcto usuario 1
20181228 16:41:28 Obtención correcta estatus usuario:1
20181228 16:46:08 Obtención correcta areas usuario:1
20181228 16:46:08 Obten Lenguajes correcto usuario 1
20181228 16:46:08 Obtención correcta estatus usuario:1
20181228 16:46:53 Obtención correcta areas usuario:1
20181228 16:46:53 Obten Lenguajes correcto usuario 1
20181228 16:46:53 Obtención correcta estatus usuario:1
20181228 16:46:56 Obtención correcta areas usuario:1
20181228 16:46:56 Obten Lenguajes correcto usuario 1
20181228 16:46:56 Obtención correcta estatus usuario:1
20181228 16:48:28 Obten Aplicaciones correcto usuario 1
20181228 16:48:28 Obtención correcta areas usuario:1
20181228 16:48:28 Obten Lenguajes correcto usuario 1
20181228 16:48:29 Obtención correcta estatus usuario:1
20181228 16:48:31 Obten Aplicaciones correcto usuario 1
20181228 16:48:31 Obtención correcta areas usuario:1
20181228 16:48:31 Obten Lenguajes correcto usuario 1
20181228 16:48:31 Obtención correcta estatus usuario:1
20181228 16:48:33 Obten Aplicaciones correcto usuario 1
20181228 16:48:33 Obtención correcta areas usuario:1
20181228 16:48:33 Obten Lenguajes correcto usuario 1
20181228 16:48:33 Obtención correcta estatus usuario:1
20181228 16:48:34 Obtención correcta areas usuario:1
20181228 16:48:34 Obten Lenguajes correcto usuario 1
20181228 16:48:34 Obtención correcta estatus usuario:1
20181228 16:48:58 Obten Aplicaciones correcto usuario 1
20181228 16:48:58 Obtención correcta areas usuario:1
20181228 16:48:58 Obten Lenguajes correcto usuario 1
20181228 16:48:58 Obtención correcta estatus usuario:1
20181228 16:49:00 Obten Aplicaciones correcto usuario 1
20181228 16:49:00 Obtención correcta areas usuario:1
20181228 16:49:00 Obten Lenguajes correcto usuario 1
20181228 16:49:00 Obtención correcta estatus usuario:1
20181228 16:49:02 Obten Aplicaciones correcto usuario 1
20181228 16:49:02 Obtención correcta areas usuario:1
20181228 16:49:02 Obten Lenguajes correcto usuario 1
20181228 16:49:02 Obtención correcta estatus usuario:1
20181228 16:49:04 Obtención correcta areas usuario:1
20181228 16:49:04 Obten Lenguajes correcto usuario 1
20181228 16:49:04 Obtención correcta estatus usuario:1
20181228 16:49:09 Obten Aplicaciones correcto usuario 1
20181228 16:49:09 Obtención correcta areas usuario:1
20181228 16:49:09 Obten Lenguajes correcto usuario 1
20181228 16:49:09 Obtención correcta estatus usuario:1
20181228 16:50:00 Obten Aplicaciones correcto usuario 1
20181228 16:50:00 Obtención correcta areas usuario:1
20181228 16:50:00 Obten Lenguajes correcto usuario 1
20181228 16:50:00 Obtención correcta estatus usuario:1
20181228 16:50:02 Obten Aplicaciones correcto usuario 1
20181228 16:50:02 Obtención correcta areas usuario:1
20181228 16:50:02 Obten Lenguajes correcto usuario 1
20181228 16:50:02 Obtención correcta estatus usuario:1
20181228 16:50:04 Obtención correcta areas usuario:1
20181228 16:50:04 Obten Lenguajes correcto usuario 1
20181228 16:50:04 Obtención correcta estatus usuario:1
20181228 16:53:25 Acceso correcto usuario info
20181228 16:53:25 Obtención correcta areas usuario:1
20181228 16:53:25 Avance correcto proceso 0
20181228 16:53:31 Obten Aplicaciones correcto usuario 1
20181228 16:53:31 Obtención correcta areas usuario:1
20181228 16:53:31 Obten Lenguajes correcto usuario 1
20181228 16:53:31 Obtención correcta estatus usuario:1
20181228 16:53:34 Obten Aplicaciones correcto usuario 1
20181228 16:53:34 Obtención correcta areas usuario:1
20181228 16:53:34 Obten Lenguajes correcto usuario 1
20181228 16:53:34 Obtención correcta estatus usuario:1
20181228 16:54:01 Obten Aplicaciones correcto usuario 1
20181228 16:54:01 Obtención correcta areas usuario:1
20181228 16:54:01 Obten Lenguajes correcto usuario 1
20181228 16:54:01 Obtención correcta estatus usuario:1
20181228 16:54:06 Obtención correcta areas usuario:1
20181228 16:54:06 Obten Lenguajes correcto usuario 1
20181228 16:54:06 Obtención correcta estatus usuario:1
20181228 16:55:19 Acceso correcto usuario info
20181228 16:55:19 Obtención correcta areas usuario:1
20181228 16:55:19 Avance correcto proceso 0
20181228 16:55:24 Obten Aplicaciones correcto usuario 1
20181228 16:55:24 Obtención correcta areas usuario:1
20181228 16:55:24 Obten Lenguajes correcto usuario 1
20181228 16:55:24 Obtención correcta estatus usuario:1
20181228 16:55:30 Obten Aplicaciones correcto usuario 1
20181228 16:55:30 Obtención correcta areas usuario:1
20181228 16:55:30 Obten Lenguajes correcto usuario 1
20181228 16:55:30 Obtención correcta estatus usuario:1
20181228 16:55:31 Obtención correcta areas usuario:1
20181228 16:55:31 Obten Lenguajes correcto usuario 1
20181228 16:55:31 Obtención correcta estatus usuario:1
20181228 16:59:04 Acceso correcto usuario info
20181228 16:59:04 Obtención correcta areas usuario:1
20181228 16:59:04 Avance correcto proceso 0
20181228 16:59:10 Obten Aplicaciones correcto usuario 1
20181228 16:59:10 Obtención correcta areas usuario:1
20181228 16:59:10 Obten Lenguajes correcto usuario 1
20181228 16:59:10 Obtención correcta estatus usuario:1
20181228 16:59:14 Obten Aplicaciones correcto usuario 1
20181228 16:59:14 Obtención correcta areas usuario:1
20181228 16:59:14 Obten Lenguajes correcto usuario 1
20181228 16:59:14 Obtención correcta estatus usuario:1
20181228 16:59:34 Obtención correcta areas usuario:1
20181228 16:59:34 Obten Lenguajes correcto usuario 1
20181228 16:59:34 Obtención correcta estatus usuario:1
20181228 17:00:54 Obtención correcta areas usuario:1
20181228 17:00:54 Obten Lenguajes correcto usuario 1
20181228 17:00:54 Obtención correcta estatus usuario:1
20181228 17:01:04 Obtención correcta areas usuario:1
20181228 17:01:04 Obten Lenguajes correcto usuario 1
20181228 17:01:04 Obtención correcta estatus usuario:1
20181228 17:02:21 Obtención correcta areas usuario:1
20181228 17:02:21 Obten Lenguajes correcto usuario 1
20181228 17:02:21 Obtención correcta estatus usuario:1
