20181116 12:15:46 Acceso correcto usuario veneno
20181116 12:15:46 Obtención correcta areas usuario:1
20181116 12:15:46 Avance correcto proceso 0
20181116 12:18:48 Acceso correcto usuario veneno
20181116 12:18:48 Obtención correcta areas usuario:1
20181116 12:18:48 Avance correcto proceso 0
20181116 12:19:07 Obtención correcta areas usuario:1
20181116 12:19:13 Obtención correcta areas usuario:1
20181116 12:19:26 Obtención correcta areas usuario:1
20181116 12:19:29 Obtención correcta areas usuario:1
20181116 12:19:37 Obtención correcta areas usuario:1
20181116 12:19:37 Avance correcto proceso 0
20181116 12:25:09 Obtención correcta areas usuario:1
20181116 12:25:27 Acceso correcto usuario veneno
20181116 12:25:27 Obtención correcta areas usuario:1
20181116 12:25:27 Avance correcto proceso 0
20181116 12:25:33 Obtención correcta areas usuario:1
20181116 12:25:37 Obtención correcta areas usuario:1
20181116 12:25:40 Obtención correcta areas usuario:1
20181116 12:25:49 Obtención correcta areas usuario:1
20181116 12:25:49 Avance correcto proceso 0
20181116 12:26:32 actualizaStatus.UploadComplete Value cannot be null.
Parameter name: String
20181116 12:37:36 Acceso correcto usuario veneno
20181116 12:37:36 Obtención correcta areas usuario:1
20181116 12:37:36 Avance correcto proceso 0
20181116 12:53:35 Obtención correcta areas usuario:1
20181116 12:53:35 ObtenProcesoAvance ObtenProcesoAvance Object reference not set to an instance of an object.
20181116 12:54:58 Acceso correcto usuario veneno
20181116 12:54:58 Obtención correcta areas usuario:1
20181116 12:54:58 Avance correcto proceso 0
20181116 12:59:54 Acceso correcto usuario veneno
20181116 12:59:54 Obtención correcta areas usuario:1
20181116 12:59:54 Avance correcto proceso 0
20181116 13:13:40 Acceso correcto usuario veneno
20181116 13:13:41 Obtención correcta areas usuario:1
20181116 13:13:41 Avance correcto proceso 0
20181116 13:17:09 Acceso correcto usuario veneno
20181116 13:17:09 Obtención correcta areas usuario:1
20181116 13:17:09 Avance correcto proceso 0
20181116 13:24:52 Acceso correcto usuario veneno
20181116 13:24:52 Obtención correcta areas usuario:1
20181116 13:24:52 Avance correcto proceso 0
20181116 15:51:45 Acceso correcto usuario veneno
20181116 15:51:45 Obtención correcta areas usuario:1
20181116 15:51:45 Avance correcto proceso 0
20181116 15:56:31 Acceso correcto usuario veneno
20181116 15:56:31 Obtención correcta areas usuario:1
20181116 15:56:31 Avance correcto proceso 0
20181116 15:57:25 Acceso correcto usuario veneno
20181116 15:57:25 Obtención correcta areas usuario:1
20181116 15:57:25 Avance correcto proceso 0
20181116 16:00:22 Acceso correcto usuario veneno
20181116 16:00:22 Obtención correcta areas usuario:1
20181116 16:00:22 Avance correcto proceso 0
20181116 16:01:34 Acceso correcto usuario veneno
20181116 16:01:34 Obtención correcta areas usuario:1
20181116 16:01:34 Avance correcto proceso 0
20181116 16:06:22 Acceso correcto usuario veneno
20181116 16:06:22 Obtención correcta areas usuario:1
20181116 16:06:22 Avance correcto proceso 0
20181116 16:12:13 Acceso correcto usuario veneno
20181116 16:12:13 Obtención correcta areas usuario:1
20181116 16:12:13 Avance correcto proceso 0
20181116 16:12:30 Acceso correcto usuario veneno
20181116 16:12:30 Obtención correcta areas usuario:1
20181116 16:12:31 Avance correcto proceso 0
20181116 16:14:29 Acceso correcto usuario veneno
20181116 16:14:29 Obtención correcta areas usuario:1
20181116 16:14:29 Avance correcto proceso 0
20181116 16:21:54 Acceso correcto usuario veneno
20181116 16:21:54 Obtención correcta areas usuario:1
20181116 16:21:54 Avance correcto proceso 0
20181116 16:26:29 Acceso correcto usuario veneno
20181116 16:26:29 Obtención correcta areas usuario:1
20181116 16:26:29 Avance correcto proceso 0
20181116 16:30:50 Acceso correcto usuario veneno
20181116 16:30:50 Obtención correcta areas usuario:1
20181116 16:30:51 Avance correcto proceso 0
20181116 16:45:48 Acceso correcto usuario veneno
20181116 16:45:48 Obtención correcta areas usuario:1
20181116 16:45:48 Avance correcto proceso 0
20181116 16:48:59 Obtención correcta areas usuario:1
20181116 16:48:59 Avance correcto proceso 0
20181116 16:51:58 Acceso correcto usuario veneno
20181116 16:51:58 Obtención correcta areas usuario:1
20181116 16:51:58 Avance correcto proceso 0
20181116 16:52:28 Obtención correcta areas usuario:1
20181116 16:52:28 Avance correcto proceso 0
20181116 16:53:33 Obtención correcta areas usuario:1
20181116 16:53:37 Obtención correcta areas usuario:1
20181116 16:53:42 Obtención correcta areas usuario:1
20181116 16:53:44 Obtención correcta areas usuario:1
20181116 16:53:44 Avance correcto proceso 0
20181116 16:57:50 Acceso correcto usuario veneno
20181116 16:57:50 Obtención correcta areas usuario:1
20181116 16:57:50 Avance correcto proceso 0
20181116 17:12:08 Acceso correcto usuario veneno
20181116 17:12:09 Obtención correcta areas usuario:1
20181116 17:12:09 Avance correcto proceso 0
20181116 17:13:26 Acceso correcto usuario veneno
20181116 17:13:26 Obtención correcta areas usuario:1
20181116 17:13:27 Avance correcto proceso 0
20181116 17:14:24 Acceso correcto usuario veneno
20181116 17:14:24 Obtención correcta areas usuario:1
20181116 17:14:24 Avance correcto proceso 0
20181116 17:39:13 Acceso correcto usuario veneno
20181116 17:39:13 Obtención correcta areas usuario:1
20181116 17:39:13 Avance correcto proceso 0
20181116 17:48:45 Acceso correcto usuario veneno
20181116 17:48:45 Obtención correcta areas usuario:1
20181116 17:48:45 Avance correcto proceso 0
20181116 18:17:19 Obtención correcta areas usuario:1
20181116 18:17:27 Obtención correcta areas usuario:1
20181116 18:17:31 Obtención correcta aplicaciones usuario:1 area 1
20181116 18:17:32 Obtención correcta aplicaciones usuario:1 area 1
20181116 18:21:41 Acceso correcto usuario veneno
20181116 18:21:41 Obtención correcta areas usuario:1
20181116 18:21:41 Avance correcto proceso 0
20181116 22:31:44 Acceso correcto usuario veneno
20181116 22:31:44 Obtención correcta areas usuario:1
20181116 22:31:44 Avance correcto proceso 0
20181116 22:57:00 Obtención correcta areas usuario:1
20181116 22:57:00 ObtenProcesoAvance ObtenProcesoAvance Object reference not set to an instance of an object.
20181116 22:57:53 Acceso correcto usuario veneno
20181116 22:57:53 Obtención correcta areas usuario:1
20181116 22:57:53 Avance correcto proceso 0
20181116 23:01:37 Acceso correcto usuario veneno
20181116 23:01:37 Obtención correcta areas usuario:1
20181116 23:01:37 Avance correcto proceso 0
20181116 23:22:53 Acceso correcto usuario veneno
20181116 23:22:53 Obtención correcta areas usuario:1
20181116 23:22:53 Avance correcto proceso 0
20181116 23:26:10 Acceso correcto usuario veneno
20181116 23:26:10 Obtención correcta areas usuario:1
20181116 23:26:10 Avance correcto proceso 0
20181116 23:27:20 Acceso incorrecto usuario veneno
20181116 23:27:58 Acceso correcto usuario veneno
20181116 23:27:58 Obtención correcta areas usuario:1
20181116 23:27:58 Avance correcto proceso 0
20181116 23:30:38 Acceso correcto usuario veneno
20181116 23:30:38 Obtención correcta areas usuario:1
20181116 23:30:38 Avance correcto proceso 0
20181116 23:34:53 Acceso correcto usuario veneno
20181116 23:34:53 Obtención correcta areas usuario:1
20181116 23:34:53 Avance correcto proceso 0
20181116 23:35:42 Acceso correcto usuario veneno
20181116 23:35:42 Obtención correcta areas usuario:1
20181116 23:35:42 Avance correcto proceso 0
20181116 23:37:20 Acceso correcto usuario veneno
20181116 23:37:20 Obtención correcta areas usuario:1
20181116 23:37:20 Avance correcto proceso 0
20181116 23:42:29 Acceso correcto usuario veneno
20181116 23:42:29 Obtención correcta areas usuario:1
20181116 23:42:30 Avance correcto proceso 0
20181116 23:51:43 Acceso correcto usuario veneno
20181116 23:51:43 Obtención correcta areas usuario:1
20181116 23:51:43 Avance correcto proceso 0
