20181226 11:43:56 Acceso correcto usuario info
20181226 11:43:56 Obtención correcta areas usuario:1
20181226 11:43:57 Avance correcto proceso 0
20181226 11:46:15 Acceso correcto usuario info
20181226 11:46:22 Obtención correcta areas usuario:1
20181226 11:46:22 Avance correcto proceso 0
20181226 11:47:03 Acceso correcto usuario info
20181226 11:47:16 Obtención correcta areas usuario:1
20181226 11:47:24 Avance correcto proceso 0
20181226 11:49:13 Acceso correcto usuario info
20181226 11:49:17 Obtención correcta areas usuario:1
20181226 11:49:24 Avance correcto proceso 0
20181226 11:51:48 Acceso correcto usuario info
20181226 11:51:48 Obtención correcta areas usuario:1
20181226 11:51:50 Avance correcto proceso 0
20181226 11:51:56 Acceso correcto usuario info
20181226 11:51:59 Obtención correcta areas usuario:1
20181226 11:52:02 Avance correcto proceso 0
20181226 11:53:53 Acceso correcto usuario info
20181226 11:53:55 Obtención correcta areas usuario:1
20181226 11:53:56 Avance correcto proceso 0
20181226 11:55:41 Acceso correcto usuario info
20181226 11:55:41 Obtención correcta areas usuario:1
20181226 11:55:43 Avance correcto proceso 0
20181226 11:55:54 Acceso correcto usuario info
20181226 11:55:54 Obtención correcta areas usuario:1
20181226 11:55:55 Avance correcto proceso 0
20181226 12:08:06 Acceso correcto usuario info
20181226 12:08:06 Obtención correcta areas usuario:1
20181226 12:08:06 Avance correcto proceso 0
20181226 12:08:14 Obten Aplicaciones correcto usuario 1
20181226 12:08:14 Obtención correcta areas usuario:1
20181226 12:08:14 Obten Lenguajes correcto usuario 1
20181226 12:08:20 Obten perfiles correcto usuario 1
20181226 12:08:25 Obtención correcta areas usuario:1
20181226 12:08:38 Obtención correcta areas usuario:1
20181226 12:08:45 Obtención correcta areas usuario:1
20181226 12:08:45 Consulta correcta aplicacion 0
20181226 12:09:21 Obtención correcta areas usuario:1
20181226 12:10:01 Obtención correcta areas usuario:1
20181226 12:10:01 Consulta correcta aplicacion 0
20181226 12:10:09 Obten usuarios correcto usuario 1
20181226 12:10:09 Obtención correcta areas usuario:1
20181226 12:10:09 Obten PERFILES correcto usuario 1
20181226 12:10:15 Obten usuarios correcto usuario 1
20181226 12:10:15 Obtención correcta areas usuario:1
20181226 12:10:15 Obten PERFILES correcto usuario 1
20181226 12:10:15 Obten usuarios correcto usuario 1
20181226 12:13:46 Acceso correcto usuario info
20181226 12:13:46 Obtención correcta areas usuario:1
20181226 12:13:46 Avance correcto proceso 0
20181226 12:13:51 Obten Aplicaciones correcto usuario 1
20181226 12:13:51 Obtención correcta areas usuario:1
20181226 12:13:51 Obten Lenguajes correcto usuario 1
