20181115 00:15:59 Acceso correcto usuario veneno
20181115 00:15:59 Obtención correcta areas usuario:1
20181115 00:15:59 Avance correcto proceso 0
20181115 00:22:21 Acceso correcto usuario veneno
20181115 00:22:21 Obtención correcta areas usuario:1
20181115 00:22:21 Avance correcto proceso 0
20181115 00:24:16 Acceso correcto usuario veneno
20181115 00:24:16 Obtención correcta areas usuario:1
20181115 00:24:16 Avance correcto proceso 0
20181115 00:28:28 Acceso correcto usuario veneno
20181115 00:28:28 Obtención correcta areas usuario:1
20181115 00:28:28 Avance correcto proceso 0
20181115 00:32:49 Acceso correcto usuario veneno
20181115 00:32:49 Obtención correcta areas usuario:1
20181115 00:32:49 Avance correcto proceso 0
20181115 00:35:19 Acceso correcto usuario veneno
20181115 00:35:19 Obtención correcta areas usuario:1
20181115 00:35:19 Avance correcto proceso 0
20181115 00:39:04 Obtención correcta areas usuario:1
20181115 00:39:04 ObtenProcesoAvance ObtenProcesoAvance Object reference not set to an instance of an object.
20181115 00:39:49 Acceso correcto usuario veneno
20181115 00:39:49 Obtención correcta areas usuario:1
20181115 00:39:49 Avance correcto proceso 0
20181115 00:39:53 Obtención correcta areas usuario:1
20181115 00:40:04 Obtención correcta aplicaciones usuario:1 area 1
20181115 00:40:04 Obtención correcta aplicaciones usuario:1 area 1
20181115 00:42:39 Acceso correcto usuario veneno
20181115 00:42:39 Obtención correcta areas usuario:1
20181115 00:42:39 Avance correcto proceso 0
20181115 00:42:52 Obtención correcta areas usuario:1
20181115 00:43:02 Obtención correcta aplicaciones usuario:1 area 1
20181115 00:43:03 Obtención correcta aplicaciones usuario:1 area 1
20181115 00:47:57 Obtención correcta areas usuario:1
20181115 00:48:32 Acceso correcto usuario veneno
20181115 00:48:32 Obtención correcta areas usuario:1
20181115 00:48:32 Avance correcto proceso 0
20181115 00:48:38 Obtención correcta areas usuario:1
20181115 00:48:49 Obtención correcta aplicaciones usuario:1 area 1
20181115 00:48:50 Obtención correcta aplicaciones usuario:1 area 1
20181115 00:51:24 Acceso correcto usuario veneno
20181115 00:51:24 Obtención correcta areas usuario:1
20181115 00:51:24 Avance correcto proceso 0
20181115 00:51:40 Obtención correcta areas usuario:1
20181115 00:51:47 Obtención correcta aplicaciones usuario:1 area 1
20181115 00:51:47 Obtención correcta aplicaciones usuario:1 area 1
20181115 00:52:01 Obtención correcta areas usuario:1
20181115 00:52:01 Avance correcto proceso 0
20181115 00:52:10 Obtención correcta areas usuario:1
20181115 00:53:28 Acceso correcto usuario veneno
20181115 00:53:28 Obtención correcta areas usuario:1
20181115 00:53:28 Avance correcto proceso 0
20181115 00:53:35 Obtención correcta areas usuario:1
20181115 00:53:42 Obtención correcta aplicaciones usuario:1 area 1
20181115 00:53:42 Obtención correcta aplicaciones usuario:1 area 1
20181115 00:54:45 Obtención correcta areas usuario:1
20181115 00:54:45 Avance correcto proceso 0
20181115 00:54:48 Obtención correcta areas usuario:1
20181115 00:54:51 Obtención correcta areas usuario:1
20181115 00:54:51 Avance correcto proceso 0
20181115 00:55:23 Obtención correcta areas usuario:1
20181115 00:55:30 Obtención correcta aplicaciones usuario:1 area 1
20181115 00:56:24 Obtención correcta areas usuario:1
20181115 00:56:29 Obtención correcta aplicaciones usuario:1 area 1
20181115 00:57:07 Obtención correcta areas usuario:1
20181115 00:57:13 Obtención correcta aplicaciones usuario:1 area 1
20181115 00:57:38 Obtención correcta areas usuario:1
20181115 00:57:39 ObtenProcesoAvance ObtenProcesoAvance Object reference not set to an instance of an object.
20181115 00:58:52 Obtención correcta areas usuario:1
20181115 00:58:58 Obtención correcta aplicaciones usuario:1 area 1
20181115 00:59:23 Obtención correcta areas usuario:1
20181115 00:59:31 Obtención correcta aplicaciones usuario:1 area 1
20181115 00:59:38 Obtención correcta areas usuario:1
20181115 00:59:38 ObtenProcesoAvance ObtenProcesoAvance Object reference not set to an instance of an object.
20181115 01:01:08 Acceso correcto usuario veneno
20181115 01:01:08 Obtención correcta areas usuario:1
20181115 01:01:08 Avance correcto proceso 0
20181115 01:01:23 Acceso correcto usuario veneno
20181115 01:01:23 Obtención correcta areas usuario:1
20181115 01:01:23 Avance correcto proceso 0
20181115 01:01:26 Obtención correcta areas usuario:1
20181115 01:01:31 Obtención correcta aplicaciones usuario:1 area 1
20181115 01:01:31 Obtención correcta aplicaciones usuario:1 area 1
20181115 01:02:11 Obtención correcta areas usuario:1
20181115 01:02:11 Avance correcto proceso 0
20181115 01:04:01 Acceso correcto usuario veneno
20181115 01:04:01 Obtención correcta areas usuario:1
20181115 01:04:01 Avance correcto proceso 0
20181115 01:04:05 Obtención correcta areas usuario:1
20181115 01:04:08 Obtención correcta aplicaciones usuario:1 area 1
20181115 01:04:08 Obtención correcta aplicaciones usuario:1 area 1
20181115 01:04:27 Obtención correcta areas usuario:1
20181115 01:04:27 Avance correcto proceso 0
20181115 01:06:33 Acceso correcto usuario veneno
20181115 01:06:33 Obtención correcta areas usuario:1
20181115 01:06:33 Avance correcto proceso 0
20181115 01:06:37 Obtención correcta areas usuario:1
20181115 01:06:40 Obtención correcta aplicaciones usuario:1 area 1
20181115 01:06:41 Obtención correcta aplicaciones usuario:1 area 1
20181115 01:07:06 Obtención correcta areas usuario:1
20181115 01:07:06 Avance correcto proceso 0
20181115 08:08:52 Acceso correcto usuario veneno
20181115 08:08:52 Obtención correcta areas usuario:1
20181115 08:08:52 Avance correcto proceso 0
20181115 08:13:40 Obtención correcta areas usuario:1
20181115 08:17:27 Acceso correcto usuario veneno
20181115 08:17:27 Obtención correcta areas usuario:1
20181115 08:17:27 Avance correcto proceso 0
20181115 08:17:32 Obtención correcta areas usuario:1
20181115 08:17:37 Obtención correcta areas usuario:1
20181115 08:17:41 Obtención correcta areas usuario:1
20181115 08:17:51 Obtención correcta areas usuario:1
20181115 08:17:53 Obtención correcta aplicaciones usuario:1 area 1
20181115 08:17:53 Obtención correcta aplicaciones usuario:1 area 1
20181115 08:18:13 Obtención correcta areas usuario:1
20181115 09:42:11 Acceso correcto usuario veneno
20181115 09:42:11 Obtención correcta areas usuario:1
20181115 09:42:11 Avance correcto proceso 0
20181115 09:42:24 Obtención correcta areas usuario:1
20181115 09:42:32 Obtención correcta areas usuario:1
20181115 09:42:36 Obtención correcta aplicaciones usuario:1 area 1
20181115 09:42:37 Obtención correcta aplicaciones usuario:1 area 1
20181115 09:42:58 Obtención correcta areas usuario:1
20181115 09:43:17 Acceso correcto usuario veneno
20181115 09:43:17 Obtención correcta areas usuario:1
20181115 09:43:17 Avance correcto proceso 0
20181115 09:48:17 Obtención correcta areas usuario:1
20181115 09:48:20 Obtención correcta aplicaciones usuario:1 area 1
20181115 09:48:21 Obtención correcta aplicaciones usuario:1 area 1
20181115 09:48:53 Obtención correcta areas usuario:1
20181115 09:49:02 Obtención correcta aplicaciones usuario:1 area 1
20181115 09:49:02 Obtención correcta aplicaciones usuario:1 area 1
20181115 10:37:45 Acceso correcto usuario veneno
20181115 10:37:45 Obtención correcta areas usuario:1
20181115 10:37:46 Avance correcto proceso 0
20181115 10:39:29 Obtención correcta areas usuario:1
20181115 10:39:35 Obtención correcta areas usuario:1
20181115 10:39:41 Obtención correcta aplicaciones usuario:1 area 1
20181115 10:39:42 Obtención correcta aplicaciones usuario:1 area 1
20181115 10:42:34 Obtención correcta areas usuario:1
20181115 10:42:36 Obtención correcta aplicaciones usuario:1 area 1
20181115 10:42:37 Obtención correcta aplicaciones usuario:1 area 1
20181115 10:43:54 Obtención correcta areas usuario:1
20181115 10:43:54 Avance correcto proceso 0
20181115 10:44:12 Obtención correcta areas usuario:1
20181115 10:46:06 Obtención correcta aplicaciones usuario:1 area 1
20181115 10:46:06 Obtención correcta aplicaciones usuario:1 area 1
