20181124 08:47:09 Obtención correcta areas usuario:1
20181124 08:47:09 Obtención correcta objetosdb usuario:1 app 1
20181124 11:45:05 Acceso correcto usuario info
20181124 11:45:05 Obtención correcta areas usuario:1
20181124 11:45:05 Avance correcto proceso 0
20181124 11:45:11 Obtención correcta areas usuario:1
20181124 11:45:11 Obtención correcta objetosdb usuario:1 app 1
20181124 11:45:20 Obtención correcta aplicaciones usuario:1 area 1
20181124 11:45:21 Obtención correcta objetosdb usuario:1 app 1
20181124 11:45:37 Obtención correcta objetosdb usuario:1 app 1
20181124 11:45:38 Obtención correcta objetosdb usuario:1 app 1
20181124 11:45:38 Obtención correcta objetosdb usuario:1 app 1
20181124 11:47:19 Obtención correcta objetosdb usuario:1 app 1
20181124 11:47:21 Obtención correcta objetosdb usuario:1 app 1
20181124 11:47:21 Obtención correcta objetosdb usuario:1 app 1
20181124 11:47:21 Obtención correcta objetosdb usuario:1 app 1
20181124 11:47:27 Obtención correcta objetosdb usuario:1 app 1
20181124 11:47:33 Obtención correcta areas usuario:1
20181124 11:47:33 Avance correcto proceso 0
20181124 11:47:36 Obtención correcta areas usuario:1
20181124 11:47:36 Obtención correcta objetosdb usuario:1 app 1
20181124 11:50:05 Acceso correcto usuario info
20181124 11:50:05 Obtención correcta areas usuario:1
20181124 11:50:05 Avance correcto proceso 0
20181124 11:50:11 Obtención correcta areas usuario:1
20181124 11:50:11 Obtención correcta objetosdb usuario:1 app 1
20181124 11:50:36 Obtención correcta objetosdb usuario:1 app 0
20181124 11:54:04 Obtención correcta areas usuario:1
20181124 11:54:04 Obtención correcta objetosdb usuario:1 app 1
20181124 11:54:13 Obtención correcta objetosdb usuario:1 app 0
20181124 11:54:53 Acceso correcto usuario info
20181124 11:54:53 Obtención correcta areas usuario:1
20181124 11:54:53 Avance correcto proceso 0
20181124 11:54:58 Obtención correcta areas usuario:1
20181124 11:54:58 Obtención correcta objetosdb usuario:1 app 1
20181124 11:55:33 Aplicacion.ObtenIndicaores Object reference not set to an instance of an object.
20181124 11:57:41 Acceso correcto usuario info
20181124 11:57:41 Obtención correcta areas usuario:1
20181124 11:57:41 Avance correcto proceso 0
20181124 11:57:45 Obtención correcta areas usuario:1
20181124 11:57:45 Obtención correcta objetosdb usuario:1 app 1
20181124 11:57:48 Aplicacion.ObtenIndicaores Object reference not set to an instance of an object.
20181124 12:03:46 Acceso correcto usuario info
20181124 12:03:46 Obtención correcta areas usuario:1
20181124 12:03:46 Avance correcto proceso 0
20181124 12:03:51 Obtención correcta areas usuario:1
20181124 12:03:51 Obtención correcta objetosdb usuario:1 app 1
20181124 12:04:02 Obtención correcta ObtenIndicaores usuario:1 app 1
20181124 12:25:55 Acceso correcto usuario info
20181124 12:25:55 Obtención correcta areas usuario:1
20181124 12:25:55 Avance correcto proceso 0
20181124 12:25:59 Obtención correcta areas usuario:1
20181124 12:25:59 Obtención correcta objetosdb usuario:1 app 1
20181124 12:26:44 Obtención correcta ObtenIndicaores usuario:1 app 1
20181124 12:28:23 Obtención correcta areas usuario:1
20181124 12:28:23 Obtención correcta objetosdb usuario:1 app 1
20181124 12:28:40 Obtención correcta ObtenIndicaores usuario:1 app 1
20181124 12:30:00 Obtención correcta ObtenIndicaores usuario:1 app 1
20181124 12:34:05 Acceso correcto usuario info
20181124 12:34:05 Obtención correcta areas usuario:1
20181124 12:34:05 Avance correcto proceso 0
20181124 12:34:08 Obtención correcta areas usuario:1
20181124 12:34:08 Obtención correcta objetosdb usuario:1 app 1
20181124 12:34:14 Obtención correcta ObtenIndicaores usuario:1 app 1
20181124 12:37:48 Acceso correcto usuario info
20181124 12:37:48 Obtención correcta areas usuario:1
20181124 12:37:48 Avance correcto proceso 0
20181124 12:37:51 Obtención correcta areas usuario:1
20181124 12:37:51 Obtención correcta objetosdb usuario:1 app 1
20181124 12:37:57 Obtención correcta ObtenIndicaores usuario:1 app 1
20181124 12:41:39 Acceso correcto usuario info
20181124 12:41:39 Obtención correcta areas usuario:1
20181124 12:41:39 Avance correcto proceso 0
20181124 12:41:43 Obtención correcta areas usuario:1
20181124 12:41:43 Obtención correcta objetosdb usuario:1 app 1
20181124 12:41:53 Obtención correcta ObtenIndicaores usuario:1 app 1
20181124 12:45:40 Acceso correcto usuario info
20181124 12:45:40 Obtención correcta areas usuario:1
20181124 12:45:40 Avance correcto proceso 0
20181124 12:45:43 Obtención correcta areas usuario:1
20181124 12:45:43 Obtención correcta objetosdb usuario:1 app 1
20181124 12:45:49 Obtención correcta ObtenIndicaores usuario:1 app 1
20181124 12:46:59 Acceso correcto usuario info
20181124 12:46:59 Obtención correcta areas usuario:1
20181124 12:46:59 Avance correcto proceso 0
20181124 12:47:02 Obtención correcta areas usuario:1
20181124 12:47:02 Obtención correcta objetosdb usuario:1 app 1
20181124 12:47:07 Obtención correcta ObtenIndicaores usuario:1 app 1
20181124 12:48:53 Obtención correcta areas usuario:1
20181124 12:48:53 Avance correcto proceso 0
20181124 12:48:55 Obtención correcta areas usuario:1
20181124 12:48:55 Obtención correcta objetosdb usuario:1 app 1
20181124 12:48:58 Obtención correcta ObtenIndicaores usuario:1 app 1
20181124 12:51:50 Obtención correcta areas usuario:1
20181124 12:51:50 Obtención correcta objetosdb usuario:1 app 1
20181124 12:51:55 Obtención correcta objetosdb usuario:1 app 0
20181124 12:51:56 Obtención correcta ObtenIndicaores usuario:1 app 1
20181124 12:53:02 Obtención correcta areas usuario:1
20181124 12:53:02 Avance correcto proceso 0
20181124 12:53:04 Obtención correcta areas usuario:1
20181124 12:53:04 Obtención correcta objetosdb usuario:1 app 1
20181124 12:55:39 Acceso correcto usuario info
20181124 12:55:39 Obtención correcta areas usuario:1
20181124 12:55:39 Avance correcto proceso 0
20181124 12:55:43 Obtención correcta areas usuario:1
20181124 12:55:43 Obtención correcta objetosdb usuario:1 app 1
20181124 12:57:58 Acceso correcto usuario info
20181124 12:57:58 Obtención correcta areas usuario:1
20181124 12:57:58 Avance correcto proceso 0
20181124 12:58:02 Obtención correcta areas usuario:1
20181124 12:58:02 Obtención correcta objetosdb usuario:1 app 1
20181124 12:58:09 Obtención correcta ObtenIndicaores usuario:1 app 1
20181124 13:04:39 Acceso correcto usuario info
20181124 13:04:39 Obtención correcta areas usuario:1
20181124 13:04:39 Avance correcto proceso 0
20181124 13:04:40 Acceso correcto usuario info
20181124 13:04:40 Obtención correcta areas usuario:1
20181124 13:04:40 Avance correcto proceso 0
20181124 13:04:42 Obtención correcta areas usuario:1
20181124 13:04:42 Obtención correcta objetosdb usuario:1 app 1
20181124 13:04:51 Obtención correcta objetosdb usuario:1 app 0
20181124 13:04:53 Obtención correcta ObtenIndicaores usuario:1 app 1
20181124 13:07:18 Acceso correcto usuario info
20181124 13:07:18 Obtención correcta areas usuario:1
20181124 13:07:18 Avance correcto proceso 0
20181124 13:07:21 Obtención correcta areas usuario:1
20181124 13:07:21 Obtención correcta objetosdb usuario:1 app 1
20181124 13:07:26 Obtención correcta objetosdb usuario:1 app 0
20181124 13:07:27 Obtención correcta ObtenIndicaores usuario:1 app 1
20181124 13:08:17 Acceso correcto usuario info
20181124 13:08:17 Obtención correcta areas usuario:1
20181124 13:08:17 Avance correcto proceso 0
20181124 13:08:25 Acceso correcto usuario info
20181124 13:08:25 Obtención correcta areas usuario:1
20181124 13:08:25 Avance correcto proceso 0
20181124 13:08:27 Obtención correcta areas usuario:1
20181124 13:08:27 Obtención correcta objetosdb usuario:1 app 1
20181124 13:08:37 Obtención correcta ObtenIndicaores usuario:1 app 1
20181124 13:09:49 Acceso correcto usuario info
20181124 13:09:49 Obtención correcta areas usuario:1
20181124 13:09:49 Avance correcto proceso 0
20181124 13:09:52 Obtención correcta areas usuario:1
20181124 13:09:52 Obtención correcta objetosdb usuario:1 app 1
20181124 13:09:55 Obtención correcta ObtenIndicaores usuario:1 app 1
20181124 13:15:25 Acceso correcto usuario info
20181124 13:15:25 Obtención correcta areas usuario:1
20181124 13:15:25 Avance correcto proceso 0
20181124 13:15:28 Obtención correcta areas usuario:1
20181124 13:15:29 Obtención correcta objetosdb usuario:1 app 1
20181124 13:15:42 Obtención correcta ObtenIndicaores usuario:1 app 1
20181124 13:17:59 Acceso correcto usuario info
20181124 13:17:59 Obtención correcta areas usuario:1
20181124 13:17:59 Avance correcto proceso 0
20181124 13:18:03 Obtención correcta areas usuario:1
20181124 13:18:03 Obtención correcta objetosdb usuario:1 app 1
20181124 13:18:09 Obtención correcta ObtenIndicaores usuario:1 app 1
20181124 13:18:59 Obtención correcta areas usuario:1
20181124 13:18:59 Avance correcto proceso 0
20181124 13:19:02 Obtención correcta areas usuario:1
20181124 13:19:02 Obtención correcta objetosdb usuario:1 app 1
20181124 13:19:07 Obtención correcta ObtenIndicaores usuario:1 app 1
20181124 13:19:29 Obtención correcta areas usuario:1
20181124 13:19:29 Avance correcto proceso 0
20181124 13:19:31 Obtención correcta areas usuario:1
20181124 13:19:32 Obtención correcta objetosdb usuario:1 app 1
20181124 13:19:34 Obtención correcta ObtenIndicaores usuario:1 app 1
20181124 13:20:48 Obtención correcta areas usuario:1
20181124 13:20:48 Avance correcto proceso 0
20181124 13:20:50 Obtención correcta areas usuario:1
20181124 13:20:50 Obtención correcta objetosdb usuario:1 app 1
20181124 13:20:54 Obtención correcta ObtenIndicaores usuario:1 app 1
20181124 13:21:35 Acceso correcto usuario info
20181124 13:21:35 Obtención correcta areas usuario:1
20181124 13:21:35 Avance correcto proceso 0
20181124 13:21:38 Obtención correcta areas usuario:1
20181124 13:21:38 Obtención correcta objetosdb usuario:1 app 1
20181124 13:21:43 Obtención correcta ObtenIndicaores usuario:1 app 1
20181124 13:23:04 Acceso correcto usuario info
20181124 13:23:04 Obtención correcta areas usuario:1
20181124 13:23:04 Avance correcto proceso 0
20181124 13:23:07 Obtención correcta areas usuario:1
20181124 13:23:07 Obtención correcta objetosdb usuario:1 app 1
20181124 13:23:15 Obtención correcta ObtenIndicaores usuario:1 app 1
20181124 13:25:35 Acceso correcto usuario info
20181124 13:25:35 Obtención correcta areas usuario:1
20181124 13:25:35 Avance correcto proceso 0
20181124 13:25:38 Obtención correcta areas usuario:1
20181124 13:25:39 Obtención correcta objetosdb usuario:1 app 1
20181124 13:25:46 Obtención correcta ObtenIndicaores usuario:1 app 1
20181124 13:28:32 Acceso correcto usuario info
20181124 13:28:32 Obtención correcta areas usuario:1
20181124 13:28:32 Avance correcto proceso 0
20181124 13:28:35 Obtención correcta areas usuario:1
20181124 13:28:35 Obtención correcta objetosdb usuario:1 app 1
20181124 13:28:42 Obtención correcta ObtenIndicaores usuario:1 app 1
20181124 13:28:54 Obtención correcta objetosdb usuario:1 app 0
20181124 13:29:07 Obtención correcta areas usuario:1
20181124 13:29:07 Avance correcto proceso 0
20181124 13:29:09 Obtención correcta areas usuario:1
20181124 13:29:09 Obtención correcta objetosdb usuario:1 app 1
20181124 13:32:30 Acceso correcto usuario info
20181124 13:32:31 Obtención correcta areas usuario:1
20181124 13:32:31 Avance correcto proceso 0
20181124 13:32:33 Obtención correcta areas usuario:1
20181124 13:32:33 Obtención correcta objetosdb usuario:1 app 1
20181124 13:32:40 Obtención correcta aplicaciones usuario:1 area 1
20181124 13:32:42 Obtención correcta objetosdb usuario:1 app 1
20181124 13:32:42 Obtención correcta ObtenIndicaores usuario:1 app 1
20181124 13:41:16 Obtención correcta objetosdb usuario:1 app 1
20181124 13:41:22 Obtención correcta areas usuario:1
20181124 13:41:22 Avance correcto proceso 0
20181124 13:41:24 Obtención correcta areas usuario:1
20181124 13:41:24 Obtención correcta objetosdb usuario:1 app 1
20181124 13:46:30 Acceso correcto usuario info
20181124 13:46:30 Obtención correcta areas usuario:1
20181124 13:46:31 Avance correcto proceso 0
20181124 13:46:34 Obtención correcta areas usuario:1
20181124 13:47:57 Acceso correcto usuario info
20181124 13:47:57 Obtención correcta areas usuario:1
20181124 13:47:57 Avance correcto proceso 0
20181124 13:48:02 Obtención correcta areas usuario:1
20181124 13:49:08 Acceso correcto usuario info
20181124 13:49:08 Obtención correcta areas usuario:1
20181124 13:49:08 Avance correcto proceso 0
20181124 13:49:12 Obtención correcta areas usuario:1
20181124 13:49:17 Obtención correcta aplicaciones usuario:1 area 1
20181124 13:49:18 Obtención correcta objetosdb usuario:1 app 1
20181124 13:49:19 Obtención correcta ObtenIndicaores usuario:1 app 1
20181124 14:08:23 Acceso correcto usuario info
20181124 14:08:23 Obtención correcta areas usuario:1
20181124 14:08:23 Avance correcto proceso 0
20181124 14:08:27 Obtención correcta areas usuario:1
20181124 14:08:31 Obtención correcta aplicaciones usuario:1 area 1
20181124 14:08:33 Obtención correcta ObtenIndicaores usuario:1 app 1
20181124 14:08:33 Obtención correcta objetosdb usuario:1 app 1
20181124 14:15:47 Acceso correcto usuario info
20181124 14:15:47 Obtención correcta areas usuario:1
20181124 14:15:47 Avance correcto proceso 0
20181124 14:15:52 Obtención correcta areas usuario:1
20181124 14:15:55 Obtención correcta aplicaciones usuario:1 area 1
20181124 14:15:57 Obtención correcta objetosdb usuario:1 app 1
20181124 14:15:57 Obtención correcta ObtenIndicaores usuario:1 app 1
20181124 14:16:02 Obtención correcta objetosdb usuario:1 app 1
20181124 14:17:07 Acceso correcto usuario info
20181124 14:17:07 Obtención correcta areas usuario:1
20181124 14:17:07 Avance correcto proceso 0
20181124 14:17:10 Obtención correcta areas usuario:1
20181124 14:18:12 Acceso correcto usuario info
20181124 14:18:12 Obtención correcta areas usuario:1
20181124 14:18:12 Avance correcto proceso 0
20181124 14:18:16 Obtención correcta areas usuario:1
20181124 14:18:20 Obtención correcta aplicaciones usuario:1 area 1
20181124 14:18:22 Obtención correcta ObtenIndicaores usuario:1 app 1
20181124 14:18:22 Obtención correcta objetosdb usuario:1 app 1
20181124 14:18:27 Obtención correcta objetosdb usuario:1 app 1
20181124 14:19:54 Acceso correcto usuario info
20181124 14:19:54 Obtención correcta areas usuario:1
20181124 14:19:54 Avance correcto proceso 0
20181124 14:19:58 Obtención correcta areas usuario:1
20181124 14:20:04 Obtención correcta aplicaciones usuario:1 area 1
20181124 14:20:06 Obtención correcta objetosdb usuario:1 app 1
20181124 14:20:06 Obtención correcta objetosdb usuario:1 app 1
20181124 14:20:07 Obtención correcta ObtenIndicaores usuario:1 app 1
20181124 14:24:19 Acceso correcto usuario info
20181124 14:24:19 Obtención correcta areas usuario:1
20181124 14:24:19 Avance correcto proceso 0
20181124 14:24:23 Obtención correcta areas usuario:1
20181124 14:24:30 Obtención correcta aplicaciones usuario:1 area 1
20181124 14:24:32 Obtención correcta objetosdb usuario:1 app 1
20181124 14:24:33 Obtención correcta ObtenIndicaores usuario:1 app 1
20181124 14:24:33 Obtención correcta objetosdb usuario:1 app 1
20181124 14:24:45 Obtención correcta objetosdb usuario:1 app 1
20181124 14:24:46 Obtención correcta objetosdb usuario:1 app 1
20181124 14:25:02 Obtención correcta objetosdb usuario:1 app 1
20181124 14:25:04 Obtención correcta objetosdb usuario:1 app 1
20181124 14:25:06 Obtención correcta objetosdb usuario:1 app 1
20181124 14:25:07 Obtención correcta objetosdb usuario:1 app 1
20181124 14:25:08 Obtención correcta objetosdb usuario:1 app 1
20181124 14:25:09 Obtención correcta objetosdb usuario:1 app 1
20181124 14:25:30 Obtención correcta objetosdb usuario:1 app 1
20181124 14:26:54 Obtención correcta objetosdb usuario:1 app 1
20181124 14:26:58 Obtención correcta objetosdb usuario:1 app 1
20181124 14:27:02 Obtención correcta objetosdb usuario:1 app 1
20181124 14:27:04 Obtención correcta objetosdb usuario:1 app 1
20181124 14:27:09 Obtención correcta objetosdb usuario:1 app 1
20181124 14:27:15 Obtención correcta objetosdb usuario:1 app 1
20181124 14:29:01 Acceso correcto usuario info
20181124 14:29:01 Obtención correcta areas usuario:1
20181124 14:29:01 Avance correcto proceso 0
20181124 14:29:05 Obtención correcta areas usuario:1
20181124 14:29:09 Obtención correcta aplicaciones usuario:1 area 1
20181124 14:29:21 Obtención correcta objetosdb usuario:1 app 1
20181124 14:29:21 Obtención correcta ObtenIndicaores usuario:1 app 1
20181124 14:29:22 Obtención correcta objetosdb usuario:1 app 1
20181124 14:34:55 Acceso correcto usuario info
20181124 14:34:55 Obtención correcta areas usuario:1
20181124 14:34:55 Avance correcto proceso 0
20181124 14:35:09 Obtención correcta areas usuario:1
20181124 14:35:19 Obtención correcta aplicaciones usuario:1 area 1
20181124 14:35:21 Obtención correcta objetosdb usuario:1 app 1
20181124 14:35:21 Obtención correcta objetosdb usuario:1 app 1
20181124 14:35:22 Obtención correcta ObtenIndicaores usuario:1 app 1
20181124 14:36:31 Obtención correcta objetosdb usuario:1 app 1
20181124 14:39:14 Acceso correcto usuario info
20181124 14:39:14 Obtención correcta areas usuario:1
20181124 14:39:14 Avance correcto proceso 0
20181124 14:39:17 Obtención correcta areas usuario:1
20181124 14:43:14 Acceso correcto usuario info
20181124 14:43:15 Obtención correcta areas usuario:1
20181124 14:43:15 Avance correcto proceso 0
20181124 14:43:21 Obtención correcta areas usuario:1
20181124 14:43:59 Obtención correcta aplicaciones usuario:1 area 1
20181124 14:44:00 Obtención correcta objetosdb usuario:1 app 1
20181124 14:44:01 Obtención correcta ObtenIndicaores usuario:1 app 1
20181124 14:44:01 Obtención correcta objetosdb usuario:1 app 1
20181124 14:44:07 Obtención correcta objetosdb usuario:1 app 1
20181124 14:53:08 Acceso correcto usuario info
20181124 14:53:08 Obtención correcta areas usuario:1
20181124 14:53:08 Avance correcto proceso 0
20181124 14:53:12 Obtención correcta areas usuario:1
20181124 14:53:56 Obtención correcta aplicaciones usuario:1 area 1
20181124 14:53:57 Obtención correcta objetosdb usuario:1 app 1
20181124 14:53:58 Obtención correcta objetosdb usuario:1 app 1
20181124 14:53:59 Obtención correcta ObtenIndicaores usuario:1 app 1
20181124 15:06:30 Obtención correcta objetosdb usuario:1 app 1
20181124 15:06:32 Obtención correcta objetosdb usuario:1 app 1
20181124 15:06:37 Obtención correcta objetosdb usuario:1 app 1
20181124 15:18:54 Acceso correcto usuario info
20181124 15:18:54 Obtención correcta areas usuario:1
20181124 15:18:54 Avance correcto proceso 0
20181124 15:19:16 Obtención correcta areas usuario:1
20181124 15:19:49 Acceso correcto usuario info
20181124 15:19:49 Obtención correcta areas usuario:1
20181124 15:19:49 Avance correcto proceso 0
20181124 15:19:52 Obtención correcta areas usuario:1
20181124 15:19:55 Obtención correcta aplicaciones usuario:1 area 1
20181124 15:19:56 Obtención correcta objetosdb usuario:1 app 1
20181124 15:19:57 Obtención correcta ObtenIndicaores usuario:1 app 1
20181124 15:19:57 Obtención correcta objetosdb usuario:1 app 1
20181124 15:20:40 Obtención correcta objetosdb usuario:1 app 1
20181124 15:20:41 Obtención correcta objetosdb usuario:1 app 1
20181124 15:20:43 Obtención correcta objetosdb usuario:1 app 1
20181124 15:20:45 Obtención correcta objetosdb usuario:1 app 1
20181124 15:20:47 Obtención correcta objetosdb usuario:1 app 1
20181124 15:20:48 Obtención correcta objetosdb usuario:1 app 1
20181124 15:20:50 Obtención correcta objetosdb usuario:1 app 1
20181124 15:20:56 Obtención correcta areas usuario:1
20181124 15:20:56 Avance correcto proceso 0
20181124 15:21:32 Obtención correcta areas usuario:1
20181124 15:21:36 Obtención correcta aplicaciones usuario:1 area 1
20181124 15:21:38 Obtención correcta objetosdb usuario:1 app 2
20181124 15:21:39 Obtención correcta ObtenIndicaores usuario:1 app 2
20181124 15:25:21 Acceso correcto usuario info
20181124 15:25:21 Obtención correcta areas usuario:1
20181124 15:25:21 Avance correcto proceso 0
20181124 15:25:24 Obtención correcta areas usuario:1
20181124 15:25:35 Obtención correcta aplicaciones usuario:1 area 1
20181124 15:25:40 Obtención correcta ObtenIndicaores usuario:1 app 1
20181124 15:25:40 Obtención correcta objetosdb usuario:1 app 1
20181124 15:25:41 Obtención correcta objetosdb usuario:1 app 1
20181124 15:26:25 Obtención correcta objetosdb usuario:1 app 1
20181124 15:26:27 Obtención correcta objetosdb usuario:1 app 1
20181124 15:26:49 Obtención correcta areas usuario:1
20181124 15:26:52 Obtención correcta aplicaciones usuario:1 area 1
20181124 15:26:55 Obtención correcta objetosdb usuario:1 app 1
20181124 15:26:55 Obtención correcta objetosdb usuario:1 app 1
20181124 15:26:55 Obtención correcta ObtenIndicaores usuario:1 app 1
20181124 15:35:26 Acceso correcto usuario info
20181124 15:35:26 Obtención correcta areas usuario:1
20181124 15:35:26 Avance correcto proceso 0
20181124 15:35:29 Obtención correcta areas usuario:1
20181124 15:35:36 Obtención correcta aplicaciones usuario:1 area 1
20181124 15:36:15 Obtención correcta objetosdb usuario:1 app 1
20181124 15:36:15 Obtención correcta ObtenIndicaores usuario:1 app 1
20181124 15:36:16 Obtención correcta objetosdb usuario:1 app 1
20181124 15:36:34 Obtención correcta areas usuario:1
20181124 15:36:34 Avance correcto proceso 0
20181124 15:37:00 Obtención correcta areas usuario:1
20181124 15:37:07 Obtención correcta aplicaciones usuario:1 area 1
20181124 15:37:09 Obtención correcta objetosdb usuario:1 app 1
20181124 15:37:09 Obtención correcta objetosdb usuario:1 app 1
20181124 15:37:10 Obtención correcta ObtenIndicaores usuario:1 app 1
20181124 15:39:27 Acceso correcto usuario info
20181124 15:39:27 Obtención correcta areas usuario:1
20181124 15:39:27 Avance correcto proceso 0
20181124 15:39:54 Obtención correcta areas usuario:1
20181124 15:39:59 Obtención correcta aplicaciones usuario:1 area 1
20181124 15:40:01 Obtención correcta objetosdb usuario:1 app 1
20181124 15:40:01 Obtención correcta objetosdb usuario:1 app 1
20181124 15:40:02 Obtención correcta ObtenIndicaores usuario:1 app 1
20181124 15:40:18 Obtención correcta areas usuario:1
20181124 15:40:24 Obtención correcta aplicaciones usuario:1 area 1
20181124 15:40:26 Obtención correcta objetosdb usuario:1 app 1
20181124 15:40:27 Obtención correcta objetosdb usuario:1 app 1
20181124 15:40:27 Obtención correcta ObtenIndicaores usuario:1 app 1
20181124 15:45:11 Acceso correcto usuario info
20181124 15:45:12 Obtención correcta areas usuario:1
20181124 15:45:12 Avance correcto proceso 0
20181124 15:45:15 Obtención correcta areas usuario:1
20181124 15:45:21 Obtención correcta aplicaciones usuario:1 area 1
20181124 15:45:22 Obtención correcta objetosdb usuario:1 app 1
20181124 15:45:23 Obtención correcta ObtenIndicaores usuario:1 app 1
20181124 15:45:23 Obtención correcta objetosdb usuario:1 app 1
20181124 15:46:49 Acceso correcto usuario info
20181124 15:46:49 Obtención correcta areas usuario:1
20181124 15:46:49 Avance correcto proceso 0
20181124 15:46:52 Obtención correcta areas usuario:1
20181124 15:46:58 Obtención correcta aplicaciones usuario:1 area 1
20181124 15:46:59 Obtención correcta objetosdb usuario:1 app 1
20181124 15:47:00 Obtención correcta objetosdb usuario:1 app 1
20181124 15:47:00 Obtención correcta ObtenIndicaores usuario:1 app 1
20181124 15:47:10 Obtención correcta objetosdb usuario:1 app 1
20181124 15:47:48 Obtención correcta areas usuario:1
20181124 15:47:48 Avance correcto proceso 0
20181124 15:47:53 Obtención correcta areas usuario:1
20181124 15:47:57 Obtención correcta aplicaciones usuario:1 area 1
20181124 15:47:59 Obtención correcta ObtenIndicaores usuario:1 app 1
20181124 15:48:00 Obtención correcta objetosdb usuario:1 app 1
20181124 15:48:00 Obtención correcta objetosdb usuario:1 app 1
20181124 15:54:53 Obtención correcta areas usuario:1
20181124 15:54:53 Avance correcto proceso 0
20181124 16:02:23 Obtención correcta areas usuario:1
20181124 16:02:26 Obtención correcta aplicaciones usuario:1 area 1
20181124 16:02:27 Obtención correcta objetosdb usuario:1 app 1
20181124 16:02:28 Obtención correcta ObtenIndicaores usuario:1 app 1
20181124 16:02:28 Obtención correcta objetosdb usuario:1 app 1
20181124 16:10:58 Obtención correcta areas usuario:1
20181124 16:10:58 Avance correcto proceso 0
20181124 16:11:08 Obtención correcta areas usuario:1
20181124 16:11:13 Obtención correcta aplicaciones usuario:1 area 1
20181124 16:11:15 Obtención correcta objetosdb usuario:1 app 1
20181124 16:11:15 Obtención correcta ObtenIndicaores usuario:1 app 1
20181124 16:11:16 Obtención correcta objetosdb usuario:1 app 1
20181124 16:31:04 Obtención correcta objetosdb usuario:1 app 1
20181124 16:31:05 Obtención correcta objetosdb usuario:1 app 1
20181124 16:31:07 Obtención correcta objetosdb usuario:1 app 1
20181124 16:31:07 Obtención correcta objetosdb usuario:1 app 1
20181124 16:31:11 Obtención correcta areas usuario:1
20181124 16:31:11 Avance correcto proceso 0
20181124 16:31:17 Obtención correcta areas usuario:1
20181124 16:31:23 Obtención correcta aplicaciones usuario:1 area 1
20181124 16:31:24 Obtención correcta objetosdb usuario:1 app 1
20181124 16:31:24 Obtención correcta ObtenIndicaores usuario:1 app 1
20181124 16:31:25 Obtención correcta objetosdb usuario:1 app 1
20181124 16:31:29 Obtención correcta objetosdb usuario:1 app 1
20181124 16:31:31 Obtención correcta objetosdb usuario:1 app 1
20181124 16:31:39 Obtención correcta objetosdb usuario:1 app 1
20181124 16:31:41 Obtención correcta objetosdb usuario:1 app 1
20181124 16:36:42 Acceso correcto usuario info
20181124 16:36:42 Obtención correcta areas usuario:1
20181124 16:36:42 Avance correcto proceso 0
20181124 16:36:45 Obtención correcta areas usuario:1
20181124 16:37:08 Obtención correcta aplicaciones usuario:1 area 1
20181124 16:37:09 Obtención correcta objetosdb usuario:1 app 1
20181124 16:37:10 Obtención correcta objetosdb usuario:1 app 1
20181124 16:37:10 Obtención correcta ObtenIndicaores usuario:1 app 1
20181124 16:40:17 Acceso correcto usuario info
20181124 16:40:17 Obtención correcta areas usuario:1
20181124 16:40:17 Avance correcto proceso 0
20181124 16:40:28 Obtención correcta areas usuario:1
20181124 16:40:33 Obtención correcta aplicaciones usuario:1 area 1
20181124 16:40:35 Obtención correcta objetosdb usuario:1 app 1
20181124 16:40:36 Obtención correcta ObtenIndicaores usuario:1 app 1
20181124 16:40:36 Obtención correcta objetosdb usuario:1 app 1
20181124 17:01:33 Acceso correcto usuario info
20181124 17:01:33 Obtención correcta areas usuario:1
20181124 17:01:33 Avance correcto proceso 0
20181124 17:01:37 Obtención correcta areas usuario:1
20181124 17:01:58 Obtención correcta aplicaciones usuario:1 area 1
20181124 17:02:00 Obtención correcta objetosdb usuario:1 app 1
20181124 17:02:00 Obtención correcta objetosdb usuario:1 app 1
20181124 17:02:01 Obtención correcta ObtenIndicaores usuario:1 app 1
20181124 17:11:31 Obtención correcta ObtenIndicaores usuario:1 app 1
20181124 17:11:33 Obtención correcta objetosdb usuario:1 app 1
20181124 17:11:36 Obtención correcta ObtenIndicaores usuario:1 app 1
20181124 17:11:39 Obtención correcta objetosdb usuario:1 app 1
20181124 17:11:40 Obtención correcta objetosdb usuario:1 app 1
20181124 17:15:38 Acceso correcto usuario info
20181124 17:15:38 Obtención correcta areas usuario:1
20181124 17:15:38 Avance correcto proceso 0
20181124 17:15:42 Obtención correcta areas usuario:1
20181124 17:15:48 Obtención correcta aplicaciones usuario:1 area 1
20181124 17:15:50 Obtención correcta objetosdb usuario:1 app 1
20181124 17:15:50 Obtención correcta objetosdb usuario:1 app 1
20181124 17:15:51 Obtención correcta ObtenIndicaores usuario:1 app 1
20181124 17:30:32 Obtención correcta areas usuario:1
20181124 17:30:32 Avance correcto proceso 0
20181124 17:30:40 Obtención correcta areas usuario:1
20181124 17:31:00 Obtención correcta aplicaciones usuario:1 area 1
20181124 17:31:02 Obtención correcta objetosdb usuario:1 app 1
20181124 17:31:03 Obtención correcta objetosdb usuario:1 app 1
20181124 17:31:03 Obtención correcta ObtenIndicaores usuario:1 app 1
20181124 17:34:06 Acceso correcto usuario info
20181124 17:34:06 Obtención correcta areas usuario:1
20181124 17:34:06 Avance correcto proceso 0
20181124 17:34:10 Obtención correcta areas usuario:1
20181124 17:34:29 Obtención correcta aplicaciones usuario:1 area 1
20181124 17:34:31 Obtención correcta objetosdb usuario:1 app 1
20181124 17:34:32 Obtención correcta ObtenIndicaores usuario:1 app 1
20181124 17:34:32 Obtención correcta objetosdb usuario:1 app 1
20181124 17:38:39 Acceso correcto usuario info
20181124 17:38:39 Obtención correcta areas usuario:1
20181124 17:38:39 Avance correcto proceso 0
20181124 17:38:45 Obtención correcta areas usuario:1
20181124 17:39:01 Obtención correcta aplicaciones usuario:1 area 1
20181124 17:39:02 Obtención correcta objetosdb usuario:1 app 1
20181124 17:39:03 Obtención correcta objetosdb usuario:1 app 1
20181124 17:39:03 Obtención correcta ObtenIndicaores usuario:1 app 1
20181124 17:43:23 Acceso correcto usuario info
20181124 17:43:23 Obtención correcta areas usuario:1
20181124 17:43:23 Avance correcto proceso 0
20181124 17:43:26 Obtención correcta areas usuario:1
20181124 17:43:36 Obtención correcta areas usuario:1
20181124 17:43:42 Obtención correcta aplicaciones usuario:1 area 1
20181124 17:43:44 Obtención correcta objetosdb usuario:1 app 1
20181124 17:43:44 Obtención correcta objetosdb usuario:1 app 1
20181124 17:43:45 Obtención correcta ObtenIndicaores usuario:1 app 1
20181124 17:47:12 Acceso correcto usuario info
20181124 17:47:12 Obtención correcta areas usuario:1
20181124 17:47:12 Avance correcto proceso 0
20181124 17:47:15 Obtención correcta areas usuario:1
20181124 17:47:27 Obtención correcta aplicaciones usuario:1 area 1
20181124 17:47:28 Obtención correcta objetosdb usuario:1 app 1
20181124 17:47:29 Obtención correcta ObtenIndicaores usuario:1 app 1
20181124 17:47:29 Obtención correcta objetosdb usuario:1 app 1
20181124 17:50:28 Acceso correcto usuario info
20181124 17:50:28 Obtención correcta areas usuario:1
20181124 17:50:28 Avance correcto proceso 0
20181124 17:50:33 Obtención correcta areas usuario:1
20181124 17:50:38 Obtención correcta aplicaciones usuario:1 area 1
20181124 17:50:40 Obtención correcta objetosdb usuario:1 app 1
20181124 17:50:40 Obtención correcta ObtenIndicaores usuario:1 app 1
20181124 17:50:41 Obtención correcta objetosdb usuario:1 app 1
20181124 17:54:07 Acceso correcto usuario info
20181124 17:54:07 Obtención correcta areas usuario:1
20181124 17:54:07 Avance correcto proceso 0
20181124 17:54:15 Acceso correcto usuario info
20181124 17:54:15 Obtención correcta areas usuario:1
20181124 17:54:15 Avance correcto proceso 0
20181124 17:54:17 Obtención correcta areas usuario:1
20181124 17:54:23 Obtención correcta aplicaciones usuario:1 area 1
20181124 17:54:27 Obtención correcta objetosdb usuario:1 app 1
20181124 17:54:28 Obtención correcta ObtenIndicaores usuario:1 app 1
20181124 17:54:28 Obtención correcta objetosdb usuario:1 app 1
20181124 17:56:00 Obtención correcta areas usuario:1
20181124 17:56:00 Avance correcto proceso 0
20181124 17:56:12 Obtención correcta areas usuario:1
20181124 17:56:16 Obtención correcta aplicaciones usuario:1 area 1
20181124 17:56:18 Obtención correcta objetosdb usuario:1 app 1
20181124 17:56:19 Obtención correcta objetosdb usuario:1 app 1
20181124 17:56:19 Obtención correcta ObtenIndicaores usuario:1 app 1
20181124 17:57:31 Obtención correcta objetosdb usuario:1 app 1
20181124 17:57:34 Obtención correcta objetosdb usuario:1 app 1
20181124 17:57:36 Obtención correcta objetosdb usuario:1 app 1
20181124 17:57:38 Obtención correcta objetosdb usuario:1 app 1
20181124 17:57:40 Obtención correcta objetosdb usuario:1 app 1
20181124 17:57:45 Obtención correcta objetosdb usuario:1 app 1
20181124 18:07:25 Acceso correcto usuario info
20181124 18:07:25 Obtención correcta areas usuario:1
20181124 18:07:25 Avance correcto proceso 0
20181124 18:07:28 Obtención correcta areas usuario:1
20181124 18:07:32 Obtención correcta aplicaciones usuario:1 area 1
20181124 18:07:33 Obtención correcta objetosdb usuario:1 app 1
20181124 18:07:34 Obtención correcta ObtenIndicaores usuario:1 app 1
20181124 18:07:34 Obtención correcta objetosdb usuario:1 app 1
20181124 18:10:17 Acceso correcto usuario info
20181124 18:10:17 Obtención correcta areas usuario:1
20181124 18:10:17 Avance correcto proceso 0
20181124 18:10:20 Obtención correcta areas usuario:1
20181124 18:10:25 Obtención correcta aplicaciones usuario:1 area 1
20181124 18:10:26 Obtención correcta objetosdb usuario:1 app 2
20181124 18:10:27 Obtención correcta objetosdb usuario:1 app 2
20181124 18:10:28 Obtención correcta ObtenIndicaores usuario:1 app 2
20181124 18:11:25 Acceso correcto usuario info
20181124 18:11:25 Obtención correcta areas usuario:1
20181124 18:11:25 Avance correcto proceso 0
20181124 18:11:28 Obtención correcta areas usuario:1
20181124 18:11:34 Obtención correcta aplicaciones usuario:1 area 1
20181124 18:11:35 Obtención correcta objetosdb usuario:1 app 1
20181124 18:11:36 Obtención correcta ObtenIndicaores usuario:1 app 1
20181124 18:11:36 Obtención correcta objetosdb usuario:1 app 1
20181124 18:20:15 Acceso correcto usuario info
20181124 18:20:15 Obtención correcta areas usuario:1
20181124 18:20:15 Avance correcto proceso 0
20181124 18:20:20 Obtención correcta areas usuario:1
20181124 18:20:29 Obtención correcta aplicaciones usuario:1 area 1
20181124 18:20:33 Obtención correcta objetosdb usuario:1 app 1
20181124 18:20:34 Obtención correcta ObtenIndicaores usuario:1 app 1
20181124 18:20:34 Obtención correcta objetosdb usuario:1 app 1
20181124 18:22:25 Acceso correcto usuario info
20181124 18:22:25 Obtención correcta areas usuario:1
20181124 18:22:25 Avance correcto proceso 0
20181124 18:22:32 Obtención correcta areas usuario:1
20181124 18:22:39 Obtención correcta aplicaciones usuario:1 area 1
20181124 18:22:42 Obtención correcta objetosdb usuario:1 app 1
20181124 18:22:43 Obtención correcta objetosdb usuario:1 app 1
20181124 18:22:43 Obtención correcta ObtenIndicaores usuario:1 app 1
20181124 18:26:55 Acceso correcto usuario info
20181124 18:26:55 Obtención correcta areas usuario:1
20181124 18:26:55 Avance correcto proceso 0
20181124 18:26:58 Obtención correcta areas usuario:1
20181124 18:27:05 Obtención correcta aplicaciones usuario:1 area 1
20181124 18:27:07 Obtención correcta objetosdb usuario:1 app 1
20181124 18:27:08 Obtención correcta ObtenIndicaores usuario:1 app 1
20181124 18:27:08 Obtención correcta objetosdb usuario:1 app 1
20181124 18:31:18 Acceso correcto usuario info
20181124 18:31:18 Obtención correcta areas usuario:1
20181124 18:31:18 Avance correcto proceso 0
20181124 18:31:21 Obtención correcta areas usuario:1
20181124 18:31:31 Obtención correcta aplicaciones usuario:1 area 1
20181124 18:31:32 Obtención correcta objetosdb usuario:1 app 1
20181124 18:31:33 Obtención correcta objetosdb usuario:1 app 1
20181124 18:31:34 Obtención correcta ObtenIndicaores usuario:1 app 1
20181124 18:31:50 Obtención correcta objetosdb usuario:1 app 1
20181124 18:33:29 Acceso correcto usuario info
20181124 18:33:29 Obtención correcta areas usuario:1
20181124 18:33:29 Avance correcto proceso 0
20181124 18:33:33 Obtención correcta areas usuario:1
20181124 18:33:37 Obtención correcta aplicaciones usuario:1 area 1
20181124 18:33:40 Obtención correcta objetosdb usuario:1 app 1
20181124 18:33:40 Obtención correcta objetosdb usuario:1 app 1
20181124 18:33:41 Obtención correcta ObtenIndicaores usuario:1 app 1
20181124 18:40:02 Acceso correcto usuario info
20181124 18:40:02 Obtención correcta areas usuario:1
20181124 18:40:02 Avance correcto proceso 0
20181124 18:40:09 Obtención correcta areas usuario:1
20181124 18:41:47 Acceso correcto usuario info
20181124 18:41:47 Obtención correcta areas usuario:1
20181124 18:41:47 Avance correcto proceso 0
20181124 18:41:51 Obtención correcta areas usuario:1
20181124 18:41:54 Obtención correcta aplicaciones usuario:1 area 1
20181124 18:41:56 Obtención correcta objetosdb usuario:1 app 1
20181124 18:41:56 Obtención correcta ObtenIndicaores usuario:1 app 1
20181124 18:41:57 Obtención correcta objetosdb usuario:1 app 1
20181124 18:43:34 Acceso correcto usuario info
20181124 18:43:34 Obtención correcta areas usuario:1
20181124 18:43:34 Avance correcto proceso 0
20181124 18:43:37 Obtención correcta areas usuario:1
20181124 18:43:43 Obtención correcta aplicaciones usuario:1 area 1
20181124 18:43:56 Obtención correcta objetosdb usuario:1 app 1
20181124 18:43:56 Obtención correcta objetosdb usuario:1 app 1
20181124 18:43:57 Obtención correcta ObtenIndicaores usuario:1 app 1
20181124 18:44:29 Obtención correcta objetosdb usuario:1 app 1
20181124 18:44:32 Obtención correcta objetosdb usuario:1 app 1
20181124 18:44:34 Obtención correcta objetosdb usuario:1 app 1
20181124 18:44:36 Obtención correcta objetosdb usuario:1 app 1
20181124 18:44:39 Obtención correcta objetosdb usuario:1 app 1
20181124 18:44:41 Obtención correcta objetosdb usuario:1 app 1
20181124 18:44:44 Obtención correcta objetosdb usuario:1 app 1
20181124 18:44:47 Obtención correcta objetosdb usuario:1 app 1
20181124 18:45:39 Obtención correcta objetosdb usuario:1 app 1
20181124 18:45:41 Obtención correcta objetosdb usuario:1 app 1
20181124 18:45:43 Obtención correcta objetosdb usuario:1 app 1
20181124 18:45:53 Acceso correcto usuario info
20181124 18:45:53 Obtención correcta areas usuario:1
20181124 18:45:53 Avance correcto proceso 0
20181124 18:45:57 Obtención correcta areas usuario:1
20181124 18:46:04 Obtención correcta aplicaciones usuario:1 area 1
20181124 18:46:07 Obtención correcta objetosdb usuario:1 app 1
20181124 18:46:07 Obtención correcta ObtenIndicaores usuario:1 app 1
20181124 18:46:08 Obtención correcta objetosdb usuario:1 app 1
20181124 18:50:51 Obtención correcta objetosdb usuario:1 app 1
20181124 18:51:12 Obtención correcta objetosdb usuario:1 app 1
20181124 18:54:04 Acceso correcto usuario info
20181124 18:54:04 Obtención correcta areas usuario:1
20181124 18:54:04 Avance correcto proceso 0
20181124 18:54:09 Obtención correcta areas usuario:1
20181124 18:54:13 Obtención correcta aplicaciones usuario:1 area 1
20181124 18:54:15 Obtención correcta objetosdb usuario:1 app 1
20181124 18:54:16 Obtención correcta objetosdb usuario:1 app 1
20181124 18:54:16 Obtención correcta ObtenIndicaores usuario:1 app 1
20181124 18:54:19 Obtención correcta objetosdb usuario:1 app 1
20181124 18:54:20 Obtención correcta objetosdb usuario:1 app 1
20181124 18:54:22 Obtención correcta objetosdb usuario:1 app 1
20181124 18:54:24 Obtención correcta objetosdb usuario:1 app 1
20181124 18:54:24 Obtención correcta objetosdb usuario:1 app 1
20181124 18:54:46 Obtención correcta objetosdb usuario:1 app 1
20181124 18:54:49 Obtención correcta objetosdb usuario:1 app 1
20181124 18:54:51 Obtención correcta objetosdb usuario:1 app 1
20181124 18:54:54 Obtención correcta objetosdb usuario:1 app 1
20181124 18:55:09 Obtención correcta objetosdb usuario:1 app 1
20181124 18:55:25 Obtención correcta objetosdb usuario:1 app 1
20181124 18:55:26 Obtención correcta objetosdb usuario:1 app 1
20181124 18:55:26 Obtención correcta objetosdb usuario:1 app 1
20181124 18:55:33 Obtención correcta objetosdb usuario:1 app 1
20181124 18:55:34 Obtención correcta objetosdb usuario:1 app 1
20181124 18:55:34 Obtención correcta objetosdb usuario:1 app 1
20181124 18:56:18 Obtención correcta objetosdb usuario:1 app 1
20181124 18:56:20 Obtención correcta objetosdb usuario:1 app 1
20181124 18:56:20 Obtención correcta objetosdb usuario:1 app 1
20181124 18:56:26 Obtención correcta objetosdb usuario:1 app 1
20181124 18:56:27 Obtención correcta objetosdb usuario:1 app 1
20181124 18:56:29 Obtención correcta objetosdb usuario:1 app 1
20181124 18:56:31 Obtención correcta objetosdb usuario:1 app 1
20181124 18:56:35 Obtención incorrecta aplicaciones usuario:1 app 1
20181124 18:56:37 Obtención incorrecta aplicaciones usuario:1 app 1
20181124 18:56:38 Obtención incorrecta aplicaciones usuario:1 app 1
20181124 18:56:42 Obtención incorrecta aplicaciones usuario:1 app 1
20181124 18:56:43 Obtención correcta objetosdb usuario:1 app 1
20181124 18:56:46 Obtención correcta objetosdb usuario:1 app 1
20181124 18:56:50 Obtención incorrecta aplicaciones usuario:1 app 1
20181124 18:56:54 Obtención correcta objetosdb usuario:1 app 1
20181124 18:56:58 Obtención correcta objetosdb usuario:1 app 1
20181124 18:57:00 Obtención correcta objetosdb usuario:1 app 1
20181124 18:57:02 Obtención incorrecta aplicaciones usuario:1 app 1
20181124 18:57:17 Obtención correcta objetosdb usuario:1 app 1
20181124 18:57:19 Obtención correcta objetosdb usuario:1 app 1
20181124 18:57:19 Obtención correcta objetosdb usuario:1 app 1
20181124 18:57:30 Obtención correcta objetosdb usuario:1 app 1
20181124 18:57:31 Obtención correcta objetosdb usuario:1 app 1
20181124 18:57:31 Obtención correcta objetosdb usuario:1 app 1
20181124 19:00:39 Obtención correcta objetosdb usuario:1 app 1
20181124 19:00:41 Obtención correcta objetosdb usuario:1 app 1
20181124 19:00:41 Obtención correcta objetosdb usuario:1 app 1
20181124 19:08:57 Acceso correcto usuario info
20181124 19:08:57 Obtención correcta areas usuario:1
20181124 19:08:57 Avance correcto proceso 0
20181124 19:09:03 Obtención correcta areas usuario:1
20181124 19:09:10 Obtención correcta aplicaciones usuario:1 area 1
20181124 19:09:13 Obtención correcta objetosdb usuario:1 app 1
20181124 19:09:13 Obtención correcta objetosdb usuario:1 app 1
20181124 19:09:14 Obtención correcta ObtenIndicaores usuario:1 app 1
20181124 19:09:18 Obtención correcta objetosdb usuario:1 app 1
20181124 19:09:19 Obtención correcta objetosdb usuario:1 app 1
20181124 19:09:35 Obtención correcta objetosdb usuario:1 app 1
20181124 19:09:37 Obtención correcta objetosdb usuario:1 app 1
20181124 19:11:21 Acceso correcto usuario info
20181124 19:11:21 Obtención correcta areas usuario:1
20181124 19:11:21 Avance correcto proceso 0
20181124 19:11:32 Acceso correcto usuario info
20181124 19:11:32 Obtención correcta areas usuario:1
20181124 19:11:32 Avance correcto proceso 0
20181124 19:11:36 Obtención correcta areas usuario:1
20181124 19:11:41 Obtención correcta aplicaciones usuario:1 area 1
20181124 19:11:42 Obtención correcta objetosdb usuario:1 app 1
20181124 19:11:43 Obtención correcta objetosdb usuario:1 app 1
20181124 19:11:43 Obtención correcta ObtenIndicaores usuario:1 app 1
20181124 19:11:47 Obtención correcta objetosdb usuario:1 app 1
20181124 19:11:48 Obtención correcta objetosdb usuario:1 app 1
20181124 19:11:57 Obtención correcta objetosdb usuario:1 app 1
20181124 19:11:59 Obtención correcta objetosdb usuario:1 app 1
20181124 19:12:04 Obtención correcta objetosdb usuario:1 app 1
20181124 19:12:10 Obtención correcta objetosdb usuario:1 app 1
20181124 19:15:31 Acceso correcto usuario info
20181124 19:15:31 Obtención correcta areas usuario:1
20181124 19:15:31 Avance correcto proceso 0
20181124 19:15:33 Obtención correcta areas usuario:1
20181124 19:15:39 Obtención correcta aplicaciones usuario:1 area 1
20181124 19:15:41 Obtención correcta objetosdb usuario:1 app 1
20181124 19:15:41 Obtención correcta objetosdb usuario:1 app 1
20181124 19:15:42 Obtención correcta ObtenIndicaores usuario:1 app 1
20181124 19:15:47 Obtención correcta objetosdb usuario:1 app 1
20181124 19:15:47 Obtención correcta objetosdb usuario:1 app 1
20181124 19:16:02 Obtención correcta objetosdb usuario:1 app 1
20181124 19:16:05 Obtención correcta objetosdb usuario:1 app 1
20181124 19:16:05 Obtención correcta objetosdb usuario:1 app 1
20181124 19:16:11 Obtención correcta objetosdb usuario:1 app 1
20181124 19:16:13 Obtención correcta objetosdb usuario:1 app 1
20181124 19:16:15 Obtención correcta objetosdb usuario:1 app 1
20181124 19:16:17 Obtención correcta objetosdb usuario:1 app 1
20181124 19:16:19 Obtención correcta objetosdb usuario:1 app 1
20181124 19:16:20 Obtención correcta objetosdb usuario:1 app 1
20181124 19:16:22 Obtención correcta objetosdb usuario:1 app 1
20181124 19:16:23 Obtención correcta objetosdb usuario:1 app 1
20181124 19:16:31 Obtención correcta objetosdb usuario:1 app 1
20181124 19:16:31 Obtención correcta objetosdb usuario:1 app 1
20181124 19:27:59 Acceso correcto usuario info
20181124 19:27:59 Obtención correcta areas usuario:1
20181124 19:28:00 Avance correcto proceso 0
20181124 19:28:02 Obtención correcta areas usuario:1
20181124 19:28:07 Obtención correcta aplicaciones usuario:1 area 1
20181124 19:28:08 Obtención correcta ObtenIndicaores usuario:1 app 1
20181124 19:28:09 Obtención correcta objetosdb usuario:1 app 1
20181124 19:28:09 Obtención correcta objetosdb usuario:1 app 1
20181124 19:28:14 Obtención correcta objetosdb usuario:1 app 1
20181124 19:28:16 Obtención correcta objetosdb usuario:1 app 1
20181124 19:28:17 Obtención correcta objetosdb usuario:1 app 1
20181124 19:28:18 Obtención correcta objetosdb usuario:1 app 1
20181124 19:28:58 Obtención correcta objetosdb usuario:1 app 1
20181124 19:29:01 Obtención correcta objetosdb usuario:1 app 1
20181124 19:29:06 Obtención correcta objetosdb usuario:1 app 1
20181124 19:29:10 Obtención correcta objetosdb usuario:1 app 1
20181124 19:29:11 Obtención correcta objetosdb usuario:1 app 1
20181124 19:29:13 Obtención correcta objetosdb usuario:1 app 1
20181124 19:29:14 Obtención correcta objetosdb usuario:1 app 1
20181124 19:29:21 Obtención correcta objetosdb usuario:1 app 1
20181124 19:29:23 Obtención correcta objetosdb usuario:1 app 1
20181124 19:29:31 Obtención correcta objetosdb usuario:1 app 1
20181124 19:29:32 Obtención correcta objetosdb usuario:1 app 1
20181124 19:29:33 Obtención correcta objetosdb usuario:1 app 1
20181124 19:29:34 Obtención correcta objetosdb usuario:1 app 1
20181124 19:29:36 Obtención correcta objetosdb usuario:1 app 1
20181124 19:29:37 Obtención correcta objetosdb usuario:1 app 1
20181124 19:29:38 Obtención correcta objetosdb usuario:1 app 1
20181124 19:29:39 Obtención correcta objetosdb usuario:1 app 1
20181124 19:29:41 Obtención correcta objetosdb usuario:1 app 1
20181124 19:29:41 Obtención correcta objetosdb usuario:1 app 1
20181124 19:29:42 Obtención correcta objetosdb usuario:1 app 1
20181124 19:29:43 Obtención correcta objetosdb usuario:1 app 1
20181124 19:29:44 Obtención correcta objetosdb usuario:1 app 1
20181124 19:29:54 Obtención correcta objetosdb usuario:1 app 1
20181124 19:36:01 Acceso correcto usuario info
20181124 19:36:01 Obtención correcta areas usuario:1
20181124 19:36:01 Avance correcto proceso 0
20181124 19:36:04 Obtención correcta areas usuario:1
20181124 19:36:10 Obtención correcta aplicaciones usuario:1 area 1
20181124 19:36:11 Obtención correcta objetosdb usuario:1 app 1
20181124 19:36:12 Obtención correcta ObtenIndicaores usuario:1 app 1
20181124 19:36:12 Obtención correcta objetosdb usuario:1 app 1
20181124 19:36:15 Obtención correcta objetosdb usuario:1 app 1
20181124 19:36:16 Obtención correcta objetosdb usuario:1 app 1
20181124 19:36:23 Obtención correcta objetosdb usuario:1 app 1
20181124 19:36:25 Obtención correcta objetosdb usuario:1 app 1
20181124 19:36:26 Obtención correcta objetosdb usuario:1 app 1
20181124 19:36:29 Obtención correcta objetosdb usuario:1 app 1
20181124 19:36:31 Obtención correcta objetosdb usuario:1 app 1
20181124 19:36:31 Obtención correcta objetosdb usuario:1 app 1
20181124 19:39:20 Acceso correcto usuario info
20181124 19:39:21 Obtención correcta areas usuario:1
20181124 19:39:21 Avance correcto proceso 0
20181124 19:39:29 Acceso correcto usuario info
20181124 19:39:29 Obtención correcta areas usuario:1
20181124 19:39:29 Avance correcto proceso 0
20181124 19:39:32 Obtención correcta areas usuario:1
20181124 19:39:35 Obtención correcta aplicaciones usuario:1 area 1
20181124 19:39:36 Obtención correcta objetosdb usuario:1 app 1
20181124 19:39:37 Obtención correcta ObtenIndicaores usuario:1 app 1
20181124 19:39:37 Obtención correcta objetosdb usuario:1 app 1
20181124 19:39:41 Obtención correcta objetosdb usuario:1 app 1
20181124 19:39:42 Obtención correcta objetosdb usuario:1 app 1
20181124 19:39:54 Obtención correcta objetosdb usuario:1 app 1
20181124 19:39:56 Dependencias.ActualizaDiagramaIndex and count must refer to a location within the string.
Parameter name: count
20181124 19:39:57 Obtención correcta objetosdb usuario:1 app 1
20181124 19:39:57 Obtención correcta objetosdb usuario:1 app 1
20181124 19:40:05 Obtención correcta objetosdb usuario:1 app 1
20181124 19:40:06 Obtención correcta objetosdb usuario:1 app 1
20181124 19:40:07 Obtención correcta objetosdb usuario:1 app 1
20181124 19:40:09 Obtención correcta objetosdb usuario:1 app 1
20181124 19:40:11 Obtención correcta objetosdb usuario:1 app 1
20181124 19:40:13 Obtención correcta objetosdb usuario:1 app 1
20181124 19:40:15 Obtención correcta objetosdb usuario:1 app 1
20181124 19:40:17 Obtención correcta objetosdb usuario:1 app 1
20181124 19:40:18 Obtención correcta objetosdb usuario:1 app 1
20181124 19:40:21 Obtención correcta objetosdb usuario:1 app 1
20181124 19:40:24 Obtención correcta objetosdb usuario:1 app 1
20181124 19:40:26 Obtención correcta objetosdb usuario:1 app 1
20181124 19:40:31 Obtención correcta objetosdb usuario:1 app 1
20181124 19:40:33 Obtención correcta objetosdb usuario:1 app 1
20181124 19:40:40 Obtención correcta objetosdb usuario:1 app 1
20181124 19:40:53 Obtención correcta objetosdb usuario:1 app 1
20181124 19:40:55 Obtención correcta objetosdb usuario:1 app 1
20181124 19:40:58 Obtención correcta objetosdb usuario:1 app 1
20181124 19:41:01 Obtención correcta objetosdb usuario:1 app 1
20181124 19:41:03 Obtención correcta objetosdb usuario:1 app 1
20181124 19:41:03 Obtención correcta objetosdb usuario:1 app 1
20181124 19:41:20 Obtención correcta objetosdb usuario:1 app 1
20181124 19:41:22 Obtención correcta objetosdb usuario:1 app 1
20181124 19:41:22 Obtención correcta objetosdb usuario:1 app 1
20181124 19:41:25 Obtención correcta objetosdb usuario:1 app 1
20181124 19:41:26 Obtención correcta objetosdb usuario:1 app 1
20181124 19:41:27 Obtención correcta objetosdb usuario:1 app 1
20181124 19:41:52 Obtención correcta objetosdb usuario:1 app 1
20181124 19:41:54 Obtención correcta objetosdb usuario:1 app 1
20181124 19:41:54 Obtención correcta objetosdb usuario:1 app 1
20181124 19:43:43 Acceso correcto usuario info
20181124 19:43:43 Obtención correcta areas usuario:1
20181124 19:43:43 Avance correcto proceso 0
20181124 19:43:46 Obtención correcta areas usuario:1
20181124 19:43:51 Obtención correcta aplicaciones usuario:1 area 1
20181124 19:43:53 Obtención correcta objetosdb usuario:1 app 1
20181124 19:43:54 Obtención correcta objetosdb usuario:1 app 1
20181124 19:43:54 Obtención correcta ObtenIndicaores usuario:1 app 1
20181124 19:43:56 Obtención correcta objetosdb usuario:1 app 1
20181124 19:43:57 Obtención correcta objetosdb usuario:1 app 1
20181124 19:43:59 Obtención correcta objetosdb usuario:1 app 1
20181124 19:44:02 Obtención correcta objetosdb usuario:1 app 1
20181124 19:44:03 Obtención correcta objetosdb usuario:1 app 1
20181124 19:44:09 Obtención correcta objetosdb usuario:1 app 1
20181124 19:44:09 Obtención correcta objetosdb usuario:1 app 1
20181124 19:44:40 Obtención correcta objetosdb usuario:1 app 1
20181124 19:44:42 Obtención correcta objetosdb usuario:1 app 1
20181124 19:44:42 Obtención correcta objetosdb usuario:1 app 1
20181124 19:44:57 Obtención correcta objetosdb usuario:1 app 1
20181124 19:44:58 Obtención correcta objetosdb usuario:1 app 1
20181124 19:44:58 Obtención correcta objetosdb usuario:1 app 1
20181124 19:45:02 Obtención correcta objetosdb usuario:1 app 1
20181124 19:45:05 Obtención correcta objetosdb usuario:1 app 1
20181124 19:45:07 Obtención correcta objetosdb usuario:1 app 1
20181124 19:45:08 Obtención correcta objetosdb usuario:1 app 1
20181124 19:45:11 Obtención correcta objetosdb usuario:1 app 1
20181124 19:45:11 Obtención correcta objetosdb usuario:1 app 1
20181124 19:45:13 Obtención correcta objetosdb usuario:1 app 1
20181124 19:45:16 Obtención correcta objetosdb usuario:1 app 1
20181124 19:45:17 Obtención correcta objetosdb usuario:1 app 1
20181124 19:45:18 Obtención correcta objetosdb usuario:1 app 1
20181124 19:45:19 Obtención correcta objetosdb usuario:1 app 1
20181124 19:45:37 Obtención correcta objetosdb usuario:1 app 1
20181124 19:45:39 Obtención correcta objetosdb usuario:1 app 1
20181124 19:45:41 Obtención correcta objetosdb usuario:1 app 1
20181124 19:45:42 Obtención correcta objetosdb usuario:1 app 1
20181124 19:45:44 Obtención correcta objetosdb usuario:1 app 1
20181124 19:45:46 Obtención correcta objetosdb usuario:1 app 1
20181124 19:45:47 Obtención correcta objetosdb usuario:1 app 1
20181124 19:45:48 Obtención correcta objetosdb usuario:1 app 1
20181124 19:45:50 Obtención correcta objetosdb usuario:1 app 1
20181124 19:45:52 Obtención correcta objetosdb usuario:1 app 1
20181124 19:45:52 Obtención correcta objetosdb usuario:1 app 1
20181124 19:45:58 Obtención correcta objetosdb usuario:1 app 1
20181124 19:45:59 Obtención correcta objetosdb usuario:1 app 1
20181124 19:46:01 Obtención correcta objetosdb usuario:1 app 1
20181124 19:46:03 Obtención correcta objetosdb usuario:1 app 1
20181124 19:51:48 Acceso correcto usuario info
20181124 19:51:48 Obtención correcta areas usuario:1
20181124 19:51:48 Avance correcto proceso 0
20181124 19:51:52 Obtención correcta areas usuario:1
20181124 19:51:56 Obtención correcta aplicaciones usuario:1 area 1
20181124 19:51:58 Obtención correcta objetosdb usuario:1 app 1
20181124 19:51:58 Obtención correcta objetosdb usuario:1 app 1
20181124 19:51:59 Obtención correcta ObtenIndicaores usuario:1 app 1
20181124 19:52:01 Obtención correcta objetosdb usuario:1 app 1
20181124 19:52:03 Obtención correcta objetosdb usuario:1 app 1
20181124 19:52:06 Obtención correcta objetosdb usuario:1 app 1
20181124 19:52:07 Obtención correcta objetosdb usuario:1 app 1
20181124 19:52:08 Obtención correcta objetosdb usuario:1 app 1
20181124 19:52:10 Obtención correcta objetosdb usuario:1 app 1
20181124 19:52:15 Obtención correcta objetosdb usuario:1 app 1
20181124 19:52:16 Obtención correcta objetosdb usuario:1 app 1
20181124 19:52:17 Obtención correcta objetosdb usuario:1 app 1
20181124 19:52:20 Obtención correcta objetosdb usuario:1 app 1
20181124 19:52:22 Obtención correcta objetosdb usuario:1 app 1
20181124 19:52:23 Obtención correcta objetosdb usuario:1 app 1
20181124 19:52:26 Obtención correcta objetosdb usuario:1 app 1
20181124 19:52:28 Obtención correcta objetosdb usuario:1 app 1
20181124 19:52:29 Obtención correcta objetosdb usuario:1 app 1
20181124 19:52:30 Obtención correcta objetosdb usuario:1 app 1
20181124 19:52:32 Obtención correcta objetosdb usuario:1 app 1
20181124 19:52:33 Obtención correcta objetosdb usuario:1 app 1
20181124 19:52:36 Obtención correcta objetosdb usuario:1 app 1
20181124 19:52:56 Obtención correcta objetosdb usuario:1 app 1
20181124 19:54:24 Obtención correcta objetosdb usuario:1 app 1
20181124 19:54:26 Obtención correcta objetosdb usuario:1 app 1
20181124 19:54:30 Obtención correcta objetosdb usuario:1 app 1
20181124 19:54:32 Obtención correcta objetosdb usuario:1 app 1
20181124 19:54:32 Obtención correcta objetosdb usuario:1 app 1
20181124 20:03:58 Acceso correcto usuario info
20181124 20:03:59 Obtención correcta areas usuario:1
20181124 20:03:59 Avance correcto proceso 0
20181124 20:04:01 Obtención correcta areas usuario:1
20181124 20:04:06 Obtención correcta aplicaciones usuario:1 area 1
20181124 20:04:08 Obtención correcta objetosdb usuario:1 app 1
20181124 20:04:08 Obtención correcta objetosdb usuario:1 app 1
20181124 20:04:09 Obtención correcta ObtenIndicaores usuario:1 app 1
20181124 20:04:25 Obtención correcta objetosdb usuario:1 app 1
20181124 20:04:26 Obtención correcta objetosdb usuario:1 app 1
20181124 20:06:46 Acceso correcto usuario info
20181124 20:06:46 Obtención correcta areas usuario:1
20181124 20:06:46 Avance correcto proceso 0
20181124 20:06:49 Obtención correcta areas usuario:1
20181124 20:06:54 Obtención correcta aplicaciones usuario:1 area 1
20181124 20:06:56 Obtención correcta objetosdb usuario:1 app 1
20181124 20:06:56 Obtención correcta ObtenIndicaores usuario:1 app 1
20181124 20:06:57 Obtención correcta objetosdb usuario:1 app 1
20181124 20:08:04 Obtención correcta objetosdb usuario:1 app 1
20181124 20:54:29 Acceso correcto usuario info
20181124 20:54:29 Obtención correcta areas usuario:1
20181124 20:54:29 Avance correcto proceso 0
20181124 20:54:35 Obtención correcta areas usuario:1
20181124 20:54:39 Obtención correcta aplicaciones usuario:1 area 1
20181124 20:54:40 Obtención correcta objetosdb usuario:1 app 1
20181124 20:54:41 Obtención correcta ObtenIndicaores usuario:1 app 1
20181124 20:54:41 Obtención correcta objetosdb usuario:1 app 1
20181124 20:54:44 Obtención correcta objetosdb usuario:1 app 1
20181124 20:54:44 Aplicacion.ObtenIndicaores Object reference not set to an instance of an object.
20181124 21:14:39 Acceso correcto usuario info
20181124 21:14:39 Obtención correcta areas usuario:1
20181124 21:14:39 Avance correcto proceso 0
20181124 21:14:46 Obtención correcta aplicaciones usuario:1 area 1
20181124 21:16:06 actualizaStatus.UploadComplete Cannot apply indexing with [] to an expression of type 'System.Dynamic.DynamicObject'
20181124 21:20:51 Acceso correcto usuario info
20181124 21:20:51 Obtención correcta areas usuario:1
20181124 21:20:51 Avance correcto proceso 0
20181124 21:20:56 Obtención correcta areas usuario:1
20181124 21:21:01 Obtención correcta areas usuario:1
20181124 21:21:01 Avance correcto proceso 0
20181124 21:21:04 Obtención correcta aplicaciones usuario:1 area 1
20181124 21:21:24 actualizaStatus.UploadComplete Cannot apply indexing with [] to an expression of type 'System.Dynamic.DynamicObject'
20181124 21:23:36 Acceso correcto usuario info
20181124 21:23:36 Obtención correcta areas usuario:1
20181124 21:23:36 Avance correcto proceso 0
20181124 21:23:42 Obtención correcta aplicaciones usuario:1 area 1
20181124 21:23:50 actualizaStatus.UploadComplete Cannot apply indexing with [] to an expression of type 'System.Dynamic.DynamicObject'
20181124 21:23:50 Obtención correcta areas usuario:1
20181124 21:23:50 Avance correcto proceso 0
20181124 21:23:59 Obtención correcta areas usuario:1
20181124 21:23:59 Avance correcto proceso 0
20181124 21:24:09 Obtención correcta areas usuario:1
20181124 21:24:09 Avance correcto proceso 0
20181124 21:24:19 Obtención correcta areas usuario:1
20181124 21:24:19 Avance correcto proceso 0
20181124 21:24:29 Obtención correcta areas usuario:1
20181124 21:24:29 Avance correcto proceso 0
20181124 21:24:34 Obtención correcta areas usuario:1
20181124 21:24:34 Avance correcto proceso 0
20181124 21:32:58 Acceso correcto usuario info
20181124 21:32:58 Obtención correcta areas usuario:1
20181124 21:32:58 Avance correcto proceso 0
20181124 21:33:07 Obtención correcta areas usuario:1
20181124 21:33:10 Obtención correcta areas usuario:1
20181124 21:33:10 Avance correcto proceso 0
20181124 21:33:15 Obtención correcta aplicaciones usuario:1 area 1
20181124 21:33:31 actualizaStatus.UploadComplete Cannot apply indexing with [] to an expression of type 'System.Dynamic.DynamicObject'
20181124 21:33:32 Obtención correcta areas usuario:1
20181124 21:33:35 Avance correcto proceso 0
20181124 21:33:36 Obtención correcta areas usuario:1
20181124 21:36:03 Acceso correcto usuario info
20181124 21:36:03 Obtención correcta areas usuario:1
20181124 21:36:03 Avance correcto proceso 0
20181124 21:36:07 Obtención correcta aplicaciones usuario:1 area 1
20181124 21:36:24 actualizaStatus.UploadComplete Cannot apply indexing with [] to an expression of type 'System.Dynamic.DynamicObject'
20181124 21:36:31 Obtención correcta areas usuario:1
20181124 21:36:32 Avance correcto proceso 0
20181124 21:36:37 Obtención correcta areas usuario:1
20181124 21:36:38 Avance correcto proceso 0
20181124 21:38:52 Acceso correcto usuario info
20181124 21:38:52 Obtención correcta areas usuario:1
20181124 21:38:52 Avance correcto proceso 0
20181124 21:38:56 Obtención correcta aplicaciones usuario:1 area 1
20181124 21:39:07 actualizaStatus.UploadComplete Cannot apply indexing with [] to an expression of type 'System.Dynamic.DynamicObject'
20181124 21:39:14 Obtención correcta areas usuario:1
20181124 21:39:14 Avance correcto proceso 0
20181124 21:39:29 Obtención correcta areas usuario:1
20181124 21:39:29 Avance correcto proceso 0
20181124 21:39:29 Obtención correcta areas usuario:1
20181124 21:39:29 Avance correcto proceso 0
20181124 21:39:36 Obtención correcta areas usuario:1
20181124 21:39:36 Avance correcto proceso 0
20181124 21:39:48 Obtención correcta areas usuario:1
20181124 21:39:48 Avance correcto proceso 0
20181124 21:40:12 Obtención correcta areas usuario:1
20181124 21:43:36 Acceso correcto usuario info
20181124 21:43:36 Obtención correcta areas usuario:1
20181124 21:43:36 Avance correcto proceso 0
20181124 21:43:41 Obtención correcta aplicaciones usuario:1 area 1
20181124 21:43:59 actualizaStatus.UploadComplete Cannot apply indexing with [] to an expression of type 'System.Dynamic.DynamicObject'
20181124 21:43:59 Obtención correcta areas usuario:1
20181124 21:43:59 Avance correcto proceso 0
20181124 21:44:08 Obtención correcta areas usuario:1
20181124 21:44:08 Avance correcto proceso 0
20181124 21:44:24 Obtención correcta areas usuario:1
20181124 21:44:24 Avance correcto proceso 0
20181124 21:44:28 Obtención correcta areas usuario:1
20181124 21:44:28 Avance correcto proceso 0
20181124 21:44:38 Obtención correcta areas usuario:1
20181124 21:44:38 Avance correcto proceso 0
20181124 21:44:48 Obtención correcta areas usuario:1
20181124 21:44:48 Avance correcto proceso 0
20181124 21:44:58 Obtención correcta areas usuario:1
20181124 21:44:58 Avance correcto proceso 0
20181124 21:45:08 Obtención correcta areas usuario:1
20181124 21:45:08 Avance correcto proceso 0
20181124 21:45:18 Obtención correcta areas usuario:1
20181124 21:45:18 Avance correcto proceso 0
20181124 21:45:28 Obtención correcta areas usuario:1
20181124 21:45:28 Avance correcto proceso 0
20181124 21:45:38 Obtención correcta areas usuario:1
20181124 21:45:38 Avance correcto proceso 0
20181124 21:45:48 Obtención correcta areas usuario:1
20181124 21:45:48 Avance correcto proceso 0
20181124 21:45:58 Obtención correcta areas usuario:1
20181124 21:45:58 Avance correcto proceso 0
20181124 21:46:08 Obtención correcta areas usuario:1
20181124 21:46:08 Avance correcto proceso 0
20181124 21:47:20 Obtención correcta areas usuario:1
20181124 21:47:20 Avance correcto proceso 0
20181124 21:47:20 Obtención correcta areas usuario:1
20181124 21:47:20 Avance correcto proceso 0
20181124 21:47:21 Obtención correcta areas usuario:1
20181124 21:47:21 Avance correcto proceso 0
20181124 21:47:21 Obtención correcta areas usuario:1
20181124 21:47:21 Avance correcto proceso 0
20181124 21:47:22 Obtención correcta areas usuario:1
20181124 21:47:22 Avance correcto proceso 0
20181124 21:47:22 Obtención correcta areas usuario:1
20181124 21:47:22 Avance correcto proceso 0
20181124 21:47:22 Obtención correcta areas usuario:1
20181124 21:47:22 Avance correcto proceso 0
20181124 21:47:37 Obtención correcta areas usuario:1
20181124 21:47:37 Avance correcto proceso 0
20181124 21:47:38 Obtención correcta areas usuario:1
20181124 21:47:38 Avance correcto proceso 0
20181124 21:47:48 Obtención correcta areas usuario:1
20181124 21:47:48 Avance correcto proceso 0
20181124 21:47:58 Obtención correcta areas usuario:1
20181124 21:47:58 Avance correcto proceso 0
20181124 21:48:08 Obtención correcta areas usuario:1
20181124 21:48:08 Avance correcto proceso 0
20181124 21:48:18 Obtención correcta areas usuario:1
20181124 21:48:18 Avance correcto proceso 0
20181124 21:48:28 Obtención correcta areas usuario:1
20181124 21:48:28 Avance correcto proceso 0
20181124 21:48:38 Obtención correcta areas usuario:1
20181124 21:48:38 Avance correcto proceso 0
20181124 21:48:48 Obtención correcta areas usuario:1
20181124 21:48:48 Avance correcto proceso 0
20181124 21:48:58 Obtención correcta areas usuario:1
20181124 21:48:58 Avance correcto proceso 0
20181124 21:49:08 Obtención correcta areas usuario:1
20181124 21:49:08 Avance correcto proceso 0
20181124 21:49:18 Obtención correcta areas usuario:1
20181124 21:49:18 Avance correcto proceso 0
20181124 21:49:28 Obtención correcta areas usuario:1
20181124 21:49:28 Avance correcto proceso 0
20181124 21:49:38 Obtención correcta areas usuario:1
20181124 21:49:38 Avance correcto proceso 0
20181124 21:49:48 Obtención correcta areas usuario:1
20181124 21:49:48 Avance correcto proceso 0
20181124 21:49:58 Obtención correcta areas usuario:1
20181124 21:49:58 Avance correcto proceso 0
20181124 21:50:08 Obtención correcta areas usuario:1
20181124 21:50:08 Avance correcto proceso 0
20181124 21:50:18 Obtención correcta areas usuario:1
20181124 21:50:18 Avance correcto proceso 0
20181124 21:50:28 Obtención correcta areas usuario:1
20181124 21:50:28 Avance correcto proceso 0
20181124 21:50:38 Obtención correcta areas usuario:1
20181124 21:50:38 Avance correcto proceso 0
20181124 21:50:48 Obtención correcta areas usuario:1
20181124 21:50:48 Avance correcto proceso 0
20181124 21:50:58 Obtención correcta areas usuario:1
20181124 21:50:58 Avance correcto proceso 0
20181124 21:51:08 Obtención correcta areas usuario:1
20181124 21:51:08 Avance correcto proceso 0
20181124 21:51:10 Obtención correcta areas usuario:1
20181124 21:51:10 Avance correcto proceso 0
20181124 22:12:39 Acceso correcto usuario info
20181124 22:12:39 Obtención correcta areas usuario:1
20181124 22:12:39 Avance correcto proceso 0
20181124 22:12:43 Obtención correcta aplicaciones usuario:1 area 1
20181124 22:13:18 actualizaStatus.UploadComplete Cannot apply indexing with [] to an expression of type 'System.Dynamic.DynamicObject'
20181124 22:13:18 Obtención correcta areas usuario:1
20181124 22:13:19 Avance correcto proceso 0
20181124 22:13:28 Obtención correcta areas usuario:1
20181124 22:13:28 Avance correcto proceso 0
20181124 22:14:08 Obtención correcta areas usuario:1
20181124 22:14:08 Avance correcto proceso 0
20181124 22:14:59 Obtención correcta areas usuario:1
20181124 22:14:59 Avance correcto proceso 0
20181124 22:14:59 Obtención correcta areas usuario:1
20181124 22:15:00 Avance correcto proceso 0
20181124 22:15:07 Obtención correcta areas usuario:1
20181124 22:15:07 Avance correcto proceso 0
20181124 22:15:47 Obtención correcta areas usuario:1
20181124 22:15:47 Avance correcto proceso 0
20181124 22:18:44 Acceso correcto usuario info
20181124 22:18:44 Obtención correcta areas usuario:1
20181124 22:18:44 Avance correcto proceso 0
20181124 22:18:54 Obtención correcta aplicaciones usuario:1 area 1
20181124 22:19:37 actualizaStatus.UploadComplete Cannot apply indexing with [] to an expression of type 'System.Dynamic.DynamicObject'
20181124 22:19:37 Obtención correcta areas usuario:1
20181124 22:19:37 Avance correcto proceso 0
20181124 22:19:47 Obtención correcta areas usuario:1
20181124 22:19:47 Avance correcto proceso 0
20181124 22:19:57 Obtención correcta areas usuario:1
20181124 22:19:57 Avance correcto proceso 0
20181124 22:20:07 Obtención correcta areas usuario:1
20181124 22:20:07 Avance correcto proceso 0
20181124 22:20:17 Obtención correcta areas usuario:1
20181124 22:20:17 Avance correcto proceso 0
20181124 22:20:27 Obtención correcta areas usuario:1
20181124 22:20:27 Avance correcto proceso 0
20181124 22:20:37 Obtención correcta areas usuario:1
20181124 22:20:37 Avance correcto proceso 0
20181124 22:20:47 Obtención correcta areas usuario:1
20181124 22:20:47 Avance correcto proceso 0
20181124 22:20:57 Obtención correcta areas usuario:1
20181124 22:20:57 Avance correcto proceso 0
20181124 22:21:07 Obtención correcta areas usuario:1
20181124 22:21:07 Avance correcto proceso 0
20181124 22:21:17 Obtención correcta areas usuario:1
20181124 22:21:17 Avance correcto proceso 0
20181124 22:21:27 Obtención correcta areas usuario:1
20181124 22:21:27 Avance correcto proceso 0
20181124 22:21:37 Obtención correcta areas usuario:1
20181124 22:21:37 Avance correcto proceso 0
20181124 22:22:30 Obtención correcta areas usuario:1
20181124 22:22:30 Avance correcto proceso 0
20181124 22:22:30 Obtención correcta areas usuario:1
20181124 22:22:30 Avance correcto proceso 0
20181124 22:22:30 Obtención correcta areas usuario:1
20181124 22:22:30 Avance correcto proceso 0
20181124 22:22:30 Obtención correcta areas usuario:1
20181124 22:22:30 Avance correcto proceso 0
20181124 22:22:31 Obtención correcta areas usuario:1
20181124 22:22:31 Avance correcto proceso 0
20181124 22:22:37 Obtención correcta areas usuario:1
20181124 22:22:37 Avance correcto proceso 0
20181124 22:22:47 Obtención correcta areas usuario:1
20181124 22:22:47 Avance correcto proceso 0
20181124 22:22:57 Obtención correcta areas usuario:1
20181124 22:22:57 Avance correcto proceso 0
20181124 22:23:07 Obtención correcta areas usuario:1
20181124 22:23:07 Avance correcto proceso 0
20181124 22:23:17 Obtención correcta areas usuario:1
20181124 22:23:17 Avance correcto proceso 0
20181124 23:28:52 Acceso correcto usuario info
20181124 23:28:52 Obtención correcta areas usuario:1
20181124 23:28:52 Avance correcto proceso 0
20181124 23:28:58 Obtención correcta aplicaciones usuario:1 area 1
20181124 23:29:06 actualizaStatus.UploadComplete Cannot apply indexing with [] to an expression of type 'System.Dynamic.DynamicObject'
20181124 23:29:06 Obtención correcta areas usuario:1
20181124 23:29:06 Avance correcto proceso 0
20181124 23:29:15 Obtención correcta areas usuario:1
20181124 23:29:15 Avance correcto proceso 0
20181124 23:29:29 Obtención correcta areas usuario:1
20181124 23:29:29 Avance correcto proceso 0
20181124 23:30:25 Obtención correcta areas usuario:1
20181124 23:30:25 Avance correcto proceso 0
20181124 23:30:28 Obtención correcta areas usuario:1
20181124 23:30:28 Avance correcto proceso 0
20181124 23:30:28 Obtención correcta areas usuario:1
20181124 23:30:28 Avance correcto proceso 0
20181124 23:30:40 Obtención correcta areas usuario:1
20181124 23:30:44 Avance correcto proceso 0
20181124 23:30:50 Obtención correcta areas usuario:1
20181124 23:32:22 Avance correcto proceso 0
20181124 23:32:23 Obtención correcta areas usuario:1
20181124 23:32:28 Avance correcto proceso 0
20181124 23:32:31 Obtención correcta areas usuario:1
20181124 23:32:32 Avance correcto proceso 0
20181124 23:32:33 Obtención correcta areas usuario:1
20181124 23:32:37 Avance correcto proceso 0
20181124 23:32:40 Obtención correcta areas usuario:1
20181124 23:32:40 Avance correcto proceso 0
20181124 23:32:47 Obtención correcta areas usuario:1
20181124 23:32:47 Avance correcto proceso 0
20181124 23:32:49 Obtención correcta areas usuario:1
20181124 23:32:49 Avance correcto proceso 0
20181124 23:32:50 Obtención correcta areas usuario:1
20181124 23:33:40 Avance correcto proceso 0
20181124 23:33:40 Obtención correcta areas usuario:1
20181124 23:33:42 Avance correcto proceso 0
20181124 23:33:44 Obtención correcta areas usuario:1
20181124 23:33:44 Avance correcto proceso 0
20181124 23:33:52 Obtención correcta areas usuario:1
20181124 23:33:52 Avance correcto proceso 0
20181124 23:33:53 Obtención correcta areas usuario:1
20181124 23:33:53 Avance correcto proceso 0
20181124 23:33:53 Obtención correcta areas usuario:1
20181124 23:33:53 Avance correcto proceso 0
20181124 23:33:54 Obtención correcta areas usuario:1
20181124 23:33:54 Avance correcto proceso 0
20181124 23:34:26 Obtención correcta areas usuario:1
20181124 23:34:26 Avance correcto proceso 0
20181124 23:34:34 Obtención correcta areas usuario:1
20181124 23:34:35 Avance correcto proceso 0
20181124 23:34:37 Obtención correcta areas usuario:1
20181124 23:34:37 Avance correcto proceso 0
20181124 23:35:00 Obtención correcta areas usuario:1
20181124 23:35:00 Avance correcto proceso 0
20181124 23:35:00 Obtención correcta areas usuario:1
20181124 23:35:00 Avance correcto proceso 0
20181124 23:35:00 Obtención correcta areas usuario:1
20181124 23:35:00 Avance correcto proceso 0
20181124 23:35:01 Obtención correcta areas usuario:1
20181124 23:35:01 Avance correcto proceso 0
20181124 23:35:01 Obtención correcta areas usuario:1
20181124 23:35:01 Avance correcto proceso 0
20181124 23:35:01 Obtención correcta areas usuario:1
20181124 23:35:01 Avance correcto proceso 0
20181124 23:35:01 Obtención correcta areas usuario:1
20181124 23:35:02 Avance correcto proceso 0
20181124 23:35:02 Obtención correcta areas usuario:1
20181124 23:35:02 Avance correcto proceso 0
20181124 23:35:02 Obtención correcta areas usuario:1
20181124 23:35:02 Avance correcto proceso 0
20181124 23:35:03 Obtención correcta areas usuario:1
20181124 23:35:03 Avance correcto proceso 0
20181124 23:35:03 Obtención correcta areas usuario:1
20181124 23:35:03 Avance correcto proceso 0
20181124 23:35:04 Obtención correcta areas usuario:1
20181124 23:35:04 Avance correcto proceso 0
20181124 23:35:05 Obtención correcta areas usuario:1
20181124 23:35:05 Avance correcto proceso 0
20181124 23:35:15 Obtención correcta areas usuario:1
20181124 23:35:15 Avance correcto proceso 0
20181124 23:35:25 Obtención correcta areas usuario:1
20181124 23:35:25 Avance correcto proceso 0
20181124 23:35:35 Obtención correcta areas usuario:1
20181124 23:35:35 Avance correcto proceso 0
20181124 23:35:57 Obtención correcta areas usuario:1
20181124 23:41:55 Avance correcto proceso 0
20181124 23:41:55 Obtención correcta areas usuario:1
20181124 23:41:55 Avance correcto proceso 0
20181124 23:41:55 Obtención correcta areas usuario:1
20181124 23:41:55 Avance correcto proceso 0
20181124 23:41:55 Obtención correcta areas usuario:1
20181124 23:41:55 Avance correcto proceso 0
20181124 23:41:55 Obtención correcta areas usuario:1
20181124 23:41:55 Avance correcto proceso 0
20181124 23:41:55 Obtención correcta areas usuario:1
20181124 23:41:55 Avance correcto proceso 0
20181124 23:41:55 Obtención correcta areas usuario:1
20181124 23:41:55 Avance correcto proceso 0
20181124 23:41:55 Obtención correcta areas usuario:1
20181124 23:41:55 Avance correcto proceso 0
20181124 23:41:55 Obtención correcta areas usuario:1
20181124 23:41:55 Avance correcto proceso 0
20181124 23:41:55 Obtención correcta areas usuario:1
20181124 23:41:55 Avance correcto proceso 0
20181124 23:41:55 Obtención correcta areas usuario:1
20181124 23:41:56 Avance correcto proceso 0
20181124 23:41:56 Obtención correcta areas usuario:1
20181124 23:41:56 Avance correcto proceso 0
20181124 23:41:56 Obtención correcta areas usuario:1
20181124 23:41:56 Avance correcto proceso 0
20181124 23:41:56 Obtención correcta areas usuario:1
20181124 23:41:56 Avance correcto proceso 0
20181124 23:41:56 Obtención correcta areas usuario:1
20181124 23:41:56 Avance correcto proceso 0
20181124 23:41:56 Obtención correcta areas usuario:1
20181124 23:41:56 Avance correcto proceso 0
20181124 23:41:57 Obtención correcta areas usuario:1
20181124 23:41:57 Avance correcto proceso 0
20181124 23:41:57 Obtención correcta areas usuario:1
20181124 23:41:57 Avance correcto proceso 0
20181124 23:41:57 Obtención correcta areas usuario:1
20181124 23:41:57 Avance correcto proceso 0
20181124 23:41:58 Obtención correcta areas usuario:1
20181124 23:41:58 Avance correcto proceso 0
20181124 23:41:58 Obtención correcta areas usuario:1
20181124 23:41:58 Avance correcto proceso 0
20181124 23:41:58 Obtención correcta areas usuario:1
20181124 23:41:58 Avance correcto proceso 0
20181124 23:41:59 Obtención correcta areas usuario:1
20181124 23:41:59 Avance correcto proceso 0
20181124 23:41:59 Obtención correcta areas usuario:1
20181124 23:41:59 Avance correcto proceso 0
20181124 23:41:59 Obtención correcta areas usuario:1
20181124 23:41:59 Avance correcto proceso 0
20181124 23:41:59 Obtención correcta areas usuario:1
20181124 23:41:59 Avance correcto proceso 0
20181124 23:41:59 Obtención correcta areas usuario:1
20181124 23:41:59 Avance correcto proceso 0
20181124 23:42:00 Obtención correcta areas usuario:1
20181124 23:42:00 Avance correcto proceso 0
20181124 23:42:00 Obtención correcta areas usuario:1
20181124 23:42:00 Avance correcto proceso 0
20181124 23:42:00 Obtención correcta areas usuario:1
20181124 23:42:00 Avance correcto proceso 0
20181124 23:42:01 Obtención correcta areas usuario:1
20181124 23:42:01 Avance correcto proceso 0
20181124 23:42:01 Obtención correcta areas usuario:1
20181124 23:42:01 Avance correcto proceso 0
20181124 23:42:01 Obtención correcta areas usuario:1
20181124 23:42:02 Avance correcto proceso 0
20181124 23:42:02 Obtención correcta areas usuario:1
20181124 23:42:02 Avance correcto proceso 0
20181124 23:42:02 Obtención correcta areas usuario:1
20181124 23:42:03 Avance correcto proceso 0
20181124 23:42:03 Obtención correcta areas usuario:1
20181124 23:42:03 Avance correcto proceso 0
20181124 23:42:04 Obtención correcta areas usuario:1
20181124 23:42:04 Avance correcto proceso 0
20181124 23:42:04 Obtención correcta areas usuario:1
20181124 23:42:04 Avance correcto proceso 0
20181124 23:42:06 Obtención correcta areas usuario:1
20181124 23:42:06 Avance correcto proceso 0
20181124 23:42:16 Obtención correcta areas usuario:1
20181124 23:42:16 Avance correcto proceso 0
20181124 23:42:26 Obtención correcta areas usuario:1
20181124 23:42:26 Avance correcto proceso 0
20181124 23:42:36 Obtención correcta areas usuario:1
20181124 23:42:36 Avance correcto proceso 0
20181124 23:42:46 Obtención correcta areas usuario:1
20181124 23:42:46 Avance correcto proceso 0
20181124 23:42:56 Obtención correcta areas usuario:1
20181124 23:42:56 Avance correcto proceso 0
20181124 23:43:06 Obtención correcta areas usuario:1
20181124 23:43:06 Avance correcto proceso 0
20181124 23:43:16 Obtención correcta areas usuario:1
20181124 23:43:16 Avance correcto proceso 0
20181124 23:43:26 Obtención correcta areas usuario:1
20181124 23:43:26 Avance correcto proceso 0
20181124 23:43:36 Obtención correcta areas usuario:1
20181124 23:43:36 Avance correcto proceso 0
20181124 23:43:46 Obtención correcta areas usuario:1
20181124 23:43:46 Avance correcto proceso 0
20181124 23:43:56 Obtención correcta areas usuario:1
20181124 23:43:56 Avance correcto proceso 0
20181124 23:44:06 Obtención correcta areas usuario:1
20181124 23:44:06 Avance correcto proceso 0
20181124 23:44:20 Obtención correcta areas usuario:1
20181124 23:44:20 Avance correcto proceso 0
20181124 23:44:26 Obtención correcta areas usuario:1
20181124 23:44:26 Avance correcto proceso 0
20181124 23:44:36 Obtención correcta areas usuario:1
20181124 23:44:36 Avance correcto proceso 0
20181124 23:44:46 Obtención correcta areas usuario:1
20181124 23:44:52 Avance correcto proceso 0
20181124 23:44:56 Obtención correcta areas usuario:1
20181124 23:44:56 Avance correcto proceso 0
20181124 23:45:06 Obtención correcta areas usuario:1
20181124 23:45:06 Avance correcto proceso 0
20181124 23:45:16 Obtención correcta areas usuario:1
20181124 23:45:16 Avance correcto proceso 0
20181124 23:45:26 Obtención correcta areas usuario:1
20181124 23:45:26 Avance correcto proceso 0
20181124 23:45:36 Obtención correcta areas usuario:1
20181124 23:45:36 Avance correcto proceso 0
20181124 23:45:46 Obtención correcta areas usuario:1
20181124 23:45:46 Avance correcto proceso 0
20181124 23:46:02 Obtención correcta areas usuario:1
20181124 23:46:02 Avance correcto proceso 0
20181124 23:46:06 Obtención correcta areas usuario:1
20181124 23:46:06 Avance correcto proceso 0
20181124 23:46:16 Obtención correcta areas usuario:1
20181124 23:46:16 Avance correcto proceso 0
20181124 23:46:26 Obtención correcta areas usuario:1
20181124 23:46:26 Avance correcto proceso 0
20181124 23:46:36 Obtención correcta areas usuario:1
20181124 23:46:36 Avance correcto proceso 0
20181124 23:47:06 Obtención correcta areas usuario:1
20181124 23:47:43 Avance correcto proceso 0
20181124 23:47:53 Obtención correcta areas usuario:1
20181124 23:47:53 Avance correcto proceso 0
20181124 23:47:55 Obtención correcta areas usuario:1
20181124 23:47:55 Avance correcto proceso 0
20181124 23:50:31 Acceso correcto usuario info
20181124 23:50:31 Obtención correcta areas usuario:1
20181124 23:50:31 Avance correcto proceso 0
20181124 23:50:36 Obtención correcta aplicaciones usuario:1 area 1
20181124 23:50:44 Obtención correcta areas usuario:1
20181124 23:50:44 Avance correcto proceso 0
20181124 23:50:45 actualizaStatus.UploadComplete Cannot apply indexing with [] to an expression of type 'System.Dynamic.DynamicObject'
20181124 23:50:54 Obtención correcta areas usuario:1
20181124 23:50:54 Avance correcto proceso 0
20181124 23:51:13 Obtención correcta areas usuario:1
20181124 23:51:13 Avance correcto proceso 0
20181124 23:51:14 Obtención correcta areas usuario:1
20181124 23:51:14 Avance correcto proceso 0
