20181209 12:38:41 Acceso correcto usuario info
20181209 12:38:41 Obtención correcta areas usuario:1
20181209 12:38:41 Avance correcto proceso 0
20181209 12:38:50 Obtención correcta areas usuario:1
20181209 12:38:58 Obtención correcta aplicaciones usuario:1 area 1
20181209 12:39:12 Obtención correcta objetosdb usuario:1 app 1
20181209 12:39:14 Obtención correcta objetosdb usuario:1 app 1
20181209 12:39:14 Obtención correcta ObtenIndicaores usuario:1 app 1
20181209 15:11:50 Acceso correcto usuario info
20181209 15:11:50 Obtención correcta areas usuario:1
20181209 15:11:50 Avance correcto proceso 0
20181209 15:12:06 Obten usuarios correcto usuario 1
20181209 15:12:06 Obtención correcta areas usuario:1
20181209 15:12:06 Obten PERFILES correcto usuario 1
20181209 15:14:23 Acceso correcto usuario info
20181209 15:14:23 Obtención correcta areas usuario:1
20181209 15:14:23 Avance correcto proceso 0
20181209 15:14:28 Obtención correcta areas usuario:1
20181209 15:14:28 Consulta correcta aplicacion 0
20181209 15:14:34 Obten usuarios correcto usuario 1
20181209 15:14:34 Obtención correcta areas usuario:1
20181209 15:14:34 Obten PERFILES correcto usuario 1
20181209 15:15:21 Obten usuarios correcto usuario 1
20181209 15:15:21 Obtención correcta areas usuario:1
20181209 15:15:21 Obten PERFILES correcto usuario 1
20181209 15:17:11 Obten usuarios correcto usuario 1
20181209 15:17:11 Obtención correcta areas usuario:1
20181209 15:17:11 Obten PERFILES correcto usuario 1
20181209 15:21:10 Obten usuarios correcto usuario 1
20181209 15:21:10 Obtención correcta areas usuario:1
20181209 15:21:10 Obten PERFILES correcto usuario 1
20181209 15:21:31 Acceso correcto usuario info
20181209 15:21:31 Obtención correcta areas usuario:1
20181209 15:21:31 Avance correcto proceso 0
20181209 15:21:38 Obten usuarios correcto usuario 1
20181209 15:21:38 Obtención correcta areas usuario:1
20181209 15:21:38 Obten PERFILES correcto usuario 1
20181209 15:27:31 Obten usuarios correcto usuario 1
20181209 15:27:31 Obtención correcta areas usuario:1
20181209 15:27:31 Obten PERFILES correcto usuario 1
20181209 15:31:02 Acceso correcto usuario info
20181209 15:31:02 Obtención correcta areas usuario:1
20181209 15:31:02 Avance correcto proceso 0
20181209 15:31:08 Obten usuarios correcto usuario 1
20181209 15:31:08 Obtención correcta areas usuario:1
20181209 15:31:08 Obten PERFILES correcto usuario 1
20181209 15:32:01 Acceso correcto usuario info
20181209 15:32:01 Obtención correcta areas usuario:1
20181209 15:32:01 Avance correcto proceso 0
20181209 15:32:09 Obten usuarios correcto usuario 1
20181209 15:32:09 Obtención correcta areas usuario:1
20181209 15:32:09 Obten PERFILES correcto usuario 1
20181209 15:33:46 Creación de Usuario Correcta info3
20181209 15:33:55 Obten usuarios correcto usuario 1
20181209 15:33:55 Obtención correcta areas usuario:1
20181209 15:33:55 Obten PERFILES correcto usuario 1
