20181218 10:30:15 Acceso correcto usuario info
20181218 10:30:15 Obtención correcta areas usuario:1
20181218 10:30:15 Avance correcto proceso 0
20181218 10:30:20 Obtención correcta areas usuario:1
20181218 10:30:26 Obtención correcta aplicaciones usuario:1 area 1
20181218 10:30:29 Obtención correcta objetosdb usuario:1 app 11
20181218 10:30:32 Obtención incorrecta aplicaciones usuario:1 app 11
20181218 10:30:33 Obtención correcta ObtenIndicaores usuario:1 app 11
20181218 10:31:08 Acceso incorrecto usuario info
20181218 10:31:12 Acceso correcto usuario info
20181218 10:31:12 Obtención correcta areas usuario:1
20181218 10:31:12 Avance correcto proceso 0
20181218 10:31:16 Obtención correcta areas usuario:1
20181218 10:31:19 Obtención correcta aplicaciones usuario:1 area 1
20181218 10:31:22 Obtención correcta objetosdb usuario:1 app 10
20181218 10:31:22 Obtención incorrecta aplicaciones usuario:1 app 10
20181218 10:31:23 Obtención correcta ObtenIndicaores usuario:1 app 10
20181218 11:27:34 Acceso correcto usuario info
20181218 11:27:34 Obtención correcta areas usuario:1
20181218 11:27:34 Avance correcto proceso 0
20181218 11:27:38 Obtención correcta aplicaciones usuario:1 area 1
20181218 13:15:07 Acceso correcto usuario info
20181218 13:15:07 Obtención correcta areas usuario:1
20181218 13:15:07 Avance correcto proceso 0
20181218 13:15:12 Obtención correcta areas usuario:1
20181218 13:15:28 Obtención correcta aplicaciones usuario:1 area 1
20181218 13:15:31 Obtención correcta objetosdb usuario:1 app 23
20181218 13:15:32 Obtención correcta ObtenIndicaores usuario:1 app 23
20181218 13:15:32 Obtención correcta objetosdb usuario:1 app 23
