20181121 09:28:04 Acceso correcto usuario veneno
20181121 09:28:04 Obtención correcta areas usuario:1
20181121 09:28:04 Avance correcto proceso 0
20181121 09:28:12 Obtención correcta areas usuario:1
20181121 09:28:12 Obtención correcta objetosdb usuario:1 app 1
20181121 09:28:32 Obtención correcta aplicaciones usuario:1 area 1
20181121 09:28:33 Obtención correcta objetosdb usuario:1 app 1
20181121 09:28:54 Obtención correcta objetosdb usuario:1 app 1
20181121 09:29:39 Obtención correcta objetosdb usuario:1 app 1
20181121 09:29:40 Obtención correcta objetosdb usuario:1 app 1
20181121 09:29:44 Obtención correcta objetosdb usuario:1 app 1
20181121 09:29:46 Obtención correcta objetosdb usuario:1 app 1
20181121 09:29:50 Obtención correcta objetosdb usuario:1 app 1
20181121 09:29:52 Obtención correcta objetosdb usuario:1 app 1
20181121 09:29:53 Obtención correcta objetosdb usuario:1 app 1
20181121 09:29:56 Obtención correcta objetosdb usuario:1 app 1
20181121 09:29:57 Obtención correcta objetosdb usuario:1 app 1
20181121 09:29:59 Obtención correcta objetosdb usuario:1 app 1
20181121 09:30:01 Obtención correcta objetosdb usuario:1 app 1
20181121 09:30:04 Obtención correcta objetosdb usuario:1 app 1
20181121 09:32:00 Obtención correcta objetosdb usuario:1 app 1
20181121 09:32:02 Obtención correcta objetosdb usuario:1 app 1
20181121 09:32:07 Obtención correcta objetosdb usuario:1 app 1
20181121 09:32:10 Obtención correcta objetosdb usuario:1 app 1
20181121 09:32:12 Obtención correcta objetosdb usuario:1 app 1
20181121 09:32:13 Obtención incorrecta aplicaciones usuario:1 app 1
20181121 09:32:14 Obtención correcta objetosdb usuario:1 app 1
20181121 09:32:16 Obtención correcta objetosdb usuario:1 app 1
20181121 09:32:18 Obtención correcta objetosdb usuario:1 app 1
20181121 09:32:19 Obtención correcta objetosdb usuario:1 app 1
20181121 09:32:23 Obtención correcta objetosdb usuario:1 app 1
20181121 09:35:51 Obtención correcta objetosdb usuario:1 app 1
20181121 09:35:54 Obtención correcta objetosdb usuario:1 app 1
20181121 09:35:56 Obtención correcta objetosdb usuario:1 app 1
20181121 09:35:59 Obtención correcta objetosdb usuario:1 app 1
20181121 09:36:00 Obtención correcta objetosdb usuario:1 app 1
20181121 09:36:14 Obtención correcta objetosdb usuario:1 app 1
20181121 09:36:15 Obtención correcta objetosdb usuario:1 app 1
20181121 09:36:51 Obtención correcta areas usuario:1
20181121 09:36:51 Consulta correcta usuario 1
20181121 09:39:24 Obtención correcta areas usuario:1
20181121 09:39:24 Obtención correcta objetosdb usuario:1 app 1
20181121 09:39:31 Obtención correcta aplicaciones usuario:1 area 1
20181121 09:39:33 Obtención correcta objetosdb usuario:1 app 1
20181121 09:39:39 Obtención correcta objetosdb usuario:1 app 1
20181121 09:39:53 Obtención correcta objetosdb usuario:1 app 1
20181121 09:41:28 Obtención correcta objetosdb usuario:1 app 1
20181121 09:41:54 Obtención correcta objetosdb usuario:1 app 1
20181121 09:41:55 Obtención correcta objetosdb usuario:1 app 1
20181121 09:41:56 Obtención correcta objetosdb usuario:1 app 1
20181121 09:41:58 Obtención correcta objetosdb usuario:1 app 1
20181121 09:42:06 Obtención correcta objetosdb usuario:1 app 1
20181121 09:42:11 Obtención correcta objetosdb usuario:1 app 1
20181121 09:42:15 Obtención correcta objetosdb usuario:1 app 1
20181121 09:42:51 Obtención correcta objetosdb usuario:1 app 1
20181121 09:42:52 Obtención correcta objetosdb usuario:1 app 1
20181121 09:44:49 Obtención correcta objetosdb usuario:1 app 1
20181121 09:44:52 Obtención correcta objetosdb usuario:1 app 1
20181121 09:44:54 Obtención correcta objetosdb usuario:1 app 1
20181121 09:44:58 Obtención correcta objetosdb usuario:1 app 1
20181121 09:44:59 Obtención correcta objetosdb usuario:1 app 1
20181121 09:45:01 Obtención correcta objetosdb usuario:1 app 1
20181121 09:45:02 Obtención correcta objetosdb usuario:1 app 1
20181121 09:45:03 Obtención correcta objetosdb usuario:1 app 1
20181121 09:45:05 Obtención correcta objetosdb usuario:1 app 1
20181121 09:45:13 Obtención correcta objetosdb usuario:1 app 1
20181121 09:45:20 Obtención correcta objetosdb usuario:1 app 1
20181121 09:47:32 Obtención correcta objetosdb usuario:1 app 1
20181121 09:47:37 Obtención correcta objetosdb usuario:1 app 1
20181121 09:47:56 Obtención correcta objetosdb usuario:1 app 1
20181121 09:47:59 Obtención correcta objetosdb usuario:1 app 1
20181121 09:50:31 Obtención correcta areas usuario:1
20181121 09:50:31 Obtención correcta objetosdb usuario:1 app 1
20181121 09:50:34 Obtención correcta areas usuario:1
20181121 09:50:34 Consulta correcta usuario 1
20181121 09:51:14 Obtención correcta areas usuario:1
20181121 09:51:14 Obtención correcta objetosdb usuario:1 app 1
20181121 09:53:43 Obtención correcta aplicaciones usuario:1 area 1
20181121 09:53:45 Obtención correcta objetosdb usuario:1 app 1
20181121 09:53:47 Obtención correcta objetosdb usuario:1 app 1
20181121 09:53:49 Obtención correcta objetosdb usuario:1 app 1
20181121 09:55:30 Obtención correcta objetosdb usuario:1 app 1
20181121 09:55:39 Obtención correcta objetosdb usuario:1 app 1
20181121 09:55:41 Obtención correcta objetosdb usuario:1 app 1
20181121 09:55:43 Obtención correcta objetosdb usuario:1 app 1
20181121 09:55:45 Obtención correcta objetosdb usuario:1 app 1
20181121 09:55:47 Obtención correcta objetosdb usuario:1 app 1
20181121 09:55:49 Obtención correcta objetosdb usuario:1 app 1
20181121 09:55:52 Obtención correcta objetosdb usuario:1 app 1
20181121 09:55:53 Obtención correcta objetosdb usuario:1 app 1
20181121 09:55:55 Obtención correcta objetosdb usuario:1 app 1
20181121 09:55:55 Obtención correcta objetosdb usuario:1 app 1
20181121 09:55:57 Obtención correcta objetosdb usuario:1 app 1
20181121 09:55:59 Obtención correcta objetosdb usuario:1 app 1
20181121 09:56:00 Dependencias.ActualizaDiagramaInput string was not in a correct format.
20181121 09:56:01 Obtención correcta objetosdb usuario:1 app 1
20181121 09:56:02 Obtención correcta objetosdb usuario:1 app 1
20181121 09:56:04 Obtención correcta objetosdb usuario:1 app 1
20181121 09:57:03 Acceso correcto usuario info
20181121 09:57:03 Obtención correcta areas usuario:1
20181121 09:57:03 Avance correcto proceso 0
20181121 09:57:07 Obtención correcta areas usuario:1
20181121 09:57:07 Obtención correcta objetosdb usuario:1 app 1
20181121 10:59:33 Acceso correcto usuario info
20181121 10:59:33 Obtención correcta areas usuario:1
20181121 10:59:33 Avance correcto proceso 0
20181121 11:19:02 Acceso correcto usuario info
20181121 11:19:02 Obtención correcta areas usuario:1
20181121 11:19:02 Avance correcto proceso 0
20181121 11:20:06 Obtención correcta areas usuario:1
20181121 11:20:06 Obtención correcta objetosdb usuario:1 app 1
20181121 11:20:11 Obtención correcta aplicaciones usuario:1 area 1
20181121 11:20:13 Obtención correcta objetosdb usuario:1 app 1
20181121 11:20:24 Obtención correcta objetosdb usuario:1 app 1
20181121 11:20:42 Obtención correcta objetosdb usuario:1 app 1
20181121 11:20:44 Obtención correcta objetosdb usuario:1 app 1
20181121 11:20:53 Obtención correcta objetosdb usuario:1 app 1
20181121 11:20:57 Obtención correcta objetosdb usuario:1 app 1
20181121 11:22:18 Obtención correcta objetosdb usuario:1 app 1
20181121 11:22:50 Obtención correcta areas usuario:1
20181121 11:22:50 Consulta correcta usuario 1
20181121 11:23:28 Obtención correcta areas usuario:1
20181121 11:23:28 Avance correcto proceso 0
20181121 11:23:58 Obtención correcta areas usuario:1
20181121 11:23:58 Obtención correcta objetosdb usuario:1 app 1
20181121 11:24:01 Obtención correcta aplicaciones usuario:1 area 1
20181121 11:24:03 Obtención correcta objetosdb usuario:1 app 1
20181121 11:24:05 Obtención correcta objetosdb usuario:1 app 1
20181121 11:25:12 Obtención correcta objetosdb usuario:1 app 1
20181121 11:25:13 Obtención correcta objetosdb usuario:1 app 1
20181121 11:25:18 Obtención correcta objetosdb usuario:1 app 1
20181121 11:25:20 Obtención correcta objetosdb usuario:1 app 1
20181121 11:25:49 Obtención correcta objetosdb usuario:1 app 1
20181121 11:25:50 Obtención correcta objetosdb usuario:1 app 1
20181121 11:28:43 Obtención correcta objetosdb usuario:1 app 1
20181121 11:28:54 Obtención correcta objetosdb usuario:1 app 1
20181121 11:28:55 Obtención correcta objetosdb usuario:1 app 1
20181121 11:28:57 Obtención correcta objetosdb usuario:1 app 1
20181121 11:28:59 Obtención correcta objetosdb usuario:1 app 1
20181121 11:28:59 Obtención correcta objetosdb usuario:1 app 1
20181121 11:29:01 Obtención correcta objetosdb usuario:1 app 1
20181121 11:40:00 Acceso correcto usuario info
20181121 11:40:00 Obtención correcta areas usuario:1
20181121 11:40:00 Avance correcto proceso 0
20181121 11:41:16 Obtención correcta areas usuario:1
20181121 11:41:16 Obtención correcta objetosdb usuario:1 app 1
20181121 11:41:20 Obtención correcta aplicaciones usuario:1 area 1
20181121 11:41:23 Obtención correcta objetosdb usuario:1 app 1
20181121 11:41:29 Obtención correcta objetosdb usuario:1 app 1
20181121 11:41:33 Obtención correcta objetosdb usuario:1 app 1
20181121 11:41:34 Obtención correcta objetosdb usuario:1 app 1
20181121 11:41:39 Obtención correcta objetosdb usuario:1 app 1
20181121 11:42:34 Obtención correcta objetosdb usuario:1 app 1
20181121 11:42:36 Obtención correcta objetosdb usuario:1 app 1
20181121 11:42:42 Obtención correcta objetosdb usuario:1 app 1
20181121 11:42:44 Obtención correcta objetosdb usuario:1 app 1
20181121 11:44:48 Obtención correcta objetosdb usuario:1 app 1
20181121 11:44:48 Obtención correcta objetosdb usuario:1 app 1
20181121 11:44:50 Obtención correcta objetosdb usuario:1 app 1
20181121 11:49:07 Obtención correcta objetosdb usuario:1 app 1
20181121 11:49:08 Obtención correcta objetosdb usuario:1 app 1
20181121 11:49:09 Obtención correcta objetosdb usuario:1 app 1
20181121 11:49:11 Obtención correcta objetosdb usuario:1 app 1
20181121 11:49:28 Obtención correcta objetosdb usuario:1 app 1
20181121 11:49:32 Obtención correcta objetosdb usuario:1 app 1
20181121 11:49:33 Obtención correcta objetosdb usuario:1 app 1
20181121 11:49:35 Obtención correcta objetosdb usuario:1 app 1
20181121 11:49:36 Obtención correcta objetosdb usuario:1 app 1
20181121 11:49:37 Obtención correcta objetosdb usuario:1 app 1
20181121 11:50:15 Obtención correcta objetosdb usuario:1 app 1
20181121 11:50:17 Obtención correcta objetosdb usuario:1 app 1
20181121 11:51:08 Obten usuarios correcto usuario 1
20181121 11:51:08 Obtención correcta areas usuario:1
20181121 11:51:08 Obten PERFILES correcto usuario 1
20181121 11:51:24 Obten usuarios correcto usuario 1
20181121 11:51:24 Obtención correcta areas usuario:1
20181121 11:51:24 Obten PERFILES correcto usuario 1
20181121 11:51:31 Obtención correcta areas usuario:1
20181121 11:51:31 Avance correcto proceso 0
20181121 11:51:39 Obten usuarios correcto usuario 1
20181121 11:51:39 Obtención correcta areas usuario:1
20181121 11:51:39 Obten PERFILES correcto usuario 1
20181121 11:52:28 Obtención correcta areas usuario:1
20181121 11:52:28 Avance correcto proceso 0
20181121 11:53:58 Obtención correcta areas usuario:1
20181121 11:53:58 Obtención correcta objetosdb usuario:1 app 1
20181121 12:45:44 Obtención correcta aplicaciones usuario:1 area 1
20181121 12:45:46 Obtención correcta objetosdb usuario:1 app 1
20181121 12:46:26 Obtención correcta objetosdb usuario:1 app 1
20181121 12:48:32 Obtención correcta objetosdb usuario:1 app 1
20181121 12:48:53 Obtención correcta objetosdb usuario:1 app 1
20181121 12:49:01 Obtención correcta objetosdb usuario:1 app 1
20181121 12:49:05 Obtención correcta objetosdb usuario:1 app 1
20181121 12:49:06 Obtención correcta objetosdb usuario:1 app 1
20181121 12:49:08 Obtención correcta objetosdb usuario:1 app 1
20181121 12:49:11 Obtención correcta objetosdb usuario:1 app 1
20181121 12:49:13 Obtención correcta objetosdb usuario:1 app 1
20181121 12:49:14 Obtención correcta objetosdb usuario:1 app 1
20181121 12:49:37 Obtención correcta objetosdb usuario:1 app 1
20181121 12:50:05 Obtención correcta areas usuario:1
20181121 12:50:05 ObtenProcesoAvance ObtenProcesoAvance Object reference not set to an instance of an object.
20181121 12:50:55 Acceso correcto usuario info
20181121 12:50:55 Obtención correcta areas usuario:1
20181121 12:50:55 Avance correcto proceso 0
20181121 12:51:07 Obtención correcta areas usuario:1
20181121 12:51:07 Consulta correcta usuario 1
20181121 12:51:27 Obtención correcta areas usuario:1
20181121 12:51:27 Obtención correcta objetosdb usuario:1 app 1
20181121 12:51:57 Obtención correcta objetosdb usuario:1 app 0
20181121 12:52:01 Obtención correcta objetosdb usuario:1 app 0
20181121 13:02:15 Obtención correcta aplicaciones usuario:1 area 1
20181121 13:02:17 Obtención correcta objetosdb usuario:1 app 1
20181121 13:02:42 Obtención correcta objetosdb usuario:1 app 1
20181121 13:03:19 Obtención correcta objetosdb usuario:1 app 1
20181121 13:03:21 Obtención correcta objetosdb usuario:1 app 1
20181121 13:03:22 Obtención correcta objetosdb usuario:1 app 1
20181121 13:03:24 Obtención correcta objetosdb usuario:1 app 1
20181121 13:03:25 Obtención correcta objetosdb usuario:1 app 1
20181121 13:03:28 Obtención correcta objetosdb usuario:1 app 1
20181121 13:03:28 Obtención correcta objetosdb usuario:1 app 1
20181121 13:03:30 Obtención correcta objetosdb usuario:1 app 1
20181121 13:04:38 Obtención correcta objetosdb usuario:1 app 1
20181121 13:04:39 Obtención correcta objetosdb usuario:1 app 1
20181121 13:05:18 Obtención correcta areas usuario:1
20181121 13:05:18 Avance correcto proceso 0
20181121 13:05:26 Obtención correcta areas usuario:1
20181121 13:05:27 Consulta correcta usuario 1
20181121 13:05:47 Obten usuarios correcto usuario 1
20181121 13:05:47 Obtención correcta areas usuario:1
20181121 13:05:47 Obten PERFILES correcto usuario 1
20181121 13:06:09 Obtención correcta areas usuario:1
20181121 13:06:09 Avance correcto proceso 0
20181121 13:09:28 Obtención correcta areas usuario:1
20181121 13:09:28 Obtención correcta objetosdb usuario:1 app 1
20181121 13:09:30 Obtención correcta objetosdb usuario:1 app 0
20181121 13:09:32 Obtención correcta objetosdb usuario:1 app 0
20181121 13:10:12 Obtención correcta objetosdb usuario:1 app 0
20181121 13:10:13 Obtención correcta objetosdb usuario:1 app 0
20181121 13:10:22 Obtención correcta objetosdb usuario:1 app 0
20181121 13:10:23 Obtención correcta objetosdb usuario:1 app 0
20181121 13:10:33 Obtención correcta objetosdb usuario:1 app 0
20181121 13:10:54 Obtención correcta objetosdb usuario:1 app 0
20181121 13:15:32 Obtención correcta objetosdb usuario:1 app 0
20181121 13:18:45 Obtención correcta objetosdb usuario:1 app 0
20181121 13:25:49 Obtención correcta areas usuario:1
20181121 13:25:49 Avance correcto proceso 0
20181121 13:26:26 Obtención correcta areas usuario:1
20181121 13:26:26 Obtención correcta objetosdb usuario:1 app 1
20181121 13:26:36 Obtención correcta objetosdb usuario:1 app 0
20181121 13:26:38 Obtención correcta objetosdb usuario:1 app 0
20181121 13:26:54 Obtención correcta areas usuario:1
20181121 13:26:54 Consulta correcta usuario 1
20181121 13:27:40 Obtención correcta areas usuario:1
20181121 13:27:40 Obtención correcta objetosdb usuario:1 app 1
20181121 13:27:50 Obtención correcta areas usuario:1
20181121 13:27:50 Avance correcto proceso 0
20181121 14:48:16 Acceso correcto usuario info
20181121 14:48:16 Obtención correcta areas usuario:1
20181121 14:48:16 Avance correcto proceso 0
20181121 14:48:19 Obtención correcta areas usuario:1
20181121 14:48:19 Obtención correcta objetosdb usuario:1 app 1
20181121 14:51:43 Obtención correcta aplicaciones usuario:1 area 1
20181121 14:51:45 Obtención correcta objetosdb usuario:1 app 1
20181121 14:51:47 Obtención correcta objetosdb usuario:1 app 1
20181121 14:51:49 Obtención correcta objetosdb usuario:1 app 1
20181121 14:51:50 Obtención correcta objetosdb usuario:1 app 1
20181121 14:51:52 Obtención correcta objetosdb usuario:1 app 1
20181121 14:51:53 Obtención correcta objetosdb usuario:1 app 1
20181121 14:51:55 Obtención correcta objetosdb usuario:1 app 1
20181121 14:51:55 Obtención correcta objetosdb usuario:1 app 1
20181121 14:51:56 Obtención correcta objetosdb usuario:1 app 1
20181121 14:51:58 Obtención correcta objetosdb usuario:1 app 1
20181121 14:51:58 Obtención correcta objetosdb usuario:1 app 1
20181121 14:51:59 Obtención correcta objetosdb usuario:1 app 1
20181121 14:52:00 Obtención correcta objetosdb usuario:1 app 1
20181121 14:52:00 Obtención correcta objetosdb usuario:1 app 1
20181121 14:52:05 Obtención correcta objetosdb usuario:1 app 1
20181121 14:56:09 Acceso correcto usuario info
20181121 14:56:09 Obtención correcta areas usuario:1
20181121 14:56:09 Avance correcto proceso 0
20181121 14:56:12 Obtención correcta areas usuario:1
20181121 14:56:12 Obtención correcta objetosdb usuario:1 app 1
20181121 14:58:04 Acceso correcto usuario info
20181121 14:58:04 Obtención correcta areas usuario:1
20181121 14:58:04 Avance correcto proceso 0
20181121 14:58:07 Obtención correcta areas usuario:1
20181121 14:58:07 Obtención correcta objetosdb usuario:1 app 1
20181121 15:00:10 Obtención correcta objetosdb usuario:1 app 0
20181121 15:00:12 Obtención correcta objetosdb usuario:1 app 0
20181121 15:00:17 Obtención correcta aplicaciones usuario:1 area 1
20181121 15:00:18 Obtención correcta objetosdb usuario:1 app 1
20181121 15:00:22 Obtención correcta objetosdb usuario:1 app 1
20181121 15:04:04 Obtención correcta objetosdb usuario:1 app 1
20181121 15:04:06 Obtención correcta objetosdb usuario:1 app 1
20181121 15:07:55 Acceso correcto usuario info
20181121 15:07:55 Obtención correcta areas usuario:1
20181121 15:07:55 Avance correcto proceso 0
20181121 15:07:57 Obtención correcta areas usuario:1
20181121 15:07:57 Obtención correcta objetosdb usuario:1 app 1
20181121 15:10:10 Acceso correcto usuario info
20181121 15:10:10 Obtención correcta areas usuario:1
20181121 15:10:10 Avance correcto proceso 0
20181121 15:10:13 Obtención correcta areas usuario:1
20181121 15:10:13 Obtención correcta objetosdb usuario:1 app 1
20181121 15:13:53 Acceso correcto usuario info
20181121 15:13:53 Obtención correcta areas usuario:1
20181121 15:13:53 Avance correcto proceso 0
20181121 15:13:57 Obtención correcta areas usuario:1
20181121 15:13:57 Obtención correcta objetosdb usuario:1 app 1
20181121 15:15:14 Obtención correcta objetosdb usuario:1 app 0
20181121 15:23:54 Acceso correcto usuario info
20181121 15:23:54 Obtención correcta areas usuario:1
20181121 15:23:54 Avance correcto proceso 0
20181121 15:23:58 Obtención correcta areas usuario:1
20181121 15:23:58 Obtención correcta objetosdb usuario:1 app 1
20181121 15:25:13 Acceso correcto usuario info
20181121 15:25:13 Obtención correcta areas usuario:1
20181121 15:25:13 Avance correcto proceso 0
20181121 15:25:16 Obtención correcta areas usuario:1
20181121 15:25:16 Obtención correcta objetosdb usuario:1 app 1
20181121 15:25:20 Obtención correcta aplicaciones usuario:1 area 1
20181121 15:25:21 Obtención correcta objetosdb usuario:1 app 1
20181121 15:25:27 Dependencias.ActualizaDiagramaIndex and count must refer to a location within the string.
Parameter name: count
20181121 15:25:43 Dependencias.ActualizaDiagramaIndex and count must refer to a location within the string.
Parameter name: count
20181121 15:36:57 Acceso correcto usuario info
20181121 15:36:57 Obtención correcta areas usuario:1
20181121 15:36:57 Avance correcto proceso 0
20181121 15:37:00 Obtención correcta areas usuario:1
20181121 15:37:00 Obtención correcta objetosdb usuario:1 app 1
20181121 15:37:21 Obtención correcta aplicaciones usuario:1 area 1
20181121 15:37:22 Obtención correcta objetosdb usuario:1 app 1
20181121 15:37:25 Obtención correcta objetosdb usuario:1 app 1
20181121 15:37:28 Obtención correcta objetosdb usuario:1 app 1
20181121 15:37:36 Obtención correcta aplicaciones usuario:1 area 0
20181121 15:37:39 Obtención correcta aplicaciones usuario:1 area 1
20181121 15:37:40 Obtención correcta objetosdb usuario:1 app 1
20181121 15:41:01 Acceso correcto usuario info
20181121 15:41:01 Obtención correcta areas usuario:1
20181121 15:41:01 Avance correcto proceso 0
20181121 15:41:04 Obtención correcta areas usuario:1
20181121 15:41:04 Obtención correcta objetosdb usuario:1 app 1
20181121 15:41:10 Obtención correcta aplicaciones usuario:1 area 1
20181121 15:41:11 Obtención correcta objetosdb usuario:1 app 1
20181121 15:41:59 Dependencias.ActualizaDiagramaIndex and count must refer to a location within the string.
Parameter name: count
20181121 15:42:02 Dependencias.ActualizaDiagramaIndex and count must refer to a location within the string.
Parameter name: count
20181121 15:44:26 Acceso correcto usuario info
20181121 15:44:26 Obtención correcta areas usuario:1
20181121 15:44:26 Avance correcto proceso 0
20181121 15:44:33 Obtención correcta areas usuario:1
20181121 15:44:33 Obtención correcta objetosdb usuario:1 app 1
20181121 15:44:43 Obtención correcta aplicaciones usuario:1 area 1
20181121 15:44:44 Obtención correcta objetosdb usuario:1 app 1
20181121 16:16:40 Acceso correcto usuario info
20181121 16:16:40 Obtención correcta areas usuario:1
20181121 16:16:40 Avance correcto proceso 0
20181121 16:16:45 Obtención correcta areas usuario:1
20181121 16:16:45 Obtención correcta objetosdb usuario:1 app 1
20181121 16:16:51 Obtención correcta aplicaciones usuario:1 area 1
20181121 16:16:53 Obtención correcta objetosdb usuario:1 app 1
20181121 16:17:19 Obtención correcta objetosdb usuario:1 app 1
20181121 16:19:53 Obtención correcta objetosdb usuario:1 app 1
20181121 16:19:56 Obtención correcta areas usuario:1
20181121 16:19:56 Obtención correcta objetosdb usuario:1 app 1
20181121 16:20:07 Obtención correcta aplicaciones usuario:1 area 1
20181121 16:20:08 Obtención correcta objetosdb usuario:1 app 1
20181121 16:20:17 BaseDatos.GetResultStoredSQLReader Error number 245 is invalid. The number must be from 13000 through 2147483647 and it cannot be 50000. 2732 Sp_ObtenObjetosDBD4 39 1
20181121 16:20:17 Aplicacion.ObtenObjetosDB Object reference not set to an instance of an object.
20181121 16:21:43 Obtención correcta aplicaciones usuario:1 area 0
20181121 16:21:46 Obtención correcta objetosdb usuario:1 app 2
20181121 16:21:48 Obtención correcta aplicaciones usuario:1 area 1
20181121 16:21:49 Obtención correcta objetosdb usuario:1 app 1
20181121 16:21:52 Obtención correcta objetosdb usuario:1 app 1
20181121 16:22:51 Obtención correcta areas usuario:1
20181121 16:22:51 Obtención correcta objetosdb usuario:1 app 1
20181121 16:22:56 Obtención correcta aplicaciones usuario:1 area 1
20181121 16:22:57 Obtención correcta objetosdb usuario:1 app 1
20181121 16:23:00 Obtención correcta objetosdb usuario:1 app 1
20181121 16:23:59 Obtención correcta objetosdb usuario:1 app 1
20181121 16:24:00 Obtención correcta objetosdb usuario:1 app 1
20181121 16:24:02 Obtención correcta objetosdb usuario:1 app 1
20181121 16:25:09 Obtención correcta aplicaciones usuario:1 area 0
20181121 16:25:12 Obtención correcta aplicaciones usuario:1 area 1
20181121 16:25:13 Obtención correcta objetosdb usuario:1 app 2
20181121 16:25:15 Obtención correcta objetosdb usuario:1 app 1
20181121 16:25:17 Obtención correcta objetosdb usuario:1 app 1
20181121 16:25:54 Obtención correcta objetosdb usuario:1 app 1
20181121 16:26:16 Obtención correcta objetosdb usuario:1 app 1
20181121 16:26:18 Obtención correcta objetosdb usuario:1 app 1
20181121 16:28:47 Obtención correcta areas usuario:1
20181121 16:28:47 Obtención correcta objetosdb usuario:1 app 1
20181121 16:28:51 Obtención correcta aplicaciones usuario:1 area 1
20181121 16:28:52 Obtención correcta objetosdb usuario:1 app 1
20181121 16:28:55 Obtención correcta objetosdb usuario:1 app 1
20181121 16:28:57 Obtención correcta objetosdb usuario:1 app 1
20181121 16:30:06 Obtención correcta objetosdb usuario:1 app 1
20181121 16:30:08 Obtención correcta objetosdb usuario:1 app 1
20181121 16:32:52 Obtención correcta areas usuario:1
20181121 16:32:52 Obtención correcta objetosdb usuario:1 app 1
20181121 16:32:58 Obtención correcta aplicaciones usuario:1 area 1
20181121 16:32:59 Obtención correcta objetosdb usuario:1 app 1
20181121 16:33:01 Obtención correcta objetosdb usuario:1 app 1
20181121 16:33:03 Obtención correcta objetosdb usuario:1 app 1
20181121 16:33:05 Obtención correcta objetosdb usuario:1 app 1
20181121 16:33:22 Obtención correcta objetosdb usuario:1 app 1
20181121 16:33:24 Obtención correcta objetosdb usuario:1 app 1
20181121 16:33:26 Obtención correcta objetosdb usuario:1 app 1
20181121 16:33:38 Obtención correcta objetosdb usuario:1 app 1
20181121 16:33:42 Obtención correcta objetosdb usuario:1 app 1
20181121 16:33:43 Obtención correcta objetosdb usuario:1 app 1
20181121 16:33:45 Obtención correcta objetosdb usuario:1 app 1
20181121 16:34:37 Obtención correcta objetosdb usuario:1 app 1
20181121 16:34:40 Obtención correcta objetosdb usuario:1 app 1
20181121 16:34:42 Obtención correcta objetosdb usuario:1 app 1
20181121 16:34:44 Obtención correcta objetosdb usuario:1 app 1
20181121 16:34:46 Obtención correcta objetosdb usuario:1 app 1
20181121 16:34:47 Obtención correcta objetosdb usuario:1 app 1
20181121 16:34:49 Obtención correcta objetosdb usuario:1 app 1
20181121 16:34:52 Obtención correcta objetosdb usuario:1 app 1
20181121 16:34:56 Obtención correcta objetosdb usuario:1 app 1
20181121 16:34:59 Obtención correcta objetosdb usuario:1 app 1
20181121 16:39:25 Obtención correcta objetosdb usuario:1 app 1
20181121 16:39:27 Obtención correcta objetosdb usuario:1 app 1
20181121 16:39:30 Obtención correcta objetosdb usuario:1 app 1
20181121 16:39:32 Obtención correcta objetosdb usuario:1 app 1
20181121 16:39:33 Obtención correcta objetosdb usuario:1 app 1
20181121 16:39:35 Obtención correcta objetosdb usuario:1 app 1
20181121 16:39:36 Obtención correcta objetosdb usuario:1 app 1
20181121 16:39:38 Obtención correcta objetosdb usuario:1 app 1
20181121 16:39:43 Obtención correcta objetosdb usuario:1 app 1
20181121 16:39:45 Obtención correcta objetosdb usuario:1 app 1
20181121 16:39:47 Obtención correcta objetosdb usuario:1 app 1
20181121 16:40:06 Obtención correcta objetosdb usuario:1 app 1
20181121 16:40:10 Obtención correcta objetosdb usuario:1 app 1
20181121 16:40:13 Obtención correcta objetosdb usuario:1 app 1
20181121 16:42:21 Obtención correcta areas usuario:1
20181121 16:42:21 Obtención correcta objetosdb usuario:1 app 1
20181121 16:42:25 Obtención correcta aplicaciones usuario:1 area 1
20181121 16:42:26 Obtención correcta objetosdb usuario:1 app 1
20181121 16:42:29 Obtención correcta objetosdb usuario:1 app 1
20181121 16:44:31 Obtención correcta objetosdb usuario:1 app 1
20181121 16:44:34 Obtención correcta objetosdb usuario:1 app 1
20181121 16:44:36 Obtención correcta objetosdb usuario:1 app 1
20181121 16:44:40 Obtención correcta objetosdb usuario:1 app 1
20181121 16:45:58 Obtención correcta objetosdb usuario:1 app 1
20181121 16:46:47 Obtención correcta objetosdb usuario:1 app 1
20181121 16:46:49 Obtención correcta objetosdb usuario:1 app 1
20181121 16:46:56 Obtención correcta objetosdb usuario:1 app 1
20181121 16:48:20 Obtención correcta objetosdb usuario:1 app 1
20181121 16:48:23 Obtención correcta objetosdb usuario:1 app 1
20181121 16:48:24 Obtención correcta objetosdb usuario:1 app 1
20181121 16:48:32 Obtención correcta objetosdb usuario:1 app 1
20181121 16:48:32 Obtención correcta objetosdb usuario:1 app 1
20181121 16:48:36 Obtención correcta objetosdb usuario:1 app 1
20181121 16:53:31 Obtención correcta objetosdb usuario:1 app 1
20181121 16:53:32 Obtención correcta objetosdb usuario:1 app 1
20181121 16:53:35 Obtención correcta objetosdb usuario:1 app 1
20181121 16:53:37 Obtención correcta objetosdb usuario:1 app 1
20181121 16:53:42 Obtención correcta objetosdb usuario:1 app 1
20181121 16:53:43 Obtención correcta objetosdb usuario:1 app 1
20181121 16:53:45 Obtención correcta objetosdb usuario:1 app 1
20181121 16:53:47 Obtención correcta objetosdb usuario:1 app 1
20181121 16:53:50 Obtención correcta objetosdb usuario:1 app 1
20181121 16:53:53 Obtención correcta objetosdb usuario:1 app 1
20181121 16:53:55 Obtención correcta objetosdb usuario:1 app 1
20181121 16:53:56 Obtención correcta objetosdb usuario:1 app 1
20181121 16:53:57 Obtención correcta objetosdb usuario:1 app 1
20181121 16:53:58 Obtención correcta objetosdb usuario:1 app 1
20181121 16:54:01 Obtención correcta objetosdb usuario:1 app 1
20181121 16:54:04 Obtención correcta objetosdb usuario:1 app 1
20181121 16:54:07 Obtención correcta objetosdb usuario:1 app 1
20181121 16:54:08 Obtención correcta objetosdb usuario:1 app 1
20181121 16:55:37 Obtención correcta objetosdb usuario:1 app 1
20181121 16:55:39 Obtención correcta objetosdb usuario:1 app 1
20181121 16:55:41 Obtención correcta objetosdb usuario:1 app 1
20181121 16:55:43 Obtención correcta objetosdb usuario:1 app 1
20181121 16:56:16 Acceso correcto usuario info
20181121 16:56:16 Obtención correcta areas usuario:1
20181121 16:56:16 Avance correcto proceso 0
20181121 16:56:19 Obtención correcta areas usuario:1
20181121 16:56:19 Obtención correcta objetosdb usuario:1 app 1
20181121 16:56:48 Obtención correcta aplicaciones usuario:1 area 1
20181121 16:56:52 Obtención correcta objetosdb usuario:1 app 1
20181121 16:56:55 Dependencias.ActualizaDiagramaIndex and count must refer to a location within the string.
Parameter name: count
20181121 16:56:57 Dependencias.ActualizaDiagramaIndex and count must refer to a location within the string.
Parameter name: count
20181121 16:56:59 Dependencias.ActualizaDiagramaIndex and count must refer to a location within the string.
Parameter name: count
20181121 16:57:00 Dependencias.ActualizaDiagramaIndex and count must refer to a location within the string.
Parameter name: count
20181121 16:57:03 Dependencias.ActualizaDiagramaIndex and count must refer to a location within the string.
Parameter name: count
20181121 16:57:07 Obtención correcta objetosdb usuario:1 app 1
20181121 16:57:10 Obtención correcta objetosdb usuario:1 app 1
20181121 16:57:11 Obtención correcta objetosdb usuario:1 app 1
20181121 16:57:13 Obtención correcta objetosdb usuario:1 app 1
20181121 16:57:13 Obtención correcta objetosdb usuario:1 app 1
20181121 16:57:19 Obtención correcta objetosdb usuario:1 app 2
20181121 16:57:21 Obtención correcta objetosdb usuario:1 app 1
20181121 16:57:24 Dependencias.ActualizaDiagramaIndex and count must refer to a location within the string.
Parameter name: count
20181121 16:57:26 Dependencias.ActualizaDiagramaIndex and count must refer to a location within the string.
Parameter name: count
20181121 16:57:29 Obtención correcta objetosdb usuario:1 app 1
20181121 16:57:33 Obtención correcta objetosdb usuario:1 app 1
20181121 16:57:37 Obtención correcta objetosdb usuario:1 app 1
20181121 16:57:42 Obtención correcta objetosdb usuario:1 app 1
20181121 16:58:44 Obtención correcta objetosdb usuario:1 app 1
20181121 16:58:46 Obtención correcta objetosdb usuario:1 app 1
20181121 16:59:07 Obtención correcta objetosdb usuario:1 app 1
20181121 16:59:11 Obtención correcta objetosdb usuario:1 app 1
20181121 16:59:14 Obtención correcta objetosdb usuario:1 app 1
20181121 16:59:24 Obtención correcta objetosdb usuario:1 app 1
20181121 16:59:27 Obtención correcta objetosdb usuario:1 app 1
20181121 16:59:30 Obtención correcta objetosdb usuario:1 app 1
20181121 16:59:36 Obtención correcta objetosdb usuario:1 app 1
20181121 16:59:46 Obtención correcta objetosdb usuario:1 app 1
20181121 16:59:54 Obtención correcta objetosdb usuario:1 app 1
20181121 16:59:59 Obtención correcta objetosdb usuario:1 app 1
20181121 17:00:16 Obtención correcta objetosdb usuario:1 app 1
20181121 17:00:21 Obtención correcta objetosdb usuario:1 app 1
20181121 17:00:25 Obtención correcta objetosdb usuario:1 app 1
20181121 17:00:28 Obtención correcta objetosdb usuario:1 app 1
20181121 17:00:30 Obtención correcta objetosdb usuario:1 app 1
20181121 17:01:22 Obtención correcta objetosdb usuario:1 app 1
20181121 17:01:42 Obtención correcta objetosdb usuario:1 app 1
20181121 17:03:39 Obtención correcta objetosdb usuario:1 app 1
20181121 17:03:44 Obtención correcta objetosdb usuario:1 app 1
20181121 17:03:54 Obtención correcta objetosdb usuario:1 app 1
20181121 17:04:02 Obtención correcta objetosdb usuario:1 app 1
20181121 17:20:08 Obtención correcta objetosdb usuario:1 app 1
20181121 17:20:12 Obtención correcta objetosdb usuario:1 app 1
20181121 17:20:14 Obtención correcta objetosdb usuario:1 app 1
20181121 17:20:17 Obtención correcta objetosdb usuario:1 app 1
20181121 17:20:18 Obtención correcta objetosdb usuario:1 app 1
20181121 17:20:48 Obtención correcta objetosdb usuario:1 app 1
20181121 17:21:34 Obtención correcta objetosdb usuario:1 app 1
20181121 17:21:38 Obtención correcta objetosdb usuario:1 app 1
20181121 17:21:41 Obtención correcta objetosdb usuario:1 app 1
20181121 17:21:43 Obtención correcta objetosdb usuario:1 app 1
20181121 17:24:53 Acceso correcto usuario info
20181121 17:24:53 Obtención correcta areas usuario:1
20181121 17:24:53 Avance correcto proceso 0
20181121 17:27:16 Obtención correcta areas usuario:1
20181121 17:27:16 Obtención correcta objetosdb usuario:1 app 1
20181121 17:27:42 Obtención correcta aplicaciones usuario:1 area 1
20181121 17:27:44 Obtención correcta objetosdb usuario:1 app 1
20181121 17:27:47 Obtención correcta objetosdb usuario:1 app 1
20181121 17:27:50 Obtención correcta objetosdb usuario:1 app 1
20181121 17:27:52 Obtención correcta objetosdb usuario:1 app 1
20181121 17:27:54 Obtención correcta objetosdb usuario:1 app 1
20181121 17:27:56 Obtención correcta objetosdb usuario:1 app 1
20181121 17:28:00 Obtención correcta objetosdb usuario:1 app 1
20181121 17:28:03 Obtención correcta objetosdb usuario:1 app 1
20181121 17:28:06 Obtención correcta objetosdb usuario:1 app 1
20181121 17:31:48 Acceso correcto usuario info
20181121 17:31:48 Obtención correcta areas usuario:1
20181121 17:31:48 Avance correcto proceso 0
20181121 17:31:51 Obtención correcta areas usuario:1
20181121 17:31:51 Obtención correcta objetosdb usuario:1 app 1
20181121 17:32:22 Acceso correcto usuario info
20181121 17:32:22 Obtención correcta areas usuario:1
20181121 17:32:22 Avance correcto proceso 0
20181121 17:32:26 Obtención correcta areas usuario:1
20181121 17:32:26 Obtención correcta objetosdb usuario:1 app 1
20181121 17:32:33 Obtención correcta aplicaciones usuario:1 area 1
20181121 17:32:34 Obtención correcta objetosdb usuario:1 app 1
20181121 17:32:38 Obtención correcta objetosdb usuario:1 app 1
20181121 17:32:41 Obtención correcta objetosdb usuario:1 app 1
20181121 17:32:43 Obtención correcta objetosdb usuario:1 app 1
20181121 17:33:12 Acceso incorrecto usuario info
20181121 17:33:22 Acceso correcto usuario info
20181121 17:33:22 Obtención correcta areas usuario:1
20181121 17:33:22 Avance correcto proceso 0
20181121 17:33:26 Obtención correcta areas usuario:1
20181121 17:33:26 Obtención correcta objetosdb usuario:1 app 1
20181121 17:33:31 Obtención correcta aplicaciones usuario:1 area 1
20181121 17:33:33 Obtención correcta objetosdb usuario:1 app 1
20181121 17:33:39 Obtención correcta objetosdb usuario:1 app 1
20181121 17:33:42 Obtención correcta objetosdb usuario:1 app 1
20181121 17:33:45 Obtención correcta objetosdb usuario:1 app 1
20181121 17:33:47 Obtención correcta objetosdb usuario:1 app 1
20181121 17:33:48 Obtención correcta objetosdb usuario:1 app 1
20181121 17:33:50 Obtención correcta objetosdb usuario:1 app 1
20181121 17:33:51 Obtención correcta objetosdb usuario:1 app 1
20181121 17:33:53 Obtención correcta objetosdb usuario:1 app 1
20181121 17:33:54 Obtención correcta objetosdb usuario:1 app 1
20181121 17:33:57 Obtención correcta objetosdb usuario:1 app 1
20181121 17:34:10 Obtención correcta objetosdb usuario:1 app 1
20181121 17:34:13 Obtención correcta objetosdb usuario:1 app 1
20181121 17:34:16 Obtención correcta objetosdb usuario:1 app 1
20181121 17:34:25 Obtención correcta objetosdb usuario:1 app 1
20181121 17:34:28 Obtención correcta objetosdb usuario:1 app 1
20181121 17:34:31 Obtención correcta objetosdb usuario:1 app 1
20181121 17:34:46 Obtención correcta objetosdb usuario:1 app 1
20181121 17:34:49 Obtención correcta objetosdb usuario:1 app 1
20181121 17:35:36 Obtención correcta objetosdb usuario:1 app 1
20181121 17:35:40 Obtención correcta objetosdb usuario:1 app 1
20181121 17:35:43 Obtención correcta objetosdb usuario:1 app 1
20181121 17:36:12 Obtención correcta objetosdb usuario:1 app 1
20181121 17:36:14 Obtención correcta objetosdb usuario:1 app 1
20181121 17:36:16 Obtención correcta objetosdb usuario:1 app 1
20181121 17:36:42 Obtención correcta objetosdb usuario:1 app 1
20181121 17:36:44 Obtención correcta objetosdb usuario:1 app 1
20181121 17:36:46 Obtención correcta objetosdb usuario:1 app 1
20181121 17:37:12 Obtención correcta objetosdb usuario:1 app 1
20181121 17:37:49 Obtención correcta objetosdb usuario:1 app 1
20181121 17:37:52 Obtención correcta objetosdb usuario:1 app 1
20181121 17:37:54 Obtención correcta objetosdb usuario:1 app 1
20181121 17:38:03 Obtención correcta objetosdb usuario:1 app 1
20181121 17:38:05 Obtención correcta objetosdb usuario:1 app 1
20181121 17:38:08 Obtención correcta objetosdb usuario:1 app 1
20181121 17:39:28 Obtención correcta objetosdb usuario:1 app 1
20181121 17:39:33 Obtención correcta objetosdb usuario:1 app 1
20181121 17:39:55 Obtención correcta objetosdb usuario:1 app 1
20181121 17:39:58 Obtención correcta objetosdb usuario:1 app 1
20181121 17:40:01 Obtención correcta objetosdb usuario:1 app 1
20181121 17:40:03 Obtención correcta objetosdb usuario:1 app 1
20181121 17:41:27 Acceso correcto usuario info
20181121 17:41:27 Obtención correcta areas usuario:1
20181121 17:41:27 Avance correcto proceso 0
20181121 17:41:32 Obtención correcta areas usuario:1
20181121 17:41:32 Obtención correcta objetosdb usuario:1 app 1
20181121 17:41:35 Obtención correcta aplicaciones usuario:1 area 1
20181121 17:41:37 Obtención correcta objetosdb usuario:1 app 1
20181121 17:43:49 Obtención correcta objetosdb usuario:1 app 1
20181121 17:43:52 Obtención correcta objetosdb usuario:1 app 1
20181121 17:43:54 Obtención correcta objetosdb usuario:1 app 1
20181121 17:44:10 Obtención correcta objetosdb usuario:1 app 1
20181121 17:44:28 Obtención correcta objetosdb usuario:1 app 1
20181121 17:44:29 Obtención correcta objetosdb usuario:1 app 1
20181121 17:44:32 Obtención correcta objetosdb usuario:1 app 1
20181121 17:44:35 Obtención correcta objetosdb usuario:1 app 1
20181121 17:44:37 Obtención correcta objetosdb usuario:1 app 1
20181121 17:44:38 Obtención correcta objetosdb usuario:1 app 1
20181121 17:44:40 Obtención correcta objetosdb usuario:1 app 1
20181121 17:44:41 Obtención correcta objetosdb usuario:1 app 1
20181121 17:44:43 Obtención correcta objetosdb usuario:1 app 1
20181121 17:44:45 Obtención correcta objetosdb usuario:1 app 1
20181121 17:44:50 Obtención correcta objetosdb usuario:1 app 1
20181121 17:44:53 Obtención correcta objetosdb usuario:1 app 1
20181121 17:45:01 Obtención correcta objetosdb usuario:1 app 1
20181121 17:45:05 Obtención correcta objetosdb usuario:1 app 1
20181121 17:45:07 Obtención correcta objetosdb usuario:1 app 1
20181121 17:45:09 Obtención correcta objetosdb usuario:1 app 1
20181121 17:46:05 Obtención correcta objetosdb usuario:1 app 1
20181121 17:46:54 Obtención correcta objetosdb usuario:1 app 1
20181121 17:47:55 Obtención correcta objetosdb usuario:1 app 1
20181121 17:47:57 Obtención correcta objetosdb usuario:1 app 1
20181121 17:48:03 Dependencias.ActualizaDiagramaInput string was not in a correct format.
20181121 17:48:41 Obtención correcta objetosdb usuario:1 app 1
20181121 17:48:43 Obtención correcta objetosdb usuario:1 app 1
20181121 17:48:46 Obtención correcta objetosdb usuario:1 app 1
20181121 17:50:03 Obtención correcta objetosdb usuario:1 app 1
20181121 17:50:06 Obtención correcta objetosdb usuario:1 app 1
20181121 17:50:13 Obtención correcta objetosdb usuario:1 app 1
20181121 17:53:15 Obtención correcta areas usuario:1
20181121 17:53:15 Obtención correcta objetosdb usuario:1 app 1
20181121 17:53:20 Obtención correcta aplicaciones usuario:1 area 1
20181121 17:53:21 Obtención correcta objetosdb usuario:1 app 1
20181121 17:53:24 Obtención incorrecta aplicaciones usuario:1 app 1
20181121 17:53:26 Obtención incorrecta aplicaciones usuario:1 app 1
20181121 17:53:27 Obtención correcta objetosdb usuario:1 app 1
20181121 17:53:29 Obtención incorrecta aplicaciones usuario:1 app 1
20181121 17:53:31 Obtención correcta objetosdb usuario:1 app 1
20181121 17:53:33 Obtención correcta objetosdb usuario:1 app 1
20181121 17:53:34 Obtención correcta objetosdb usuario:1 app 1
20181121 17:53:37 Obtención correcta objetosdb usuario:1 app 1
20181121 17:53:39 Obtención correcta objetosdb usuario:1 app 1
20181121 17:53:40 Obtención correcta objetosdb usuario:1 app 1
20181121 17:53:42 Obtención correcta objetosdb usuario:1 app 1
20181121 17:53:44 Obtención correcta objetosdb usuario:1 app 1
20181121 17:53:46 Obtención incorrecta aplicaciones usuario:1 app 1
20181121 17:54:07 Obtención correcta objetosdb usuario:1 app 1
20181121 17:54:09 Obtención correcta objetosdb usuario:1 app 1
20181121 17:54:12 Obtención correcta objetosdb usuario:1 app 1
20181121 17:54:15 Obtención incorrecta aplicaciones usuario:1 app 1
20181121 17:57:08 Obtención incorrecta aplicaciones usuario:1 app 1
20181121 17:58:25 Acceso correcto usuario info
20181121 17:58:25 Obtención correcta areas usuario:1
20181121 17:58:25 Avance correcto proceso 0
20181121 17:58:30 Obtención correcta areas usuario:1
20181121 17:58:30 Obtención correcta objetosdb usuario:1 app 1
20181121 17:58:34 Obtención correcta aplicaciones usuario:1 area 1
20181121 17:58:36 Obtención correcta objetosdb usuario:1 app 1
20181121 17:58:37 Obtención correcta objetosdb usuario:1 app 1
20181121 17:58:40 Obtención correcta objetosdb usuario:1 app 1
20181121 17:58:46 Obtención correcta objetosdb usuario:1 app 1
20181121 17:58:47 Obtención correcta objetosdb usuario:1 app 1
20181121 17:58:52 Obtención correcta objetosdb usuario:1 app 1
20181121 17:58:53 Obtención correcta objetosdb usuario:1 app 1
20181121 17:58:55 Obtención correcta objetosdb usuario:1 app 1
20181121 17:58:56 Obtención correcta objetosdb usuario:1 app 1
20181121 17:58:58 Obtención correcta objetosdb usuario:1 app 1
20181121 17:59:11 Obtención incorrecta aplicaciones usuario:1 app 1
20181121 17:59:13 Obtención correcta objetosdb usuario:1 app 1
20181121 17:59:14 Obtención correcta objetosdb usuario:1 app 1
20181121 17:59:15 Obtención correcta objetosdb usuario:1 app 1
20181121 17:59:35 Obtención correcta objetosdb usuario:1 app 1
20181121 17:59:47 Obtención correcta objetosdb usuario:1 app 1
20181121 17:59:50 Obtención correcta objetosdb usuario:1 app 1
20181121 17:59:53 Obtención correcta objetosdb usuario:1 app 1
20181121 17:59:55 Obtención correcta objetosdb usuario:1 app 1
20181121 17:59:57 Obtención correcta objetosdb usuario:1 app 1
20181121 19:33:01 Acceso correcto usuario info
20181121 19:33:01 Obtención correcta areas usuario:1
20181121 19:33:01 Avance correcto proceso 0
20181121 19:33:04 Obtención correcta areas usuario:1
20181121 19:33:04 Obtención correcta objetosdb usuario:1 app 1
20181121 19:33:07 Obtención correcta aplicaciones usuario:1 area 1
20181121 19:33:09 Obtención correcta objetosdb usuario:1 app 1
20181121 19:33:12 Obtención correcta objetosdb usuario:1 app 1
20181121 19:33:15 Obtención correcta objetosdb usuario:1 app 1
20181121 19:33:17 Obtención correcta objetosdb usuario:1 app 1
20181121 19:33:19 Obtención correcta objetosdb usuario:1 app 1
20181121 19:33:21 Obtención correcta objetosdb usuario:1 app 1
20181121 19:33:24 Obtención correcta objetosdb usuario:1 app 1
20181121 19:33:25 Obtención correcta objetosdb usuario:1 app 1
20181121 19:33:29 Obtención correcta objetosdb usuario:1 app 1
20181121 19:33:31 Obtención correcta objetosdb usuario:1 app 1
20181121 19:33:33 Obtención correcta objetosdb usuario:1 app 1
20181121 19:33:35 Obtención correcta objetosdb usuario:1 app 1
20181121 19:33:38 Obtención correcta objetosdb usuario:1 app 1
20181121 19:33:43 Obtención correcta objetosdb usuario:1 app 1
20181121 19:33:47 Obtención correcta objetosdb usuario:1 app 1
20181121 19:33:50 Obtención correcta objetosdb usuario:1 app 1
20181121 19:33:52 Obtención correcta objetosdb usuario:1 app 1
20181121 19:34:06 Obtención correcta objetosdb usuario:1 app 1
20181121 19:34:15 Obtención correcta objetosdb usuario:1 app 1
20181121 19:34:17 Obtención correcta objetosdb usuario:1 app 1
20181121 19:34:18 Obtención correcta objetosdb usuario:1 app 1
20181121 19:34:21 Obtención correcta objetosdb usuario:1 app 1
20181121 19:34:23 Obtención correcta objetosdb usuario:1 app 1
20181121 19:34:24 Obtención correcta objetosdb usuario:1 app 1
20181121 19:35:00 Obtención correcta objetosdb usuario:1 app 1
20181121 19:35:02 Obtención correcta objetosdb usuario:1 app 1
20181121 19:35:04 Obtención correcta objetosdb usuario:1 app 1
20181121 19:35:05 Obtención correcta objetosdb usuario:1 app 1
20181121 19:35:07 Obtención correcta objetosdb usuario:1 app 1
20181121 19:35:09 Obtención correcta objetosdb usuario:1 app 1
20181121 19:35:16 Obtención correcta objetosdb usuario:1 app 1
20181121 19:35:18 Obtención correcta objetosdb usuario:1 app 1
20181121 19:48:30 Acceso correcto usuario info
20181121 19:48:30 Obtención correcta areas usuario:1
20181121 19:48:30 Avance correcto proceso 0
20181121 19:48:34 Obtención correcta areas usuario:1
20181121 19:48:34 Obtención correcta objetosdb usuario:1 app 1
20181121 19:48:54 Obtención correcta aplicaciones usuario:1 area 1
20181121 19:48:56 Obtención correcta objetosdb usuario:1 app 1
20181121 19:49:06 Obtención correcta objetosdb usuario:1 app 1
20181121 19:49:11 Obtención correcta objetosdb usuario:1 app 1
20181121 19:49:12 Obtención correcta objetosdb usuario:1 app 1
20181121 19:49:21 Obtención correcta objetosdb usuario:1 app 1
20181121 19:49:22 Obtención correcta objetosdb usuario:1 app 1
20181121 19:49:24 Obtención correcta objetosdb usuario:1 app 1
20181121 19:49:25 Obtención correcta objetosdb usuario:1 app 1
20181121 19:51:22 Acceso correcto usuario info
20181121 19:51:22 Obtención correcta areas usuario:1
20181121 19:51:23 Avance correcto proceso 0
20181121 19:51:25 Obtención correcta areas usuario:1
20181121 19:51:25 Obtención correcta objetosdb usuario:1 app 1
20181121 19:51:31 Obtención correcta aplicaciones usuario:1 area 1
20181121 19:51:33 Obtención correcta objetosdb usuario:1 app 1
20181121 19:51:35 Obtención correcta objetosdb usuario:1 app 1
20181121 19:51:36 Obtención correcta objetosdb usuario:1 app 1
20181121 19:51:38 Obtención correcta objetosdb usuario:1 app 1
20181121 19:51:39 Obtención correcta objetosdb usuario:1 app 1
20181121 19:51:40 Obtención correcta objetosdb usuario:1 app 1
20181121 19:52:33 Obtención correcta objetosdb usuario:1 app 1
20181121 19:52:34 Obtención correcta objetosdb usuario:1 app 1
20181121 19:52:34 Obtención correcta objetosdb usuario:1 app 1
20181121 19:52:36 Obtención correcta objetosdb usuario:1 app 1
20181121 19:52:36 Obtención correcta objetosdb usuario:1 app 1
20181121 19:52:39 Obtención correcta objetosdb usuario:1 app 1
20181121 19:52:41 Obtención correcta objetosdb usuario:1 app 1
20181121 19:52:43 Obtención correcta objetosdb usuario:1 app 1
20181121 19:52:44 Obtención correcta objetosdb usuario:1 app 1
20181121 19:52:46 Obtención correcta objetosdb usuario:1 app 1
20181121 19:52:47 Obtención correcta objetosdb usuario:1 app 1
20181121 19:52:48 Obtención correcta objetosdb usuario:1 app 1
20181121 19:52:49 Obtención correcta objetosdb usuario:1 app 1
20181121 19:52:50 Obtención correcta objetosdb usuario:1 app 1
20181121 19:52:52 Obtención correcta objetosdb usuario:1 app 1
20181121 19:52:53 Obtención correcta objetosdb usuario:1 app 1
20181121 19:52:56 Obtención incorrecta aplicaciones usuario:1 app 1
20181121 19:52:58 Obtención correcta objetosdb usuario:1 app 1
20181121 19:52:59 Obtención correcta objetosdb usuario:1 app 1
20181121 19:52:59 Obtención correcta objetosdb usuario:1 app 1
20181121 19:53:01 Obtención correcta objetosdb usuario:1 app 1
20181121 19:53:02 Obtención correcta objetosdb usuario:1 app 1
20181121 19:53:28 Obtención correcta objetosdb usuario:1 app 1
20181121 19:53:29 Obtención correcta objetosdb usuario:1 app 1
20181121 19:53:30 Obtención correcta objetosdb usuario:1 app 1
20181121 19:53:31 Obtención correcta objetosdb usuario:1 app 1
20181121 19:53:32 Obtención correcta objetosdb usuario:1 app 1
20181121 19:53:38 Obtención correcta objetosdb usuario:1 app 1
20181121 19:53:43 Obtención correcta objetosdb usuario:1 app 1
20181121 19:53:44 Obtención correcta objetosdb usuario:1 app 1
20181121 19:53:46 Obtención correcta objetosdb usuario:1 app 1
20181121 19:53:48 Obtención correcta objetosdb usuario:1 app 1
20181121 19:53:49 Obtención correcta objetosdb usuario:1 app 1
20181121 19:53:52 Obtención correcta objetosdb usuario:1 app 1
20181121 19:53:53 Obtención correcta objetosdb usuario:1 app 1
20181121 19:53:54 Obtención correcta objetosdb usuario:1 app 1
20181121 19:53:55 Obtención correcta objetosdb usuario:1 app 1
20181121 19:53:56 Obtención correcta objetosdb usuario:1 app 1
20181121 19:56:32 Obtención correcta objetosdb usuario:1 app 1
20181121 19:56:34 Obtención correcta objetosdb usuario:1 app 1
20181121 19:56:35 Obtención correcta objetosdb usuario:1 app 1
20181121 19:56:36 Obtención correcta objetosdb usuario:1 app 1
20181121 19:56:37 Obtención correcta objetosdb usuario:1 app 1
20181121 19:56:38 Obtención correcta objetosdb usuario:1 app 1
20181121 19:56:41 Obtención correcta objetosdb usuario:1 app 1
20181121 20:17:15 Obtención correcta areas usuario:1
20181121 20:17:15 Obtención correcta objetosdb usuario:1 app 1
20181121 20:17:21 Obtención correcta aplicaciones usuario:1 area 1
20181121 20:17:24 Obtención correcta objetosdb usuario:1 app 1
20181121 20:17:25 Obtención correcta objetosdb usuario:1 app 1
20181121 20:17:26 Obtención correcta objetosdb usuario:1 app 1
20181121 20:17:28 Obtención correcta objetosdb usuario:1 app 1
20181121 20:17:30 Obtención correcta objetosdb usuario:1 app 1
20181121 20:17:31 Obtención correcta objetosdb usuario:1 app 1
20181121 20:17:33 Obtención correcta objetosdb usuario:1 app 1
20181121 20:17:35 Obtención correcta objetosdb usuario:1 app 1
20181121 20:17:37 Obtención correcta objetosdb usuario:1 app 1
20181121 20:17:38 Obtención correcta objetosdb usuario:1 app 1
20181121 20:17:39 Obtención correcta objetosdb usuario:1 app 1
20181121 20:17:41 Obtención correcta objetosdb usuario:1 app 1
20181121 20:17:42 Obtención correcta objetosdb usuario:1 app 1
20181121 20:17:43 Obtención correcta objetosdb usuario:1 app 1
20181121 20:17:45 Obtención correcta objetosdb usuario:1 app 1
20181121 20:17:46 Obtención correcta objetosdb usuario:1 app 1
20181121 20:17:47 Obtención correcta objetosdb usuario:1 app 1
20181121 20:17:49 Obtención correcta objetosdb usuario:1 app 1
20181121 20:17:51 Obtención correcta objetosdb usuario:1 app 1
20181121 20:17:55 Obtención correcta objetosdb usuario:1 app 1
20181121 20:17:57 Obtención correcta objetosdb usuario:1 app 1
20181121 20:17:58 Obtención correcta objetosdb usuario:1 app 1
20181121 20:18:00 Obtención correcta objetosdb usuario:1 app 1
20181121 20:18:02 Obtención correcta objetosdb usuario:1 app 1
20181121 20:18:03 Obtención correcta objetosdb usuario:1 app 1
20181121 20:18:05 Obtención correcta objetosdb usuario:1 app 1
20181121 20:25:35 Acceso correcto usuario info
20181121 20:25:35 Obtención correcta areas usuario:1
20181121 20:25:35 Avance correcto proceso 0
20181121 20:25:38 Obtención correcta areas usuario:1
20181121 20:25:38 Obtención correcta objetosdb usuario:1 app 1
20181121 20:26:16 Obtención correcta areas usuario:1
20181121 20:26:17 Obtención correcta objetosdb usuario:1 app 1
20181121 20:35:02 Acceso correcto usuario info
20181121 20:35:02 Obtención correcta areas usuario:1
20181121 20:35:02 Avance correcto proceso 0
20181121 20:35:05 Obtención correcta areas usuario:1
20181121 20:35:05 Obtención correcta objetosdb usuario:1 app 1
20181121 20:35:22 Obtención correcta objetosdb usuario:1 app 1
20181121 20:35:29 Obtención correcta objetosdb usuario:1 app 1
20181121 20:35:41 Obtención correcta objetosdb usuario:1 app 1
20181121 20:35:42 Obtención correcta objetosdb usuario:1 app 1
20181121 20:35:44 Obtención correcta objetosdb usuario:1 app 1
20181121 20:35:49 Obtención correcta objetosdb usuario:1 app 1
20181121 20:35:53 Obtención correcta objetosdb usuario:1 app 1
20181121 20:35:56 Obtención correcta objetosdb usuario:1 app 1
20181121 20:38:56 Obtención correcta objetosdb usuario:1 app 1
20181121 20:39:00 Obtención correcta objetosdb usuario:1 app 1
20181121 20:39:02 Obtención correcta objetosdb usuario:1 app 1
20181121 20:39:12 Obtención correcta objetosdb usuario:1 app 1
20181121 20:39:25 Obtención correcta objetosdb usuario:1 app 1
20181121 20:39:29 Obtención correcta objetosdb usuario:1 app 1
20181121 20:39:38 Obtención correcta objetosdb usuario:1 app 1
20181121 20:39:46 Obtención correcta objetosdb usuario:1 app 1
20181121 20:39:49 Obtención correcta objetosdb usuario:1 app 1
20181121 20:39:55 Obtención correcta objetosdb usuario:1 app 1
20181121 20:40:08 Obtención incorrecta aplicaciones usuario:1 app 0
20181121 20:40:11 Obtención correcta objetosdb usuario:1 app 0
20181121 20:40:16 Obtención correcta objetosdb usuario:1 app 0
20181121 20:41:01 Obtención incorrecta aplicaciones usuario:1 app 0
20181121 20:41:06 Obtención correcta objetosdb usuario:1 app 1
20181121 20:41:07 Obtención correcta objetosdb usuario:1 app 1
20181121 20:41:08 Obtención correcta objetosdb usuario:1 app 1
20181121 20:41:09 Obtención correcta objetosdb usuario:1 app 1
20181121 20:41:10 Obtención correcta objetosdb usuario:1 app 1
20181121 20:41:11 Obtención correcta objetosdb usuario:1 app 1
20181121 20:41:11 Obtención correcta objetosdb usuario:1 app 1
20181121 20:41:12 Obtención correcta objetosdb usuario:1 app 1
20181121 20:41:13 Obtención correcta objetosdb usuario:1 app 1
20181121 20:41:14 Obtención correcta objetosdb usuario:1 app 1
20181121 20:41:15 Obtención correcta objetosdb usuario:1 app 1
20181121 20:41:17 Obtención correcta objetosdb usuario:1 app 1
20181121 20:41:18 Obtención correcta objetosdb usuario:1 app 1
20181121 20:41:18 Obtención correcta objetosdb usuario:1 app 1
20181121 20:41:41 Obtención correcta objetosdb usuario:1 app 1
20181121 20:41:43 Obtención correcta objetosdb usuario:1 app 0
20181121 20:41:45 Obtención correcta objetosdb usuario:1 app 0
20181121 20:42:42 Obtención correcta objetosdb usuario:1 app 1
20181121 20:42:46 Obtención correcta objetosdb usuario:1 app 1
20181121 20:42:48 Obtención correcta objetosdb usuario:1 app 1
20181121 20:42:50 Obtención correcta objetosdb usuario:1 app 1
20181121 20:42:52 Obtención correcta objetosdb usuario:1 app 1
20181121 20:42:54 Obtención correcta objetosdb usuario:1 app 1
20181121 20:42:56 Obtención correcta objetosdb usuario:1 app 1
20181121 20:42:58 Obtención correcta objetosdb usuario:1 app 1
20181121 20:43:01 Obtención correcta objetosdb usuario:1 app 1
20181121 20:43:21 Obtención incorrecta aplicaciones usuario:1 app 0
20181121 20:43:27 Obtención correcta objetosdb usuario:1 app 1
20181121 20:43:45 Dependencias.ActualizaDiagramaInput string was not in a correct format.
20181121 20:43:47 Dependencias.ActualizaDiagramaInput string was not in a correct format.
20181121 20:43:48 Dependencias.ActualizaDiagramaInput string was not in a correct format.
20181121 20:43:49 Dependencias.ActualizaDiagramaInput string was not in a correct format.
20181121 20:44:07 Dependencias.ActualizaDiagramaInput string was not in a correct format.
20181121 20:44:14 Dependencias.ActualizaDiagramaInput string was not in a correct format.
20181121 20:44:17 Dependencias.ActualizaDiagramaInput string was not in a correct format.
20181121 20:44:21 Dependencias.ActualizaDiagramaInput string was not in a correct format.
20181121 20:44:26 Dependencias.ActualizaDiagramaInput string was not in a correct format.
20181121 20:44:29 Dependencias.ActualizaDiagramaInput string was not in a correct format.
20181121 20:44:31 Dependencias.ActualizaDiagramaInput string was not in a correct format.
20181121 20:44:40 Dependencias.ActualizaDiagramaInput string was not in a correct format.
20181121 20:45:58 Obtención correcta objetosdb usuario:1 app 0
20181121 21:15:23 Obtención correcta objetosdb usuario:1 app 1
20181121 21:33:18 Obtención correcta objetosdb usuario:1 app 0
20181121 21:33:20 Obtención correcta objetosdb usuario:1 app 0
20181121 21:33:23 Obtención correcta objetosdb usuario:1 app 0
20181121 21:33:24 Obtención correcta objetosdb usuario:1 app 0
20181121 21:33:26 Obtención correcta objetosdb usuario:1 app 0
20181121 21:33:26 Obtención correcta objetosdb usuario:1 app 0
20181121 21:33:28 Obtención correcta objetosdb usuario:1 app 0
20181121 23:12:05 Acceso correcto usuario info
20181121 23:12:05 Obtención correcta areas usuario:1
20181121 23:12:05 Avance correcto proceso 0
20181121 23:12:10 Obtención correcta areas usuario:1
20181121 23:12:10 Obtención correcta objetosdb usuario:1 app 1
20181121 23:12:14 Obtención correcta aplicaciones usuario:1 area 1
20181121 23:12:15 Obtención correcta objetosdb usuario:1 app 1
20181121 23:12:18 Obtención correcta objetosdb usuario:1 app 1
20181121 23:12:19 Obtención correcta objetosdb usuario:1 app 1
20181121 23:12:20 Obtención correcta objetosdb usuario:1 app 1
20181121 23:12:21 Obtención correcta objetosdb usuario:1 app 1
20181121 23:12:22 Obtención correcta objetosdb usuario:1 app 1
20181121 23:12:23 Obtención correcta objetosdb usuario:1 app 1
20181121 23:12:24 Obtención correcta objetosdb usuario:1 app 1
20181121 23:12:25 Obtención correcta objetosdb usuario:1 app 1
20181121 23:12:27 Obtención correcta objetosdb usuario:1 app 1
20181121 23:12:28 Obtención correcta objetosdb usuario:1 app 1
20181121 23:12:29 Obtención correcta objetosdb usuario:1 app 1
20181121 23:12:30 Obtención correcta objetosdb usuario:1 app 1
20181121 23:12:31 Obtención correcta objetosdb usuario:1 app 1
20181121 23:12:33 Obtención correcta objetosdb usuario:1 app 1
20181121 23:12:38 Obtención correcta objetosdb usuario:1 app 1
20181121 23:12:45 Obtención correcta objetosdb usuario:1 app 1
20181121 23:14:33 Obtención correcta objetosdb usuario:1 app 1
20181121 23:14:39 Obtención correcta objetosdb usuario:1 app 1
20181121 23:14:42 Obtención correcta objetosdb usuario:1 app 1
20181121 23:14:44 Obtención correcta objetosdb usuario:1 app 1
20181121 23:14:46 Obtención correcta objetosdb usuario:1 app 1
20181121 23:14:47 Obtención correcta objetosdb usuario:1 app 1
20181121 23:14:50 Obtención correcta objetosdb usuario:1 app 1
20181121 23:17:04 Obtención correcta objetosdb usuario:1 app 1
20181121 23:17:05 Obtención correcta objetosdb usuario:1 app 1
20181121 23:17:06 Obtención correcta objetosdb usuario:1 app 1
20181121 23:17:07 Obtención correcta objetosdb usuario:1 app 1
20181121 23:17:08 Obtención correcta objetosdb usuario:1 app 1
20181121 23:17:08 Obtención correcta objetosdb usuario:1 app 1
20181121 23:17:09 Obtención correcta objetosdb usuario:1 app 1
20181121 23:17:10 Obtención correcta objetosdb usuario:1 app 1
20181121 23:17:11 Obtención correcta objetosdb usuario:1 app 1
20181121 23:17:12 Obtención correcta objetosdb usuario:1 app 1
20181121 23:17:13 Obtención correcta objetosdb usuario:1 app 1
20181121 23:17:15 Obtención correcta objetosdb usuario:1 app 1
20181121 23:18:19 Obtención correcta objetosdb usuario:1 app 1
20181121 23:18:29 Obtención correcta objetosdb usuario:1 app 1
20181121 23:18:36 Obtención correcta objetosdb usuario:1 app 1
20181121 23:18:37 Obtención correcta objetosdb usuario:1 app 1
20181121 23:18:38 Obtención correcta objetosdb usuario:1 app 1
20181121 23:18:40 Obtención correcta objetosdb usuario:1 app 1
20181121 23:18:56 Obtención correcta objetosdb usuario:1 app 1
20181121 23:18:58 Obtención correcta objetosdb usuario:1 app 1
20181121 23:19:17 Obtención correcta objetosdb usuario:1 app 1
20181121 23:19:20 Obtención correcta objetosdb usuario:1 app 1
20181121 23:25:31 Acceso correcto usuario info
20181121 23:25:31 Obtención correcta areas usuario:1
20181121 23:25:31 Avance correcto proceso 0
20181121 23:25:38 Obtención correcta areas usuario:1
20181121 23:25:38 Obtención correcta objetosdb usuario:1 app 1
20181121 23:25:46 Obtención correcta aplicaciones usuario:1 area 1
20181121 23:25:48 Obtención correcta objetosdb usuario:1 app 1
20181121 23:26:20 Acceso correcto usuario info
20181121 23:26:20 Obtención correcta areas usuario:1
20181121 23:26:20 Avance correcto proceso 0
20181121 23:26:23 Obtención correcta areas usuario:1
20181121 23:26:23 Obtención correcta objetosdb usuario:1 app 1
20181121 23:26:32 Obtención correcta aplicaciones usuario:1 area 1
20181121 23:26:33 Obtención correcta objetosdb usuario:1 app 1
20181121 23:27:44 Dependencias.ActualizaDiagramaInput string was not in a correct format.
20181121 23:30:01 Acceso correcto usuario info
20181121 23:30:01 Obtención correcta areas usuario:1
20181121 23:30:01 Avance correcto proceso 0
20181121 23:30:03 Obtención correcta areas usuario:1
20181121 23:30:04 Obtención correcta objetosdb usuario:1 app 1
20181121 23:30:10 Obtención correcta aplicaciones usuario:1 area 1
20181121 23:30:12 Obtención correcta objetosdb usuario:1 app 1
20181121 23:30:16 Obtención correcta objetosdb usuario:1 app 1
20181121 23:30:38 Obtención correcta objetosdb usuario:1 app 1
20181121 23:30:46 Obtención correcta objetosdb usuario:1 app 1
20181121 23:31:16 Obtención correcta objetosdb usuario:1 app 1
20181121 23:31:18 Obtención correcta objetosdb usuario:1 app 1
20181121 23:31:22 Obtención correcta objetosdb usuario:1 app 1
20181121 23:31:23 Obtención correcta objetosdb usuario:1 app 1
20181121 23:31:24 Obtención correcta objetosdb usuario:1 app 1
20181121 23:31:26 Obtención correcta objetosdb usuario:1 app 1
20181121 23:31:28 Obtención correcta objetosdb usuario:1 app 1
20181121 23:31:30 Obtención correcta objetosdb usuario:1 app 1
20181121 23:31:32 Obtención correcta objetosdb usuario:1 app 1
20181121 23:31:34 Obtención correcta objetosdb usuario:1 app 1
20181121 23:31:52 Dependencias.ActualizaDiagramaInput string was not in a correct format.
20181121 23:32:02 Dependencias.ActualizaDiagramaInput string was not in a correct format.
20181121 23:32:03 Obtención correcta objetosdb usuario:1 app 1
20181121 23:32:06 Obtención correcta aplicaciones usuario:1 area 0
20181121 23:32:08 Obtención correcta aplicaciones usuario:1 area 1
20181121 23:32:10 Obtención correcta objetosdb usuario:1 app 1
20181121 23:32:14 Obtención correcta objetosdb usuario:1 app 1
20181121 23:32:23 Dependencias.ActualizaDiagramaInput string was not in a correct format.
20181121 23:32:25 Dependencias.ActualizaDiagramaInput string was not in a correct format.
20181121 23:32:32 Obtención correcta areas usuario:1
20181121 23:32:32 Obtención correcta objetosdb usuario:1 app 1
20181121 23:32:35 Obtención correcta aplicaciones usuario:1 area 1
20181121 23:32:36 Obtención correcta objetosdb usuario:1 app 1
20181121 23:32:45 Obtención correcta objetosdb usuario:1 app 1
20181121 23:32:48 Obtención correcta objetosdb usuario:1 app 1
20181121 23:32:51 Obtención correcta objetosdb usuario:1 app 1
20181121 23:32:53 Obtención correcta objetosdb usuario:1 app 1
20181121 23:32:55 Obtención correcta objetosdb usuario:1 app 1
20181121 23:33:03 Obtención correcta objetosdb usuario:1 app 1
20181121 23:33:05 Obtención correcta objetosdb usuario:1 app 1
20181121 23:33:07 Obtención correcta objetosdb usuario:1 app 1
20181121 23:33:10 Obtención correcta objetosdb usuario:1 app 1
20181121 23:33:12 Obtención correcta objetosdb usuario:1 app 1
20181121 23:33:13 Obtención correcta objetosdb usuario:1 app 1
20181121 23:33:14 Obtención correcta objetosdb usuario:1 app 1
20181121 23:33:15 Obtención correcta objetosdb usuario:1 app 1
20181121 23:33:19 Obtención correcta objetosdb usuario:1 app 1
20181121 23:33:30 Obtención correcta objetosdb usuario:1 app 1
20181121 23:33:32 Obtención correcta objetosdb usuario:1 app 1
20181121 23:33:40 Obtención correcta objetosdb usuario:1 app 1
20181121 23:33:42 Obtención correcta objetosdb usuario:1 app 1
20181121 23:33:44 Obtención correcta objetosdb usuario:1 app 1
20181121 23:33:46 Obtención correcta objetosdb usuario:1 app 1
20181121 23:33:47 Obtención correcta objetosdb usuario:1 app 1
20181121 23:33:49 Obtención correcta objetosdb usuario:1 app 1
20181121 23:33:51 Obtención correcta objetosdb usuario:1 app 1
20181121 23:33:52 Obtención correcta objetosdb usuario:1 app 1
20181121 23:33:57 Obtención correcta objetosdb usuario:1 app 1
20181121 23:34:43 Obtención correcta objetosdb usuario:1 app 1
20181121 23:34:46 Obtención correcta objetosdb usuario:1 app 1
20181121 23:34:50 Obtención correcta objetosdb usuario:1 app 1
20181121 23:34:55 Obtención correcta objetosdb usuario:1 app 1
20181121 23:35:57 Obtención correcta objetosdb usuario:1 app 1
20181121 23:36:12 Obtención correcta objetosdb usuario:1 app 1
20181121 23:36:21 Obtención correcta objetosdb usuario:1 app 1
20181121 23:36:23 Obtención correcta objetosdb usuario:1 app 1
20181121 23:36:25 Obtención correcta objetosdb usuario:1 app 1
20181121 23:36:27 Obtención correcta objetosdb usuario:1 app 1
20181121 23:36:29 Obtención correcta objetosdb usuario:1 app 1
20181121 23:36:31 Obtención correcta objetosdb usuario:1 app 1
20181121 23:36:32 Obtención correcta objetosdb usuario:1 app 1
20181121 23:39:13 Acceso correcto usuario info
20181121 23:39:13 Obtención correcta areas usuario:1
20181121 23:39:13 Avance correcto proceso 0
20181121 23:39:16 Obtención correcta areas usuario:1
20181121 23:39:16 Obtención correcta objetosdb usuario:1 app 1
20181121 23:39:35 Obtención correcta aplicaciones usuario:1 area 1
20181121 23:39:36 Obtención correcta objetosdb usuario:1 app 1
20181121 23:39:39 Obtención correcta objetosdb usuario:1 app 1
20181121 23:39:42 Obtención correcta objetosdb usuario:1 app 1
20181121 23:39:44 Obtención correcta objetosdb usuario:1 app 1
20181121 23:39:46 Obtención correcta objetosdb usuario:1 app 1
20181121 23:39:48 Obtención correcta objetosdb usuario:1 app 1
20181121 23:39:50 Obtención correcta objetosdb usuario:1 app 1
20181121 23:39:51 Obtención correcta objetosdb usuario:1 app 1
20181121 23:39:52 Obtención correcta objetosdb usuario:1 app 1
20181121 23:39:54 Obtención correcta objetosdb usuario:1 app 1
20181121 23:39:58 Obtención correcta objetosdb usuario:1 app 1
20181121 23:39:59 Obtención correcta objetosdb usuario:1 app 1
20181121 23:40:57 Obtención correcta objetosdb usuario:1 app 1
20181121 23:40:59 Obtención correcta objetosdb usuario:1 app 1
20181121 23:41:01 Obtención correcta objetosdb usuario:1 app 1
20181121 23:45:48 Acceso correcto usuario info
20181121 23:45:48 Obtención correcta areas usuario:1
20181121 23:45:48 Avance correcto proceso 0
20181121 23:45:53 Obtención correcta areas usuario:1
20181121 23:45:53 Obtención correcta objetosdb usuario:1 app 1
20181121 23:57:38 Acceso correcto usuario info
20181121 23:57:38 Obtención correcta areas usuario:1
20181121 23:57:38 Avance correcto proceso 0
20181121 23:57:40 Obtención correcta areas usuario:1
20181121 23:57:40 Obtención correcta objetosdb usuario:1 app 1
20181121 23:58:06 Obtención correcta areas usuario:1
20181121 23:58:06 Obtención correcta objetosdb usuario:1 app 1
20181121 23:58:15 Obtención correcta objetosdb usuario:1 app 1
20181121 23:58:16 Obtención correcta objetosdb usuario:1 app 1
20181121 23:59:38 Obtención correcta objetosdb usuario:1 app 1
20181121 23:59:40 Obtención correcta objetosdb usuario:1 app 1
20181121 23:59:41 Obtención correcta objetosdb usuario:1 app 1
20181121 23:59:42 Obtención correcta objetosdb usuario:1 app 1
20181121 23:59:43 Obtención correcta objetosdb usuario:1 app 1
