20181123 10:12:37 Acceso correcto usuario info
20181123 10:12:37 Obtención correcta areas usuario:1
20181123 10:12:37 Avance correcto proceso 0
20181123 10:12:45 Obtención correcta areas usuario:1
20181123 10:12:46 Obtención correcta objetosdb usuario:1 app 1
20181123 10:13:42 Obtención correcta aplicaciones usuario:1 area 1
20181123 10:13:44 Obtención correcta objetosdb usuario:1 app 1
20181123 10:13:52 Obtención correcta objetosdb usuario:1 app 1
20181123 10:14:15 Obtención correcta objetosdb usuario:1 app 1
20181123 10:14:16 Obtención correcta objetosdb usuario:1 app 1
20181123 10:14:17 Obtención correcta objetosdb usuario:1 app 1
20181123 10:14:18 Obtención correcta objetosdb usuario:1 app 1
20181123 10:14:19 Obtención correcta objetosdb usuario:1 app 1
20181123 10:36:15 Obtención correcta objetosdb usuario:1 app 1
20181123 10:36:16 Obtención correcta objetosdb usuario:1 app 1
20181123 10:36:18 Obtención correcta objetosdb usuario:1 app 1
20181123 10:36:19 Obtención correcta objetosdb usuario:1 app 1
20181123 10:36:20 Obtención correcta objetosdb usuario:1 app 1
20181123 10:36:21 Obtención correcta objetosdb usuario:1 app 1
20181123 10:36:24 Obtención correcta objetosdb usuario:1 app 1
20181123 10:36:28 Obtención correcta objetosdb usuario:1 app 1
20181123 10:36:33 Obtención correcta objetosdb usuario:1 app 1
20181123 10:36:35 Obtención correcta objetosdb usuario:1 app 1
20181123 10:39:33 Obtención correcta objetosdb usuario:1 app 1
20181123 10:39:34 Obtención correcta objetosdb usuario:1 app 1
20181123 10:39:35 Obtención correcta objetosdb usuario:1 app 1
20181123 10:39:36 Obtención correcta objetosdb usuario:1 app 1
20181123 10:40:04 Obtención correcta objetosdb usuario:1 app 1
20181123 10:40:05 Obtención correcta objetosdb usuario:1 app 1
20181123 10:40:06 Obtención correcta objetosdb usuario:1 app 1
20181123 10:40:07 Obtención correcta objetosdb usuario:1 app 1
20181123 10:40:08 Obtención correcta objetosdb usuario:1 app 1
20181123 10:40:09 Obtención correcta objetosdb usuario:1 app 1
20181123 10:40:10 Obtención correcta objetosdb usuario:1 app 1
20181123 10:40:11 Obtención correcta objetosdb usuario:1 app 1
20181123 10:40:13 Obtención correcta objetosdb usuario:1 app 1
20181123 10:40:14 Obtención correcta objetosdb usuario:1 app 1
20181123 10:40:19 Obtención correcta objetosdb usuario:1 app 1
20181123 10:40:22 Obtención correcta objetosdb usuario:1 app 1
20181123 10:40:26 Obtención correcta objetosdb usuario:1 app 1
20181123 10:58:02 Acceso correcto usuario info
20181123 10:58:02 Obtención correcta areas usuario:1
20181123 10:58:02 Avance correcto proceso 0
20181123 10:58:37 Acceso correcto usuario info
20181123 10:58:37 Obtención correcta areas usuario:1
20181123 10:58:37 Avance correcto proceso 0
20181123 10:58:43 Obtención correcta areas usuario:1
20181123 10:58:43 Obtención correcta objetosdb usuario:1 app 1
20181123 11:05:14 Acceso correcto usuario info
20181123 11:05:14 Obtención correcta areas usuario:1
20181123 11:05:14 Avance correcto proceso 0
20181123 11:24:08 Acceso correcto usuario info
20181123 11:24:08 Obtención correcta areas usuario:1
20181123 11:24:08 Avance correcto proceso 0
20181123 11:24:54 Acceso correcto usuario info
20181123 11:24:55 Obtención correcta areas usuario:1
20181123 11:24:55 Avance correcto proceso 0
20181123 11:25:06 Obtención correcta aplicaciones usuario:1 area 1
20181123 11:32:41 Acceso correcto usuario info
20181123 11:32:41 Obtención correcta areas usuario:1
20181123 11:32:41 Avance correcto proceso 0
20181123 11:37:07 Acceso correcto usuario info
20181123 11:37:07 Obtención correcta areas usuario:1
20181123 11:37:07 Avance correcto proceso 0
20181123 11:51:46 Acceso correcto usuario info
20181123 11:51:46 Obtención correcta areas usuario:1
20181123 11:51:46 Avance correcto proceso 0
20181123 11:52:31 Acceso correcto usuario info
20181123 11:52:31 Obtención correcta areas usuario:1
20181123 11:52:31 Avance correcto proceso 0
20181123 11:52:39 Obtención correcta aplicaciones usuario:1 area 1
20181123 11:53:23 Obtención correcta areas usuario:1
20181123 11:53:23 Avance correcto proceso 0
20181123 11:53:23 Obtención correcta areas usuario:1
20181123 11:53:23 Avance correcto proceso 0
20181123 11:53:26 Obtención correcta areas usuario:1
20181123 11:53:26 Avance correcto proceso 0
20181123 11:53:26 Obtención correcta areas usuario:1
20181123 11:53:26 Avance correcto proceso 0
20181123 11:53:29 Obtención correcta areas usuario:1
20181123 11:53:29 Avance correcto proceso 0
20181123 11:53:29 Obtención correcta areas usuario:1
20181123 11:53:29 Avance correcto proceso 0
20181123 11:53:32 Obtención correcta areas usuario:1
20181123 11:53:32 Avance correcto proceso 0
20181123 11:53:32 Obtención correcta areas usuario:1
20181123 11:53:32 Avance correcto proceso 0
20181123 11:53:45 Obtención correcta aplicaciones usuario:1 area 1
20181123 11:58:50 Acceso correcto usuario info
20181123 11:58:50 Obtención correcta areas usuario:1
20181123 11:58:50 Avance correcto proceso 0
20181123 11:59:14 Obtención correcta aplicaciones usuario:1 area 1
20181123 12:00:21 Obtención correcta areas usuario:1
20181123 12:00:21 Avance correcto proceso 0
20181123 12:01:10 Obtención correcta areas usuario:1
20181123 12:01:10 Avance correcto proceso 0
20181123 12:01:29 Obtención correcta aplicaciones usuario:1 area 1
20181123 12:03:36 Acceso correcto usuario info
20181123 12:03:36 Obtención correcta areas usuario:1
20181123 12:03:36 Avance correcto proceso 0
20181123 12:03:42 Obtención correcta aplicaciones usuario:1 area 1
20181123 12:04:32 Acceso correcto usuario info
20181123 12:04:33 Obtención correcta areas usuario:1
20181123 12:04:33 Avance correcto proceso 0
20181123 12:04:35 Obtención correcta areas usuario:1
20181123 12:04:35 Obtención correcta objetosdb usuario:1 app 1
20181123 12:04:47 Obtención correcta aplicaciones usuario:1 area 1
20181123 12:04:49 Obtención correcta objetosdb usuario:1 app 1
20181123 12:05:08 Obtención correcta areas usuario:1
20181123 12:05:08 Avance correcto proceso 0
20181123 12:06:23 Acceso correcto usuario info
20181123 12:06:23 Obtención correcta areas usuario:1
20181123 12:06:23 Avance correcto proceso 0
20181123 12:06:54 Obtención correcta aplicaciones usuario:1 area 1
20181123 12:08:15 Obtención correcta areas usuario:1
20181123 12:08:15 Obtención correcta objetosdb usuario:1 app 1
20181123 12:09:33 Acceso correcto usuario info
20181123 12:09:33 Obtención correcta areas usuario:1
20181123 12:09:33 Avance correcto proceso 0
20181123 12:09:39 Obtención correcta aplicaciones usuario:1 area 1
20181123 12:09:52 Obtención correcta areas usuario:1
20181123 12:09:52 Obtención correcta objetosdb usuario:1 app 1
20181123 12:11:03 Obtención correcta areas usuario:1
20181123 12:11:03 Avance correcto proceso 0
20181123 12:11:08 Obtención correcta areas usuario:1
20181123 12:11:09 Obtención correcta objetosdb usuario:1 app 1
20181123 12:17:41 Acceso correcto usuario info
20181123 12:17:42 Obtención correcta areas usuario:1
20181123 12:17:42 Avance correcto proceso 0
20181123 12:17:47 Obtención correcta areas usuario:1
20181123 12:17:47 Obtención correcta objetosdb usuario:1 app 1
20181123 12:18:07 Obtención correcta aplicaciones usuario:1 area 1
20181123 12:18:08 Obtención correcta objetosdb usuario:1 app 1
20181123 12:22:30 Acceso correcto usuario info
20181123 12:22:30 Obtención correcta areas usuario:1
20181123 12:22:30 Avance correcto proceso 0
20181123 12:22:34 Obtención correcta areas usuario:1
20181123 12:22:34 Obtención correcta objetosdb usuario:1 app 1
20181123 12:26:03 Acceso correcto usuario info
20181123 12:26:03 Obtención correcta areas usuario:1
20181123 12:26:03 Avance correcto proceso 0
20181123 12:26:07 Obtención correcta areas usuario:1
20181123 12:26:07 Obtención correcta objetosdb usuario:1 app 1
20181123 12:27:30 Acceso correcto usuario info
20181123 12:27:30 Obtención correcta areas usuario:1
20181123 12:27:30 Avance correcto proceso 0
20181123 12:27:33 Obtención correcta areas usuario:1
20181123 12:27:34 Obtención correcta objetosdb usuario:1 app 1
20181123 12:28:11 Obtención correcta areas usuario:1
20181123 12:28:12 ObtenProcesoAvance ObtenProcesoAvance Object reference not set to an instance of an object.
20181123 12:28:27 Acceso correcto usuario info
20181123 12:28:27 Obtención correcta areas usuario:1
20181123 12:28:27 Avance correcto proceso 0
20181123 12:28:38 Obtención correcta areas usuario:1
20181123 12:28:38 Obtención correcta objetosdb usuario:1 app 1
20181123 12:32:16 Acceso correcto usuario info
20181123 12:32:16 Obtención correcta areas usuario:1
20181123 12:32:17 Avance correcto proceso 0
20181123 12:32:20 Obtención correcta areas usuario:1
20181123 12:32:21 Obtención correcta objetosdb usuario:1 app 1
20181123 12:32:38 Obtención correcta aplicaciones usuario:1 area 1
20181123 12:32:39 Obtención correcta objetosdb usuario:1 app 1
20181123 12:39:41 Acceso correcto usuario info
20181123 12:39:41 Obtención correcta areas usuario:1
20181123 12:39:41 Avance correcto proceso 0
20181123 12:40:01 Obtención correcta areas usuario:1
20181123 12:40:01 Obtención correcta objetosdb usuario:1 app 1
20181123 12:42:13 Obtención correcta objetosdb usuario:1 app 1
20181123 12:42:21 Obtención correcta objetosdb usuario:1 app 1
20181123 12:42:23 Obtención correcta objetosdb usuario:1 app 1
20181123 12:42:28 Obtención correcta objetosdb usuario:1 app 1
20181123 12:45:18 Acceso correcto usuario info
20181123 12:45:18 Obtención correcta areas usuario:1
20181123 12:45:18 Avance correcto proceso 0
20181123 12:45:26 Obtención correcta areas usuario:1
20181123 12:45:26 Obtención correcta objetosdb usuario:1 app 1
20181123 12:46:01 Obtención correcta objetosdb usuario:1 app 0
20181123 12:46:16 Obtención correcta objetosdb usuario:1 app 0
20181123 12:46:19 Obtención correcta objetosdb usuario:1 app 0
20181123 12:46:21 Obtención correcta objetosdb usuario:1 app 0
20181123 12:46:24 Obtención correcta objetosdb usuario:1 app 0
20181123 12:46:30 Obtención correcta objetosdb usuario:1 app 0
20181123 12:47:37 Obtención correcta objetosdb usuario:1 app 1
20181123 12:47:40 Obtención correcta objetosdb usuario:1 app 1
20181123 12:47:41 Obtención correcta objetosdb usuario:1 app 1
20181123 12:47:42 Obtención correcta objetosdb usuario:1 app 1
20181123 12:47:43 Obtención correcta objetosdb usuario:1 app 1
20181123 12:47:44 Obtención correcta objetosdb usuario:1 app 1
20181123 12:47:47 Obtención correcta objetosdb usuario:1 app 1
20181123 12:47:50 Obtención correcta objetosdb usuario:1 app 1
20181123 12:51:01 Acceso correcto usuario info
20181123 12:51:02 Obtención correcta areas usuario:1
20181123 12:51:02 Avance correcto proceso 0
20181123 12:51:06 Obtención correcta areas usuario:1
20181123 12:51:06 Obtención correcta objetosdb usuario:1 app 1
20181123 12:52:50 Acceso correcto usuario info
20181123 12:52:50 Obtención correcta areas usuario:1
20181123 12:52:50 Avance correcto proceso 0
20181123 12:52:53 Obtención correcta areas usuario:1
20181123 12:52:53 Obtención correcta objetosdb usuario:1 app 1
20181123 12:53:14 Obtención correcta objetosdb usuario:1 app 0
20181123 12:53:20 Obtención correcta objetosdb usuario:1 app 1
20181123 12:53:22 Obtención correcta objetosdb usuario:1 app 1
20181123 12:53:24 Obtención correcta objetosdb usuario:1 app 1
20181123 12:53:26 Obtención correcta objetosdb usuario:1 app 1
20181123 12:53:29 Obtención correcta objetosdb usuario:1 app 0
20181123 12:53:40 Obtención correcta objetosdb usuario:1 app 0
20181123 12:54:11 Obtención correcta objetosdb usuario:1 app 1
20181123 12:54:13 Obtención correcta objetosdb usuario:1 app 1
20181123 12:54:29 Obtención correcta objetosdb usuario:1 app 1
20181123 12:55:10 Obtención correcta areas usuario:1
20181123 12:55:10 Avance correcto proceso 0
20181123 12:55:21 Obtención correcta areas usuario:1
20181123 12:55:21 Consulta correcta usuario 1
20181123 12:55:49 Obtención correcta areas usuario:1
20181123 12:55:49 Avance correcto proceso 0
20181123 12:55:58 Acceso correcto usuario info
20181123 12:55:58 Obtención correcta areas usuario:1
20181123 12:55:58 Avance correcto proceso 0
20181123 12:56:09 Obtención correcta areas usuario:1
20181123 12:56:09 Obtención correcta objetosdb usuario:1 app 1
20181123 12:56:15 Obtención correcta objetosdb usuario:1 app 0
20181123 12:56:50 Obtención correcta areas usuario:1
20181123 12:56:51 Consulta correcta usuario 1
20181123 12:57:10 Obtención correcta areas usuario:1
20181123 12:57:10 Avance correcto proceso 0
20181123 12:57:18 Obtención correcta areas usuario:1
20181123 12:57:18 Obtención correcta objetosdb usuario:1 app 1
20181123 12:58:19 Obtención correcta objetosdb usuario:1 app 0
20181123 12:58:48 Obtención correcta objetosdb usuario:1 app 1
20181123 13:00:51 Acceso correcto usuario info
20181123 13:00:51 Obtención correcta areas usuario:1
20181123 13:00:51 Avance correcto proceso 0
20181123 13:00:57 Obtención correcta areas usuario:1
20181123 13:00:57 Obtención correcta objetosdb usuario:1 app 1
20181123 13:01:05 Obtención correcta areas usuario:1
20181123 13:01:05 Obtención correcta objetosdb usuario:1 app 1
20181123 13:01:43 Acceso correcto usuario info
20181123 13:01:43 Obtención correcta areas usuario:1
20181123 13:01:43 Avance correcto proceso 0
20181123 13:01:49 Obtención correcta areas usuario:1
20181123 13:01:49 Obtención correcta objetosdb usuario:1 app 1
20181123 13:02:44 Obtención correcta areas usuario:1
20181123 13:02:44 Obtención correcta objetosdb usuario:1 app 1
20181123 13:08:09 Acceso correcto usuario info
20181123 13:08:09 Obtención correcta areas usuario:1
20181123 13:08:09 Avance correcto proceso 0
20181123 13:08:12 Obtención correcta areas usuario:1
20181123 13:08:12 Obtención correcta objetosdb usuario:1 app 1
20181123 13:08:34 Obtención correcta aplicaciones usuario:1 area 1
20181123 13:08:38 Obtención correcta objetosdb usuario:1 app 1
20181123 13:08:43 Obtención correcta objetosdb usuario:1 app 1
20181123 13:08:45 Obtención correcta objetosdb usuario:1 app 1
20181123 13:08:50 Obtención correcta objetosdb usuario:1 app 1
20181123 13:08:55 Obtención correcta objetosdb usuario:1 app 1
20181123 13:09:20 Obtención correcta objetosdb usuario:1 app 1
20181123 13:09:22 Obtención correcta objetosdb usuario:1 app 1
20181123 13:09:22 Obtención correcta objetosdb usuario:1 app 1
20181123 13:09:23 Obtención correcta objetosdb usuario:1 app 1
20181123 13:09:24 Obtención correcta objetosdb usuario:1 app 1
20181123 13:10:36 Acceso correcto usuario info
20181123 13:10:36 Obtención correcta areas usuario:1
20181123 13:10:36 Avance correcto proceso 0
20181123 13:10:44 Acceso correcto usuario info
20181123 13:10:44 Obtención correcta areas usuario:1
20181123 13:10:44 Avance correcto proceso 0
20181123 13:10:47 Obtención correcta areas usuario:1
20181123 13:10:47 Obtención correcta objetosdb usuario:1 app 1
20181123 13:10:51 Obtención correcta areas usuario:1
20181123 13:10:52 Consulta correcta usuario 1
20181123 13:17:59 Acceso correcto usuario info
20181123 13:17:59 Obtención correcta areas usuario:1
20181123 13:17:59 Avance correcto proceso 0
20181123 13:18:02 Obtención correcta areas usuario:1
20181123 13:18:02 Obtención correcta objetosdb usuario:1 app 1
20181123 13:18:06 Obtención correcta aplicaciones usuario:1 area 1
20181123 13:18:07 Obtención correcta objetosdb usuario:1 app 1
20181123 13:18:10 Obtención correcta areas usuario:1
20181123 13:18:10 Consulta correcta usuario 1
20181123 13:27:00 Acceso correcto usuario info
20181123 13:27:00 Obtención correcta areas usuario:1
20181123 13:27:00 Avance correcto proceso 0
20181123 13:27:05 Obtención correcta areas usuario:1
20181123 13:27:05 Consulta correcta usuario 1
20181123 13:27:35 Obtención correcta areas usuario:1
20181123 13:27:35 Consulta correcta usuario 1
20181123 13:32:30 Acceso correcto usuario info
20181123 13:32:35 Obtención correcta areas usuario:1
20181123 13:32:35 Avance correcto proceso 0
20181123 13:32:41 Obtención correcta areas usuario:1
20181123 13:32:41 Consulta correcta usuario 1
20181123 13:38:12 Acceso correcto usuario info
20181123 13:38:12 Obtención correcta areas usuario:1
20181123 13:38:12 Avance correcto proceso 0
20181123 13:38:16 Obtención correcta areas usuario:1
20181123 13:38:16 Obtención correcta objetosdb usuario:1 app 1
20181123 13:38:23 Obtención correcta areas usuario:1
20181123 13:38:23 Consulta correcta usuario 1
20181123 13:38:59 Obtención correcta aplicaciones usuario:1 area 1
20181123 13:50:00 Acceso correcto usuario info
20181123 13:50:00 Obtención correcta areas usuario:1
20181123 13:50:00 Avance correcto proceso 0
20181123 13:50:05 Obten usuarios correcto usuario 1
20181123 13:50:05 Obtención correcta areas usuario:1
20181123 13:50:05 Obten PERFILES correcto usuario 1
20181123 15:55:50 Acceso correcto usuario info
20181123 15:55:50 Obtención correcta areas usuario:1
20181123 15:55:50 Avance correcto proceso 0
20181123 15:56:00 Obtención correcta areas usuario:1
20181123 15:56:01 Obtención correcta objetosdb usuario:1 app 1
20181123 15:56:20 Obtención correcta areas usuario:1
20181123 15:56:20 Obtención correcta objetosdb usuario:1 app 1
20181123 15:56:34 Obtención correcta areas usuario:1
20181123 15:56:34 Avance correcto proceso 0
20181123 15:56:38 Obtención correcta areas usuario:1
20181123 15:56:38 Obtención correcta objetosdb usuario:1 app 1
20181123 16:03:49 Obtención correcta aplicaciones usuario:1 area 1
20181123 16:03:53 Obtención correcta objetosdb usuario:1 app 1
20181123 16:03:58 Obtención correcta objetosdb usuario:1 app 1
20181123 16:04:08 Obtención correcta objetosdb usuario:1 app 1
20181123 16:04:10 Obtención correcta objetosdb usuario:1 app 1
20181123 16:05:42 Obtención correcta objetosdb usuario:1 app 1
20181123 16:05:44 Obtención correcta objetosdb usuario:1 app 1
20181123 16:05:46 Obtención correcta objetosdb usuario:1 app 1
20181123 17:04:22 Acceso correcto usuario info
20181123 17:04:22 Obtención correcta areas usuario:1
20181123 17:04:22 Avance correcto proceso 0
20181123 17:04:27 Obtención correcta aplicaciones usuario:1 area 1
20181123 17:05:56 actualizaStatus.UploadComplete Cannot apply indexing with [] to an expression of type 'System.Dynamic.DynamicObject'
20181123 17:07:00 Obtención correcta areas usuario:1
20181123 17:07:00 Avance correcto proceso 0
20181123 17:07:00 Obtención correcta areas usuario:1
20181123 17:07:51 Avance correcto proceso 0
20181123 17:14:15 Acceso correcto usuario info
20181123 17:14:15 Obtención correcta areas usuario:1
20181123 17:14:15 Avance correcto proceso 0
20181123 17:14:27 Obtención correcta aplicaciones usuario:1 area 1
20181123 17:19:39 Acceso correcto usuario info
20181123 17:19:39 Obtención correcta areas usuario:1
20181123 17:19:39 Avance correcto proceso 0
20181123 17:19:55 Obtención correcta aplicaciones usuario:1 area 1
20181123 23:20:51 Acceso correcto usuario info
20181123 23:20:51 Obtención correcta areas usuario:1
20181123 23:20:51 Avance correcto proceso 0
20181123 23:21:02 Obtención correcta aplicaciones usuario:1 area 1
20181123 23:21:14 Acceso correcto usuario info
20181123 23:21:14 Obtención correcta areas usuario:1
20181123 23:21:14 Avance correcto proceso 0
20181123 23:21:18 Obtención correcta areas usuario:1
20181123 23:21:18 Obtención correcta objetosdb usuario:1 app 1
20181123 23:21:39 Obtención correcta aplicaciones usuario:1 area 1
20181123 23:21:41 Obtención correcta objetosdb usuario:1 app 1
20181123 23:21:45 Obtención correcta objetosdb usuario:1 app 1
20181123 23:21:48 Obtención correcta objetosdb usuario:1 app 1
20181123 23:21:54 Obtención correcta objetosdb usuario:1 app 1
20181123 23:21:58 Obtención correcta objetosdb usuario:1 app 1
20181123 23:22:00 Obtención correcta objetosdb usuario:1 app 1
20181123 23:22:19 Obtención correcta objetosdb usuario:1 app 1
20181123 23:22:21 Obtención correcta objetosdb usuario:1 app 1
20181123 23:22:22 Obtención correcta objetosdb usuario:1 app 1
20181123 23:22:23 Obtención correcta objetosdb usuario:1 app 1
20181123 23:22:24 Obtención correcta objetosdb usuario:1 app 1
20181123 23:22:26 Obtención correcta objetosdb usuario:1 app 1
20181123 23:22:31 Obtención correcta objetosdb usuario:1 app 1
