20181129 00:00:24 Obtención correcta objetosdb usuario:1 app 1
20181129 00:00:25 Obtención correcta ObtenIndicaores usuario:1 app 1
20181129 00:00:26 Obtención correcta objetosdb usuario:1 app 1
20181129 00:00:55 Obtención correcta objetosdb usuario:1 app 1
20181129 00:00:56 Obtención correcta objetosdb usuario:1 app 1
20181129 00:01:00 Obtención correcta ObtenIndicaores usuario:1 app 1
20181129 00:01:01 Obtención correcta objetosdb usuario:1 app 1
20181129 00:01:01 Obtención correcta objetosdb usuario:1 app 1
20181129 00:04:44 Acceso correcto usuario info
20181129 00:04:44 Obtención correcta areas usuario:1
20181129 00:04:44 Avance correcto proceso 0
20181129 00:04:51 Obtención correcta areas usuario:1
20181129 00:04:53 Obtención correcta aplicaciones usuario:1 area 1
20181129 00:04:55 Obtención correcta objetosdb usuario:1 app 1
20181129 00:04:56 Obtención correcta objetosdb usuario:1 app 1
20181129 00:04:57 Obtención correcta ObtenIndicaores usuario:1 app 1
20181129 00:05:00 Obtención correcta objetosdb usuario:1 app 1
20181129 00:05:01 Obtención correcta ObtenIndicaores usuario:1 app 1
20181129 00:05:01 Obtención correcta objetosdb usuario:1 app 1
20181129 00:05:02 Obtención correcta objetosdb usuario:1 app 1
20181129 00:05:03 Obtención correcta objetosdb usuario:1 app 1
20181129 00:05:03 Obtención correcta ObtenIndicaores usuario:1 app 1
20181129 00:05:14 Obtención correcta objetosdb usuario:1 app 1
20181129 00:05:38 Obtención incorrecta aplicaciones usuario:1 app 1
20181129 00:05:38 Obtención incorrecta aplicaciones usuario:1 app 1
20181129 00:05:40 Obtención correcta objetosdb usuario:1 app 1
20181129 00:05:41 Obtención correcta ObtenIndicaores usuario:1 app 1
20181129 00:05:42 Obtención correcta objetosdb usuario:1 app 1
20181129 00:05:42 Obtención correcta objetosdb usuario:1 app 1
20181129 00:05:43 Obtención correcta objetosdb usuario:1 app 1
20181129 00:05:43 Obtención correcta ObtenIndicaores usuario:1 app 1
20181129 00:05:44 Obtención correcta objetosdb usuario:1 app 1
20181129 00:05:45 Obtención correcta objetosdb usuario:1 app 1
20181129 00:05:45 Obtención correcta ObtenIndicaores usuario:1 app 1
20181129 00:05:46 Obtención correcta ObtenIndicaores usuario:1 app 1
20181129 00:05:47 Obtención correcta objetosdb usuario:1 app 1
20181129 00:05:47 Obtención correcta objetosdb usuario:1 app 1
20181129 00:05:48 Obtención correcta objetosdb usuario:1 app 1
20181129 00:05:49 Obtención correcta ObtenIndicaores usuario:1 app 1
20181129 00:05:49 Obtención correcta objetosdb usuario:1 app 1
20181129 00:06:58 Obtención correcta objetosdb usuario:1 app 1
20181129 00:07:03 Obtención correcta objetosdb usuario:1 app 1
20181129 00:07:04 Obtención correcta ObtenIndicaores usuario:1 app 1
20181129 00:07:05 Obtención correcta objetosdb usuario:1 app 1
20181129 00:09:33 Obtención correcta objetosdb usuario:1 app 1
20181129 00:09:33 Obtención correcta ObtenIndicaores usuario:1 app 1
20181129 00:09:34 Obtención correcta objetosdb usuario:1 app 1
20181129 00:09:34 Obtención correcta ObtenIndicaores usuario:1 app 1
20181129 00:09:35 Obtención correcta objetosdb usuario:1 app 1
20181129 00:09:35 Obtención correcta objetosdb usuario:1 app 1
20181129 00:14:48 Obtención correcta ObtenIndicaores usuario:1 app 1
20181129 00:14:48 Obtención correcta objetosdb usuario:1 app 1
20181129 00:14:49 Obtención correcta objetosdb usuario:1 app 1
20181129 00:14:50 Obtención correcta objetosdb usuario:1 app 1
20181129 00:14:50 Obtención correcta objetosdb usuario:1 app 1
20181129 00:14:51 Obtención correcta ObtenIndicaores usuario:1 app 1
20181129 00:14:52 Obtención correcta objetosdb usuario:1 app 1
20181129 00:14:52 Obtención correcta objetosdb usuario:1 app 1
20181129 00:15:05 Obtención correcta ObtenIndicaores usuario:1 app 1
20181129 00:15:05 Obtención correcta objetosdb usuario:1 app 1
20181129 00:15:06 Obtención correcta objetosdb usuario:1 app 1
20181129 00:15:12 Obtención correcta objetosdb usuario:1 app 1
20181129 00:15:13 Obtención correcta objetosdb usuario:1 app 1
20181129 00:15:18 Obtención correcta objetosdb usuario:1 app 1
20181129 00:15:18 Obtención correcta objetosdb usuario:1 app 1
20181129 00:15:18 Obtención correcta ObtenIndicaores usuario:1 app 1
20181129 00:15:20 Obtención correcta objetosdb usuario:1 app 1
20181129 00:15:20 Obtención correcta objetosdb usuario:1 app 1
20181129 00:15:21 Obtención correcta ObtenIndicaores usuario:1 app 1
20181129 00:15:23 Obtención correcta objetosdb usuario:1 app 1
20181129 00:15:24 Obtención correcta objetosdb usuario:1 app 1
20181129 00:15:32 Obtención correcta objetosdb usuario:1 app 1
20181129 00:15:42 Obtención correcta objetosdb usuario:1 app 1
20181129 00:15:46 Obtención correcta objetosdb usuario:1 app 1
20181129 00:15:49 Obtención correcta objetosdb usuario:1 app 1
20181129 00:15:50 Obtención correcta objetosdb usuario:1 app 1
20181129 00:15:50 Obtención correcta ObtenIndicaores usuario:1 app 1
20181129 00:15:53 Obtención correcta objetosdb usuario:1 app 1
20181129 00:15:53 Obtención correcta objetosdb usuario:1 app 1
20181129 00:15:56 Obtención correcta objetosdb usuario:1 app 1
20181129 00:15:56 Obtención correcta objetosdb usuario:1 app 1
20181129 00:15:57 Obtención correcta ObtenIndicaores usuario:1 app 1
20181129 00:15:58 Obtención correcta objetosdb usuario:1 app 1
20181129 00:15:58 Obtención correcta objetosdb usuario:1 app 1
20181129 00:16:07 Obtención correcta objetosdb usuario:1 app 1
20181129 00:16:12 Obtención correcta objetosdb usuario:1 app 1
20181129 00:16:13 Obtención correcta ObtenIndicaores usuario:1 app 1
20181129 00:16:13 Obtención correcta objetosdb usuario:1 app 1
20181129 00:16:15 Obtención correcta objetosdb usuario:1 app 1
20181129 00:16:15 Obtención correcta objetosdb usuario:1 app 1
20181129 00:16:16 Obtención correcta ObtenIndicaores usuario:1 app 1
20181129 00:17:18 Obtención correcta objetosdb usuario:1 app 1
20181129 00:17:18 Obtención correcta objetosdb usuario:1 app 1
20181129 00:17:22 Obtención correcta ObtenIndicaores usuario:1 app 1
20181129 00:17:22 Obtención correcta objetosdb usuario:1 app 1
20181129 00:17:23 Obtención correcta objetosdb usuario:1 app 1
20181129 00:17:26 Obtención correcta objetosdb usuario:1 app 1
20181129 00:17:27 Obtención correcta objetosdb usuario:1 app 1
20181129 00:17:29 Obtención correcta objetosdb usuario:1 app 1
20181129 00:17:30 Obtención correcta ObtenIndicaores usuario:1 app 1
20181129 00:17:30 Obtención correcta objetosdb usuario:1 app 1
20181129 00:17:32 Obtención correcta objetosdb usuario:1 app 1
20181129 00:17:33 Obtención correcta objetosdb usuario:1 app 1
20181129 00:17:36 Obtención correcta objetosdb usuario:1 app 1
20181129 00:17:36 Obtención correcta ObtenIndicaores usuario:1 app 1
20181129 00:17:37 Obtención correcta objetosdb usuario:1 app 1
20181129 00:17:41 Obtención correcta objetosdb usuario:1 app 1
20181129 00:17:41 Obtención correcta objetosdb usuario:1 app 1
20181129 00:17:43 Obtención correcta objetosdb usuario:1 app 1
20181129 00:17:44 Obtención correcta ObtenIndicaores usuario:1 app 1
20181129 00:17:45 Obtención correcta objetosdb usuario:1 app 1
20181129 00:18:22 Obtención correcta objetosdb usuario:1 app 1
20181129 00:18:23 Obtención correcta ObtenIndicaores usuario:1 app 1
20181129 00:18:24 Obtención correcta objetosdb usuario:1 app 1
20181129 00:18:24 Obtención correcta objetosdb usuario:1 app 1
20181129 00:18:24 Obtención correcta objetosdb usuario:1 app 1
20181129 00:18:25 Obtención correcta ObtenIndicaores usuario:1 app 1
20181129 00:18:25 Obtención correcta objetosdb usuario:1 app 1
20181129 00:18:25 Obtención correcta objetosdb usuario:1 app 1
20181129 00:18:25 Obtención correcta ObtenIndicaores usuario:1 app 1
20181129 00:31:33 Acceso correcto usuario info
20181129 00:31:33 Obtención correcta areas usuario:1
20181129 00:31:33 Avance correcto proceso 0
20181129 00:31:38 Obtención correcta areas usuario:1
20181129 00:31:43 Obtención correcta aplicaciones usuario:1 area 1
20181129 00:31:45 Obtención correcta objetosdb usuario:1 app 1
20181129 00:31:46 Aplicacion.ObtenObjetosDB Object reference not set to an instance of an object.
20181129 00:32:56 Acceso correcto usuario info
20181129 00:32:56 Obtención correcta areas usuario:1
20181129 00:32:57 Avance correcto proceso 0
20181129 00:33:06 Obtención correcta areas usuario:1
20181129 00:33:10 Obtención correcta aplicaciones usuario:1 area 1
20181129 00:33:14 Obtención correcta objetosdb usuario:1 app 1
20181129 00:33:15 Obtención correcta objetosdb usuario:1 app 1
20181129 00:33:15 Obtención correcta ObtenIndicaores usuario:1 app 1
20181129 00:33:18 Obtención correcta ObtenIndicaores usuario:1 app 1
20181129 00:33:19 Obtención correcta objetosdb usuario:1 app 1
20181129 00:33:19 Obtención correcta objetosdb usuario:1 app 1
20181129 00:33:22 Obtención correcta objetosdb usuario:1 app 1
20181129 00:33:22 Obtención correcta objetosdb usuario:1 app 1
20181129 00:33:36 Obtención correcta objetosdb usuario:1 app 1
20181129 00:33:42 Obtención correcta objetosdb usuario:1 app 1
20181129 00:33:52 Obtención correcta objetosdb usuario:1 app 1
20181129 00:33:56 Obtención correcta objetosdb usuario:1 app 1
20181129 00:33:59 Obtención correcta objetosdb usuario:1 app 1
20181129 00:34:00 Obtención correcta ObtenIndicaores usuario:1 app 1
20181129 00:34:01 Obtención correcta objetosdb usuario:1 app 1
20181129 00:34:01 Obtención correcta objetosdb usuario:1 app 1
20181129 00:34:01 Obtención correcta objetosdb usuario:1 app 1
20181129 00:34:02 Obtención correcta ObtenIndicaores usuario:1 app 1
20181129 00:34:02 Obtención correcta objetosdb usuario:1 app 1
20181129 00:34:03 Obtención correcta objetosdb usuario:1 app 1
20181129 00:34:03 Obtención correcta ObtenIndicaores usuario:1 app 1
20181129 00:34:05 Obtención correcta objetosdb usuario:1 app 1
20181129 00:34:06 Obtención correcta ObtenIndicaores usuario:1 app 1
20181129 00:34:06 Obtención correcta objetosdb usuario:1 app 1
20181129 10:00:11 Acceso correcto usuario info
20181129 10:00:11 Obtención correcta areas usuario:1
20181129 10:00:11 Avance correcto proceso 0
20181129 10:00:41 Obtención correcta areas usuario:1
20181129 10:00:44 Obtención correcta aplicaciones usuario:1 area 1
20181129 10:00:45 Obtención correcta objetosdb usuario:1 app 1
20181129 10:00:46 Obtención correcta ObtenIndicaores usuario:1 app 1
20181129 10:00:47 Obtención correcta objetosdb usuario:1 app 1
20181129 10:00:53 Obtención correcta objetosdb usuario:1 app 3
20181129 10:00:53 Obtención correcta ObtenIndicaores usuario:1 app 3
20181129 10:00:54 Obtención correcta objetosdb usuario:1 app 3
20181129 10:00:58 Obtención correcta objetosdb usuario:1 app 3
20181129 10:00:59 Obtención correcta objetosdb usuario:1 app 3
20181129 10:01:02 Obtención correcta objetosdb usuario:1 app 3
20181129 10:01:06 Obtención correcta objetosdb usuario:1 app 3
20181129 10:01:07 Obtención correcta objetosdb usuario:1 app 3
20181129 10:01:07 Obtención correcta ObtenIndicaores usuario:1 app 3
20181129 10:01:08 Obtención correcta objetosdb usuario:1 app 3
20181129 10:01:08 Obtención correcta objetosdb usuario:1 app 3
20181129 10:01:09 Obtención correcta objetosdb usuario:1 app 3
20181129 10:01:24 Obtención correcta objetosdb usuario:1 app 3
20181129 10:01:24 Obtención correcta ObtenIndicaores usuario:1 app 3
20181129 10:01:25 Obtención correcta objetosdb usuario:1 app 3
20181129 10:01:33 Obtención correcta objetosdb usuario:1 app 3
20181129 10:01:34 Obtención correcta objetosdb usuario:1 app 3
20181129 10:01:39 Obtención correcta objetosdb usuario:1 app 3
20181129 10:01:40 Obtención correcta objetosdb usuario:1 app 3
20181129 10:01:40 Obtención correcta ObtenIndicaores usuario:1 app 3
20181129 10:01:42 Obtención incorrecta aplicaciones usuario:1 app 3
20181129 10:01:43 Obtención incorrecta aplicaciones usuario:1 app 3
20181129 10:01:46 Obtención correcta ObtenIndicaores usuario:1 app 3
20181129 10:01:46 Obtención correcta objetosdb usuario:1 app 3
20181129 10:01:47 Obtención correcta objetosdb usuario:1 app 3
20181129 10:01:50 Obtención correcta objetosdb usuario:1 app 3
20181129 10:01:50 Obtención correcta objetosdb usuario:1 app 3
20181129 10:01:53 Obtención correcta objetosdb usuario:1 app 3
20181129 10:01:54 Obtención correcta ObtenIndicaores usuario:1 app 3
20181129 10:01:54 Obtención correcta objetosdb usuario:1 app 3
20181129 10:02:29 Obtención correcta objetosdb usuario:1 app 3
20181129 10:02:30 Obtención correcta RelacionesTablas usuario:1 app 3
20181129 10:02:42 Obtención correcta relaciondetalle usuario:1 app 414
20181129 10:02:44 Obtención correcta relaciondetalle usuario:1 app 414
20181129 10:03:08 Obtención correcta objetosdb usuario:1 app 3
20181129 10:03:08 Obtención correcta ObtenIndicaores usuario:1 app 3
20181129 10:03:09 Obtención correcta objetosdb usuario:1 app 3
20181129 10:03:15 Obtención correcta objetosdb usuario:1 app 3
20181129 10:03:17 Obtención correcta objetosdb usuario:1 app 3
20181129 10:03:18 Obtención correcta objetosdb usuario:1 app 3
20181129 10:03:18 Obtención correcta ObtenIndicaores usuario:1 app 3
20181129 10:03:19 Obtención correcta ObtenIndicaores usuario:1 app 3
20181129 10:03:20 Obtención correcta objetosdb usuario:1 app 3
20181129 10:03:20 Obtención correcta objetosdb usuario:1 app 3
20181129 10:03:22 Obtención correcta objetosdb usuario:1 app 3
20181129 10:03:22 Obtención correcta objetosdb usuario:1 app 3
20181129 10:03:24 Obtención correcta objetosdb usuario:1 app 3
20181129 10:03:26 Obtención correcta objetosdb usuario:1 app 3
20181129 10:03:26 Obtención correcta ObtenIndicaores usuario:1 app 3
20181129 10:03:27 Obtención correcta objetosdb usuario:1 app 3
20181129 10:03:27 Obtención correcta objetosdb usuario:1 app 3
20181129 10:03:28 Obtención correcta objetosdb usuario:1 app 3
20181129 10:03:29 Obtención correcta objetosdb usuario:1 app 3
20181129 10:03:31 Obtención correcta objetosdb usuario:1 app 3
20181129 10:03:31 Obtención correcta objetosdb usuario:1 app 3
20181129 10:03:32 Obtención correcta ObtenIndicaores usuario:1 app 3
20181129 10:03:33 Obtención correcta objetosdb usuario:1 app 3
20181129 10:03:33 Obtención correcta objetosdb usuario:1 app 3
20181129 10:03:35 Obtención correcta objetosdb usuario:1 app 3
20181129 10:03:38 Obtención correcta objetosdb usuario:1 app 3
20181129 10:03:42 Obtención correcta objetosdb usuario:1 app 3
20181129 10:03:42 Obtención correcta objetosdb usuario:1 app 3
20181129 10:03:47 Obtención correcta ObtenIndicaores usuario:1 app 3
20181129 10:03:47 Obtención correcta ObtenIndicaores usuario:1 app 3
20181129 10:03:47 Obtención correcta objetosdb usuario:1 app 3
20181129 10:03:47 Obtención correcta objetosdb usuario:1 app 3
20181129 10:03:55 Obtención correcta objetosdb usuario:1 app 3
20181129 10:04:00 Obtención correcta objetosdb usuario:1 app 3
20181129 10:04:01 Obtención correcta objetosdb usuario:1 app 3
20181129 10:04:02 Obtención correcta ObtenIndicaores usuario:1 app 3
20181129 10:04:04 Obtención correcta objetosdb usuario:1 app 3
20181129 10:04:05 Obtención correcta objetosdb usuario:1 app 3
20181129 10:04:10 Obtención correcta objetosdb usuario:1 app 3
20181129 10:04:11 Obtención correcta ObtenIndicaores usuario:1 app 3
20181129 10:04:11 Obtención correcta objetosdb usuario:1 app 3
20181129 10:04:12 Obtención correcta objetosdb usuario:1 app 3
20181129 10:04:12 Obtención correcta objetosdb usuario:1 app 3
20181129 10:04:16 Obtención correcta objetosdb usuario:1 app 3
20181129 10:04:16 Obtención correcta ObtenIndicaores usuario:1 app 3
20181129 10:04:17 Obtención correcta objetosdb usuario:1 app 3
20181129 10:04:19 Obtención correcta objetosdb usuario:1 app 3
20181129 10:04:19 Obtención correcta objetosdb usuario:1 app 3
20181129 10:04:24 Obtención correcta objetosdb usuario:1 app 3
20181129 10:04:25 Obtención correcta ObtenIndicaores usuario:1 app 3
20181129 10:04:25 Obtención correcta objetosdb usuario:1 app 3
20181129 10:04:26 Obtención correcta objetosdb usuario:1 app 3
20181129 10:04:27 Obtención correcta objetosdb usuario:1 app 3
20181129 10:04:30 Obtención correcta objetosdb usuario:1 app 3
20181129 10:04:33 Obtención correcta objetosdb usuario:1 app 3
20181129 10:04:33 Obtención correcta objetosdb usuario:1 app 3
20181129 10:04:34 Obtención correcta ObtenIndicaores usuario:1 app 3
20181129 10:04:37 Obtención correcta objetosdb usuario:1 app 3
20181129 10:04:37 Obtención correcta objetosdb usuario:1 app 3
20181129 10:04:41 Obtención correcta objetosdb usuario:1 app 3
20181129 10:04:45 Obtención correcta objetosdb usuario:1 app 3
20181129 10:04:47 Obtención correcta objetosdb usuario:1 app 3
20181129 10:04:52 Obtención correcta objetosdb usuario:1 app 3
20181129 10:04:52 Obtención correcta ObtenIndicaores usuario:1 app 3
20181129 10:04:56 Obtención correcta objetosdb usuario:1 app 3
20181129 10:05:06 Obtención correcta objetosdb usuario:1 app 3
20181129 10:05:06 Obtención correcta objetosdb usuario:1 app 3
20181129 10:05:07 Obtención correcta ObtenIndicaores usuario:1 app 3
20181129 10:06:22 Obtención correcta objetosdb usuario:1 app 3
20181129 10:06:23 Obtención correcta ObtenIndicaores usuario:1 app 3
20181129 10:06:24 Obtención correcta objetosdb usuario:1 app 3
20181129 10:07:03 Obtención correcta objetosdb usuario:1 app 3
20181129 10:07:04 Obtención correcta objetosdb usuario:1 app 3
20181129 10:07:18 Obtención correcta objetosdb usuario:1 app 3
20181129 10:07:19 Obtención correcta objetosdb usuario:1 app 3
20181129 10:07:20 Obtención correcta ObtenIndicaores usuario:1 app 3
20181129 10:07:21 Obtención correcta objetosdb usuario:1 app 3
20181129 10:07:21 Obtención correcta RelacionesTablas usuario:1 app 3
20181129 10:09:22 Acceso correcto usuario info
20181129 10:09:22 Obtención correcta areas usuario:1
20181129 10:09:22 Avance correcto proceso 0
20181129 10:09:26 Obtención correcta areas usuario:1
20181129 10:09:41 Obtención correcta areas usuario:1
20181129 10:09:49 Obtención correcta aplicaciones usuario:1 area 1
20181129 10:09:51 Obtención correcta objetosdb usuario:1 app 1
20181129 10:09:51 Obtención correcta ObtenIndicaores usuario:1 app 1
20181129 10:09:52 Obtención correcta objetosdb usuario:1 app 1
20181129 10:11:07 Acceso correcto usuario info
20181129 10:11:07 Obtención correcta areas usuario:1
20181129 10:11:07 Avance correcto proceso 0
20181129 10:11:11 Obtención correcta areas usuario:1
20181129 10:11:17 Obtención correcta areas usuario:1
20181129 10:11:38 Obtención correcta objetosdb usuario:1 app 0
20181129 10:11:38 Obtención correcta ObtenIndicaores usuario:1 app 0
20181129 10:11:54 Obtención incorrecta aplicaciones usuario:1 app 0
20181129 10:12:04 Acceso correcto usuario info
20181129 10:12:04 Obtención correcta areas usuario:1
20181129 10:12:05 Avance correcto proceso 0
20181129 10:12:12 Obtención correcta areas usuario:1
20181129 10:12:16 Obtención correcta aplicaciones usuario:1 area 1
20181129 10:12:17 Obtención correcta objetosdb usuario:1 app 1
20181129 10:12:18 Obtención correcta ObtenIndicaores usuario:1 app 1
20181129 10:12:18 Obtención correcta objetosdb usuario:1 app 1
20181129 10:12:19 Obtención correcta objetosdb usuario:1 app 1
20181129 10:12:19 Obtención correcta ObtenIndicaores usuario:1 app 1
20181129 10:12:20 Obtención correcta ObtenIndicaores usuario:1 app 1
20181129 10:12:20 Obtención correcta objetosdb usuario:1 app 1
20181129 10:12:20 Obtención correcta objetosdb usuario:1 app 1
20181129 10:12:20 Obtención correcta objetosdb usuario:1 app 1
20181129 10:12:22 Obtención correcta objetosdb usuario:1 app 1
20181129 10:12:23 Obtención correcta objetosdb usuario:1 app 1
20181129 10:12:23 Obtención correcta ObtenIndicaores usuario:1 app 1
20181129 10:14:15 Acceso correcto usuario info
20181129 10:14:15 Obtención correcta areas usuario:1
20181129 10:14:15 Avance correcto proceso 0
20181129 10:14:18 Obtención correcta areas usuario:1
20181129 10:14:24 Obtención correcta aplicaciones usuario:1 area 1
20181129 10:14:25 Obtención correcta objetosdb usuario:1 app 1
20181129 10:14:26 Obtención correcta ObtenIndicaores usuario:1 app 1
20181129 10:14:27 Obtención correcta objetosdb usuario:1 app 1
20181129 10:14:30 Obtención correcta objetosdb usuario:1 app 1
20181129 10:14:31 Obtención correcta objetosdb usuario:1 app 1
20181129 10:14:31 Obtención correcta ObtenIndicaores usuario:1 app 1
20181129 10:14:33 Obtención correcta objetosdb usuario:1 app 1
20181129 10:14:33 Obtención correcta objetosdb usuario:1 app 1
20181129 10:14:36 Obtención correcta objetosdb usuario:1 app 1
20181129 10:14:38 Obtención correcta objetosdb usuario:1 app 1
20181129 10:14:40 Obtención correcta objetosdb usuario:1 app 1
20181129 10:14:42 Obtención correcta objetosdb usuario:1 app 1
20181129 10:15:54 Obtención correcta areas usuario:1
20181129 10:15:54 Avance correcto proceso 0
20181129 10:16:51 Obtención correcta areas usuario:1
20181129 10:16:54 Obtención correcta aplicaciones usuario:1 area 1
20181129 10:16:55 Obtención correcta objetosdb usuario:1 app 1
20181129 10:16:56 Obtención correcta ObtenIndicaores usuario:1 app 1
20181129 10:16:57 Obtención correcta objetosdb usuario:1 app 1
20181129 10:30:44 Obtención correcta objetosdb usuario:1 app 1
20181129 10:30:45 Obtención correcta objetosdb usuario:1 app 1
20181129 10:30:45 Obtención correcta ObtenIndicaores usuario:1 app 1
20181129 10:30:46 Obtención correcta objetosdb usuario:1 app 1
20181129 10:30:46 Obtención correcta objetosdb usuario:1 app 1
20181129 10:30:50 Obtención correcta objetosdb usuario:1 app 1
20181129 10:31:01 Obtención correcta objetosdb usuario:1 app 1
20181129 10:31:03 Obtención correcta objetosdb usuario:1 app 1
20181129 10:31:03 Obtención correcta ObtenIndicaores usuario:1 app 1
20181129 10:31:05 Obtención correcta objetosdb usuario:1 app 1
20181129 10:31:06 Obtención correcta objetosdb usuario:1 app 1
20181129 10:32:12 Obtención correcta ObtenIndicaores usuario:1 app 1
20181129 10:32:12 Obtención correcta objetosdb usuario:1 app 1
20181129 10:32:13 Obtención correcta objetosdb usuario:1 app 1
20181129 10:32:18 Obtención correcta objetosdb usuario:1 app 1
20181129 10:32:18 Obtención correcta objetosdb usuario:1 app 1
20181129 10:32:20 Obtención correcta objetosdb usuario:1 app 1
20181129 10:32:23 Obtención correcta objetosdb usuario:1 app 1
20181129 10:32:23 Obtención correcta ObtenIndicaores usuario:1 app 1
20181129 10:32:24 Obtención correcta objetosdb usuario:1 app 1
20181129 10:32:24 Obtención correcta objetosdb usuario:1 app 1
20181129 10:32:25 Obtención correcta ObtenIndicaores usuario:1 app 1
20181129 10:32:25 Obtención correcta ObtenIndicaores usuario:1 app 1
20181129 10:32:25 Obtención correcta objetosdb usuario:1 app 1
20181129 10:32:26 Obtención correcta objetosdb usuario:1 app 1
20181129 10:32:26 Obtención correcta objetosdb usuario:1 app 1
20181129 10:32:26 Obtención correcta objetosdb usuario:1 app 1
20181129 10:32:27 Obtención correcta objetosdb usuario:1 app 1
20181129 10:32:27 Obtención correcta ObtenIndicaores usuario:1 app 1
20181129 10:55:04 Acceso correcto usuario info
20181129 10:55:04 Obtención correcta areas usuario:1
20181129 10:55:04 Avance correcto proceso 0
20181129 10:55:07 Obtención correcta areas usuario:1
20181129 10:55:10 Obtención correcta aplicaciones usuario:1 area 1
20181129 10:55:12 Obtención correcta objetosdb usuario:1 app 1
20181129 10:55:13 Obtención correcta ObtenIndicaores usuario:1 app 1
20181129 10:55:14 Obtención correcta objetosdb usuario:1 app 1
20181129 10:55:18 Obtención correcta objetosdb usuario:1 app 1
20181129 10:55:19 Obtención correcta RelacionesTablas usuario:1 app 1
20181129 10:55:48 Obtención correcta relaciondetalle usuario:1 app 414
20181129 10:55:57 Obtención correcta objetosdb usuario:1 app 1
20181129 10:55:57 Obtención correcta objetosdb usuario:1 app 1
20181129 10:55:58 Obtención correcta ObtenIndicaores usuario:1 app 1
20181129 10:56:00 Obtención correcta objetosdb usuario:1 app 1
20181129 10:56:01 Obtención correcta objetosdb usuario:1 app 1
20181129 10:56:05 Obtención correcta objetosdb usuario:1 app 1
20181129 10:56:40 Obtención correcta objetosdb usuario:1 app 1
20181129 10:57:48 Obtención correcta areas usuario:1
20181129 10:57:51 Obtención correcta areas usuario:1
20181129 10:57:51 Consulta correcta usuario 1
20181129 10:58:43 Obtención correcta areas usuario:1
20181129 10:58:49 Obtención correcta aplicaciones usuario:1 area 1
20181129 10:58:50 Obtención correcta objetosdb usuario:1 app 1
20181129 10:58:51 Obtención correcta ObtenIndicaores usuario:1 app 1
20181129 10:58:52 Obtención correcta objetosdb usuario:1 app 1
20181129 10:59:00 Obtención correcta objetosdb usuario:1 app 1
20181129 10:59:01 Obtención correcta RelacionesTablas usuario:1 app 1
20181129 10:59:08 Obtención correcta objetosdb usuario:1 app 1
20181129 10:59:09 Obtención correcta ObtenIndicaores usuario:1 app 1
20181129 10:59:09 Obtención correcta objetosdb usuario:1 app 1
20181129 10:59:10 Obtención correcta objetosdb usuario:1 app 1
20181129 10:59:10 Obtención correcta objetosdb usuario:1 app 1
20181129 10:59:53 Obtención correcta ObtenIndicaores usuario:1 app 1
20181129 10:59:53 Obtención correcta objetosdb usuario:1 app 1
20181129 10:59:54 Obtención correcta objetosdb usuario:1 app 1
20181129 10:59:55 Obtención correcta RelacionesTablas usuario:1 app 1
20181129 10:59:55 Obtención correcta objetosdb usuario:1 app 1
20181129 11:00:31 Obtención correcta objetosdb usuario:1 app 1
20181129 11:00:31 Obtención correcta objetosdb usuario:1 app 1
20181129 11:00:32 Obtención correcta objetosdb usuario:1 app 1
20181129 11:00:32 Obtención correcta objetosdb usuario:1 app 1
20181129 11:00:32 Obtención correcta ObtenIndicaores usuario:1 app 1
20181129 11:00:32 Obtención correcta ObtenIndicaores usuario:1 app 1
20181129 11:00:33 Obtención correcta objetosdb usuario:1 app 1
20181129 11:00:34 Obtención correcta objetosdb usuario:1 app 1
20181129 11:00:36 Obtención correcta objetosdb usuario:1 app 1
20181129 11:00:37 Obtención correcta ObtenIndicaores usuario:1 app 1
20181129 11:00:38 Obtención correcta objetosdb usuario:1 app 1
20181129 11:00:38 Obtención correcta RelacionesTablas usuario:1 app 1
20181129 11:00:39 Obtención correcta objetosdb usuario:1 app 1
20181129 11:02:17 Dependencias.ActualizaDiagramaInput string was not in a correct format.
20181129 11:02:32 Dependencias.ActualizaDiagramaInput string was not in a correct format.
20181129 11:02:34 Dependencias.ActualizaDiagramaInput string was not in a correct format.
20181129 11:05:46 Obtención correcta objetosdb usuario:1 app 1
20181129 11:05:47 Obtención correcta ObtenIndicaores usuario:1 app 1
20181129 11:05:48 Obtención correcta objetosdb usuario:1 app 1
20181129 11:07:54 Obtención correcta RelacionesTablas usuario:1 app 1
20181129 11:07:55 Obtención correcta objetosdb usuario:1 app 1
20181129 11:09:08 Obtención correcta objetosdb usuario:1 app 1
20181129 11:09:08 Obtención correcta ObtenIndicaores usuario:1 app 1
20181129 11:09:09 Obtención correcta objetosdb usuario:1 app 1
20181129 11:09:09 Obtención correcta objetosdb usuario:1 app 1
20181129 11:09:10 Obtención correcta ObtenIndicaores usuario:1 app 1
20181129 11:09:10 Obtención correcta objetosdb usuario:1 app 1
20181129 11:09:13 Obtención correcta objetosdb usuario:1 app 1
20181129 11:09:13 Obtención correcta objetosdb usuario:1 app 1
20181129 11:09:13 Obtención correcta ObtenIndicaores usuario:1 app 1
20181129 11:09:13 Obtención correcta ObtenIndicaores usuario:1 app 1
20181129 11:09:14 Obtención correcta objetosdb usuario:1 app 1
20181129 11:09:14 Obtención correcta objetosdb usuario:1 app 1
20181129 11:09:14 Obtención correcta objetosdb usuario:1 app 1
20181129 11:09:14 Obtención correcta objetosdb usuario:1 app 1
20181129 11:09:15 Obtención correcta ObtenIndicaores usuario:1 app 1
20181129 11:09:15 Obtención correcta ObtenIndicaores usuario:1 app 1
20181129 11:09:15 Obtención correcta objetosdb usuario:1 app 1
20181129 11:09:15 Obtención correcta objetosdb usuario:1 app 1
20181129 11:09:16 Obtención correcta objetosdb usuario:1 app 1
20181129 11:09:17 Obtención correcta objetosdb usuario:1 app 1
20181129 11:10:48 Obtención correcta objetosdb usuario:1 app 1
20181129 11:10:48 Obtención correcta objetosdb usuario:1 app 1
20181129 11:10:48 Obtención correcta ObtenIndicaores usuario:1 app 1
20181129 11:10:48 Obtención correcta ObtenIndicaores usuario:1 app 1
20181129 11:10:49 Obtención correcta objetosdb usuario:1 app 1
20181129 11:10:49 Obtención correcta objetosdb usuario:1 app 1
20181129 11:10:51 Obtención correcta objetosdb usuario:1 app 1
20181129 11:10:51 Obtención correcta objetosdb usuario:1 app 1
20181129 11:10:51 Obtención correcta ObtenIndicaores usuario:1 app 1
20181129 11:10:51 Obtención correcta ObtenIndicaores usuario:1 app 1
20181129 11:10:52 Obtención correcta objetosdb usuario:1 app 1
20181129 11:10:52 Obtención correcta objetosdb usuario:1 app 1
20181129 11:11:46 Obtención correcta areas usuario:1
20181129 11:11:46 Consulta correcta usuario 1
20181129 11:16:47 Obtención correcta areas usuario:1
20181129 11:16:51 Obtención correcta aplicaciones usuario:1 area 1
20181129 11:16:53 Obtención correcta objetosdb usuario:1 app 1
20181129 11:16:53 Obtención correcta ObtenIndicaores usuario:1 app 1
20181129 11:16:54 Obtención correcta objetosdb usuario:1 app 1
20181129 11:17:16 Obtención correcta objetosdb usuario:1 app 1
20181129 11:17:17 Obtención correcta ObtenIndicaores usuario:1 app 1
20181129 11:17:17 Obtención correcta objetosdb usuario:1 app 1
20181129 11:17:21 Obtención correcta RelacionesTablas usuario:1 app 1
20181129 11:17:22 Obtención correcta objetosdb usuario:1 app 1
20181129 11:25:41 Acceso correcto usuario info
20181129 11:25:41 Obtención correcta areas usuario:1
20181129 11:25:41 Avance correcto proceso 0
20181129 11:25:46 Obtención correcta areas usuario:1
20181129 11:25:50 Obtención correcta aplicaciones usuario:1 area 1
20181129 11:25:52 Obtención correcta objetosdb usuario:1 app 1
20181129 11:25:53 Obtención correcta objetosdb usuario:1 app 1
20181129 11:25:54 Obtención correcta ObtenIndicaores usuario:1 app 1
20181129 11:25:54 Obtención correcta objetosdb usuario:1 app 1
20181129 11:25:55 Obtención correcta RelacionesTablas usuario:1 app 1
20181129 11:27:02 Dependencias.ActualizaDiagramaInput string was not in a correct format.
20181129 11:28:57 Obtención correcta relaciondetalle usuario:1 app 414
20181129 11:29:34 Obtención correcta areas usuario:1
20181129 11:29:34 Consulta correcta usuario 1
20181129 11:33:07 Acceso correcto usuario info
20181129 11:33:07 Obtención correcta areas usuario:1
20181129 11:33:07 Avance correcto proceso 0
20181129 11:33:11 Obtención correcta areas usuario:1
20181129 11:33:17 Obtención correcta areas usuario:1
20181129 11:33:17 Consulta correcta usuario 1
20181129 11:33:22 Obtención correcta areas usuario:1
20181129 11:33:35 Consulta correcta usuario 1
20181129 11:36:12 Acceso correcto usuario info
20181129 11:36:12 Obtención correcta areas usuario:1
20181129 11:36:12 Avance correcto proceso 0
20181129 11:36:19 Obtención correcta areas usuario:1
20181129 11:36:19 Consulta correcta usuario 1
20181129 11:36:34 Obtención correcta areas usuario:1
20181129 11:36:37 Obtención correcta aplicaciones usuario:1 area 1
20181129 11:36:39 Obtención correcta objetosdb usuario:1 app 1
20181129 11:36:40 Obtención correcta ObtenIndicaores usuario:1 app 1
20181129 11:36:40 Obtención correcta objetosdb usuario:1 app 1
20181129 11:36:41 Obtención correcta RelacionesTablas usuario:1 app 1
20181129 11:36:42 Obtención correcta objetosdb usuario:1 app 1
20181129 11:37:32 Obtención correcta objetosdb usuario:1 app 1
20181129 11:37:32 Obtención correcta ObtenIndicaores usuario:1 app 1
20181129 11:37:32 Obtención correcta objetosdb usuario:1 app 1
20181129 11:37:34 Obtención correcta objetosdb usuario:1 app 1
20181129 11:37:35 Obtención correcta objetosdb usuario:1 app 1
20181129 11:37:38 Obtención correcta objetosdb usuario:1 app 1
20181129 11:37:40 Obtención correcta objetosdb usuario:1 app 1
20181129 11:37:40 Obtención correcta objetosdb usuario:1 app 1
20181129 11:37:41 Obtención correcta ObtenIndicaores usuario:1 app 1
20181129 11:37:41 Obtención correcta objetosdb usuario:1 app 1
20181129 11:37:42 Obtención correcta objetosdb usuario:1 app 1
20181129 11:37:44 Obtención incorrecta aplicaciones usuario:1 app 1
20181129 11:37:45 Obtención correcta ObtenIndicaores usuario:1 app 1
20181129 11:37:45 Obtención correcta objetosdb usuario:1 app 1
20181129 11:37:47 Obtención correcta objetosdb usuario:1 app 1
20181129 11:37:48 Obtención correcta objetosdb usuario:1 app 1
20181129 11:37:48 Obtención correcta objetosdb usuario:1 app 1
20181129 11:37:50 Obtención correcta objetosdb usuario:1 app 1
20181129 11:37:51 Obtención correcta objetosdb usuario:1 app 1
20181129 11:37:51 Obtención correcta ObtenIndicaores usuario:1 app 1
20181129 11:37:52 Obtención correcta objetosdb usuario:1 app 1
20181129 11:37:53 Obtención correcta objetosdb usuario:1 app 1
20181129 11:37:55 Obtención correcta objetosdb usuario:1 app 1
20181129 11:37:56 Obtención correcta objetosdb usuario:1 app 1
20181129 11:37:56 Obtención correcta ObtenIndicaores usuario:1 app 1
20181129 11:37:57 Obtención correcta objetosdb usuario:1 app 1
20181129 11:37:59 Obtención correcta objetosdb usuario:1 app 1
20181129 11:37:59 Obtención correcta objetosdb usuario:1 app 1
20181129 11:38:02 Obtención correcta objetosdb usuario:1 app 1
20181129 11:38:03 Obtención correcta objetosdb usuario:1 app 1
20181129 11:38:03 Obtención correcta ObtenIndicaores usuario:1 app 1
20181129 11:38:07 Obtención correcta objetosdb usuario:1 app 1
20181129 11:38:07 Obtención correcta objetosdb usuario:1 app 1
20181129 11:38:08 Obtención correcta ObtenIndicaores usuario:1 app 1
20181129 11:38:09 Obtención correcta objetosdb usuario:1 app 1
20181129 11:38:09 Obtención correcta objetosdb usuario:1 app 1
20181129 11:38:11 Obtención correcta objetosdb usuario:1 app 1
20181129 11:38:14 Obtención correcta objetosdb usuario:1 app 1
20181129 11:38:14 Obtención correcta ObtenIndicaores usuario:1 app 1
20181129 11:38:15 Obtención correcta objetosdb usuario:1 app 1
20181129 11:38:15 Obtención correcta objetosdb usuario:1 app 1
20181129 11:38:16 Obtención correcta objetosdb usuario:1 app 1
20181129 11:38:16 Obtención correcta ObtenIndicaores usuario:1 app 1
20181129 11:38:17 Obtención correcta objetosdb usuario:1 app 1
20181129 11:38:17 Obtención correcta objetosdb usuario:1 app 1
20181129 11:38:20 Obtención correcta objetosdb usuario:1 app 1
20181129 11:38:22 Obtención correcta ObtenIndicaores usuario:1 app 1
20181129 11:38:22 Obtención correcta objetosdb usuario:1 app 1
20181129 11:38:23 Obtención correcta objetosdb usuario:1 app 1
20181129 11:38:25 Obtención correcta objetosdb usuario:1 app 1
20181129 11:38:26 Obtención correcta objetosdb usuario:1 app 1
20181129 11:38:28 Obtención correcta objetosdb usuario:1 app 1
20181129 11:38:31 Obtención correcta ObtenIndicaores usuario:1 app 1
20181129 11:38:31 Obtención correcta objetosdb usuario:1 app 1
20181129 11:38:31 Obtención correcta objetosdb usuario:1 app 1
20181129 11:38:34 Obtención correcta objetosdb usuario:1 app 1
20181129 11:38:38 Obtención correcta objetosdb usuario:1 app 1
20181129 11:38:38 Obtención correcta objetosdb usuario:1 app 1
20181129 11:38:38 Obtención correcta ObtenIndicaores usuario:1 app 1
20181129 11:38:40 Obtención correcta objetosdb usuario:1 app 1
20181129 11:38:41 Obtención correcta objetosdb usuario:1 app 1
20181129 11:38:43 Obtención correcta objetosdb usuario:1 app 1
20181129 11:38:44 Obtención correcta objetosdb usuario:1 app 1
20181129 11:38:45 Obtención correcta objetosdb usuario:1 app 1
20181129 11:38:45 Obtención correcta ObtenIndicaores usuario:1 app 1
20181129 11:38:46 Obtención correcta objetosdb usuario:1 app 1
20181129 11:38:47 Obtención correcta objetosdb usuario:1 app 1
20181129 11:38:51 Obtención correcta objetosdb usuario:1 app 1
20181129 11:38:54 Obtención correcta objetosdb usuario:1 app 1
20181129 11:38:55 Obtención correcta ObtenIndicaores usuario:1 app 1
20181129 11:38:58 Obtención correcta objetosdb usuario:1 app 1
20181129 11:38:59 Obtención correcta objetosdb usuario:1 app 1
20181129 11:39:01 Obtención correcta objetosdb usuario:1 app 1
20181129 11:39:06 Obtención correcta objetosdb usuario:1 app 1
20181129 11:39:07 Obtención correcta ObtenIndicaores usuario:1 app 1
20181129 11:39:07 Obtención correcta objetosdb usuario:1 app 1
20181129 11:39:19 Obtención correcta objetosdb usuario:1 app 1
20181129 11:39:20 Obtención correcta ObtenIndicaores usuario:1 app 1
20181129 11:39:20 Obtención correcta objetosdb usuario:1 app 1
20181129 11:39:46 Obtención correcta areas usuario:1
20181129 11:39:47 Consulta correcta usuario 1
20181129 11:40:46 Obtención correcta areas usuario:1
20181129 11:40:46 Avance correcto proceso 0
20181129 11:40:53 Obtención correcta areas usuario:1
20181129 11:42:58 Obtención correcta aplicaciones usuario:1 area 1
20181129 11:43:02 Obtención correcta objetosdb usuario:1 app 1
20181129 11:43:04 Obtención correcta objetosdb usuario:1 app 1
20181129 11:43:04 Obtención correcta ObtenIndicaores usuario:1 app 1
20181129 11:43:20 Obtención correcta objetosdb usuario:1 app 1
20181129 11:43:20 Obtención correcta objetosdb usuario:1 app 1
20181129 11:43:29 Obtención correcta objetosdb usuario:1 app 1
20181129 11:43:30 Obtención correcta objetosdb usuario:1 app 1
20181129 11:43:32 Obtención correcta objetosdb usuario:1 app 1
20181129 11:43:33 Obtención correcta objetosdb usuario:1 app 1
20181129 11:43:39 Obtención correcta objetosdb usuario:1 app 1
20181129 11:44:11 Obtención correcta objetosdb usuario:1 app 1
20181129 11:44:15 Obtención correcta areas usuario:1
20181129 11:44:15 Avance correcto proceso 0
20181129 11:44:27 Obtención correcta areas usuario:1
20181129 11:44:32 Obtención correcta aplicaciones usuario:1 area 1
20181129 11:44:34 Obtención correcta objetosdb usuario:1 app 1
20181129 11:44:35 Obtención correcta ObtenIndicaores usuario:1 app 1
20181129 11:44:36 Obtención correcta objetosdb usuario:1 app 1
20181129 11:45:18 Obtención correcta objetosdb usuario:1 app 1
20181129 11:45:19 Obtención correcta objetosdb usuario:1 app 1
20181129 11:46:49 Obtención correcta objetosdb usuario:1 app 1
20181129 11:48:52 Obtención correcta objetosdb usuario:1 app 1
20181129 11:48:52 Obtención correcta objetosdb usuario:1 app 1
20181129 11:48:53 Obtención correcta objetosdb usuario:1 app 1
20181129 11:48:53 Obtención correcta objetosdb usuario:1 app 1
20181129 11:48:53 Obtención correcta ObtenIndicaores usuario:1 app 1
20181129 11:48:54 Obtención correcta ObtenIndicaores usuario:1 app 1
20181129 11:48:55 Obtención correcta objetosdb usuario:1 app 1
20181129 11:48:56 Obtención correcta objetosdb usuario:1 app 1
20181129 12:14:52 Acceso correcto usuario info
20181129 12:14:52 Obtención correcta areas usuario:1
20181129 12:14:52 Avance correcto proceso 0
20181129 12:14:57 Obtención correcta areas usuario:1
20181129 12:14:57 Avance correcto proceso 0
20181129 12:15:23 Obtención correcta areas usuario:1
20181129 12:28:36 Obtención correcta aplicaciones usuario:1 area 1
20181129 12:28:38 Obtención correcta objetosdb usuario:1 app 1
20181129 12:28:39 Obtención correcta ObtenIndicaores usuario:1 app 1
20181129 12:28:40 Obtención correcta objetosdb usuario:1 app 1
20181129 12:50:13 Obtención correcta objetosdb usuario:1 app 1
20181129 12:50:13 Obtención correcta objetosdb usuario:1 app 1
20181129 13:00:02 Acceso correcto usuario info
20181129 13:00:02 Obtención correcta areas usuario:1
20181129 13:00:02 Avance correcto proceso 0
20181129 13:00:08 Obtención correcta areas usuario:1
20181129 13:00:30 Obtención correcta aplicaciones usuario:1 area 1
20181129 13:00:33 Obtención correcta objetosdb usuario:1 app 1
20181129 13:00:33 Obtención correcta ObtenIndicaores usuario:1 app 1
20181129 13:00:34 Obtención correcta objetosdb usuario:1 app 1
20181129 13:00:37 Obtención correcta objetosdb usuario:1 app 1
20181129 13:00:38 Obtención correcta RelacionesTablas usuario:1 app 1
20181129 13:00:44 Obtención correcta ObtenIndicaores usuario:1 app 1
20181129 13:00:45 Obtención correcta objetosdb usuario:1 app 1
20181129 13:00:45 Obtención correcta objetosdb usuario:1 app 1
20181129 13:02:57 Acceso correcto usuario info
20181129 13:02:57 Obtención correcta areas usuario:1
20181129 13:02:57 Avance correcto proceso 0
20181129 13:03:06 Obtención correcta areas usuario:1
20181129 13:03:12 Obtención correcta areas usuario:1
20181129 13:03:57 Obtención correcta areas usuario:1
20181129 13:09:11 Acceso correcto usuario info
20181129 13:09:11 Obtención correcta areas usuario:1
20181129 13:09:11 Avance correcto proceso 0
20181129 13:09:25 Obtención correcta areas usuario:1
20181129 13:09:29 Obtención correcta aplicaciones usuario:1 area 1
20181129 13:09:31 Obtención correcta objetosdb usuario:1 app 1
20181129 13:09:32 Obtención correcta objetosdb usuario:1 app 1
20181129 13:09:32 Obtención correcta ObtenIndicaores usuario:1 app 1
20181129 13:18:53 Acceso correcto usuario info
20181129 13:18:53 Obtención correcta areas usuario:1
20181129 13:18:53 Avance correcto proceso 0
20181129 13:26:14 Obtención correcta areas usuario:1
20181129 13:26:18 Obtención correcta areas usuario:1
20181129 13:26:18 Avance correcto proceso 0
20181129 13:27:31 Obtención correcta areas usuario:1
20181129 13:27:35 Obtención correcta aplicaciones usuario:1 area 1
20181129 13:27:41 Obtención correcta objetosdb usuario:1 app 1
20181129 13:27:42 Obtención correcta objetosdb usuario:1 app 1
20181129 13:27:42 Obtención correcta ObtenIndicaores usuario:1 app 1
20181129 13:28:22 Obtención correcta objetosdb usuario:1 app 1
20181129 13:28:22 Obtención correcta objetosdb usuario:1 app 1
20181129 13:28:36 Obtención correcta objetosdb usuario:1 app 1
20181129 13:28:48 Obtención correcta ObtenIndicaores usuario:1 app 1
20181129 13:28:48 Obtención correcta objetosdb usuario:1 app 1
20181129 13:28:49 Obtención correcta objetosdb usuario:1 app 1
20181129 13:29:01 Obtención correcta objetosdb usuario:1 app 1
20181129 13:29:02 Obtención correcta objetosdb usuario:1 app 1
20181129 13:29:33 Obtención correcta objetosdb usuario:1 app 1
20181129 13:29:34 Obtención correcta objetosdb usuario:1 app 1
20181129 13:29:34 Obtención correcta ObtenIndicaores usuario:1 app 1
20181129 13:29:34 Obtención correcta ObtenIndicaores usuario:1 app 1
20181129 13:29:35 Obtención correcta objetosdb usuario:1 app 1
20181129 13:29:35 Obtención correcta objetosdb usuario:1 app 1
20181129 13:29:41 Obtención correcta objetosdb usuario:1 app 1
20181129 13:29:42 Obtención correcta RelacionesTablas usuario:1 app 1
20181129 13:30:03 Obtención correcta relaciondetalle usuario:1 app 414
20181129 13:30:29 Obtención correcta objetosdb usuario:1 app 1
20181129 13:30:30 Obtención correcta objetosdb usuario:1 app 1
20181129 13:30:31 Obtención correcta ObtenIndicaores usuario:1 app 1
20181129 13:30:33 Obtención correcta objetosdb usuario:1 app 1
20181129 13:30:33 Obtención correcta ObtenIndicaores usuario:1 app 1
20181129 13:30:33 Obtención correcta objetosdb usuario:1 app 1
20181129 13:30:34 Obtención correcta objetosdb usuario:1 app 1
20181129 13:30:34 Obtención correcta objetosdb usuario:1 app 1
20181129 13:30:34 Obtención correcta ObtenIndicaores usuario:1 app 1
20181129 13:30:46 Obtención correcta objetosdb usuario:1 app 1
20181129 13:30:46 Obtención correcta objetosdb usuario:1 app 1
20181129 13:30:52 Obtención correcta objetosdb usuario:1 app 1
20181129 13:30:57 Obtención correcta objetosdb usuario:1 app 1
20181129 13:42:07 Obtención correcta objetosdb usuario:1 app 1
20181129 13:46:32 Obtención correcta areas usuario:1
20181129 13:46:36 Obtención correcta areas usuario:1
20181129 13:46:36 Consulta correcta usuario 1
20181129 13:47:47 Obtención correcta areas usuario:1
20181129 13:47:49 Obtención correcta aplicaciones usuario:1 area 1
20181129 13:47:51 Obtención correcta objetosdb usuario:1 app 1
20181129 13:47:52 Obtención correcta ObtenIndicaores usuario:1 app 1
20181129 13:47:53 Obtención correcta objetosdb usuario:1 app 1
20181129 13:47:53 Obtención correcta objetosdb usuario:1 app 3
20181129 13:47:53 Obtención correcta objetosdb usuario:1 app 3
20181129 13:47:54 Obtención correcta ObtenIndicaores usuario:1 app 3
20181129 16:36:58 Acceso correcto usuario info
20181129 16:36:58 Obtención correcta areas usuario:1
20181129 16:36:58 Avance correcto proceso 0
20181129 16:37:14 Acceso correcto usuario info
20181129 16:37:14 Obtención correcta areas usuario:1
20181129 16:37:14 Avance correcto proceso 0
20181129 16:37:19 Obtención correcta areas usuario:1
20181129 16:37:24 Obtención correcta aplicaciones usuario:1 area 1
20181129 16:37:26 Obtención correcta objetosdb usuario:1 app 1
20181129 16:37:27 Obtención correcta ObtenIndicaores usuario:1 app 1
20181129 16:37:27 Obtención correcta objetosdb usuario:1 app 1
20181129 16:47:47 Acceso correcto usuario info
20181129 16:47:47 Obtención correcta areas usuario:1
20181129 16:47:47 Avance correcto proceso 0
20181129 16:48:10 Obtención correcta areas usuario:1
20181129 16:48:30 Obtención correcta aplicaciones usuario:1 area 1
20181129 16:48:32 Obtención correcta objetosdb usuario:1 app 1
20181129 16:48:33 Obtención correcta objetosdb usuario:1 app 1
20181129 16:48:33 Obtención correcta ObtenIndicaores usuario:1 app 1
20181129 16:57:16 Acceso correcto usuario info
20181129 16:57:16 Obtención correcta areas usuario:1
20181129 16:57:16 Avance correcto proceso 0
20181129 16:57:28 Obtención correcta areas usuario:1
20181129 17:00:51 Acceso correcto usuario info
20181129 17:00:51 Obtención correcta areas usuario:1
20181129 17:00:51 Avance correcto proceso 0
20181129 17:00:54 Obtención correcta areas usuario:1
20181129 17:01:09 Obtención correcta aplicaciones usuario:1 area 1
20181129 17:01:11 Obtención correcta objetosdb usuario:1 app 1
20181129 17:01:11 Obtención correcta ObtenIndicaores usuario:1 app 1
20181129 17:01:12 Obtención correcta objetosdb usuario:1 app 1
20181129 17:02:14 Obtención correcta RelacionesTablas usuario:1 app 1
20181129 17:02:15 Obtención correcta objetosdb usuario:1 app 1
20181129 17:04:53 Obtención correcta areas usuario:1
20181129 17:04:53 Avance correcto proceso 0
20181129 17:05:00 Obtención correcta areas usuario:1
20181129 17:05:03 Obtención correcta aplicaciones usuario:1 area 1
20181129 17:05:05 Obtención correcta objetosdb usuario:1 app 1
20181129 17:05:05 Obtención correcta ObtenIndicaores usuario:1 app 1
20181129 17:05:06 Obtención correcta objetosdb usuario:1 app 1
20181129 17:39:43 Acceso correcto usuario info
20181129 17:39:43 Obtención correcta areas usuario:1
20181129 17:39:43 Avance correcto proceso 0
20181129 17:39:52 Obtención correcta areas usuario:1
20181129 17:40:16 Obtención correcta aplicaciones usuario:1 area 1
20181129 17:40:20 Obtención correcta objetosdb usuario:1 app 1
20181129 17:40:21 Obtención correcta objetosdb usuario:1 app 1
20181129 17:40:21 Obtención correcta ObtenIndicaores usuario:1 app 1
20181129 17:40:50 Obtención correcta objetosdb usuario:1 app 1
20181129 17:45:45 Obtención correcta objetosdb usuario:1 app 1
20181129 17:45:45 Obtención correcta ObtenIndicaores usuario:1 app 1
20181129 17:45:46 Obtención correcta objetosdb usuario:1 app 1
20181129 17:45:49 Obtención correcta objetosdb usuario:1 app 1
20181129 17:45:50 Obtención correcta objetosdb usuario:1 app 1
20181129 17:45:50 Obtención correcta ObtenIndicaores usuario:1 app 1
20181129 17:46:44 Obtención correcta objetosdb usuario:1 app 1
20181129 17:46:44 Obtención correcta RelacionesTablas usuario:1 app 1
20181129 17:55:03 Obtención correcta relaciondetalle usuario:1 app 19
20181129 18:05:09 Acceso correcto usuario info
20181129 18:05:09 Obtención correcta areas usuario:1
20181129 18:05:09 Avance correcto proceso 0
20181129 18:05:13 Obtención correcta areas usuario:1
20181129 18:05:54 Obtención correcta aplicaciones usuario:1 area 1
20181129 18:05:56 Obtención correcta objetosdb usuario:1 app 1
20181129 18:05:56 Obtención correcta ObtenIndicaores usuario:1 app 1
20181129 18:05:57 Obtención correcta objetosdb usuario:1 app 1
20181129 19:22:33 Acceso correcto usuario info
20181129 19:22:33 Obtención correcta areas usuario:1
20181129 19:22:33 Avance correcto proceso 0
20181129 19:22:46 Obtención correcta areas usuario:1
20181129 19:22:49 Obtención correcta aplicaciones usuario:1 area 1
20181129 19:22:50 Obtención correcta objetosdb usuario:1 app 1
20181129 19:22:51 Obtención correcta objetosdb usuario:1 app 1
20181129 19:22:52 Obtención correcta ObtenIndicaores usuario:1 app 1
20181129 19:23:11 Obtención correcta objetosdb usuario:1 app 1
20181129 19:23:11 Obtención correcta RelacionesTablas usuario:1 app 1
20181129 19:55:13 Acceso correcto usuario info
20181129 19:55:13 Obtención correcta areas usuario:1
20181129 19:55:13 Avance correcto proceso 0
20181129 20:03:06 Obtención correcta areas usuario:1
20181129 20:03:06 Avance correcto proceso 0
20181129 20:04:44 Acceso correcto usuario info
20181129 20:04:44 Obtención correcta areas usuario:1
20181129 20:04:44 Avance correcto proceso 0
20181129 20:11:42 Acceso correcto usuario info
20181129 20:11:42 Obtención correcta areas usuario:1
20181129 20:11:42 Avance correcto proceso 0
20181129 20:16:36 Acceso correcto usuario info
20181129 20:16:36 Obtención correcta areas usuario:1
20181129 20:16:36 Avance correcto proceso 0
20181129 20:19:52 Acceso correcto usuario info
20181129 20:19:52 Obtención correcta areas usuario:1
20181129 20:19:52 Avance correcto proceso 0
20181129 20:36:50 Acceso correcto usuario info
20181129 20:36:50 Obtención correcta areas usuario:1
20181129 20:36:50 Avance correcto proceso 0
20181129 20:37:26 Obtención correcta areas usuario:1
20181129 20:37:32 Obtención correcta areas usuario:1
20181129 20:37:35 Obtención correcta areas usuario:1
20181129 20:37:35 Avance correcto proceso 0
20181129 20:48:23 Acceso correcto usuario info
20181129 20:48:23 Obtención correcta areas usuario:1
20181129 20:48:23 Avance correcto proceso 0
20181129 20:49:51 Acceso correcto usuario info
20181129 20:49:51 Obtención correcta areas usuario:1
20181129 20:49:51 Avance correcto proceso 0
20181129 20:55:06 Acceso correcto usuario info
20181129 20:55:06 Obtención correcta areas usuario:1
20181129 20:55:06 Avance correcto proceso 0
20181129 21:00:19 Acceso correcto usuario info
20181129 21:00:19 Obtención correcta areas usuario:1
20181129 21:00:19 Avance correcto proceso 0
20181129 21:05:16 Acceso correcto usuario info
20181129 21:05:16 Obtención correcta areas usuario:1
20181129 21:05:16 Avance correcto proceso 0
20181129 21:05:29 Obtención correcta areas usuario:1
20181129 21:05:29 Avance correcto proceso 0
20181129 21:09:08 Acceso correcto usuario info
20181129 21:09:08 Obtención correcta areas usuario:1
20181129 21:09:08 Avance correcto proceso 0
20181129 21:13:21 Acceso correcto usuario info
20181129 21:13:21 Obtención correcta areas usuario:1
20181129 21:13:21 Avance correcto proceso 0
20181129 21:13:35 Obtención correcta areas usuario:1
20181129 21:13:35 Avance correcto proceso 0
20181129 21:17:57 Acceso correcto usuario info
20181129 21:17:57 Obtención correcta areas usuario:1
20181129 21:17:57 Avance correcto proceso 0
20181129 21:18:56 Obtención correcta areas usuario:1
20181129 21:18:56 Avance correcto proceso 0
20181129 21:19:02 Obtención correcta areas usuario:1
20181129 21:19:02 Avance correcto proceso 0
20181129 21:22:07 Acceso correcto usuario info
20181129 21:22:07 Obtención correcta areas usuario:1
20181129 21:22:07 Avance correcto proceso 0
20181129 21:26:05 Acceso correcto usuario info
20181129 21:26:05 Obtención correcta areas usuario:1
20181129 21:26:05 Avance correcto proceso 0
20181129 21:40:53 Acceso correcto usuario info
20181129 21:40:53 Obtención correcta areas usuario:1
20181129 21:40:53 Avance correcto proceso 0
20181129 21:43:24 Obtención correcta areas usuario:1
20181129 21:43:24 Avance correcto proceso 0
20181129 21:50:12 Obtención correcta areas usuario:1
20181129 22:09:07 Acceso correcto usuario info
20181129 22:09:07 Obtención correcta areas usuario:1
20181129 22:09:07 Avance correcto proceso 0
20181129 22:09:14 Obtención correcta areas usuario:1
20181129 22:10:45 Obtención correcta aplicaciones usuario:1 area 1
20181129 22:10:46 Obtención correcta objetosdb usuario:1 app 1
20181129 22:10:47 Obtención correcta objetosdb usuario:1 app 1
20181129 22:10:47 Obtención correcta ObtenIndicaores usuario:1 app 1
20181129 22:10:53 Obtención correcta areas usuario:1
20181129 22:10:53 Avance correcto proceso 0
20181129 22:11:02 Obtención correcta areas usuario:1
20181129 22:11:54 Obtención correcta areas usuario:1
20181129 22:11:54 Avance correcto proceso 0
20181129 22:12:08 Proceso.GuardaProceso AplicacionID incorrecto 
20181129 22:12:08 Obtención correcta areas usuario:1
20181129 22:12:08 Avance correcto proceso 0
20181129 22:12:17 Obtención correcta areas usuario:1
20181129 22:12:17 Avance correcto proceso 0
20181129 22:12:27 Obtención correcta areas usuario:1
20181129 22:12:27 Avance correcto proceso 0
20181129 22:12:37 Obtención correcta areas usuario:1
20181129 22:12:37 Avance correcto proceso 0
20181129 22:12:47 Obtención correcta areas usuario:1
20181129 22:12:47 Avance correcto proceso 0
20181129 22:12:57 Obtención correcta areas usuario:1
20181129 22:12:57 Avance correcto proceso 0
20181129 22:13:07 Obtención correcta areas usuario:1
20181129 22:13:07 Avance correcto proceso 0
20181129 22:13:17 Obtención correcta areas usuario:1
20181129 22:13:17 Avance correcto proceso 0
20181129 22:13:27 Obtención correcta areas usuario:1
20181129 22:13:27 Avance correcto proceso 0
20181129 22:13:37 Obtención correcta areas usuario:1
20181129 22:13:37 Avance correcto proceso 0
20181129 22:13:47 Obtención correcta areas usuario:1
20181129 22:13:47 Avance correcto proceso 0
20181129 22:13:57 Obtención correcta areas usuario:1
20181129 22:13:57 Avance correcto proceso 0
20181129 22:14:07 Obtención correcta areas usuario:1
20181129 22:14:07 Avance correcto proceso 0
20181129 22:14:17 Obtención correcta areas usuario:1
20181129 22:14:18 Avance correcto proceso 0
20181129 22:14:27 Obtención correcta areas usuario:1
20181129 22:14:27 Avance correcto proceso 0
20181129 22:14:37 Obtención correcta areas usuario:1
20181129 22:14:37 Avance correcto proceso 0
20181129 22:14:47 Obtención correcta areas usuario:1
20181129 22:14:48 Avance correcto proceso 0
20181129 22:14:57 Obtención correcta areas usuario:1
20181129 22:14:58 Avance correcto proceso 0
20181129 22:15:07 Obtención correcta areas usuario:1
20181129 22:15:07 Avance correcto proceso 0
20181129 22:15:18 Obtención correcta areas usuario:1
20181129 22:15:18 Avance correcto proceso 0
20181129 22:15:27 Obtención correcta areas usuario:1
20181129 22:15:28 Avance correcto proceso 0
20181129 22:15:37 Obtención correcta areas usuario:1
20181129 22:15:38 Avance correcto proceso 0
20181129 22:15:47 Obtención correcta areas usuario:1
20181129 22:15:48 Avance correcto proceso 0
20181129 22:15:58 Obtención correcta areas usuario:1
20181129 22:15:58 Avance correcto proceso 0
20181129 22:16:08 Obtención correcta areas usuario:1
20181129 22:16:08 Avance correcto proceso 0
20181129 22:16:18 Obtención correcta areas usuario:1
20181129 22:16:18 Avance correcto proceso 0
20181129 22:16:28 Obtención correcta areas usuario:1
20181129 22:16:28 Avance correcto proceso 0
20181129 22:16:38 Obtención correcta areas usuario:1
20181129 22:16:38 Avance correcto proceso 0
20181129 22:16:48 Obtención correcta areas usuario:1
20181129 22:16:48 Avance correcto proceso 0
20181129 22:16:58 Obtención correcta areas usuario:1
20181129 22:16:58 Avance correcto proceso 0
20181129 22:17:08 Obtención correcta areas usuario:1
20181129 22:17:08 Avance correcto proceso 0
20181129 22:17:18 Obtención correcta areas usuario:1
20181129 22:17:18 Avance correcto proceso 0
20181129 22:17:28 Obtención correcta areas usuario:1
20181129 22:17:28 Avance correcto proceso 0
20181129 22:17:38 Obtención correcta areas usuario:1
20181129 22:17:38 Avance correcto proceso 0
20181129 22:17:48 Obtención correcta areas usuario:1
20181129 22:17:48 Avance correcto proceso 0
20181129 22:17:58 Obtención correcta areas usuario:1
20181129 22:17:58 Avance correcto proceso 0
20181129 22:18:08 Obtención correcta areas usuario:1
20181129 22:18:08 Avance correcto proceso 0
20181129 22:18:18 Obtención correcta areas usuario:1
20181129 22:18:18 Avance correcto proceso 0
20181129 22:18:28 Obtención correcta areas usuario:1
20181129 22:18:28 Avance correcto proceso 0
20181129 22:18:38 Obtención correcta areas usuario:1
20181129 22:18:38 Avance correcto proceso 0
20181129 22:18:48 Obtención correcta areas usuario:1
20181129 22:18:48 Avance correcto proceso 0
20181129 22:18:58 Obtención correcta areas usuario:1
20181129 22:18:58 Avance correcto proceso 0
20181129 22:19:08 Obtención correcta areas usuario:1
20181129 22:19:08 Avance correcto proceso 0
20181129 22:19:18 Obtención correcta areas usuario:1
20181129 22:19:18 Avance correcto proceso 0
20181129 22:19:28 Obtención correcta areas usuario:1
20181129 22:19:28 Avance correcto proceso 0
20181129 22:19:38 Obtención correcta areas usuario:1
20181129 22:19:38 Avance correcto proceso 0
20181129 22:19:48 Obtención correcta areas usuario:1
20181129 22:19:48 Avance correcto proceso 0
20181129 22:19:58 Obtención correcta areas usuario:1
20181129 22:19:58 Avance correcto proceso 0
20181129 22:20:08 Obtención correcta areas usuario:1
20181129 22:20:08 Avance correcto proceso 0
20181129 22:20:18 Obtención correcta areas usuario:1
20181129 22:20:18 Avance correcto proceso 0
20181129 22:20:28 Obtención correcta areas usuario:1
20181129 22:20:28 Avance correcto proceso 0
20181129 22:20:38 Obtención correcta areas usuario:1
20181129 22:20:38 Avance correcto proceso 0
20181129 22:20:48 Obtención correcta areas usuario:1
20181129 22:20:48 Avance correcto proceso 0
20181129 22:20:58 Obtención correcta areas usuario:1
20181129 22:20:58 Avance correcto proceso 0
20181129 22:21:08 Obtención correcta areas usuario:1
20181129 22:21:08 Avance correcto proceso 0
20181129 22:21:18 Obtención correcta areas usuario:1
20181129 22:21:18 Avance correcto proceso 0
20181129 22:21:28 Obtención correcta areas usuario:1
20181129 22:21:28 Avance correcto proceso 0
20181129 22:21:38 Obtención correcta areas usuario:1
20181129 22:21:38 Avance correcto proceso 0
20181129 22:21:48 Obtención correcta areas usuario:1
20181129 22:21:48 Avance correcto proceso 0
20181129 22:21:58 Obtención correcta areas usuario:1
20181129 22:21:58 Avance correcto proceso 0
20181129 22:22:08 Obtención correcta areas usuario:1
20181129 22:22:08 Avance correcto proceso 0
20181129 22:22:18 Obtención correcta areas usuario:1
20181129 22:22:18 Avance correcto proceso 0
20181129 22:22:28 Obtención correcta areas usuario:1
20181129 22:22:28 Avance correcto proceso 0
20181129 22:22:38 Obtención correcta areas usuario:1
20181129 22:22:38 Avance correcto proceso 0
20181129 22:22:48 Obtención correcta areas usuario:1
20181129 22:22:48 Avance correcto proceso 0
20181129 22:22:58 Obtención correcta areas usuario:1
20181129 22:22:58 Avance correcto proceso 0
20181129 22:23:08 Obtención correcta areas usuario:1
20181129 22:23:08 Avance correcto proceso 0
20181129 22:23:18 Obtención correcta areas usuario:1
20181129 22:23:18 Avance correcto proceso 0
20181129 22:23:28 Obtención correcta areas usuario:1
20181129 22:23:28 Avance correcto proceso 0
20181129 22:23:38 Obtención correcta areas usuario:1
20181129 22:23:38 Avance correcto proceso 0
20181129 22:23:48 Obtención correcta areas usuario:1
20181129 22:23:48 Avance correcto proceso 0
20181129 22:23:58 Obtención correcta areas usuario:1
20181129 22:23:58 Avance correcto proceso 0
20181129 22:24:08 Obtención correcta areas usuario:1
20181129 22:24:08 Avance correcto proceso 0
20181129 22:24:18 Obtención correcta areas usuario:1
20181129 22:24:18 Avance correcto proceso 0
20181129 22:24:28 Obtención correcta areas usuario:1
20181129 22:24:28 Avance correcto proceso 0
20181129 22:24:38 Obtención correcta areas usuario:1
20181129 22:24:38 Avance correcto proceso 0
20181129 22:24:48 Obtención correcta areas usuario:1
20181129 22:24:48 Avance correcto proceso 0
20181129 22:24:58 Obtención correcta areas usuario:1
20181129 22:24:58 Avance correcto proceso 0
20181129 22:25:08 Obtención correcta areas usuario:1
20181129 22:25:08 Avance correcto proceso 0
20181129 22:25:18 Obtención correcta areas usuario:1
20181129 22:25:18 Avance correcto proceso 0
20181129 22:25:28 Obtención correcta areas usuario:1
20181129 22:25:28 Avance correcto proceso 0
20181129 22:25:38 Obtención correcta areas usuario:1
20181129 22:25:38 Avance correcto proceso 0
20181129 22:25:48 Obtención correcta areas usuario:1
20181129 22:25:48 Avance correcto proceso 0
20181129 22:25:58 Obtención correcta areas usuario:1
20181129 22:25:58 Avance correcto proceso 0
20181129 22:26:08 Obtención correcta areas usuario:1
20181129 22:26:08 Avance correcto proceso 0
20181129 22:26:18 Obtención correcta areas usuario:1
20181129 22:26:18 Avance correcto proceso 0
20181129 22:26:28 Obtención correcta areas usuario:1
20181129 22:26:28 Avance correcto proceso 0
20181129 22:26:38 Obtención correcta areas usuario:1
20181129 22:26:38 Avance correcto proceso 0
20181129 22:26:48 Obtención correcta areas usuario:1
20181129 22:26:48 Avance correcto proceso 0
20181129 22:26:58 Obtención correcta areas usuario:1
20181129 22:26:58 Avance correcto proceso 0
20181129 22:27:08 Obtención correcta areas usuario:1
20181129 22:27:08 Avance correcto proceso 0
20181129 22:27:18 Obtención correcta areas usuario:1
20181129 22:27:18 Avance correcto proceso 0
20181129 22:27:28 Obtención correcta areas usuario:1
20181129 22:27:28 Avance correcto proceso 0
20181129 22:27:38 Obtención correcta areas usuario:1
20181129 22:27:38 Avance correcto proceso 0
20181129 22:27:48 Obtención correcta areas usuario:1
20181129 22:27:48 Avance correcto proceso 0
20181129 22:27:58 Obtención correcta areas usuario:1
20181129 22:27:58 Avance correcto proceso 0
20181129 22:28:08 Obtención correcta areas usuario:1
20181129 22:28:08 Avance correcto proceso 0
20181129 22:28:18 Obtención correcta areas usuario:1
20181129 22:28:18 Avance correcto proceso 0
20181129 22:28:28 Obtención correcta areas usuario:1
20181129 22:28:28 Avance correcto proceso 0
20181129 22:28:38 Obtención correcta areas usuario:1
20181129 22:28:38 Avance correcto proceso 0
20181129 22:28:48 Obtención correcta areas usuario:1
20181129 22:28:48 Avance correcto proceso 0
20181129 22:28:58 Obtención correcta areas usuario:1
20181129 22:28:58 Avance correcto proceso 0
20181129 22:29:08 Obtención correcta areas usuario:1
20181129 22:29:08 Avance correcto proceso 0
20181129 22:29:18 Obtención correcta areas usuario:1
20181129 22:29:18 Avance correcto proceso 0
20181129 22:29:28 Obtención correcta areas usuario:1
20181129 22:29:28 Avance correcto proceso 0
20181129 22:29:38 Obtención correcta areas usuario:1
20181129 22:29:38 Avance correcto proceso 0
20181129 22:29:48 Obtención correcta areas usuario:1
20181129 22:29:48 Avance correcto proceso 0
20181129 22:29:58 Obtención correcta areas usuario:1
20181129 22:29:58 Avance correcto proceso 0
20181129 22:30:08 Obtención correcta areas usuario:1
20181129 22:30:08 Avance correcto proceso 0
20181129 22:30:18 Obtención correcta areas usuario:1
20181129 22:30:18 Avance correcto proceso 0
20181129 22:30:28 Obtención correcta areas usuario:1
20181129 22:30:28 Avance correcto proceso 0
20181129 22:30:38 Obtención correcta areas usuario:1
20181129 22:30:38 Avance correcto proceso 0
20181129 22:30:48 Obtención correcta areas usuario:1
20181129 22:30:48 Avance correcto proceso 0
20181129 22:30:58 Obtención correcta areas usuario:1
20181129 22:30:58 Avance correcto proceso 0
20181129 22:31:08 Obtención correcta areas usuario:1
20181129 22:31:08 Avance correcto proceso 0
20181129 22:31:18 Obtención correcta areas usuario:1
20181129 22:31:18 Avance correcto proceso 0
20181129 22:31:28 Obtención correcta areas usuario:1
20181129 22:31:28 Avance correcto proceso 0
20181129 22:31:38 Obtención correcta areas usuario:1
20181129 22:31:38 Avance correcto proceso 0
20181129 22:31:48 Obtención correcta areas usuario:1
20181129 22:31:48 Avance correcto proceso 0
20181129 22:31:58 Obtención correcta areas usuario:1
20181129 22:31:58 Avance correcto proceso 0
20181129 22:32:08 Obtención correcta areas usuario:1
20181129 22:32:08 Avance correcto proceso 0
20181129 22:32:18 Obtención correcta areas usuario:1
20181129 22:32:18 Avance correcto proceso 0
20181129 22:32:28 Obtención correcta areas usuario:1
20181129 22:32:28 Avance correcto proceso 0
20181129 22:32:38 Obtención correcta areas usuario:1
20181129 22:32:38 Avance correcto proceso 0
20181129 22:32:48 Obtención correcta areas usuario:1
20181129 22:32:48 Avance correcto proceso 0
20181129 22:32:58 Obtención correcta areas usuario:1
20181129 22:32:58 Avance correcto proceso 0
20181129 22:33:08 Obtención correcta areas usuario:1
20181129 22:33:08 Avance correcto proceso 0
20181129 22:33:18 Obtención correcta areas usuario:1
20181129 22:33:18 Avance correcto proceso 0
20181129 22:33:28 Obtención correcta areas usuario:1
20181129 22:33:28 Avance correcto proceso 0
20181129 22:33:38 Obtención correcta areas usuario:1
20181129 22:33:38 Avance correcto proceso 0
20181129 22:33:48 Obtención correcta areas usuario:1
20181129 22:33:48 Avance correcto proceso 0
20181129 22:33:58 Obtención correcta areas usuario:1
20181129 22:33:58 Avance correcto proceso 0
20181129 22:34:08 Obtención correcta areas usuario:1
20181129 22:34:08 Avance correcto proceso 0
20181129 22:34:18 Obtención correcta areas usuario:1
20181129 22:34:18 Avance correcto proceso 0
20181129 22:34:28 Obtención correcta areas usuario:1
20181129 22:34:28 Avance correcto proceso 0
20181129 22:34:38 Obtención correcta areas usuario:1
20181129 22:34:38 Avance correcto proceso 0
20181129 22:34:48 Obtención correcta areas usuario:1
20181129 22:34:48 Avance correcto proceso 0
20181129 22:34:58 Obtención correcta areas usuario:1
20181129 22:34:58 Avance correcto proceso 0
20181129 22:35:08 Obtención correcta areas usuario:1
20181129 22:35:08 Avance correcto proceso 0
20181129 22:35:18 Obtención correcta areas usuario:1
20181129 22:35:18 Avance correcto proceso 0
20181129 22:48:55 Acceso correcto usuario info
20181129 22:48:55 Obtención correcta areas usuario:1
20181129 22:48:55 Avance correcto proceso 0
20181129 22:49:58 Obtención correcta areas usuario:1
20181129 22:49:58 Avance correcto proceso 0
20181129 22:51:09 Acceso correcto usuario info
20181129 22:51:09 Obtención correcta areas usuario:1
20181129 22:51:09 Avance correcto proceso 0
20181129 23:57:12 Acceso correcto usuario info
20181129 23:57:12 Obtención correcta areas usuario:1
20181129 23:57:12 Avance correcto proceso 0
20181129 23:57:37 actualizaStatus.UploadComplete Cannot create a file when that file already exists.

20181129 23:57:37 Obtención correcta areas usuario:1
20181129 23:57:37 Avance correcto proceso 0
20181129 23:57:46 Obtención correcta areas usuario:1
20181129 23:57:46 Avance correcto proceso 0
