20181213 09:31:39 Acceso correcto usuario info
20181213 09:31:39 Obtención correcta areas usuario:1
20181213 09:31:39 Avance incorrecto proceso 0
20181213 09:39:34 Acceso correcto usuario info
20181213 09:39:34 Obtención correcta areas usuario:1
20181213 09:39:34 Avance correcto proceso 0
20181213 09:39:43 Obtención correcta aplicaciones usuario:1 area 1
20181213 09:40:19 Obten Aplicaciones correcto usuario 1
20181213 09:40:19 Obtención correcta areas usuario:1
20181213 09:40:19 Obten Lenguajes correcto usuario 1
20181213 09:40:26 Obten Aplicaciones correcto usuario 1
20181213 09:40:26 Obtención correcta areas usuario:1
20181213 09:40:26 Obten Lenguajes correcto usuario 1
20181213 09:40:26 Obten Aplicaciones correcto usuario 1
20181213 09:41:06 Obtención correcta areas usuario:1
20181213 09:41:06 Avance correcto proceso 0
20181213 09:43:30 Obtención correcta aplicaciones usuario:1 area 1
20181213 09:44:07 actualizaStatus.UploadComplete Cannot apply indexing with [] to an expression of type 'System.Dynamic.DynamicObject'
20181213 09:44:09 Obtención correcta areas usuario:1
20181213 09:44:09 Avance correcto proceso 0
20181213 09:44:11 Obtención correcta areas usuario:1
20181213 09:44:11 Avance correcto proceso 0
20181213 09:44:12 Obtención correcta areas usuario:1
20181213 09:44:12 Avance correcto proceso 0
20181213 09:44:27 Obtención correcta areas usuario:1
20181213 09:44:27 Avance correcto proceso 0
20181213 09:44:37 Obtención correcta areas usuario:1
20181213 09:44:37 Avance correcto proceso 0
20181213 09:44:52 Obtención correcta areas usuario:1
20181213 09:44:52 Avance correcto proceso 0
20181213 09:45:04 Obtención correcta areas usuario:1
20181213 09:45:06 Avance correcto proceso 0
20181213 09:45:14 Obtención correcta areas usuario:1
20181213 09:45:14 Avance correcto proceso 0
20181213 09:45:24 Obtención correcta areas usuario:1
20181213 09:45:24 Avance correcto proceso 0
20181213 09:45:34 Obtención correcta areas usuario:1
20181213 09:45:34 Avance correcto proceso 0
20181213 09:45:45 Obtención correcta areas usuario:1
20181213 09:45:45 Avance correcto proceso 0
20181213 09:45:55 Obtención correcta areas usuario:1
20181213 09:45:55 Avance correcto proceso 0
20181213 09:46:38 Obtención correcta areas usuario:1
20181213 09:46:40 Avance correcto proceso 0
20181213 09:46:46 Obtención correcta areas usuario:1
20181213 09:46:46 Avance correcto proceso 0
20181213 09:47:35 Obtención correcta areas usuario:1
20181213 09:47:35 Avance correcto proceso 0
20181213 09:47:50 Obtención correcta areas usuario:1
20181213 09:47:50 Avance correcto proceso 0
20181213 09:48:02 Obtención correcta areas usuario:1
20181213 09:48:04 Avance correcto proceso 0
20181213 09:48:14 Obtención correcta areas usuario:1
20181213 09:48:14 Avance correcto proceso 0
20181213 09:48:29 Obtención correcta areas usuario:1
20181213 09:48:29 Avance correcto proceso 0
20181213 09:48:35 Obtención correcta areas usuario:1
20181213 09:48:35 Avance correcto proceso 0
20181213 09:48:45 Obtención correcta areas usuario:1
20181213 09:48:45 Avance correcto proceso 0
20181213 09:49:27 Obtención correcta areas usuario:1
20181213 09:49:28 Avance correcto proceso 0
20181213 09:49:44 Obtención correcta areas usuario:1
20181213 09:49:44 Avance correcto proceso 0
20181213 09:49:52 Obtención correcta areas usuario:1
20181213 09:49:52 Avance correcto proceso 0
20181213 09:53:05 Obtención correcta areas usuario:1
20181213 09:53:06 Avance correcto proceso 0
20181213 09:53:40 Obtención correcta areas usuario:1
20181213 09:53:40 Avance correcto proceso 0
20181213 09:55:20 Obtención correcta areas usuario:1
20181213 09:55:21 Avance correcto proceso 0
20181213 09:55:34 Obtención correcta areas usuario:1
20181213 09:55:34 Avance correcto proceso 0
20181213 09:55:44 Obtención correcta areas usuario:1
20181213 09:55:44 Avance correcto proceso 0
20181213 09:55:54 Obtención correcta areas usuario:1
20181213 09:55:54 Avance correcto proceso 0
20181213 09:56:04 Obtención correcta areas usuario:1
20181213 09:56:04 Avance correcto proceso 0
20181213 09:56:14 Obtención correcta areas usuario:1
20181213 09:56:14 Avance correcto proceso 0
20181213 09:56:24 Obtención correcta areas usuario:1
20181213 09:56:24 Avance correcto proceso 0
20181213 09:56:34 Obtención correcta areas usuario:1
20181213 09:56:34 Avance correcto proceso 0
20181213 09:56:44 Obtención correcta areas usuario:1
20181213 09:56:44 Avance correcto proceso 0
20181213 09:56:54 Obtención correcta areas usuario:1
20181213 09:56:54 Avance correcto proceso 0
20181213 09:57:18 Obtención correcta areas usuario:1
20181213 09:57:24 Avance correcto proceso 0
20181213 09:59:15 Obtención correcta areas usuario:1
20181213 09:59:33 Avance correcto proceso 0
20181213 10:25:43 Acceso correcto usuario info
20181213 10:25:43 Obtención correcta areas usuario:1
20181213 10:25:43 Avance correcto proceso 0
20181213 10:26:14 Obtención correcta aplicaciones usuario:1 area 1
20181213 10:27:10 Obtención correcta areas usuario:1
20181213 10:27:10 Avance correcto proceso 0
20181213 10:27:17 actualizaStatus.UploadComplete Cannot apply indexing with [] to an expression of type 'System.Dynamic.DynamicObject'
20181213 10:27:20 Obtención correcta areas usuario:1
20181213 10:27:20 Avance correcto proceso 0
20181213 10:27:30 Obtención correcta areas usuario:1
20181213 10:27:30 Avance correcto proceso 0
20181213 10:27:40 Obtención correcta areas usuario:1
20181213 10:27:40 Avance correcto proceso 0
20181213 10:27:50 Obtención correcta areas usuario:1
20181213 10:27:50 Avance correcto proceso 0
20181213 10:28:01 Obtención correcta areas usuario:1
20181213 10:28:01 Avance correcto proceso 0
20181213 10:28:11 Obtención correcta areas usuario:1
20181213 10:28:11 Avance correcto proceso 0
20181213 10:28:21 Obtención correcta areas usuario:1
20181213 10:28:21 Avance correcto proceso 0
20181213 10:28:31 Obtención correcta areas usuario:1
20181213 10:28:32 Avance correcto proceso 0
20181213 10:28:41 Obtención correcta areas usuario:1
20181213 10:28:41 Avance correcto proceso 0
20181213 10:28:51 Obtención correcta areas usuario:1
20181213 10:28:51 Avance correcto proceso 0
20181213 10:29:01 Obtención correcta areas usuario:1
20181213 10:29:01 Avance correcto proceso 0
20181213 10:29:11 Obtención correcta areas usuario:1
20181213 10:29:11 Avance correcto proceso 0
20181213 10:29:21 Obtención correcta areas usuario:1
20181213 10:29:22 Avance correcto proceso 0
20181213 10:29:31 Obtención correcta areas usuario:1
20181213 10:29:31 Avance correcto proceso 0
20181213 10:29:41 Obtención correcta areas usuario:1
20181213 10:29:41 Avance correcto proceso 0
20181213 10:29:51 Obtención correcta areas usuario:1
20181213 10:29:51 Avance correcto proceso 0
20181213 10:30:01 Obtención correcta areas usuario:1
20181213 10:30:01 Avance correcto proceso 0
20181213 10:30:11 Obtención correcta areas usuario:1
20181213 10:30:11 Avance correcto proceso 0
20181213 10:30:21 Obtención correcta areas usuario:1
20181213 10:30:21 Avance correcto proceso 0
20181213 10:30:31 Obtención correcta areas usuario:1
20181213 10:30:31 Avance correcto proceso 0
20181213 10:30:41 Obtención correcta areas usuario:1
20181213 10:30:42 Avance correcto proceso 0
20181213 10:30:51 Obtención correcta areas usuario:1
20181213 10:30:51 Avance correcto proceso 0
20181213 10:31:15 Obtención correcta areas usuario:1
20181213 10:31:15 Avance correcto proceso 0
20181213 10:50:51 Obtención correcta areas usuario:1
20181213 10:50:51 Avance correcto proceso 0
20181213 10:51:01 Obtención correcta areas usuario:1
20181213 10:51:01 Avance correcto proceso 0
20181213 10:51:11 Obtención correcta areas usuario:1
20181213 10:51:11 Avance correcto proceso 0
20181213 10:51:21 Obtención correcta areas usuario:1
20181213 10:51:21 Avance correcto proceso 0
20181213 10:51:39 Obtención correcta areas usuario:1
20181213 10:51:40 Avance correcto proceso 0
20181213 10:51:50 Obtención correcta areas usuario:1
20181213 10:51:50 Avance correcto proceso 0
20181213 10:52:31 Obtención correcta areas usuario:1
20181213 10:52:31 Avance correcto proceso 0
20181213 10:52:41 Obtención correcta areas usuario:1
20181213 10:52:42 Avance correcto proceso 0
20181213 10:53:45 Obtención correcta areas usuario:1
20181213 10:53:45 Avance correcto proceso 0
20181213 10:53:55 Obtención correcta areas usuario:1
20181213 10:53:55 Avance correcto proceso 0
20181213 10:54:52 Obtención correcta areas usuario:1
20181213 10:54:52 Avance correcto proceso 0
20181213 10:55:02 Obtención correcta areas usuario:1
20181213 10:55:02 Avance correcto proceso 0
20181213 10:55:12 Obtención correcta areas usuario:1
20181213 10:55:12 Avance correcto proceso 0
20181213 10:55:22 Obtención correcta areas usuario:1
20181213 10:55:22 Avance correcto proceso 0
20181213 11:01:40 Acceso correcto usuario info
20181213 11:01:40 Obtención correcta areas usuario:1
20181213 11:01:40 Avance correcto proceso 0
20181213 11:01:52 Obtención correcta aplicaciones usuario:1 area 1
20181213 11:02:14 Obtención correcta areas usuario:1
20181213 11:02:14 Avance correcto proceso 0
20181213 11:03:05 actualizaStatus.UploadComplete Cannot apply indexing with [] to an expression of type 'System.Dynamic.DynamicObject'
20181213 11:03:05 Obtención correcta areas usuario:1
20181213 11:03:05 Avance correcto proceso 0
20181213 11:03:14 Obtención correcta areas usuario:1
20181213 11:03:14 Avance correcto proceso 0
20181213 11:03:25 Obtención correcta areas usuario:1
20181213 11:03:25 Avance correcto proceso 0
20181213 11:03:35 Obtención correcta areas usuario:1
20181213 11:03:35 Avance correcto proceso 0
20181213 11:03:45 Obtención correcta areas usuario:1
20181213 11:03:45 Avance correcto proceso 0
20181213 11:03:55 Obtención correcta areas usuario:1
20181213 11:03:55 Avance correcto proceso 0
20181213 11:04:05 Obtención correcta areas usuario:1
20181213 11:04:05 Avance correcto proceso 0
20181213 11:04:16 Obtención correcta areas usuario:1
20181213 11:04:16 Avance correcto proceso 0
20181213 11:04:26 Obtención correcta areas usuario:1
20181213 11:04:26 Avance correcto proceso 0
20181213 11:04:36 Obtención correcta areas usuario:1
20181213 11:04:36 Avance correcto proceso 0
20181213 11:04:46 Obtención correcta areas usuario:1
20181213 11:04:46 Avance correcto proceso 0
20181213 11:04:56 Obtención correcta areas usuario:1
20181213 11:04:56 Avance correcto proceso 0
20181213 11:05:07 Obtención correcta areas usuario:1
20181213 11:05:07 Avance correcto proceso 0
20181213 11:05:17 Obtención correcta areas usuario:1
20181213 11:05:17 Avance correcto proceso 0
20181213 11:05:27 Obtención correcta areas usuario:1
20181213 11:05:27 Avance correcto proceso 0
20181213 11:05:40 Obtención correcta areas usuario:1
20181213 11:05:40 Avance correcto proceso 0
20181213 11:06:00 Obtención correcta areas usuario:1
20181213 11:06:00 Avance correcto proceso 0
20181213 11:06:59 Acceso correcto usuario info
20181213 11:06:59 Obtención correcta areas usuario:1
20181213 11:06:59 Avance correcto proceso 0
20181213 11:07:03 Obtención correcta aplicaciones usuario:1 area 1
20181213 11:07:59 actualizaStatus.UploadComplete Cannot apply indexing with [] to an expression of type 'System.Dynamic.DynamicObject'
20181213 11:07:59 Obtención correcta areas usuario:1
20181213 11:07:59 Avance correcto proceso 0
20181213 11:08:00 Obtención correcta areas usuario:1
20181213 11:08:00 Avance correcto proceso 0
20181213 11:08:09 Obtención correcta areas usuario:1
20181213 11:08:09 Avance correcto proceso 0
20181213 11:08:19 Obtención correcta areas usuario:1
20181213 11:08:19 Avance correcto proceso 0
20181213 11:08:29 Obtención correcta areas usuario:1
20181213 11:08:29 Avance correcto proceso 0
20181213 11:08:41 Obtención correcta areas usuario:1
20181213 11:08:41 Avance correcto proceso 0
20181213 11:08:51 Obtención correcta areas usuario:1
20181213 11:08:51 Avance correcto proceso 0
20181213 11:09:01 Obtención correcta areas usuario:1
20181213 11:09:01 Avance correcto proceso 0
20181213 11:09:11 Obtención correcta areas usuario:1
20181213 11:09:11 Avance correcto proceso 0
20181213 11:09:21 Obtención correcta areas usuario:1
20181213 11:09:21 Avance correcto proceso 0
20181213 11:09:31 Obtención correcta areas usuario:1
20181213 11:09:31 Avance correcto proceso 0
20181213 11:09:41 Obtención correcta areas usuario:1
20181213 11:09:41 Avance correcto proceso 0
20181213 11:09:51 Obtención correcta areas usuario:1
20181213 11:09:51 Avance correcto proceso 0
20181213 11:10:01 Obtención correcta areas usuario:1
20181213 11:10:01 Avance correcto proceso 0
20181213 11:10:11 Obtención correcta areas usuario:1
20181213 11:10:11 Avance correcto proceso 0
20181213 11:10:21 Obtención correcta areas usuario:1
20181213 11:10:21 Avance correcto proceso 0
20181213 11:10:31 Obtención correcta areas usuario:1
20181213 11:10:31 Avance correcto proceso 0
20181213 11:10:41 Obtención correcta areas usuario:1
20181213 11:10:41 Avance correcto proceso 0
20181213 11:10:51 Obtención correcta areas usuario:1
20181213 11:10:51 Avance correcto proceso 0
20181213 11:11:01 Obtención correcta areas usuario:1
20181213 11:11:01 Avance correcto proceso 0
20181213 11:11:11 Obtención correcta areas usuario:1
20181213 11:11:11 Avance correcto proceso 0
20181213 11:11:21 Obtención correcta areas usuario:1
20181213 11:11:21 Avance correcto proceso 0
20181213 11:11:31 Obtención correcta areas usuario:1
20181213 11:11:31 Avance correcto proceso 0
20181213 11:11:41 Obtención correcta areas usuario:1
20181213 11:11:41 Avance correcto proceso 0
20181213 11:11:51 Obtención correcta areas usuario:1
20181213 11:11:51 Avance correcto proceso 0
20181213 11:12:01 Obtención correcta areas usuario:1
20181213 11:12:01 Avance correcto proceso 0
20181213 11:12:11 Obtención correcta areas usuario:1
20181213 11:12:11 Avance correcto proceso 0
20181213 11:12:21 Obtención correcta areas usuario:1
20181213 11:12:21 Avance correcto proceso 0
20181213 11:12:24 Obtención correcta areas usuario:1
20181213 11:12:24 Avance correcto proceso 0
20181213 11:13:26 Acceso correcto usuario info
20181213 11:13:27 Obtención correcta areas usuario:1
20181213 11:13:27 Avance correcto proceso 0
20181213 11:13:39 Obtención correcta areas usuario:1
20181213 11:13:39 Avance correcto proceso 0
20181213 11:14:00 Obtención correcta aplicaciones usuario:1 area 1
20181213 11:14:14 Obtención correcta areas usuario:1
20181213 11:14:26 Obtención correcta aplicaciones usuario:1 area 1
20181213 11:14:32 Obtención correcta objetosdb usuario:1 app 27
20181213 11:14:33 Obtención incorrecta aplicaciones usuario:1 app 27
20181213 11:14:34 Obtención correcta ObtenIndicaores usuario:1 app 27
20181213 11:15:19 Obtención correcta areas usuario:1
20181213 11:15:19 Consulta correcta aplicacion 0
20181213 11:16:18 Acceso correcto usuario info
20181213 11:16:18 Obtención correcta areas usuario:1
20181213 11:16:18 Avance correcto proceso 0
20181213 11:16:23 Obtención correcta areas usuario:1
20181213 11:16:40 Obten usuarios correcto usuario 1
20181213 11:16:40 Obtención correcta areas usuario:1
20181213 11:16:40 Obten PERFILES correcto usuario 1
20181213 11:16:50 Obten usuarios correcto usuario 1
20181213 11:16:50 Obtención correcta areas usuario:1
20181213 11:16:50 Obten PERFILES correcto usuario 1
20181213 11:16:53 Obten usuarios correcto usuario 1
20181213 11:17:15 Obtención correcta areas usuario:1
20181213 11:17:15 Consulta correcta aplicacion 0
20181213 11:20:52 Acceso correcto usuario info
20181213 11:20:52 Obtención correcta areas usuario:1
20181213 11:20:52 Avance correcto proceso 0
20181213 11:21:15 Obtención correcta aplicaciones usuario:1 area 1
20181213 11:21:40 actualizaStatus.UploadComplete Cannot apply indexing with [] to an expression of type 'System.Dynamic.DynamicObject'
20181213 11:21:44 Obtención correcta areas usuario:1
20181213 11:21:44 Avance correcto proceso 0
20181213 11:21:49 Obtención correcta areas usuario:1
20181213 11:21:49 Avance correcto proceso 0
20181213 11:21:59 Obtención correcta areas usuario:1
20181213 11:21:59 Avance correcto proceso 0
20181213 11:24:15 Obtención correcta areas usuario:1
20181213 11:24:16 Avance correcto proceso 0
20181213 11:28:36 Obtención correcta areas usuario:1
20181213 11:28:36 Avance correcto proceso 0
20181213 11:34:24 Acceso correcto usuario info
20181213 11:34:24 Obtención correcta areas usuario:1
20181213 11:34:24 Avance correcto proceso 0
20181213 11:34:33 Obtención correcta aplicaciones usuario:1 area 1
20181213 11:34:59 actualizaStatus.UploadComplete Cannot apply indexing with [] to an expression of type 'System.Dynamic.DynamicObject'
20181213 11:35:00 Obtención correcta areas usuario:1
20181213 11:35:00 Avance correcto proceso 0
20181213 11:35:00 Obtención correcta areas usuario:1
20181213 11:35:00 Avance correcto proceso 0
20181213 11:35:09 Obtención correcta areas usuario:1
20181213 11:35:09 Avance correcto proceso 0
20181213 11:35:19 Obtención correcta areas usuario:1
20181213 11:35:19 Avance correcto proceso 0
20181213 11:35:29 Obtención correcta areas usuario:1
20181213 11:35:29 Avance correcto proceso 0
20181213 11:35:57 BaseDatos.PrepareSp Sp_ObtenArea A connection was successfully established with the server, but then an error occurred during the pre-login handshake. (provider: SSL Provider, error: 0 - The wait operation timed out.)
20181213 11:35:57 Area.ObtenArea Object reference not set to an instance of an object.
20181213 11:35:57 Avance correcto proceso 0
20181213 11:35:58 Obtención correcta areas usuario:1
20181213 11:35:58 Avance correcto proceso 0
20181213 11:36:07 Obtención correcta areas usuario:1
20181213 11:36:07 Avance correcto proceso 0
20181213 11:58:53 Acceso correcto usuario info
20181213 11:58:53 Obtención correcta areas usuario:1
20181213 11:58:53 Avance correcto proceso 0
20181213 11:59:05 Obtención correcta aplicaciones usuario:1 area 1
20181213 11:59:35 actualizaStatus.UploadComplete Cannot apply indexing with [] to an expression of type 'System.Dynamic.DynamicObject'
20181213 11:59:36 Obtención correcta areas usuario:1
20181213 11:59:36 Avance correcto proceso 0
20181213 11:59:37 Obtención correcta areas usuario:1
20181213 11:59:37 Avance correcto proceso 0
20181213 11:59:45 Obtención correcta areas usuario:1
20181213 11:59:45 Avance correcto proceso 0
20181213 11:59:56 Obtención correcta areas usuario:1
20181213 11:59:56 Avance correcto proceso 0
20181213 12:00:08 Obtención correcta areas usuario:1
20181213 12:00:09 Avance correcto proceso 0
20181213 12:05:39 Obtención correcta areas usuario:1
20181213 12:05:39 Avance correcto proceso 0
20181213 12:05:51 Obtención correcta areas usuario:1
20181213 12:05:51 Avance correcto proceso 0
20181213 12:06:01 Obtención correcta areas usuario:1
20181213 12:06:01 Avance correcto proceso 0
20181213 12:06:11 Obtención correcta areas usuario:1
20181213 12:06:11 Avance correcto proceso 0
20181213 12:06:21 Obtención correcta areas usuario:1
20181213 12:06:21 Avance correcto proceso 0
20181213 12:06:31 Obtención correcta areas usuario:1
20181213 12:06:31 Avance correcto proceso 0
20181213 12:06:41 Obtención correcta areas usuario:1
20181213 12:06:41 Avance correcto proceso 0
20181213 12:06:52 Obtención correcta areas usuario:1
20181213 12:06:52 Avance correcto proceso 0
20181213 12:07:02 Obtención correcta areas usuario:1
20181213 12:07:02 Avance correcto proceso 0
20181213 12:07:12 Obtención correcta areas usuario:1
20181213 12:07:12 Avance correcto proceso 0
20181213 12:07:22 Obtención correcta areas usuario:1
20181213 12:07:22 Avance correcto proceso 0
20181213 12:07:32 Obtención correcta areas usuario:1
20181213 12:07:32 Avance correcto proceso 0
20181213 12:07:42 Obtención correcta areas usuario:1
20181213 12:07:42 Avance correcto proceso 0
20181213 12:07:52 Obtención correcta areas usuario:1
20181213 12:07:52 Avance correcto proceso 0
20181213 12:08:02 Obtención correcta areas usuario:1
20181213 12:08:02 Avance correcto proceso 0
20181213 12:08:14 Obtención correcta areas usuario:1
20181213 12:08:14 Avance correcto proceso 0
20181213 12:08:24 Obtención correcta areas usuario:1
20181213 12:08:24 Avance correcto proceso 0
20181213 12:08:36 Obtención correcta areas usuario:1
20181213 12:08:36 Avance correcto proceso 0
20181213 12:08:46 Obtención correcta areas usuario:1
20181213 12:08:46 Avance correcto proceso 0
20181213 12:08:56 Obtención correcta areas usuario:1
20181213 12:08:56 Avance correcto proceso 0
20181213 12:09:06 Obtención correcta areas usuario:1
20181213 12:09:06 Avance correcto proceso 0
20181213 12:09:17 Obtención correcta areas usuario:1
20181213 12:09:17 Avance correcto proceso 0
20181213 12:09:27 Obtención correcta areas usuario:1
20181213 12:09:27 Avance correcto proceso 0
20181213 12:09:38 Obtención correcta areas usuario:1
20181213 12:09:38 Avance correcto proceso 0
20181213 12:09:48 Obtención correcta areas usuario:1
20181213 12:09:48 Avance correcto proceso 0
20181213 12:09:58 Obtención correcta areas usuario:1
20181213 12:09:58 Avance correcto proceso 0
20181213 12:10:08 Obtención correcta areas usuario:1
20181213 12:10:08 Avance correcto proceso 0
20181213 12:10:18 Obtención correcta areas usuario:1
20181213 12:10:18 Avance correcto proceso 0
20181213 12:10:28 Obtención correcta areas usuario:1
20181213 12:10:28 Avance correcto proceso 0
20181213 12:10:38 Obtención correcta areas usuario:1
20181213 12:10:38 Avance correcto proceso 0
20181213 12:10:49 Obtención correcta areas usuario:1
20181213 12:10:49 Avance correcto proceso 0
20181213 12:11:00 Obtención correcta areas usuario:1
20181213 12:11:00 Avance correcto proceso 0
20181213 12:11:10 Obtención correcta areas usuario:1
20181213 12:11:10 Avance correcto proceso 0
20181213 12:11:20 Obtención correcta areas usuario:1
20181213 12:11:20 Avance correcto proceso 0
20181213 12:11:30 Obtención correcta areas usuario:1
20181213 12:11:30 Avance correcto proceso 0
20181213 12:11:40 Obtención correcta areas usuario:1
20181213 12:11:40 Avance correcto proceso 0
20181213 12:11:50 Obtención correcta areas usuario:1
20181213 12:11:50 Avance correcto proceso 0
20181213 12:12:00 Obtención correcta areas usuario:1
20181213 12:12:00 Avance correcto proceso 0
20181213 12:12:10 Obtención correcta areas usuario:1
20181213 12:12:10 Avance correcto proceso 0
20181213 12:12:20 Obtención correcta areas usuario:1
20181213 12:12:20 Avance correcto proceso 0
20181213 12:12:32 Obtención correcta areas usuario:1
20181213 12:12:32 Avance correcto proceso 0
20181213 12:12:43 Obtención correcta areas usuario:1
20181213 12:12:43 Avance correcto proceso 0
20181213 12:12:53 Obtención correcta areas usuario:1
20181213 12:12:53 Avance correcto proceso 0
20181213 12:13:03 Obtención correcta areas usuario:1
20181213 12:13:03 Avance correcto proceso 0
20181213 12:13:13 Obtención correcta areas usuario:1
20181213 12:13:13 Avance correcto proceso 0
20181213 12:13:24 Obtención correcta areas usuario:1
20181213 12:13:24 Avance correcto proceso 0
20181213 12:13:34 Obtención correcta areas usuario:1
20181213 12:13:34 Avance correcto proceso 0
20181213 12:13:44 Obtención correcta areas usuario:1
20181213 12:13:44 Avance correcto proceso 0
20181213 12:13:55 Obtención correcta areas usuario:1
20181213 12:13:55 Avance correcto proceso 0
20181213 12:14:05 Obtención correcta areas usuario:1
20181213 12:14:05 Avance correcto proceso 0
20181213 12:14:15 Obtención correcta areas usuario:1
20181213 12:14:15 Avance correcto proceso 0
20181213 12:14:25 Obtención correcta areas usuario:1
20181213 12:14:25 Avance correcto proceso 0
20181213 12:14:36 Obtención correcta areas usuario:1
20181213 12:14:36 Avance correcto proceso 0
20181213 12:14:47 Obtención correcta areas usuario:1
20181213 12:14:47 Avance correcto proceso 0
20181213 12:42:04 Acceso correcto usuario info
20181213 12:42:04 Obtención correcta areas usuario:1
20181213 12:42:04 Avance correcto proceso 0
20181213 12:42:43 Obten Aplicaciones correcto usuario 1
20181213 12:42:43 Obtención correcta areas usuario:1
20181213 12:42:44 Obten Lenguajes correcto usuario 1
20181213 12:43:19 Obten Aplicaciones correcto usuario 1
20181213 12:43:19 Obtención correcta areas usuario:1
20181213 12:43:19 Obten Lenguajes correcto usuario 1
20181213 12:43:19 Obten Aplicaciones correcto usuario 1
20181213 12:43:44 Obten Aplicaciones correcto usuario 1
20181213 12:43:45 Obtención correcta areas usuario:1
20181213 12:43:45 Obten Lenguajes correcto usuario 1
20181213 12:43:46 BaseDatos.ExecStoredProcNoQuery The ROLLBACK TRANSACTION request has no corresponding BEGIN TRANSACTION.
Error number 3903 is invalid. The number must be from 13000 through 2147483647 and it cannot be 50000. 3903 Sp_EditaAplicacion 84 1
20181213 12:43:46 Edita aplicaciones correcto usuario 1 tipo Inserta
20181213 12:43:46 Obten Aplicaciones correcto usuario 1
20181213 12:43:46 Obten Aplicaciones correcto usuario 1
20181213 12:43:46 Obtención correcta areas usuario:1
20181213 12:43:46 Obten Lenguajes correcto usuario 1
20181213 12:48:32 Acceso correcto usuario info
20181213 12:48:32 Obtención correcta areas usuario:1
20181213 12:48:32 Avance correcto proceso 0
20181213 12:48:40 Obten perfiles correcto usuario 1
20181213 12:48:53 Obten perfiles correcto usuario 1
20181213 12:48:54 Obten perfiles correcto usuario 1
20181213 12:50:06 Obten perfiles correcto usuario 1
20181213 12:50:06 Obten perfiles correcto usuario 1
20181213 12:50:34 Obten perfiles correcto usuario 1
20181213 12:50:35 Obten perfiles correcto usuario 1
20181213 12:50:35 Obten perfiles correcto usuario 1
20181213 12:51:08 Obten usuarios correcto usuario 1
20181213 12:51:08 Obtención correcta areas usuario:1
20181213 12:51:08 Obten PERFILES correcto usuario 1
20181213 12:52:10 Obten usuarios correcto usuario 1
20181213 12:52:10 Obtención correcta areas usuario:1
20181213 12:52:10 Obten PERFILES correcto usuario 1
20181213 12:52:33 Obten usuarios correcto usuario 1
20181213 12:52:33 Obtención correcta areas usuario:1
20181213 12:52:33 Obten PERFILES correcto usuario 1
20181213 12:52:33 Modificación de Usuario Correcta 
20181213 12:52:33 Obten usuarios correcto usuario 1
20181213 12:52:33 Obten usuarios correcto usuario 1
20181213 12:52:33 Obtención correcta areas usuario:1
20181213 12:52:34 Obten PERFILES correcto usuario 1
20181213 12:52:38 Obten usuarios correcto usuario 1
20181213 12:52:38 Obtención correcta areas usuario:1
20181213 12:52:38 Obten PERFILES correcto usuario 1
20181213 12:52:38 Modificación de Usuario Correcta 
20181213 12:52:38 Obten usuarios correcto usuario 1
20181213 12:52:38 Obten usuarios correcto usuario 1
20181213 12:52:38 Obtención correcta areas usuario:1
20181213 12:52:38 Obten PERFILES correcto usuario 1
20181213 12:52:40 Obten usuarios correcto usuario 1
20181213 12:52:40 Obtención correcta areas usuario:1
20181213 12:52:40 Obten PERFILES correcto usuario 1
20181213 12:52:40 Modificación de Usuario Correcta 
20181213 12:52:40 Obten usuarios correcto usuario 1
20181213 12:52:40 Obten usuarios correcto usuario 1
20181213 12:52:40 Obtención correcta areas usuario:1
20181213 12:52:40 Obten PERFILES correcto usuario 1
20181213 12:53:11 Obten usuarios correcto usuario 1
20181213 12:53:11 Obtención correcta areas usuario:1
20181213 12:53:11 Obten PERFILES correcto usuario 1
20181213 12:53:15 Creación de Usuario Correcta nuevo20
20181213 12:53:15 Obten usuarios correcto usuario 1
20181213 12:53:15 Obten usuarios correcto usuario 1
20181213 12:53:15 Obtención correcta areas usuario:1
20181213 12:53:15 Obten PERFILES correcto usuario 1
20181213 12:53:22 Obten usuarios correcto usuario 1
20181213 12:53:22 Obtención correcta areas usuario:1
20181213 12:53:22 Obten PERFILES correcto usuario 1
20181213 12:56:21 Obten usuarios correcto usuario 1
20181213 12:56:21 Obtención correcta areas usuario:1
20181213 12:56:21 Obten PERFILES correcto usuario 1
20181213 12:56:22 Creación de Usuario Correcta nuevo21
20181213 12:56:22 Obten usuarios correcto usuario 1
20181213 12:56:22 Obten usuarios correcto usuario 1
20181213 12:56:22 Obtención correcta areas usuario:1
20181213 12:56:22 Obten PERFILES correcto usuario 1
20181213 12:56:44 Obten usuarios correcto usuario 1
20181213 12:56:44 Obtención correcta areas usuario:1
20181213 12:56:44 Obten PERFILES correcto usuario 1
20181213 12:58:57 Acceso correcto usuario info
20181213 12:58:57 Obtención correcta areas usuario:1
20181213 12:58:57 Avance correcto proceso 0
20181213 12:59:07 Obten usuarios correcto usuario 1
20181213 12:59:07 Obtención correcta areas usuario:1
20181213 12:59:07 Obten PERFILES correcto usuario 1
20181213 12:59:34 Obten usuarios correcto usuario 1
20181213 12:59:34 Obtención correcta areas usuario:1
20181213 12:59:34 Obten PERFILES correcto usuario 1
20181213 12:59:35 Creación de Usuario Correcta nuevo22
20181213 12:59:35 Obten usuarios correcto usuario 1
20181213 12:59:35 Obten usuarios correcto usuario 1
20181213 12:59:35 Obtención correcta areas usuario:1
20181213 12:59:35 Obten PERFILES correcto usuario 1
20181213 13:00:20 Obten usuarios correcto usuario 1
20181213 13:00:20 Obtención correcta areas usuario:1
20181213 13:00:20 Obten PERFILES correcto usuario 1
20181213 13:00:38 Obten usuarios correcto usuario 1
20181213 13:00:38 Obtención correcta areas usuario:1
20181213 13:00:38 Obten PERFILES correcto usuario 1
20181213 13:00:39 Creación de Usuario Correcta nuevo23
20181213 13:00:39 Obten usuarios correcto usuario 1
20181213 13:00:39 Obten usuarios correcto usuario 1
20181213 13:00:39 Obtención correcta areas usuario:1
20181213 13:00:39 Obten PERFILES correcto usuario 1
20181213 13:00:39 Obten usuarios correcto usuario 1
20181213 13:00:39 Obtención correcta areas usuario:1
20181213 13:00:39 Obten PERFILES correcto usuario 1
20181213 13:06:58 Acceso correcto usuario info
20181213 13:06:58 Obtención correcta areas usuario:1
20181213 13:06:58 Avance correcto proceso 0
20181213 13:07:07 Obten perfiles correcto usuario 1
20181213 13:07:17 Obten perfiles correcto usuario 1
20181213 13:07:17 Obten perfiles correcto usuario 1
20181213 13:07:39 Obten perfiles correcto usuario 1
20181213 13:07:39 Obten perfiles correcto usuario 1
20181213 13:07:56 Obten perfiles correcto usuario 1
20181213 13:07:56 Obten perfiles correcto usuario 1
20181213 13:08:01 Obten perfiles correcto usuario 1
20181213 13:08:09 Obten perfiles correcto usuario 1
20181213 13:08:09 Obten perfiles correcto usuario 1
20181213 13:08:15 Obten perfiles correcto usuario 1
20181213 13:08:16 Edita perfiles correcto usuario 1 tipo Actualiza
20181213 13:08:16 Obten perfiles correcto usuario 1
20181213 13:08:16 Obten perfiles correcto usuario 1
20181213 13:08:31 Obten perfiles correcto usuario 1
20181213 13:08:31 Obten perfiles correcto usuario 1
20181213 13:08:32 Obten perfiles correcto usuario 1
20181213 13:08:32 Obten perfiles correcto usuario 1
20181213 13:08:37 Obten perfiles correcto usuario 1
20181213 13:08:37 Edita perfiles correcto usuario 1 tipo Actualiza
20181213 13:08:37 Obten perfiles correcto usuario 1
20181213 13:08:37 Obten perfiles correcto usuario 1
20181213 13:08:43 Obten perfiles correcto usuario 1
20181213 13:08:43 Obten perfiles correcto usuario 1
20181213 13:08:45 Obten perfiles correcto usuario 1
20181213 13:08:45 Obten perfiles correcto usuario 1
20181213 13:08:51 Obten perfiles correcto usuario 1
20181213 13:08:51 Edita perfiles correcto usuario 1 tipo Actualiza
20181213 13:08:51 Obten perfiles correcto usuario 1
20181213 13:08:51 Obten perfiles correcto usuario 1
20181213 13:09:03 Obten perfiles correcto usuario 1
20181213 13:09:03 Obten perfiles correcto usuario 1
20181213 13:09:04 Obten perfiles correcto usuario 1
20181213 13:09:09 Obten perfiles correcto usuario 1
20181213 13:09:22 Obten perfiles correcto usuario 1
20181213 13:09:22 Edita perfiles correcto usuario 1 tipo Inserta
20181213 13:09:22 Obten perfiles correcto usuario 1
20181213 13:09:22 Obten perfiles correcto usuario 1
20181213 13:09:22 Obten perfiles correcto usuario 1
20181213 13:09:35 Obten perfiles correcto usuario 1
20181213 13:09:35 Obten perfiles correcto usuario 1
20181213 13:09:44 Obten perfiles correcto usuario 1
20181213 13:09:44 Edita perfiles correcto usuario 1 tipo Actualiza
20181213 13:09:44 Obten perfiles correcto usuario 1
20181213 13:09:44 Obten perfiles correcto usuario 1
20181213 13:09:57 Obten perfiles correcto usuario 1
20181213 13:09:57 Obten perfiles correcto usuario 1
20181213 13:10:00 Obten perfiles correcto usuario 1
20181213 13:10:00 Obten perfiles correcto usuario 1
20181213 13:10:03 Obten perfiles correcto usuario 1
20181213 13:10:03 Edita perfiles correcto usuario 1 tipo Actualiza
20181213 13:10:03 Obten perfiles correcto usuario 1
20181213 13:10:03 Obten perfiles correcto usuario 1
20181213 13:11:25 Obten perfiles correcto usuario 1
20181213 13:11:25 Obten perfiles correcto usuario 1
20181213 13:11:28 Obten perfiles correcto usuario 1
20181213 13:11:28 Obten perfiles correcto usuario 1
20181213 13:11:31 Obten perfiles correcto usuario 1
20181213 13:11:31 Edita perfiles correcto usuario 1 tipo Actualiza
20181213 13:11:31 Obten perfiles correcto usuario 1
20181213 13:11:31 Obten perfiles correcto usuario 1
20181213 13:11:32 Obten perfiles correcto usuario 1
20181213 13:11:32 Obten perfiles correcto usuario 1
20181213 13:11:36 Obten perfiles correcto usuario 1
20181213 13:11:36 Edita perfiles correcto usuario 1 tipo Actualiza
20181213 13:11:36 Obten perfiles correcto usuario 1
20181213 13:11:36 Obten perfiles correcto usuario 1
20181213 13:11:36 Obten perfiles correcto usuario 1
20181213 13:11:36 Obten perfiles correcto usuario 1
20181213 13:11:41 Obten perfiles correcto usuario 1
20181213 13:11:41 Obten perfiles correcto usuario 1
20181213 13:11:46 Obten perfiles correcto usuario 1
20181213 13:11:46 Obten perfiles correcto usuario 1
20181213 13:12:13 Obten perfiles correcto usuario 1
20181213 13:12:14 Edita perfiles correcto usuario 1 tipo Actualiza
20181213 13:12:14 Obten perfiles correcto usuario 1
20181213 13:12:14 Obten perfiles correcto usuario 1
20181213 13:12:15 Obten perfiles correcto usuario 1
20181213 13:12:15 Obten perfiles correcto usuario 1
20181213 13:12:20 Obten perfiles correcto usuario 1
20181213 13:12:20 Edita perfiles correcto usuario 1 tipo Actualiza
20181213 13:12:20 Obten perfiles correcto usuario 1
20181213 13:12:20 Obten perfiles correcto usuario 1
20181213 13:12:20 Obten perfiles correcto usuario 1
20181213 13:12:27 Obten perfiles correcto usuario 1
20181213 13:12:27 Obten perfiles correcto usuario 1
20181213 13:12:33 Obten perfiles correcto usuario 1
20181213 13:12:33 Edita perfiles correcto usuario 1 tipo Actualiza
20181213 13:12:33 Obten perfiles correcto usuario 1
20181213 13:12:33 Obten perfiles correcto usuario 1
20181213 13:12:33 Obten perfiles correcto usuario 1
20181213 13:12:40 Obten perfiles correcto usuario 1
20181213 13:12:57 Obten usuarios correcto usuario 1
20181213 13:12:57 Obtención correcta areas usuario:1
20181213 13:12:57 Obten PERFILES correcto usuario 1
20181213 13:13:04 Obten usuarios correcto usuario 1
20181213 13:13:04 Obtención correcta areas usuario:1
20181213 13:13:04 Obten PERFILES correcto usuario 1
20181213 13:13:04 Obten usuarios correcto usuario 1
20181213 13:13:18 Obten usuarios correcto usuario 1
20181213 13:13:18 Obtención correcta areas usuario:1
20181213 13:13:18 Obten PERFILES correcto usuario 1
20181213 13:13:21 Modificación de Usuario Correcta nuevo21
20181213 13:13:21 Obten usuarios correcto usuario 1
20181213 13:13:21 Obten usuarios correcto usuario 1
20181213 13:13:21 Obtención correcta areas usuario:1
20181213 13:13:21 Obten PERFILES correcto usuario 1
20181213 13:13:50 Obten usuarios correcto usuario 1
20181213 13:13:50 Obtención correcta areas usuario:1
20181213 13:13:50 Obten PERFILES correcto usuario 1
20181213 13:13:50 Obten usuarios correcto usuario 1
20181213 13:13:53 Obten usuarios correcto usuario 1
20181213 13:13:53 Obtención correcta areas usuario:1
20181213 13:13:53 Obten PERFILES correcto usuario 1
20181213 13:13:53 Obten usuarios correcto usuario 1
20181213 13:13:54 Obten usuarios correcto usuario 1
20181213 13:13:54 Obtención correcta areas usuario:1
20181213 13:13:54 Obten PERFILES correcto usuario 1
20181213 13:13:54 Obten usuarios correcto usuario 1
20181213 13:13:54 Obten usuarios correcto usuario 1
20181213 13:13:54 Obtención correcta areas usuario:1
20181213 13:13:54 Obten PERFILES correcto usuario 1
20181213 13:13:54 Obten usuarios correcto usuario 1
20181213 13:13:55 Obten usuarios correcto usuario 1
20181213 13:13:55 Obtención correcta areas usuario:1
20181213 13:13:55 Obten PERFILES correcto usuario 1
20181213 13:13:55 Obten usuarios correcto usuario 1
20181213 13:13:55 Obten usuarios correcto usuario 1
20181213 13:13:55 Obtención correcta areas usuario:1
20181213 13:13:55 Obten PERFILES correcto usuario 1
20181213 13:13:55 Obten usuarios correcto usuario 1
20181213 13:13:55 Obten usuarios correcto usuario 1
20181213 13:13:56 Obtención correcta areas usuario:1
20181213 13:13:56 Obten PERFILES correcto usuario 1
20181213 13:13:56 Obten usuarios correcto usuario 1
20181213 13:13:56 Obten usuarios correcto usuario 1
20181213 13:13:56 Obtención correcta areas usuario:1
20181213 13:13:56 Obten PERFILES correcto usuario 1
20181213 13:13:56 Obten usuarios correcto usuario 1
20181213 13:13:57 Obten usuarios correcto usuario 1
20181213 13:13:57 Obtención correcta areas usuario:1
20181213 13:13:57 Obten PERFILES correcto usuario 1
20181213 13:13:57 Obten usuarios correcto usuario 1
20181213 13:13:57 Obten usuarios correcto usuario 1
20181213 13:13:57 Obtención correcta areas usuario:1
20181213 13:13:57 Obten PERFILES correcto usuario 1
20181213 13:13:57 Obten usuarios correcto usuario 1
20181213 13:13:58 Obten usuarios correcto usuario 1
20181213 13:13:58 Obtención correcta areas usuario:1
20181213 13:13:58 Obten PERFILES correcto usuario 1
20181213 13:13:58 Obten usuarios correcto usuario 1
20181213 13:14:05 Obten usuarios correcto usuario 1
20181213 13:14:05 Obtención correcta areas usuario:1
20181213 13:14:05 Obten PERFILES correcto usuario 1
20181213 13:14:05 Modificación de Usuario Correcta nuevo21
20181213 13:14:05 Obten usuarios correcto usuario 1
20181213 13:14:05 Obten usuarios correcto usuario 1
20181213 13:14:05 Obtención correcta areas usuario:1
20181213 13:14:05 Obten PERFILES correcto usuario 1
20181213 13:14:05 Obten usuarios correcto usuario 1
20181213 13:14:05 Obtención correcta areas usuario:1
20181213 13:14:05 Obten PERFILES correcto usuario 1
20181213 13:14:41 Obten usuarios correcto usuario 1
20181213 13:14:41 Obtención correcta areas usuario:1
20181213 13:14:41 Obten PERFILES correcto usuario 1
20181213 13:14:41 Creación de Usuario Correcta nuevo24
20181213 13:14:41 Obten usuarios correcto usuario 1
20181213 13:14:41 Obten usuarios correcto usuario 1
20181213 13:14:41 Obtención correcta areas usuario:1
20181213 13:14:41 Obten PERFILES correcto usuario 1
20181213 13:14:55 Obten usuarios correcto usuario 1
20181213 13:14:55 Obtención correcta areas usuario:1
20181213 13:14:55 Obten PERFILES correcto usuario 1
20181213 13:14:58 Obten usuarios correcto usuario 1
20181213 13:14:58 Obtención correcta areas usuario:1
20181213 13:14:58 Obten PERFILES correcto usuario 1
20181213 13:15:19 Obten usuarios correcto usuario 1
20181213 13:15:19 Obtención correcta areas usuario:1
20181213 13:15:19 Obten PERFILES correcto usuario 1
20181213 13:15:19 Creación de Usuario Correcta nuevo26
20181213 13:15:19 Obten usuarios correcto usuario 1
20181213 13:15:19 Obten usuarios correcto usuario 1
20181213 13:15:19 Obtención correcta areas usuario:1
20181213 13:15:19 Obten PERFILES correcto usuario 1
20181213 13:15:19 Obten usuarios correcto usuario 1
20181213 13:15:19 Obtención correcta areas usuario:1
20181213 13:15:19 Obten PERFILES correcto usuario 1
20181213 13:15:36 Obten usuarios correcto usuario 1
20181213 13:15:36 Obtención correcta areas usuario:1
20181213 13:15:36 Obten PERFILES correcto usuario 1
20181213 13:15:36 Obten usuarios correcto usuario 1
20181213 13:27:56 Obten usuarios correcto usuario 1
20181213 13:27:56 Obtención correcta areas usuario:1
20181213 13:27:56 Obten PERFILES correcto usuario 1
20181213 13:27:59 Obten usuarios correcto usuario 1
20181213 13:27:59 Obtención correcta areas usuario:1
20181213 13:27:59 Obten PERFILES correcto usuario 1
20181213 13:28:14 Obten usuarios correcto usuario 1
20181213 13:28:14 Obtención correcta areas usuario:1
20181213 13:28:14 Obten PERFILES correcto usuario 1
20181213 13:28:18 Obten usuarios correcto usuario 1
20181213 13:28:18 Obtención correcta areas usuario:1
20181213 13:28:18 Obten PERFILES correcto usuario 1
20181213 13:28:19 Obten usuarios correcto usuario 1
20181213 13:28:19 Obtención correcta areas usuario:1
20181213 13:28:19 Obten PERFILES correcto usuario 1
20181213 13:30:18 Obten usuarios correcto usuario 1
20181213 13:30:18 Obtención correcta areas usuario:1
20181213 13:30:18 Obten PERFILES correcto usuario 1
20181213 13:30:22 Obten usuarios correcto usuario 1
20181213 13:30:22 Obtención correcta areas usuario:1
20181213 13:30:22 Obten PERFILES correcto usuario 1
20181213 13:32:25 Obten usuarios correcto usuario 1
20181213 13:32:25 Obtención correcta areas usuario:1
20181213 13:32:25 Obten PERFILES correcto usuario 1
20181213 13:33:18 Obten usuarios correcto usuario 1
20181213 13:33:18 Obtención correcta areas usuario:1
20181213 13:33:18 Obten PERFILES correcto usuario 1
20181213 13:33:53 Obten usuarios correcto usuario 1
20181213 13:33:53 Obtención correcta areas usuario:1
20181213 13:33:53 Obten PERFILES correcto usuario 1
20181213 13:33:57 Obten usuarios correcto usuario 1
20181213 13:33:57 Obtención correcta areas usuario:1
20181213 13:33:57 Obten PERFILES correcto usuario 1
20181213 13:36:14 Obten usuarios correcto usuario 1
20181213 13:36:14 Obtención correcta areas usuario:1
20181213 13:36:14 Obten PERFILES correcto usuario 1
20181213 13:36:47 Obten usuarios correcto usuario 1
20181213 13:36:47 Obtención correcta areas usuario:1
20181213 13:36:47 Obten PERFILES correcto usuario 1
20181213 13:37:15 Obten usuarios correcto usuario 1
20181213 13:37:15 Obtención correcta areas usuario:1
20181213 13:37:15 Obten PERFILES correcto usuario 1
20181213 13:37:55 Obten usuarios correcto usuario 1
20181213 13:37:55 Obtención correcta areas usuario:1
20181213 13:37:55 Obten PERFILES correcto usuario 1
20181213 13:42:20 Obten usuarios correcto usuario 1
20181213 13:42:20 Obtención correcta areas usuario:1
20181213 13:42:20 Obten PERFILES correcto usuario 1
20181213 13:44:14 Obten usuarios correcto usuario 1
20181213 13:44:14 Obtención correcta areas usuario:1
20181213 13:44:14 Obten PERFILES correcto usuario 1
20181213 13:45:56 Obten usuarios correcto usuario 1
20181213 13:45:56 Obtención correcta areas usuario:1
20181213 13:45:56 Obten PERFILES correcto usuario 1
20181213 13:47:03 Obten usuarios correcto usuario 1
20181213 13:47:03 Obtención correcta areas usuario:1
20181213 13:47:03 Obten PERFILES correcto usuario 1
20181213 13:47:31 Obten usuarios correcto usuario 1
20181213 13:47:31 Obtención correcta areas usuario:1
20181213 13:47:31 Obten PERFILES correcto usuario 1
20181213 13:47:54 Obten usuarios correcto usuario 1
20181213 13:47:54 Obtención correcta areas usuario:1
20181213 13:47:54 Obten PERFILES correcto usuario 1
20181213 13:48:58 Obten usuarios correcto usuario 1
20181213 13:48:58 Obtención correcta areas usuario:1
20181213 13:48:58 Obten PERFILES correcto usuario 1
20181213 13:50:40 Obten usuarios correcto usuario 1
20181213 13:50:40 Obtención correcta areas usuario:1
20181213 13:50:41 Obten PERFILES correcto usuario 1
20181213 13:50:45 Obten usuarios correcto usuario 1
20181213 13:50:45 Obtención correcta areas usuario:1
20181213 13:50:45 Obten PERFILES correcto usuario 1
20181213 13:51:08 Obten usuarios correcto usuario 1
20181213 13:51:08 Obtención correcta areas usuario:1
20181213 13:51:09 Obten PERFILES correcto usuario 1
20181213 13:51:13 Obten usuarios correcto usuario 1
20181213 13:51:13 Obtención correcta areas usuario:1
20181213 13:51:13 Obten PERFILES correcto usuario 1
20181213 13:51:48 Obten usuarios correcto usuario 1
20181213 13:51:48 Obtención correcta areas usuario:1
20181213 13:51:48 Obten PERFILES correcto usuario 1
20181213 13:51:55 Obten usuarios correcto usuario 1
20181213 13:51:55 Obtención correcta areas usuario:1
20181213 13:51:55 Obten PERFILES correcto usuario 1
20181213 15:19:37 Acceso correcto usuario info
20181213 15:19:37 Obtención correcta areas usuario:1
20181213 15:19:37 Avance correcto proceso 0
20181213 15:19:46 Obten Aplicaciones correcto usuario 1
20181213 15:19:46 Obtención correcta areas usuario:1
20181213 15:19:46 Obten Lenguajes correcto usuario 1
20181213 15:20:19 Obten Aplicaciones correcto usuario 1
20181213 15:20:19 Obtención correcta areas usuario:1
20181213 15:20:19 Obten Lenguajes correcto usuario 1
20181213 15:20:20 Obten Aplicaciones correcto usuario 1
20181213 15:20:20 Obtención correcta areas usuario:1
20181213 15:20:20 Obten Lenguajes correcto usuario 1
20181213 15:20:20 Obten Aplicaciones correcto usuario 1
20181213 15:20:20 Obtención correcta areas usuario:1
20181213 15:20:20 Obten Lenguajes correcto usuario 1
20181213 15:20:20 Obten Aplicaciones correcto usuario 1
20181213 15:20:20 Obtención correcta areas usuario:1
20181213 15:20:21 Obten Lenguajes correcto usuario 1
20181213 15:20:21 Obten Aplicaciones correcto usuario 1
20181213 15:20:21 Obtención correcta areas usuario:1
20181213 15:20:21 Obten Lenguajes correcto usuario 1
20181213 15:20:21 Obten Aplicaciones correcto usuario 1
20181213 15:20:21 Obtención correcta areas usuario:1
20181213 15:20:21 Obten Lenguajes correcto usuario 1
20181213 15:20:52 Obten Aplicaciones correcto usuario 1
20181213 15:20:52 Obtención correcta areas usuario:1
20181213 15:20:52 Obten Lenguajes correcto usuario 1
20181213 15:20:59 Obten Aplicaciones correcto usuario 1
20181213 15:20:59 Obtención correcta areas usuario:1
20181213 15:20:59 Obten Lenguajes correcto usuario 1
20181213 15:21:02 Obten Aplicaciones correcto usuario 1
20181213 15:21:02 Obtención correcta areas usuario:1
20181213 15:21:02 Obten Lenguajes correcto usuario 1
20181213 15:21:08 Obten Aplicaciones correcto usuario 1
20181213 15:21:08 Obtención correcta areas usuario:1
20181213 15:21:08 Obten Lenguajes correcto usuario 1
20181213 15:21:42 Obten Aplicaciones correcto usuario 1
20181213 15:21:42 Obtención correcta areas usuario:1
20181213 15:21:43 Obten Lenguajes correcto usuario 1
20181213 15:22:05 Obten Aplicaciones correcto usuario 1
20181213 15:22:05 Obtención correcta areas usuario:1
20181213 15:22:05 Obten Lenguajes correcto usuario 1
20181213 15:22:11 BaseDatos.ExecStoredProcNoQuery The ROLLBACK TRANSACTION request has no corresponding BEGIN TRANSACTION.
Error number 3903 is invalid. The number must be from 13000 through 2147483647 and it cannot be 50000. 3903 Sp_EditaAplicacion 84 1
20181213 15:22:11 Edita aplicaciones correcto usuario 1 tipo Actualiza
20181213 15:22:11 Obten Aplicaciones correcto usuario 1
20181213 15:22:11 Obten Aplicaciones correcto usuario 1
20181213 15:22:11 Obtención correcta areas usuario:1
20181213 15:22:11 Obten Lenguajes correcto usuario 1
20181213 15:22:11 Obten Aplicaciones correcto usuario 1
20181213 15:22:11 Obtención correcta areas usuario:1
20181213 15:22:11 Obten Lenguajes correcto usuario 1
20181213 15:22:12 BaseDatos.ExecStoredProcNoQuery The ROLLBACK TRANSACTION request has no corresponding BEGIN TRANSACTION.
Error number 3903 is invalid. The number must be from 13000 through 2147483647 and it cannot be 50000. 3903 Sp_EditaAplicacion 84 1
20181213 15:22:12 Edita aplicaciones correcto usuario 1 tipo Inserta
20181213 15:22:12 Obten Aplicaciones correcto usuario 1
20181213 15:22:23 Obten Aplicaciones correcto usuario 1
20181213 15:22:23 Obtención correcta areas usuario:1
20181213 15:22:23 Obten Lenguajes correcto usuario 1
20181213 15:22:24 Obten Aplicaciones correcto usuario 1
20181213 15:22:24 Obtención correcta areas usuario:1
20181213 15:22:24 Obten Lenguajes correcto usuario 1
20181213 15:22:53 Obten Aplicaciones correcto usuario 1
20181213 15:22:53 Obtención correcta areas usuario:1
20181213 15:22:53 Obten Lenguajes correcto usuario 1
20181213 15:22:53 BaseDatos.ExecStoredProcNoQuery The ROLLBACK TRANSACTION request has no corresponding BEGIN TRANSACTION.
Error number 3903 is invalid. The number must be from 13000 through 2147483647 and it cannot be 50000. 3903 Sp_EditaAplicacion 84 1
20181213 15:22:53 Edita aplicaciones correcto usuario 1 tipo Elimina
20181213 15:22:53 Obten Aplicaciones correcto usuario 1
20181213 15:22:53 Obten Aplicaciones correcto usuario 1
20181213 15:22:53 Obtención correcta areas usuario:1
20181213 15:22:53 Obten Lenguajes correcto usuario 1
20181213 15:23:07 Obten Aplicaciones correcto usuario 1
20181213 15:23:07 Obtención correcta areas usuario:1
20181213 15:23:07 Obten Lenguajes correcto usuario 1
20181213 15:23:07 BaseDatos.ExecStoredProcNoQuery The ROLLBACK TRANSACTION request has no corresponding BEGIN TRANSACTION.
Error number 3903 is invalid. The number must be from 13000 through 2147483647 and it cannot be 50000. 3903 Sp_EditaAplicacion 84 1
20181213 15:23:07 Edita aplicaciones correcto usuario 1 tipo Inserta
20181213 15:23:07 Obten Aplicaciones correcto usuario 1
20181213 15:23:07 Obten Aplicaciones correcto usuario 1
20181213 15:23:07 Obtención correcta areas usuario:1
20181213 15:23:07 Obten Lenguajes correcto usuario 1
20181213 15:23:08 Obten Aplicaciones correcto usuario 1
20181213 15:23:08 Obtención correcta areas usuario:1
20181213 15:23:08 Obten Lenguajes correcto usuario 1
20181213 15:23:20 Obten Aplicaciones correcto usuario 1
20181213 15:23:20 Obtención correcta areas usuario:1
20181213 15:23:20 Obten Lenguajes correcto usuario 1
20181213 15:23:20 Obten Aplicaciones correcto usuario 1
20181213 15:23:41 Obten Aplicaciones correcto usuario 1
20181213 15:23:41 Obtención correcta areas usuario:1
20181213 15:23:41 Obten Lenguajes correcto usuario 1
20181213 15:23:42 BaseDatos.ExecStoredProcNoQuery The ROLLBACK TRANSACTION request has no corresponding BEGIN TRANSACTION.
Error number 3903 is invalid. The number must be from 13000 through 2147483647 and it cannot be 50000. 3903 Sp_EditaAplicacion 84 1
20181213 15:23:42 Edita aplicaciones correcto usuario 1 tipo Actualiza
20181213 15:23:42 Obten Aplicaciones correcto usuario 1
20181213 15:23:42 Obten Aplicaciones correcto usuario 1
20181213 15:23:42 Obtención correcta areas usuario:1
20181213 15:23:42 Obten Lenguajes correcto usuario 1
20181213 15:23:42 Obten Aplicaciones correcto usuario 1
20181213 15:23:42 Obtención correcta areas usuario:1
20181213 15:23:42 Obten Lenguajes correcto usuario 1
20181213 15:24:01 Obten Aplicaciones correcto usuario 1
20181213 15:24:01 Obtención correcta areas usuario:1
20181213 15:24:01 Obten Lenguajes correcto usuario 1
20181213 15:25:04 Obten Aplicaciones correcto usuario 1
20181213 15:25:04 Obtención correcta areas usuario:1
20181213 15:25:04 Obten Lenguajes correcto usuario 1
20181213 15:25:09 Obten Aplicaciones correcto usuario 1
20181213 15:25:09 Obtención correcta areas usuario:1
20181213 15:25:09 Obten Lenguajes correcto usuario 1
20181213 15:25:11 Obten Aplicaciones correcto usuario 1
20181213 15:25:11 Obtención correcta areas usuario:1
20181213 15:25:11 Obten Lenguajes correcto usuario 1
20181213 15:25:14 Obten Aplicaciones correcto usuario 1
20181213 15:25:14 Obtención correcta areas usuario:1
20181213 15:25:14 Obten Lenguajes correcto usuario 1
20181213 15:25:30 Obten Aplicaciones correcto usuario 1
20181213 15:25:31 Obtención correcta areas usuario:1
20181213 15:25:31 Obten Lenguajes correcto usuario 1
20181213 15:25:31 BaseDatos.ExecStoredProcNoQuery The ROLLBACK TRANSACTION request has no corresponding BEGIN TRANSACTION.
Error number 3903 is invalid. The number must be from 13000 through 2147483647 and it cannot be 50000. 3903 Sp_EditaAplicacion 84 1
20181213 15:25:31 Edita aplicaciones correcto usuario 1 tipo Inserta
20181213 15:25:31 Obten Aplicaciones correcto usuario 1
20181213 15:25:31 Obten Aplicaciones correcto usuario 1
20181213 15:25:31 Obtención correcta areas usuario:1
20181213 15:25:31 Obten Lenguajes correcto usuario 1
20181213 15:25:48 Obten Aplicaciones correcto usuario 1
20181213 15:25:48 Obtención correcta areas usuario:1
20181213 15:25:48 Obten Lenguajes correcto usuario 1
20181213 15:25:52 Obten Aplicaciones correcto usuario 1
20181213 15:25:52 Obtención correcta areas usuario:1
20181213 15:25:52 Obten Lenguajes correcto usuario 1
20181213 15:25:58 Obten Aplicaciones correcto usuario 1
20181213 15:25:58 Obtención correcta areas usuario:1
20181213 15:25:58 Obten Lenguajes correcto usuario 1
20181213 15:25:59 BaseDatos.ExecStoredProcNoQuery The ROLLBACK TRANSACTION request has no corresponding BEGIN TRANSACTION.
Error number 3903 is invalid. The number must be from 13000 through 2147483647 and it cannot be 50000. 3903 Sp_EditaAplicacion 84 1
20181213 15:25:59 Edita aplicaciones correcto usuario 1 tipo Inserta
20181213 15:25:59 Obten Aplicaciones correcto usuario 1
20181213 15:25:59 Obten Aplicaciones correcto usuario 1
20181213 15:25:59 Obtención correcta areas usuario:1
20181213 15:25:59 Obten Lenguajes correcto usuario 1
20181213 15:25:59 Obten Aplicaciones correcto usuario 1
20181213 15:25:59 Obtención correcta areas usuario:1
20181213 15:25:59 Obten Lenguajes correcto usuario 1
20181213 15:28:42 Obten Aplicaciones correcto usuario 1
20181213 15:28:42 Obtención correcta areas usuario:1
20181213 15:28:42 Obten Lenguajes correcto usuario 1
20181213 15:28:42 Obten Aplicaciones correcto usuario 1
20181213 15:28:48 Obten Aplicaciones correcto usuario 1
20181213 15:28:48 Obtención correcta areas usuario:1
20181213 15:28:48 Obten Lenguajes correcto usuario 1
20181213 15:28:48 BaseDatos.ExecStoredProcNoQuery The ROLLBACK TRANSACTION request has no corresponding BEGIN TRANSACTION.
Error number 3903 is invalid. The number must be from 13000 through 2147483647 and it cannot be 50000. 3903 Sp_EditaAplicacion 84 1
20181213 15:28:48 Edita aplicaciones correcto usuario 1 tipo Actualiza
20181213 15:28:48 Obten Aplicaciones correcto usuario 1
20181213 15:28:48 Obten Aplicaciones correcto usuario 1
20181213 15:28:48 Obtención correcta areas usuario:1
20181213 15:28:48 Obten Lenguajes correcto usuario 1
20181213 15:28:48 Obten Aplicaciones correcto usuario 1
20181213 15:28:48 Obtención correcta areas usuario:1
20181213 15:28:48 Obten Lenguajes correcto usuario 1
20181213 15:28:55 Obten Aplicaciones correcto usuario 1
20181213 15:28:55 Obtención correcta areas usuario:1
20181213 15:28:55 Obten Lenguajes correcto usuario 1
20181213 15:28:55 BaseDatos.ExecStoredProcNoQuery The ROLLBACK TRANSACTION request has no corresponding BEGIN TRANSACTION.
Error number 3903 is invalid. The number must be from 13000 through 2147483647 and it cannot be 50000. 3903 Sp_EditaAplicacion 84 1
20181213 15:28:55 Edita aplicaciones correcto usuario 1 tipo Elimina
20181213 15:28:55 Obten Aplicaciones correcto usuario 1
20181213 15:28:55 Obten Aplicaciones correcto usuario 1
20181213 15:28:55 Obtención correcta areas usuario:1
20181213 15:28:55 Obten Lenguajes correcto usuario 1
20181213 15:29:08 Obten Aplicaciones correcto usuario 1
20181213 15:29:08 Obtención correcta areas usuario:1
20181213 15:29:08 Obten Lenguajes correcto usuario 1
20181213 15:29:09 BaseDatos.ExecStoredProcNoQuery The ROLLBACK TRANSACTION request has no corresponding BEGIN TRANSACTION.
Error number 3903 is invalid. The number must be from 13000 through 2147483647 and it cannot be 50000. 3903 Sp_EditaAplicacion 84 1
20181213 15:29:09 Edita aplicaciones correcto usuario 1 tipo Inserta
20181213 15:29:09 Obten Aplicaciones correcto usuario 1
20181213 15:29:09 Obten Aplicaciones correcto usuario 1
20181213 15:29:09 Obtención correcta areas usuario:1
20181213 15:29:09 Obten Lenguajes correcto usuario 1
20181213 15:29:15 Obten Aplicaciones correcto usuario 1
20181213 15:29:15 Obtención correcta areas usuario:1
20181213 15:29:15 Obten Lenguajes correcto usuario 1
20181213 15:29:17 Obten Aplicaciones correcto usuario 1
20181213 15:29:17 Obtención correcta areas usuario:1
20181213 15:29:17 Obten Lenguajes correcto usuario 1
20181213 15:29:18 BaseDatos.ExecStoredProcNoQuery The ROLLBACK TRANSACTION request has no corresponding BEGIN TRANSACTION.
Error number 3903 is invalid. The number must be from 13000 through 2147483647 and it cannot be 50000. 3903 Sp_EditaAplicacion 84 1
20181213 15:29:18 Edita aplicaciones correcto usuario 1 tipo Inserta
20181213 15:29:18 Obten Aplicaciones correcto usuario 1
20181213 15:29:18 Obten Aplicaciones correcto usuario 1
20181213 15:29:18 Obtención correcta areas usuario:1
20181213 15:29:18 Obten Lenguajes correcto usuario 1
20181213 15:29:19 Obten Aplicaciones correcto usuario 1
20181213 15:29:19 Obtención correcta areas usuario:1
20181213 15:29:19 Obten Lenguajes correcto usuario 1
20181213 15:29:29 Obten perfiles correcto usuario 1
20181213 15:29:35 Obten perfiles correcto usuario 1
20181213 15:29:37 Obten perfiles correcto usuario 1
20181213 15:29:37 Obten perfiles correcto usuario 1
20181213 15:29:40 Obten perfiles correcto usuario 1
20181213 15:29:40 Edita perfiles correcto usuario 1 tipo Actualiza
20181213 15:29:40 Obten perfiles correcto usuario 1
20181213 15:29:40 Obten perfiles correcto usuario 1
20181213 15:29:40 Obten perfiles correcto usuario 1
20181213 15:29:42 Obten perfiles correcto usuario 1
20181213 15:29:45 Obten perfiles correcto usuario 1
20181213 15:29:45 Obten perfiles correcto usuario 1
20181213 15:29:49 Obten perfiles correcto usuario 1
20181213 15:31:00 Obten usuarios correcto usuario 1
20181213 15:31:00 Obtención correcta areas usuario:1
20181213 15:31:00 Obten PERFILES correcto usuario 1
20181213 15:34:13 Obten usuarios correcto usuario 1
20181213 15:34:13 Obtención correcta areas usuario:1
20181213 15:34:13 Obten PERFILES correcto usuario 1
20181213 15:34:22 Obten usuarios correcto usuario 1
20181213 15:34:22 Obtención correcta areas usuario:1
20181213 15:34:22 Obten PERFILES correcto usuario 1
20181213 15:34:25 Obten usuarios correcto usuario 1
20181213 15:34:25 Obtención correcta areas usuario:1
20181213 15:34:25 Obten PERFILES correcto usuario 1
20181213 15:34:25 Obten usuarios correcto usuario 1
20181213 15:34:29 Obten usuarios correcto usuario 1
20181213 15:34:29 Obtención correcta areas usuario:1
20181213 15:34:29 Obten PERFILES correcto usuario 1
20181213 15:34:39 Obten usuarios correcto usuario 1
20181213 15:34:39 Obtención correcta areas usuario:1
20181213 15:34:39 Obten PERFILES correcto usuario 1
20181213 15:34:39 Modificación de Usuario Correcta 
20181213 15:34:39 Obten usuarios correcto usuario 1
20181213 15:34:39 Obten usuarios correcto usuario 1
20181213 15:34:39 Obtención correcta areas usuario:1
20181213 15:34:39 Obten PERFILES correcto usuario 1
20181213 15:46:44 Acceso correcto usuario info
20181213 15:46:44 Obtención correcta areas usuario:1
20181213 15:46:44 Avance correcto proceso 0
20181213 15:46:52 Obtención correcta aplicaciones usuario:1 area 1
20181213 15:47:11 Obtención correcta areas usuario:1
20181213 15:47:11 Avance correcto proceso 0
20181213 15:47:13 actualizaStatus.UploadComplete Cannot apply indexing with [] to an expression of type 'System.Dynamic.DynamicObject'
20181213 15:47:21 Obtención correcta areas usuario:1
20181213 15:47:21 Avance correcto proceso 0
20181213 15:47:31 Obtención correcta areas usuario:1
20181213 15:47:31 Avance correcto proceso 0
20181213 15:47:41 Obtención correcta areas usuario:1
20181213 15:47:41 Avance correcto proceso 0
20181213 15:48:03 Obtención correcta areas usuario:1
20181213 15:48:04 Avance correcto proceso 0
20181213 15:48:11 Obtención correcta areas usuario:1
20181213 15:48:13 Avance correcto proceso 0
20181213 15:48:30 Obtención correcta areas usuario:1
20181213 15:48:31 Avance correcto proceso 0
20181213 15:48:43 Obtención correcta areas usuario:1
20181213 15:48:43 Avance correcto proceso 0
20181213 15:50:38 Obtención correcta areas usuario:1
20181213 15:53:15 Acceso correcto usuario info
20181213 15:53:15 Obtención correcta areas usuario:1
20181213 15:53:15 Avance correcto proceso 0
20181213 15:53:32 Obtención correcta aplicaciones usuario:1 area 1
20181213 15:53:55 actualizaStatus.UploadComplete Cannot apply indexing with [] to an expression of type 'System.Dynamic.DynamicObject'
20181213 15:53:56 Obtención correcta areas usuario:1
20181213 15:53:56 Avance correcto proceso 0
20181213 15:54:04 Obtención correcta areas usuario:1
20181213 15:54:04 Avance correcto proceso 0
20181213 15:54:14 Obtención correcta areas usuario:1
20181213 15:54:14 Avance correcto proceso 0
20181213 15:54:24 Obtención correcta areas usuario:1
20181213 15:54:24 Avance correcto proceso 0
20181213 15:54:34 Obtención correcta areas usuario:1
20181213 15:54:34 Avance correcto proceso 0
20181213 15:54:44 Obtención correcta areas usuario:1
20181213 15:54:44 Avance correcto proceso 0
20181213 15:54:54 Obtención correcta areas usuario:1
20181213 15:54:54 Avance correcto proceso 0
20181213 15:55:04 Obtención correcta areas usuario:1
20181213 15:55:04 Avance correcto proceso 0
20181213 15:55:14 Obtención correcta areas usuario:1
20181213 15:55:14 Avance correcto proceso 0
20181213 15:55:24 Obtención correcta areas usuario:1
20181213 15:55:24 Avance correcto proceso 0
20181213 15:55:34 Obtención correcta areas usuario:1
20181213 15:55:34 Avance correcto proceso 0
20181213 15:55:38 Obtención correcta areas usuario:1
20181213 15:55:38 Avance correcto proceso 0
20181213 15:56:33 Obtención correcta aplicaciones usuario:1 area 1
20181213 15:56:56 actualizaStatus.UploadComplete Cannot apply indexing with [] to an expression of type 'System.Dynamic.DynamicObject'
20181213 15:57:06 Obtención correcta areas usuario:1
20181213 15:57:06 Avance correcto proceso 0
20181213 15:57:06 Obtención correcta areas usuario:1
20181213 15:57:06 Avance correcto proceso 0
20181213 15:57:15 Obtención correcta areas usuario:1
20181213 15:57:15 Avance correcto proceso 0
20181213 15:57:25 Obtención correcta areas usuario:1
20181213 15:57:25 Avance correcto proceso 0
20181213 15:57:37 Obtención correcta areas usuario:1
20181213 15:57:39 Avance correcto proceso 0
20181213 16:11:17 Acceso correcto usuario info
20181213 16:11:18 Obtención correcta areas usuario:1
20181213 16:11:18 Avance correcto proceso 0
20181213 16:11:30 Obtención correcta aplicaciones usuario:1 area 1
20181213 16:11:57 Obtención correcta areas usuario:1
20181213 16:11:57 Avance correcto proceso 0
20181213 16:12:28 actualizaStatus.UploadComplete Cannot apply indexing with [] to an expression of type 'System.Dynamic.DynamicObject'
20181213 16:12:29 Obtención correcta areas usuario:1
20181213 16:12:29 Avance correcto proceso 0
20181213 16:12:34 Obtención correcta areas usuario:1
20181213 16:12:34 Avance correcto proceso 0
20181213 16:12:44 Obtención correcta areas usuario:1
20181213 16:12:44 Avance correcto proceso 0
20181213 16:12:54 Obtención correcta areas usuario:1
20181213 16:12:54 Avance correcto proceso 0
20181213 16:13:04 Obtención correcta areas usuario:1
20181213 16:13:04 Avance correcto proceso 0
20181213 16:13:14 Obtención correcta areas usuario:1
20181213 16:13:14 Avance correcto proceso 0
20181213 16:13:24 Obtención correcta areas usuario:1
20181213 16:13:24 Avance correcto proceso 0
20181213 16:13:39 Obtención correcta areas usuario:1
20181213 16:13:39 Avance correcto proceso 0
20181213 16:14:15 Obtención correcta areas usuario:1
20181213 16:14:16 Avance correcto proceso 0
20181213 16:14:16 Obtención correcta areas usuario:1
20181213 16:14:16 Avance correcto proceso 0
20181213 16:14:26 Obtención correcta areas usuario:1
20181213 16:14:26 Avance correcto proceso 0
20181213 16:14:36 Obtención correcta areas usuario:1
20181213 16:14:36 Avance correcto proceso 0
20181213 16:14:47 Obtención correcta areas usuario:1
20181213 16:14:48 Avance correcto proceso 0
20181213 16:15:04 Obtención correcta areas usuario:1
20181213 16:15:04 Avance correcto proceso 0
20181213 16:15:06 Obtención correcta areas usuario:1
20181213 16:15:06 Avance correcto proceso 0
20181213 16:15:16 Obtención correcta areas usuario:1
20181213 16:15:16 Avance correcto proceso 0
20181213 16:15:26 Obtención correcta areas usuario:1
20181213 16:15:26 Avance correcto proceso 0
20181213 16:15:36 Obtención correcta areas usuario:1
20181213 16:15:36 Avance correcto proceso 0
20181213 16:15:46 Obtención correcta areas usuario:1
20181213 16:15:46 Avance correcto proceso 0
20181213 16:15:56 Obtención correcta areas usuario:1
20181213 16:15:56 Avance correcto proceso 0
20181213 16:16:06 Obtención correcta areas usuario:1
20181213 16:16:06 Avance correcto proceso 0
20181213 16:16:16 Obtención correcta areas usuario:1
20181213 16:16:16 Avance correcto proceso 0
20181213 16:16:26 Obtención correcta areas usuario:1
20181213 16:16:26 Avance correcto proceso 0
20181213 16:16:36 Obtención correcta areas usuario:1
20181213 16:16:36 Avance correcto proceso 0
20181213 16:16:47 Obtención correcta areas usuario:1
20181213 16:16:47 Avance correcto proceso 0
20181213 16:16:57 Obtención correcta areas usuario:1
20181213 16:16:57 Avance correcto proceso 0
20181213 16:17:07 Obtención correcta areas usuario:1
20181213 16:17:07 Avance correcto proceso 0
20181213 16:17:17 Obtención correcta areas usuario:1
20181213 16:17:18 Avance correcto proceso 0
20181213 16:18:43 Obtención correcta areas usuario:1
20181213 16:18:43 Avance correcto proceso 0
20181213 16:18:53 Obtención correcta areas usuario:1
20181213 16:18:53 Avance correcto proceso 0
20181213 16:19:04 Obtención correcta areas usuario:1
20181213 16:19:04 Avance correcto proceso 0
20181213 16:19:34 Obtención correcta areas usuario:1
20181213 16:19:34 Avance correcto proceso 0
20181213 16:19:44 Obtención correcta areas usuario:1
20181213 16:19:44 Avance correcto proceso 0
20181213 16:19:54 Obtención correcta areas usuario:1
20181213 16:19:54 Avance correcto proceso 0
20181213 16:20:04 Obtención correcta areas usuario:1
20181213 16:20:04 Avance correcto proceso 0
20181213 16:20:14 Obtención correcta areas usuario:1
20181213 16:20:14 Avance correcto proceso 0
20181213 16:20:24 Obtención correcta areas usuario:1
20181213 16:20:24 Avance correcto proceso 0
20181213 16:20:34 Obtención correcta areas usuario:1
20181213 16:20:34 Avance correcto proceso 0
20181213 16:20:44 Obtención correcta areas usuario:1
20181213 16:20:44 Avance correcto proceso 0
20181213 16:20:54 Obtención correcta areas usuario:1
20181213 16:20:54 Avance correcto proceso 0
20181213 16:21:04 Obtención correcta areas usuario:1
20181213 16:21:04 Avance correcto proceso 0
20181213 16:21:14 Obtención correcta areas usuario:1
20181213 16:21:14 Avance correcto proceso 0
20181213 16:21:24 Obtención correcta areas usuario:1
20181213 16:21:24 Avance correcto proceso 0
20181213 16:21:34 Obtención correcta areas usuario:1
20181213 16:21:34 Avance correcto proceso 0
20181213 16:21:44 Obtención correcta areas usuario:1
20181213 16:21:44 Avance correcto proceso 0
20181213 16:21:51 actualizaStatus.UploadComplete Cannot create a file when that file already exists.

20181213 16:21:51 Obtención correcta areas usuario:1
20181213 16:21:51 Avance correcto proceso 0
20181213 16:21:54 Obtención correcta areas usuario:1
20181213 16:21:54 Avance correcto proceso 0
20181213 16:21:59 Obtención correcta areas usuario:1
20181213 16:21:59 Avance correcto proceso 0
20181213 16:22:04 Obtención correcta areas usuario:1
20181213 16:22:04 Avance correcto proceso 0
20181213 16:22:09 Obtención correcta areas usuario:1
20181213 16:22:09 Avance correcto proceso 0
20181213 16:22:14 Obtención correcta areas usuario:1
20181213 16:22:14 Avance correcto proceso 0
20181213 16:22:19 Obtención correcta areas usuario:1
20181213 16:22:19 Avance correcto proceso 0
20181213 16:22:24 Obtención correcta areas usuario:1
20181213 16:22:24 Avance correcto proceso 0
20181213 16:22:29 Obtención correcta areas usuario:1
20181213 16:22:29 Avance correcto proceso 0
20181213 16:22:34 Obtención correcta areas usuario:1
20181213 16:22:34 Avance correcto proceso 0
20181213 16:22:39 Obtención correcta areas usuario:1
20181213 16:22:39 Avance correcto proceso 0
20181213 16:22:44 Obtención correcta areas usuario:1
20181213 16:22:44 Avance correcto proceso 0
20181213 16:22:49 Obtención correcta areas usuario:1
20181213 16:22:49 Avance correcto proceso 0
20181213 16:23:01 Obtención correcta areas usuario:1
20181213 16:23:01 Avance correcto proceso 0
20181213 16:23:01 Obtención correcta areas usuario:1
20181213 16:23:01 Avance correcto proceso 0
20181213 16:23:04 Obtención correcta areas usuario:1
20181213 16:23:04 Avance correcto proceso 0
20181213 16:23:10 Obtención correcta areas usuario:1
20181213 16:23:10 Avance correcto proceso 0
20181213 16:23:14 Obtención correcta areas usuario:1
20181213 16:23:14 Avance correcto proceso 0
20181213 16:23:20 Obtención correcta areas usuario:1
20181213 16:23:20 Avance correcto proceso 0
20181213 16:23:24 Obtención correcta areas usuario:1
20181213 16:23:24 Avance correcto proceso 0
20181213 16:23:30 Obtención correcta areas usuario:1
20181213 16:23:30 Avance correcto proceso 0
20181213 16:23:34 Obtención correcta areas usuario:1
20181213 16:23:34 Avance correcto proceso 0
20181213 16:23:40 Obtención correcta areas usuario:1
20181213 16:23:40 Avance correcto proceso 0
20181213 16:23:44 Obtención correcta areas usuario:1
20181213 16:23:44 Avance correcto proceso 0
20181213 16:23:50 Obtención correcta areas usuario:1
20181213 16:23:50 Avance correcto proceso 0
20181213 16:23:54 Obtención correcta areas usuario:1
20181213 16:23:54 Avance correcto proceso 0
20181213 16:24:00 Obtención correcta areas usuario:1
20181213 16:24:00 Avance correcto proceso 0
20181213 16:24:04 Obtención correcta areas usuario:1
20181213 16:24:04 Avance correcto proceso 0
20181213 16:24:11 Obtención correcta areas usuario:1
20181213 16:24:11 Avance correcto proceso 0
20181213 16:24:14 Obtención correcta areas usuario:1
20181213 16:24:14 Avance correcto proceso 0
20181213 16:24:14 Obtención correcta areas usuario:1
20181213 16:24:15 Avance correcto proceso 0
20181213 16:25:13 Obtención correcta areas usuario:1
20181213 16:25:13 Avance correcto proceso 0
20181213 16:27:17 Acceso correcto usuario info
20181213 16:27:17 Obtención correcta areas usuario:1
20181213 16:27:17 Avance correcto proceso 0
20181213 16:27:24 Obtención correcta aplicaciones usuario:1 area 1
20181213 16:27:41 actualizaStatus.UploadComplete Input string was not in a correct format.
20181213 16:27:42 Obtención correcta areas usuario:1
20181213 16:27:42 Avance correcto proceso 0
20181213 16:27:51 Obtención correcta areas usuario:1
20181213 16:27:51 Avance correcto proceso 0
20181213 16:28:01 Obtención correcta areas usuario:1
20181213 16:28:01 Avance correcto proceso 0
20181213 16:28:11 Obtención correcta areas usuario:1
20181213 16:28:11 Avance correcto proceso 0
20181213 16:28:21 Obtención correcta areas usuario:1
20181213 16:28:21 Avance correcto proceso 0
20181213 16:28:31 Obtención correcta areas usuario:1
20181213 16:28:31 Avance correcto proceso 0
20181213 16:28:41 Obtención correcta areas usuario:1
20181213 16:28:41 Avance correcto proceso 0
20181213 16:28:51 Obtención correcta areas usuario:1
20181213 16:28:51 Avance correcto proceso 0
20181213 16:28:52 Obtención correcta areas usuario:1
20181213 16:28:52 Avance correcto proceso 0
20181213 16:29:55 Obtención correcta aplicaciones usuario:1 area 1
20181213 16:30:10 actualizaStatus.UploadComplete Input string was not in a correct format.
20181213 16:30:11 Obtención correcta areas usuario:1
20181213 16:30:11 Avance correcto proceso 0
20181213 16:30:20 Obtención correcta areas usuario:1
20181213 16:30:20 Avance correcto proceso 0
20181213 16:30:30 Obtención correcta areas usuario:1
20181213 16:30:30 Avance correcto proceso 0
20181213 16:30:40 Obtención correcta areas usuario:1
20181213 16:30:41 Avance correcto proceso 0
20181213 16:30:50 Obtención correcta areas usuario:1
20181213 16:30:50 Avance correcto proceso 0
20181213 16:31:01 Obtención correcta areas usuario:1
20181213 16:31:01 Avance correcto proceso 0
20181213 16:31:10 Obtención correcta areas usuario:1
20181213 16:31:10 Avance correcto proceso 0
20181213 16:31:20 actualizaStatus.UploadComplete Input string was not in a correct format.
20181213 16:31:21 Obtención correcta areas usuario:1
20181213 16:31:21 Avance correcto proceso 0
20181213 16:31:21 Obtención correcta areas usuario:1
20181213 16:31:21 Avance correcto proceso 0
20181213 16:31:30 Obtención correcta areas usuario:1
20181213 16:31:30 Avance correcto proceso 0
20181213 16:31:31 Obtención correcta areas usuario:1
20181213 16:31:31 Avance correcto proceso 0
20181213 16:31:40 Obtención correcta areas usuario:1
20181213 16:31:40 Avance correcto proceso 0
20181213 16:31:41 Obtención correcta areas usuario:1
20181213 16:31:41 Avance correcto proceso 0
20181213 16:31:50 Obtención correcta areas usuario:1
20181213 16:31:50 Avance correcto proceso 0
20181213 16:31:51 Obtención correcta areas usuario:1
20181213 16:31:51 Avance correcto proceso 0
20181213 16:32:01 Obtención correcta areas usuario:1
20181213 16:32:01 Avance correcto proceso 0
20181213 16:32:01 Obtención correcta areas usuario:1
20181213 16:32:01 Avance correcto proceso 0
20181213 16:32:11 Obtención correcta areas usuario:1
20181213 16:32:11 Avance correcto proceso 0
20181213 16:32:11 Obtención correcta areas usuario:1
20181213 16:32:11 Avance correcto proceso 0
20181213 16:32:21 Obtención correcta areas usuario:1
20181213 16:32:21 Avance correcto proceso 0
20181213 16:32:21 Obtención correcta areas usuario:1
20181213 16:32:21 Avance correcto proceso 0
20181213 16:32:31 Obtención correcta areas usuario:1
20181213 16:32:31 Avance correcto proceso 0
20181213 16:32:31 Obtención correcta areas usuario:1
20181213 16:32:31 Avance correcto proceso 0
20181213 16:32:41 Obtención correcta areas usuario:1
20181213 16:32:41 Avance correcto proceso 0
20181213 16:32:41 Obtención correcta areas usuario:1
20181213 16:32:41 Avance correcto proceso 0
20181213 16:33:16 actualizaStatus.UploadComplete Input string was not in a correct format.
20181213 16:33:16 Obtención correcta areas usuario:1
20181213 16:33:16 Avance correcto proceso 0
20181213 16:33:16 Obtención correcta areas usuario:1
20181213 16:33:16 Avance correcto proceso 0
20181213 16:33:16 Obtención correcta areas usuario:1
20181213 16:33:16 Avance correcto proceso 0
20181213 16:33:16 Obtención correcta areas usuario:1
20181213 16:33:16 Avance correcto proceso 0
20181213 16:33:16 Obtención correcta areas usuario:1
20181213 16:33:16 Avance correcto proceso 0
20181213 16:33:17 Obtención correcta areas usuario:1
20181213 16:33:17 Avance correcto proceso 0
20181213 16:33:17 Obtención correcta areas usuario:1
20181213 16:33:18 Avance correcto proceso 0
20181213 16:33:18 Obtención correcta areas usuario:1
20181213 16:33:18 Avance correcto proceso 0
20181213 16:33:19 Obtención correcta areas usuario:1
20181213 16:33:19 Avance correcto proceso 0
20181213 16:33:26 Obtención correcta areas usuario:1
20181213 16:33:26 Avance correcto proceso 0
20181213 16:33:27 Obtención correcta areas usuario:1
20181213 16:33:27 Avance correcto proceso 0
20181213 16:33:27 Obtención correcta areas usuario:1
20181213 16:33:27 Avance correcto proceso 0
20181213 16:33:36 Obtención correcta areas usuario:1
20181213 16:33:36 Avance correcto proceso 0
20181213 16:33:36 Obtención correcta areas usuario:1
20181213 16:33:36 Avance correcto proceso 0
20181213 16:33:36 Obtención correcta areas usuario:1
20181213 16:33:36 Avance correcto proceso 0
20181213 16:33:46 Obtención correcta areas usuario:1
20181213 16:33:46 Avance correcto proceso 0
20181213 16:33:46 Obtención correcta areas usuario:1
20181213 16:33:46 Avance correcto proceso 0
20181213 16:33:47 Obtención correcta areas usuario:1
20181213 16:33:47 Avance correcto proceso 0
20181213 16:33:52 Obtención correcta areas usuario:1
20181213 16:33:52 Avance correcto proceso 0
20181213 16:34:12 actualizaStatus.UploadComplete Cannot apply indexing with [] to an expression of type 'System.Dynamic.DynamicObject'
20181213 16:34:12 Obtención correcta areas usuario:1
20181213 16:34:12 Avance correcto proceso 0
20181213 16:34:15 Obtención correcta areas usuario:1
20181213 16:34:22 Avance correcto proceso 0
20181213 16:34:23 Obtención correcta areas usuario:1
20181213 16:34:23 Avance correcto proceso 0
20181213 16:34:24 Obtención correcta areas usuario:1
20181213 16:34:24 Avance correcto proceso 0
20181213 16:34:24 Obtención correcta areas usuario:1
20181213 16:34:24 Avance correcto proceso 0
20181213 16:34:24 Obtención correcta areas usuario:1
20181213 16:34:24 Avance correcto proceso 0
20181213 16:34:24 Obtención correcta areas usuario:1
20181213 16:34:24 Avance correcto proceso 0
20181213 16:34:24 Obtención correcta areas usuario:1
20181213 16:34:25 Avance correcto proceso 0
20181213 16:34:25 Obtención correcta areas usuario:1
20181213 16:34:25 Avance correcto proceso 0
20181213 16:34:25 Obtención correcta areas usuario:1
20181213 16:34:25 Avance correcto proceso 0
20181213 16:34:26 Obtención correcta areas usuario:1
20181213 16:34:26 Avance correcto proceso 0
20181213 16:34:33 Obtención correcta areas usuario:1
20181213 16:34:33 Avance correcto proceso 0
20181213 16:34:33 Obtención correcta areas usuario:1
20181213 16:34:33 Avance correcto proceso 0
20181213 16:34:33 Obtención correcta areas usuario:1
20181213 16:34:33 Avance correcto proceso 0
20181213 16:34:34 Obtención correcta areas usuario:1
20181213 16:34:34 Avance correcto proceso 0
20181213 16:34:43 Obtención correcta areas usuario:1
20181213 16:34:43 Avance correcto proceso 0
20181213 16:34:43 Obtención correcta areas usuario:1
20181213 16:34:43 Avance correcto proceso 0
20181213 16:34:44 Obtención correcta areas usuario:1
20181213 16:34:44 Avance correcto proceso 0
20181213 16:34:44 Obtención correcta areas usuario:1
20181213 16:34:44 Avance correcto proceso 0
20181213 16:35:09 Obtención correcta areas usuario:1
20181213 16:35:09 Avance correcto proceso 0
20181213 16:35:09 Obtención correcta areas usuario:1
20181213 16:35:09 Avance correcto proceso 0
20181213 16:35:15 Obtención correcta areas usuario:1
20181213 16:35:15 Avance correcto proceso 0
20181213 16:35:15 Obtención correcta areas usuario:1
20181213 16:35:15 Avance correcto proceso 0
20181213 16:35:19 Obtención correcta areas usuario:1
20181213 16:35:19 Avance correcto proceso 0
20181213 16:35:20 Obtención correcta areas usuario:1
20181213 16:35:20 Avance correcto proceso 0
20181213 16:35:20 Obtención correcta areas usuario:1
20181213 16:35:20 Avance correcto proceso 0
20181213 16:35:21 Obtención correcta areas usuario:1
20181213 16:35:21 Avance correcto proceso 0
20181213 16:35:29 Obtención correcta areas usuario:1
20181213 16:35:29 Avance correcto proceso 0
20181213 16:35:30 Obtención correcta areas usuario:1
20181213 16:35:30 Avance correcto proceso 0
20181213 16:35:30 Obtención correcta areas usuario:1
20181213 16:35:30 Avance correcto proceso 0
20181213 16:35:31 Obtención correcta areas usuario:1
20181213 16:35:31 Avance correcto proceso 0
20181213 16:35:40 Obtención correcta areas usuario:1
20181213 16:35:40 Avance correcto proceso 0
20181213 16:35:41 Obtención correcta areas usuario:1
20181213 16:35:41 Avance correcto proceso 0
20181213 16:35:42 Obtención correcta areas usuario:1
20181213 16:35:42 Avance correcto proceso 0
20181213 16:35:42 Obtención correcta areas usuario:1
20181213 16:35:42 Avance correcto proceso 0
20181213 16:35:50 Obtención correcta areas usuario:1
20181213 16:35:50 Avance correcto proceso 0
20181213 16:35:52 Obtención correcta areas usuario:1
20181213 16:35:52 Avance correcto proceso 0
20181213 16:35:56 Obtención correcta areas usuario:1
20181213 16:35:56 Avance correcto proceso 0
20181213 16:35:58 Obtención correcta areas usuario:1
20181213 16:35:58 Avance correcto proceso 0
20181213 16:36:00 Obtención correcta areas usuario:1
20181213 16:36:00 Avance correcto proceso 0
20181213 16:36:02 Obtención correcta areas usuario:1
20181213 16:36:02 Avance correcto proceso 0
20181213 16:36:12 Obtención correcta areas usuario:1
20181213 16:36:13 Avance correcto proceso 0
20181213 16:36:15 Obtención correcta areas usuario:1
20181213 16:36:15 Avance correcto proceso 0
20181213 16:36:17 Obtención correcta areas usuario:1
20181213 16:36:17 Avance correcto proceso 0
20181213 16:36:20 Obtención correcta areas usuario:1
20181213 16:36:20 Avance correcto proceso 0
20181213 16:36:22 Obtención correcta areas usuario:1
20181213 16:36:22 Avance correcto proceso 0
20181213 16:36:33 Obtención correcta areas usuario:1
20181213 16:36:33 Avance correcto proceso 0
20181213 16:36:34 Obtención correcta areas usuario:1
20181213 16:36:34 Avance correcto proceso 0
20181213 16:36:36 Obtención correcta areas usuario:1
20181213 16:36:36 Avance correcto proceso 0
20181213 16:36:38 Obtención correcta areas usuario:1
20181213 16:36:38 Avance correcto proceso 0
20181213 16:36:42 Obtención correcta areas usuario:1
20181213 16:36:42 Avance correcto proceso 0
20181213 16:36:44 Obtención correcta areas usuario:1
20181213 16:36:44 Avance correcto proceso 0
20181213 16:36:46 Obtención correcta areas usuario:1
20181213 16:36:46 Avance correcto proceso 0
20181213 16:36:48 Obtención correcta areas usuario:1
20181213 16:36:48 Avance correcto proceso 0
20181213 16:37:03 Obtención correcta areas usuario:1
20181213 16:37:03 Avance correcto proceso 0
20181213 16:37:05 Obtención correcta areas usuario:1
20181213 16:37:05 Avance correcto proceso 0
20181213 16:37:07 Obtención correcta areas usuario:1
20181213 16:37:07 Avance correcto proceso 0
20181213 16:37:09 Obtención correcta areas usuario:1
20181213 16:37:09 Avance correcto proceso 0
20181213 16:37:19 Obtención correcta areas usuario:1
20181213 16:37:19 Avance correcto proceso 0
20181213 16:37:21 Obtención correcta areas usuario:1
20181213 16:37:21 Avance correcto proceso 0
20181213 16:37:23 Obtención correcta areas usuario:1
20181213 16:37:23 Avance correcto proceso 0
20181213 16:37:25 Obtención correcta areas usuario:1
20181213 16:37:25 Avance correcto proceso 0
20181213 16:37:36 Obtención correcta areas usuario:1
20181213 16:37:36 Avance correcto proceso 0
20181213 16:37:39 Obtención correcta areas usuario:1
20181213 16:37:39 Avance correcto proceso 0
20181213 16:37:41 Obtención correcta areas usuario:1
20181213 16:37:41 Avance correcto proceso 0
20181213 16:37:44 Obtención correcta areas usuario:1
20181213 16:37:44 Avance correcto proceso 0
20181213 16:37:47 Obtención correcta areas usuario:1
20181213 16:37:47 Avance correcto proceso 0
20181213 16:37:51 Obtención correcta areas usuario:1
20181213 16:37:51 Avance correcto proceso 0
20181213 16:37:57 Obtención correcta areas usuario:1
20181213 16:37:57 Avance correcto proceso 0
20181213 16:38:01 Obtención correcta areas usuario:1
20181213 16:38:01 Avance correcto proceso 0
20181213 16:38:06 Obtención correcta areas usuario:1
20181213 16:38:06 Avance correcto proceso 0
20181213 16:38:11 Obtención correcta areas usuario:1
20181213 16:38:11 Avance correcto proceso 0
20181213 16:38:12 Obtención correcta areas usuario:1
20181213 16:38:12 Avance correcto proceso 0
20181213 16:38:12 Obtención correcta areas usuario:1
20181213 16:38:12 Avance correcto proceso 0
20181213 16:38:16 Obtención correcta areas usuario:1
20181213 16:38:16 Avance correcto proceso 0
20181213 16:39:11 Obtención correcta areas usuario:1
20181213 16:39:12 Avance correcto proceso 0
20181213 16:39:48 Obtención correcta areas usuario:1
20181213 16:39:48 Avance correcto proceso 0
20181213 16:39:49 Obtención correcta areas usuario:1
20181213 16:39:49 Avance correcto proceso 0
20181213 16:39:49 Obtención correcta areas usuario:1
20181213 16:39:49 Avance correcto proceso 0
20181213 16:39:50 Obtención correcta areas usuario:1
20181213 16:39:50 Avance correcto proceso 0
20181213 16:39:58 Obtención correcta areas usuario:1
20181213 16:39:58 Avance correcto proceso 0
20181213 16:39:58 Obtención correcta areas usuario:1
20181213 16:39:58 Avance correcto proceso 0
20181213 16:39:59 Obtención correcta areas usuario:1
20181213 16:39:59 Avance correcto proceso 0
20181213 16:39:59 Obtención correcta areas usuario:1
20181213 16:39:59 Avance correcto proceso 0
20181213 16:40:08 Obtención correcta areas usuario:1
20181213 16:40:08 Avance correcto proceso 0
20181213 16:40:08 Obtención correcta areas usuario:1
20181213 16:40:08 Avance correcto proceso 0
20181213 16:40:09 Obtención correcta areas usuario:1
20181213 16:40:09 Avance correcto proceso 0
20181213 16:40:09 Obtención correcta areas usuario:1
20181213 16:40:09 Avance correcto proceso 0
20181213 16:40:18 Obtención correcta areas usuario:1
20181213 16:40:18 Avance correcto proceso 0
20181213 16:40:18 Obtención correcta areas usuario:1
20181213 16:40:18 Avance correcto proceso 0
20181213 16:40:18 Obtención correcta areas usuario:1
20181213 16:40:18 Avance correcto proceso 0
20181213 16:40:19 Obtención correcta areas usuario:1
20181213 16:40:19 Avance correcto proceso 0
20181213 16:40:28 Obtención correcta areas usuario:1
20181213 16:40:28 Avance correcto proceso 0
20181213 16:40:29 Obtención correcta areas usuario:1
20181213 16:40:29 Avance correcto proceso 0
20181213 16:40:29 Obtención correcta areas usuario:1
20181213 16:40:29 Avance correcto proceso 0
20181213 16:40:30 Obtención correcta areas usuario:1
20181213 16:40:30 Avance correcto proceso 0
20181213 16:40:38 Obtención correcta areas usuario:1
20181213 16:40:38 Avance correcto proceso 0
20181213 16:40:38 Obtención correcta areas usuario:1
20181213 16:40:38 Avance correcto proceso 0
20181213 16:40:39 Obtención correcta areas usuario:1
20181213 16:40:39 Avance correcto proceso 0
20181213 16:40:40 Obtención correcta areas usuario:1
20181213 16:40:40 Avance correcto proceso 0
20181213 16:40:50 Obtención correcta areas usuario:1
20181213 16:40:50 Avance correcto proceso 0
20181213 16:40:50 Obtención correcta areas usuario:1
20181213 16:40:50 Avance correcto proceso 0
20181213 16:40:50 Obtención correcta areas usuario:1
20181213 16:40:50 Avance correcto proceso 0
20181213 16:40:51 Obtención correcta areas usuario:1
20181213 16:40:51 Avance correcto proceso 0
20181213 16:41:00 Obtención correcta areas usuario:1
20181213 16:41:00 Avance correcto proceso 0
20181213 16:41:00 Obtención correcta areas usuario:1
20181213 16:41:00 Avance correcto proceso 0
20181213 16:41:00 Obtención correcta areas usuario:1
20181213 16:41:00 Avance correcto proceso 0
20181213 16:41:00 Obtención correcta areas usuario:1
20181213 16:41:00 Avance correcto proceso 0
20181213 16:41:10 Obtención correcta areas usuario:1
20181213 16:41:10 Avance correcto proceso 0
20181213 16:41:10 Obtención correcta areas usuario:1
20181213 16:41:10 Avance correcto proceso 0
20181213 16:41:10 Obtención correcta areas usuario:1
20181213 16:41:10 Avance correcto proceso 0
20181213 16:41:11 Obtención correcta areas usuario:1
20181213 16:41:11 Avance correcto proceso 0
20181213 16:41:20 Obtención correcta areas usuario:1
20181213 16:41:20 Avance correcto proceso 0
20181213 16:41:20 Obtención correcta areas usuario:1
20181213 16:41:20 Avance correcto proceso 0
20181213 16:41:20 Obtención correcta areas usuario:1
20181213 16:41:20 Avance correcto proceso 0
20181213 16:41:20 Obtención correcta areas usuario:1
20181213 16:41:20 Avance correcto proceso 0
20181213 16:41:30 Obtención correcta areas usuario:1
20181213 16:41:30 Avance correcto proceso 0
20181213 16:41:30 Obtención correcta areas usuario:1
20181213 16:41:30 Avance correcto proceso 0
20181213 16:41:30 Obtención correcta areas usuario:1
20181213 16:41:30 Avance correcto proceso 0
20181213 16:41:31 Obtención correcta areas usuario:1
20181213 16:41:31 Avance correcto proceso 0
20181213 16:41:40 Obtención correcta areas usuario:1
20181213 16:41:40 Avance correcto proceso 0
20181213 16:41:40 Obtención correcta areas usuario:1
20181213 16:41:40 Avance correcto proceso 0
20181213 16:41:40 Obtención correcta areas usuario:1
20181213 16:41:40 Avance correcto proceso 0
20181213 16:41:40 Obtención correcta areas usuario:1
20181213 16:41:40 Avance correcto proceso 0
20181213 16:41:50 Obtención correcta areas usuario:1
20181213 16:41:50 Avance correcto proceso 0
20181213 16:41:50 Obtención correcta areas usuario:1
20181213 16:41:50 Avance correcto proceso 0
20181213 16:41:50 Obtención correcta areas usuario:1
20181213 16:41:50 Avance correcto proceso 0
20181213 16:41:50 Obtención correcta areas usuario:1
20181213 16:41:50 Avance correcto proceso 0
20181213 16:42:00 Obtención correcta areas usuario:1
20181213 16:42:00 Avance correcto proceso 0
20181213 16:42:00 Obtención correcta areas usuario:1
20181213 16:42:00 Avance correcto proceso 0
20181213 16:42:00 Obtención correcta areas usuario:1
20181213 16:42:00 Avance correcto proceso 0
20181213 16:42:00 Obtención correcta areas usuario:1
20181213 16:42:00 Avance correcto proceso 0
20181213 16:42:00 Obtención correcta areas usuario:1
20181213 16:42:26 Obtención correcta areas usuario:1
20181213 16:42:26 Avance correcto proceso 0
20181213 16:42:26 Obtención correcta areas usuario:1
20181213 16:42:26 Avance correcto proceso 0
20181213 16:42:26 Obtención correcta areas usuario:1
20181213 16:42:26 Avance correcto proceso 0
20181213 16:42:26 Obtención correcta areas usuario:1
20181213 16:42:26 Avance correcto proceso 0
20181213 16:42:31 Obtención correcta areas usuario:1
20181213 16:42:31 Avance correcto proceso 0
20181213 16:42:32 Obtención correcta areas usuario:1
20181213 16:42:32 Avance correcto proceso 0
20181213 16:42:32 Obtención correcta areas usuario:1
20181213 16:42:32 Avance correcto proceso 0
20181213 16:42:33 Obtención correcta areas usuario:1
20181213 16:42:33 Avance correcto proceso 0
20181213 16:43:01 Obtención correcta aplicaciones usuario:1 area 1
20181213 16:43:07 Obtención correcta areas usuario:1
20181213 16:43:15 Obtención correcta areas usuario:1
20181213 16:43:15 Consulta correcta aplicacion 0
20181213 16:43:29 Obtención correcta aplicaciones usuario:1 area 1
20181213 16:43:32 Obtención correcta ObtenFiltros Tipo:BD BaseDatos Aplicacion 23
20181213 16:43:36 Obtención correcta ObtenFiltros Tipo:BD ObjetosBD Aplicacion 23
20181213 16:43:37 Obtención correcta areas usuario:1
20181213 16:43:37 Consulta correcta aplicacion 0
20181213 16:43:37 Consulta correcta apliación: BD 23
20181213 16:43:54 Obtención correcta areas usuario:1
20181213 16:44:01 Obtención correcta aplicaciones usuario:1 area 1
20181213 16:44:07 Obtención incorrecta ObtenIndicaores usuario:1 app 23
20181213 16:44:21 Obtención correcta objetosdb usuario:1 app 23
20181213 16:44:21 Obtención correcta objetosdb usuario:1 app 23
20181213 16:44:47 Obtención incorrecta ObtenIndicaores usuario:1 app 23
20181213 16:45:00 Obtención correcta objetosdb usuario:1 app 23
20181213 16:45:01 Obtención correcta objetosdb usuario:1 app 23
20181213 16:45:03 Obtención correcta objetosdb usuario:1 app 23
20181213 16:45:04 Obtención correcta objetosdb usuario:1 app 23
20181213 16:45:07 Obtención correcta objetosdb usuario:1 app 23
20181213 16:45:14 Obtención correcta objetosdb usuario:1 app 23
20181213 16:45:14 Obtención correcta ObtenIndicaores usuario:1 app 23
20181213 16:45:15 Obtención correcta objetosdb usuario:1 app 23
20181213 16:45:15 Obtención correcta ObtenIndicaores usuario:1 app 23
20181213 16:45:15 Obtención correcta objetosdb usuario:1 app 23
20181213 16:45:15 Obtención correcta objetosdb usuario:1 app 23
20181213 16:45:23 Obtención correcta objetosdb usuario:1 app 23
20181213 16:45:24 Obtención correcta objetosdb usuario:1 app 23
20181213 16:45:30 Obtención correcta objetosdb usuario:1 app 23
20181213 16:45:31 Obtención correcta ObtenIndicaores usuario:1 app 23
20181213 16:45:31 Obtención correcta objetosdb usuario:1 app 23
20181213 16:45:31 Obtención correcta objetosdb usuario:1 app 23
20181213 16:45:32 Obtención incorrecta ObtenIndicaores usuario:1 app 23
20181213 16:46:12 Obtención correcta objetosdb usuario:1 app 23
20181213 16:46:19 Obtención correcta areas usuario:1
20181213 16:46:19 Consulta correcta aplicacion 0
20181213 16:46:42 Consulta de Proceso correcta
20181213 16:47:43 Obtención correcta areas usuario:1
20181213 16:47:51 Obtención correcta areas usuario:1
20181213 16:47:51 Consulta correcta aplicacion 0
20181213 16:48:04 Consulta de Proceso correcta
20181213 16:53:30 Obtención correcta areas usuario:1
20181213 16:53:30 Consulta correcta aplicacion 0
20181213 16:53:40 Consulta de Proceso correcta
20181213 16:54:23 Consulta de Proceso correcta
20181213 16:56:27 Acceso correcto usuario info
20181213 16:56:27 Obtención correcta areas usuario:1
20181213 16:56:27 Avance correcto proceso 0
20181213 16:56:38 Obtención correcta areas usuario:1
20181213 16:56:43 Obtención correcta areas usuario:1
20181213 16:56:52 Obten usuarios correcto usuario 1
20181213 16:56:52 Obtención correcta areas usuario:1
20181213 16:56:52 Obten PERFILES correcto usuario 1
20181213 18:03:53 Acceso correcto usuario info
20181213 18:03:54 Obtención correcta areas usuario:1
20181213 18:03:54 Avance correcto proceso 0
20181213 18:04:23 Acceso correcto usuario info
20181213 18:04:23 Obtención correcta areas usuario:1
20181213 18:04:23 Avance correcto proceso 0
20181213 18:04:56 Avance correcto proceso 0
20181213 18:06:44 Acceso correcto usuario info
20181213 18:06:47 Obtención correcta areas usuario:1
20181213 18:06:48 Avance correcto proceso 0
20181213 18:10:09 Acceso correcto usuario info
20181213 18:10:09 Obtención correcta areas usuario:1
20181213 18:10:09 Avance correcto proceso 0
20181213 18:17:00 Acceso correcto usuario info
20181213 18:17:00 Obtención correcta areas usuario:1
20181213 18:17:00 Avance correcto proceso 0
20181213 18:19:02 Acceso correcto usuario info
20181213 18:19:03 Obtención correcta areas usuario:1
20181213 18:19:03 Avance correcto proceso 0
20181213 18:19:34 Acceso correcto usuario info
20181213 18:19:34 Obtención correcta areas usuario:1
20181213 18:19:34 Avance correcto proceso 0
20181213 18:23:58 Acceso correcto usuario info
20181213 18:23:58 Obtención correcta areas usuario:1
20181213 18:23:59 Avance correcto proceso 0
20181213 18:27:41 Acceso correcto usuario info
20181213 18:27:41 Obtención correcta areas usuario:1
20181213 18:27:41 Avance correcto proceso 0
20181213 21:39:09 Acceso correcto usuario info
20181213 21:39:09 Obtención correcta areas usuario:1
20181213 21:39:10 Avance correcto proceso 0
20181213 21:49:33 Acceso correcto usuario info
20181213 21:49:33 Obtención correcta areas usuario:1
20181213 21:49:33 Avance correcto proceso 0
20181213 22:13:52 Acceso correcto usuario info
20181213 22:13:52 Obtención correcta areas usuario:1
20181213 22:13:52 Avance correcto proceso 0
20181213 22:16:53 Acceso correcto usuario info
20181213 22:16:53 Obtención correcta areas usuario:1
20181213 22:16:53 Avance correcto proceso 0
20181213 22:21:28 Acceso correcto usuario info
20181213 22:21:28 Obtención correcta areas usuario:1
20181213 22:21:28 Avance correcto proceso 0
