20181026 12:03:00 Acceso correcto usuario veneno
20181026 13:00:47 Analisis.aspx.cs.Page_Load Object reference not set to an instance of an object.
20181026 13:05:53 Acceso correcto usuario veneno
20181026 13:10:08 Acceso correcto usuario veneno
20181026 13:11:02 Acceso correcto usuario veneno
20181026 13:19:38 Acceso correcto usuario veneno
20181026 13:19:38 Obtención correcta areas usuario:1
20181026 15:37:19 Acceso correcto usuario veneno
20181026 15:37:20 Obtención correcta areas usuario:1
20181026 15:37:20 Analisis.aspx.cs.Page_Load Value cannot be null.
Parameter name: source
20181026 15:38:05 Analisis.aspx.cs.Page_Load Object reference not set to an instance of an object.
20181026 15:39:05 Analisis.aspx.cs.Page_Load Object reference not set to an instance of an object.
20181026 15:40:37 Analisis.aspx.cs.Page_Load Object reference not set to an instance of an object.
20181026 15:41:55 Analisis.aspx.cs.Page_Load Object reference not set to an instance of an object.
20181026 15:44:38 Acceso correcto usuario veneno
20181026 15:44:38 Obtención correcta areas usuario:1
20181026 15:44:38 Analisis.aspx.cs.Page_Load Value cannot be null.
Parameter name: source
20181026 15:47:36 Analisis.aspx.cs.Page_Load Object reference not set to an instance of an object.
20181026 15:53:28 Acceso correcto usuario veneno
20181026 15:53:28 Obtención correcta areas usuario:1
20181026 16:09:51 Acceso correcto usuario veneno
20181026 16:09:51 Obtención correcta areas usuario:1
20181026 16:15:31 Analisis.aspx.cs.Page_Load Object reference not set to an instance of an object.
20181026 16:19:01 Acceso correcto usuario veneno
20181026 16:19:01 Obtención correcta areas usuario:1
20181026 16:20:34 Acceso correcto usuario veneno
20181026 16:20:51 Obtención correcta areas usuario:1
20181026 16:28:04 Acceso correcto usuario veneno
20181026 16:28:09 Obtención correcta areas usuario:1
20181026 16:30:18 Analisis.aspx.cs.Page_Load Object reference not set to an instance of an object.
20181026 16:34:06 Analisis.aspx.cs.Page_Load Object reference not set to an instance of an object.
20181026 16:35:33 Analisis.aspx.cs.Page_Load Object reference not set to an instance of an object.
20181026 16:40:22 Analisis.aspx.cs.Page_Load Object reference not set to an instance of an object.
20181026 16:45:43 Analisis.aspx.cs.Page_Load Object reference not set to an instance of an object.
20181026 16:50:22 Analisis.aspx.cs.Page_Load Object reference not set to an instance of an object.
20181026 16:52:16 Acceso correcto usuario veneno
20181026 16:52:17 Obtención correcta areas usuario:1
20181026 16:53:49 Analisis.aspx.cs.Page_Load Object reference not set to an instance of an object.
20181026 16:54:48 Analisis.aspx.cs.Page_Load Object reference not set to an instance of an object.
20181026 17:00:29 Analisis.aspx.cs.Page_Load Object reference not set to an instance of an object.
20181026 17:01:19 Analisis.aspx.cs.Page_Load Object reference not set to an instance of an object.
