20181126 09:36:09 Acceso correcto usuario info
20181126 09:36:09 Obtención correcta areas usuario:1
20181126 09:36:09 Avance correcto proceso 0
20181126 09:37:06 Obtención correcta areas usuario:1
20181126 09:37:13 Obtención correcta aplicaciones usuario:1 area 1
20181126 09:37:14 Obtención correcta objetosdb usuario:1 app 1
20181126 09:37:15 Obtención correcta ObtenIndicaores usuario:1 app 1
20181126 09:37:15 Obtención correcta objetosdb usuario:1 app 1
20181126 09:37:29 Obtención correcta objetosdb usuario:1 app 1
20181126 09:37:30 Obtención correcta objetosdb usuario:1 app 1
20181126 09:37:31 Obtención correcta objetosdb usuario:1 app 1
20181126 09:37:32 Obtención correcta ObtenIndicaores usuario:1 app 1
20181126 09:37:40 Obtención correcta objetosdb usuario:1 app 1
20181126 09:38:05 Obtención correcta objetosdb usuario:1 app 1
20181126 09:38:07 Obtención correcta objetosdb usuario:1 app 1
20181126 09:38:11 Obtención correcta objetosdb usuario:1 app 1
20181126 09:38:16 Obtención correcta objetosdb usuario:1 app 1
20181126 09:38:35 Obtención correcta areas usuario:1
20181126 09:38:35 Avance correcto proceso 0
20181126 09:38:39 Obtención correcta aplicaciones usuario:1 area 1
20181126 09:40:14 Obtención correcta areas usuario:1
20181126 09:40:27 Obtención correcta aplicaciones usuario:1 area 1
20181126 09:40:28 Obtención correcta objetosdb usuario:1 app 1
20181126 09:40:29 Obtención correcta ObtenIndicaores usuario:1 app 1
20181126 09:40:29 Obtención correcta objetosdb usuario:1 app 1
20181126 09:40:43 Obtención correcta areas usuario:1
20181126 09:40:43 Avance correcto proceso 0
20181126 09:43:39 Obtención correcta areas usuario:1
20181126 09:43:41 Obtención correcta aplicaciones usuario:1 area 1
20181126 09:43:43 Obtención correcta objetosdb usuario:1 app 1
20181126 09:43:43 Obtención correcta objetosdb usuario:1 app 1
20181126 09:43:44 Obtención correcta ObtenIndicaores usuario:1 app 1
20181126 09:43:54 Obtención correcta objetosdb usuario:1 app 1
20181126 09:43:54 Obtención correcta objetosdb usuario:1 app 1
20181126 09:44:34 Obtención correcta objetosdb usuario:1 app 1
20181126 09:44:34 Obtención correcta ObtenIndicaores usuario:1 app 1
20181126 09:44:35 Obtención correcta objetosdb usuario:1 app 1
20181126 09:44:35 Obtención correcta objetosdb usuario:1 app 1
20181126 09:44:36 Obtención correcta objetosdb usuario:1 app 1
20181126 09:44:39 Obtención correcta objetosdb usuario:1 app 1
20181126 09:44:41 Obtención correcta objetosdb usuario:1 app 1
20181126 09:44:42 Obtención correcta ObtenIndicaores usuario:1 app 1
20181126 09:44:42 Obtención correcta objetosdb usuario:1 app 1
20181126 09:44:42 Obtención correcta objetosdb usuario:1 app 1
20181126 09:44:47 Obtención correcta objetosdb usuario:1 app 1
20181126 09:44:47 Obtención correcta objetosdb usuario:1 app 1
20181126 09:44:48 Obtención correcta ObtenIndicaores usuario:1 app 1
20181126 09:44:48 Obtención correcta objetosdb usuario:1 app 1
20181126 09:44:49 Obtención correcta objetosdb usuario:1 app 1
20181126 09:45:04 Obtención correcta objetosdb usuario:1 app 1
20181126 09:45:41 Obtención correcta areas usuario:1
20181126 09:45:41 Consulta correcta usuario 1
20181126 09:46:13 Obtención correcta areas usuario:1
20181126 09:46:29 Obtención correcta aplicaciones usuario:1 area 1
20181126 09:46:30 Obtención correcta objetosdb usuario:1 app 1
20181126 09:46:31 Obtención correcta ObtenIndicaores usuario:1 app 1
20181126 09:46:31 Obtención correcta objetosdb usuario:1 app 1
20181126 09:46:40 Obtención correcta objetosdb usuario:1 app 1
20181126 09:46:41 Obtención correcta objetosdb usuario:1 app 1
20181126 09:47:04 Obtención correcta objetosdb usuario:1 app 1
20181126 09:47:07 Obtención correcta objetosdb usuario:1 app 1
20181126 09:47:12 Obtención correcta objetosdb usuario:1 app 1
20181126 09:47:15 Obtención correcta objetosdb usuario:1 app 1
20181126 09:47:16 Obtención correcta objetosdb usuario:1 app 1
20181126 09:47:17 Obtención correcta objetosdb usuario:1 app 1
20181126 09:47:25 Obtención correcta objetosdb usuario:1 app 1
20181126 09:47:28 Obtención correcta objetosdb usuario:1 app 1
20181126 09:47:41 Obtención correcta objetosdb usuario:1 app 1
20181126 09:47:41 Obtención correcta ObtenIndicaores usuario:1 app 1
20181126 09:47:42 Obtención correcta objetosdb usuario:1 app 1
20181126 09:47:42 Obtención correcta objetosdb usuario:1 app 1
20181126 09:47:43 Obtención correcta objetosdb usuario:1 app 1
20181126 09:48:12 Obtención correcta objetosdb usuario:1 app 1
20181126 09:48:13 Obtención correcta ObtenIndicaores usuario:1 app 1
20181126 09:48:13 Obtención correcta objetosdb usuario:1 app 1
20181126 09:48:14 Obtención correcta objetosdb usuario:1 app 1
20181126 09:48:14 Obtención correcta ObtenIndicaores usuario:1 app 1
20181126 09:48:15 Obtención correcta objetosdb usuario:1 app 1
20181126 09:48:15 Obtención correcta objetosdb usuario:1 app 1
20181126 09:48:16 Obtención correcta objetosdb usuario:1 app 1
20181126 09:48:45 Obtención incorrecta aplicaciones usuario:1 app 1
20181126 09:48:45 Obtención incorrecta aplicaciones usuario:1 app 1
20181126 09:50:06 Acceso correcto usuario info
20181126 09:50:06 Obtención correcta areas usuario:1
20181126 09:50:06 Avance correcto proceso 0
20181126 09:50:09 Obtención correcta areas usuario:1
20181126 09:50:13 Obtención correcta aplicaciones usuario:1 area 1
20181126 09:50:15 Obtención correcta objetosdb usuario:1 app 1
20181126 09:50:15 Obtención correcta objetosdb usuario:1 app 1
20181126 09:50:15 Obtención correcta ObtenIndicaores usuario:1 app 1
20181126 09:50:20 Obtención correcta objetosdb usuario:1 app 1
20181126 09:50:21 Obtención correcta objetosdb usuario:1 app 1
20181126 09:50:42 Obtención correcta objetosdb usuario:1 app 1
20181126 09:51:12 Acceso correcto usuario info
20181126 09:51:12 Obtención correcta areas usuario:1
20181126 09:51:12 Avance correcto proceso 0
20181126 09:51:24 Obtención correcta areas usuario:1
20181126 09:51:24 Consulta correcta usuario 1
20181126 09:53:09 Obtención correcta areas usuario:1
20181126 09:53:09 Avance correcto proceso 0
20181126 09:54:28 Obtención correcta areas usuario:1
20181126 09:54:30 Obtención correcta aplicaciones usuario:1 area 1
20181126 09:54:32 Obtención correcta objetosdb usuario:1 app 1
20181126 09:54:33 Obtención correcta objetosdb usuario:1 app 1
20181126 09:54:33 Obtención correcta ObtenIndicaores usuario:1 app 1
20181126 09:54:46 Obtención correcta objetosdb usuario:1 app 1
20181126 09:54:46 Obtención correcta objetosdb usuario:1 app 1
20181126 09:55:03 Obtención correcta objetosdb usuario:1 app 1
20181126 09:55:11 Obtención correcta objetosdb usuario:1 app 1
20181126 09:55:11 Obtención correcta objetosdb usuario:1 app 1
20181126 09:55:12 Obtención correcta ObtenIndicaores usuario:1 app 1
20181126 09:55:12 Obtención correcta objetosdb usuario:1 app 1
20181126 09:55:13 Obtención correcta objetosdb usuario:1 app 1
20181126 09:55:16 Obtención correcta objetosdb usuario:1 app 1
20181126 09:55:38 Obtención correcta objetosdb usuario:1 app 1
20181126 09:55:57 Obtención correcta objetosdb usuario:1 app 1
20181126 09:55:58 Obtención correcta objetosdb usuario:1 app 1
20181126 09:55:58 Obtención correcta ObtenIndicaores usuario:1 app 1
20181126 09:55:59 Obtención correcta objetosdb usuario:1 app 1
20181126 09:55:59 Obtención correcta objetosdb usuario:1 app 1
20181126 09:56:55 Obtención correcta objetosdb usuario:1 app 1
20181126 09:56:56 Obtención correcta objetosdb usuario:1 app 1
20181126 09:56:57 Obtención correcta ObtenIndicaores usuario:1 app 1
20181126 09:57:12 Obtención correcta objetosdb usuario:1 app 1
20181126 09:57:52 Obtención correcta objetosdb usuario:1 app 1
20181126 09:57:53 Obtención correcta ObtenIndicaores usuario:1 app 1
20181126 09:57:53 Obtención correcta objetosdb usuario:1 app 1
20181126 10:01:17 Obtención correcta objetosdb usuario:1 app 1
20181126 10:01:17 Obtención correcta objetosdb usuario:1 app 1
20181126 10:01:17 Aplicacion.ObtenIndicaores Object reference not set to an instance of an object.
20181126 10:31:00 Acceso correcto usuario info
20181126 10:31:00 Obtención correcta areas usuario:1
20181126 10:31:01 Avance correcto proceso 0
20181126 10:31:27 Obtención correcta aplicaciones usuario:1 area 1
20181126 10:31:40 Obtención correcta areas usuario:1
20181126 10:31:44 Obtención correcta aplicaciones usuario:1 area 1
20181126 10:31:47 Obtención correcta objetosdb usuario:1 app 1
20181126 10:31:47 Obtención correcta ObtenIndicaores usuario:1 app 1
20181126 10:31:48 Obtención correcta objetosdb usuario:1 app 1
20181126 10:32:32 Obtención correcta objetosdb usuario:1 app 1
20181126 10:32:33 Obtención correcta objetosdb usuario:1 app 1
20181126 10:32:39 Obtención correcta objetosdb usuario:1 app 1
20181126 10:32:39 Obtención correcta ObtenIndicaores usuario:1 app 1
20181126 10:32:39 Obtención correcta objetosdb usuario:1 app 1
20181126 10:32:41 Obtención correcta objetosdb usuario:1 app 1
20181126 10:32:41 Obtención correcta objetosdb usuario:1 app 1
20181126 10:32:45 Obtención correcta objetosdb usuario:1 app 1
20181126 10:32:46 Obtención correcta objetosdb usuario:1 app 1
20181126 10:32:46 Obtención correcta ObtenIndicaores usuario:1 app 1
20181126 10:32:49 Obtención correcta objetosdb usuario:1 app 1
20181126 10:32:49 Obtención correcta objetosdb usuario:1 app 1
20181126 10:33:42 Obtención correcta objetosdb usuario:1 app 1
20181126 10:33:48 Obtención correcta objetosdb usuario:1 app 1
20181126 10:33:49 Obtención correcta objetosdb usuario:1 app 1
20181126 10:33:50 Obtención correcta ObtenIndicaores usuario:1 app 1
20181126 10:33:50 Obtención correcta objetosdb usuario:1 app 1
20181126 10:33:51 Obtención correcta objetosdb usuario:1 app 1
20181126 10:34:06 Obtención correcta objetosdb usuario:1 app 1
20181126 10:34:13 Obtención correcta objetosdb usuario:1 app 1
20181126 10:34:13 Obtención correcta ObtenIndicaores usuario:1 app 1
20181126 10:34:14 Obtención correcta objetosdb usuario:1 app 1
20181126 10:34:19 Obtención correcta objetosdb usuario:1 app 1
20181126 10:34:20 Obtención correcta objetosdb usuario:1 app 1
20181126 10:34:33 Obtención correcta objetosdb usuario:1 app 1
20181126 10:35:32 Obtención correcta objetosdb usuario:1 app 1
20181126 10:35:37 Obtención correcta objetosdb usuario:1 app 1
20181126 11:01:39 Acceso correcto usuario info
20181126 11:01:39 Obtención correcta areas usuario:1
20181126 11:01:39 Avance correcto proceso 0
20181126 11:01:42 Obtención correcta areas usuario:1
20181126 11:01:45 Obtención correcta aplicaciones usuario:1 area 1
20181126 11:01:47 Obtención correcta objetosdb usuario:1 app 1
20181126 11:01:47 Obtención correcta objetosdb usuario:1 app 1
20181126 11:01:48 Obtención correcta ObtenIndicaores usuario:1 app 1
20181126 11:02:06 Obtención correcta objetosdb usuario:1 app 1
20181126 11:03:34 Obtención correcta areas usuario:1
20181126 11:03:34 Avance correcto proceso 0
20181126 11:11:22 Acceso correcto usuario info
20181126 11:11:22 Obtención correcta areas usuario:1
20181126 11:11:22 Avance correcto proceso 0
20181126 11:12:40 Obtención correcta aplicaciones usuario:1 area 1
20181126 11:12:53 actualizaStatus.UploadComplete Cannot apply indexing with [] to an expression of type 'System.Dynamic.DynamicObject'
20181126 11:12:53 Obtención correcta areas usuario:1
20181126 11:12:53 Avance correcto proceso 0
20181126 11:13:02 Obtención correcta areas usuario:1
20181126 11:13:02 Avance correcto proceso 0
20181126 11:15:00 Obtención correcta areas usuario:1
20181126 11:15:00 Avance correcto proceso 0
20181126 11:15:00 Obtención correcta areas usuario:1
20181126 11:15:00 Avance correcto proceso 0
20181126 11:15:00 Obtención correcta areas usuario:1
20181126 11:15:00 Avance correcto proceso 0
20181126 11:15:00 Obtención correcta areas usuario:1
20181126 11:15:00 Avance correcto proceso 0
20181126 11:15:00 Obtención correcta areas usuario:1
20181126 11:15:00 Avance correcto proceso 0
20181126 11:15:01 Obtención correcta areas usuario:1
20181126 11:15:01 Avance correcto proceso 0
20181126 11:15:01 Obtención correcta areas usuario:1
20181126 11:15:01 Avance correcto proceso 0
20181126 11:15:02 Obtención correcta areas usuario:1
20181126 11:15:02 Avance correcto proceso 0
20181126 11:15:02 Obtención correcta areas usuario:1
20181126 11:15:02 Avance correcto proceso 0
20181126 11:15:02 Obtención correcta areas usuario:1
20181126 11:15:03 Avance correcto proceso 0
20181126 11:15:03 Obtención correcta areas usuario:1
20181126 11:15:03 Avance correcto proceso 0
20181126 11:15:05 Obtención correcta areas usuario:1
20181126 11:15:05 Avance correcto proceso 0
20181126 11:15:15 Obtención correcta areas usuario:1
20181126 11:15:15 Avance correcto proceso 0
20181126 11:15:25 Obtención correcta areas usuario:1
20181126 11:15:25 Avance correcto proceso 0
20181126 11:15:35 Obtención correcta areas usuario:1
20181126 11:15:35 Avance correcto proceso 0
20181126 11:15:45 Obtención correcta areas usuario:1
20181126 11:15:45 Avance correcto proceso 0
20181126 11:15:55 Obtención correcta areas usuario:1
20181126 11:15:55 Avance correcto proceso 0
20181126 11:16:05 Obtención correcta areas usuario:1
20181126 11:16:05 Avance correcto proceso 0
20181126 11:16:15 Obtención correcta areas usuario:1
20181126 11:16:15 Avance correcto proceso 0
20181126 11:16:25 Obtención correcta areas usuario:1
20181126 11:16:25 Avance correcto proceso 0
20181126 11:16:35 Obtención correcta areas usuario:1
20181126 11:16:35 Avance correcto proceso 0
20181126 11:16:45 Obtención correcta areas usuario:1
20181126 11:16:45 Avance correcto proceso 0
20181126 11:16:55 Obtención correcta areas usuario:1
20181126 11:16:55 Avance correcto proceso 0
20181126 11:17:05 Obtención correcta areas usuario:1
20181126 11:17:05 Avance correcto proceso 0
20181126 11:17:15 Obtención correcta areas usuario:1
20181126 11:17:15 Avance correcto proceso 0
20181126 11:17:25 Obtención correcta areas usuario:1
20181126 11:17:25 Avance correcto proceso 0
20181126 11:17:35 Obtención correcta areas usuario:1
20181126 11:17:35 Avance correcto proceso 0
20181126 11:17:45 Obtención correcta areas usuario:1
20181126 11:17:45 Avance correcto proceso 0
20181126 11:17:55 Obtención correcta areas usuario:1
20181126 11:17:55 Avance correcto proceso 0
20181126 11:18:16 Obtención correcta areas usuario:1
20181126 11:18:16 Avance correcto proceso 0
20181126 11:18:16 Obtención correcta areas usuario:1
20181126 11:18:16 Avance correcto proceso 0
20181126 11:18:32 Obtención correcta areas usuario:1
20181126 11:18:32 Avance correcto proceso 0
20181126 11:18:35 Obtención correcta areas usuario:1
20181126 11:18:35 Avance correcto proceso 0
20181126 11:18:45 Obtención correcta areas usuario:1
20181126 11:18:45 Avance correcto proceso 0
20181126 11:18:55 Obtención correcta areas usuario:1
20181126 11:18:55 Avance correcto proceso 0
20181126 11:19:05 Obtención correcta areas usuario:1
20181126 11:19:05 Avance correcto proceso 0
20181126 11:19:15 Obtención correcta areas usuario:1
20181126 11:19:15 Avance correcto proceso 0
20181126 11:19:25 Obtención correcta areas usuario:1
20181126 11:19:25 Avance correcto proceso 0
20181126 11:19:39 Obtención correcta areas usuario:1
20181126 11:19:39 Avance correcto proceso 0
20181126 11:19:45 Obtención correcta areas usuario:1
20181126 11:19:45 Avance correcto proceso 0
20181126 11:19:55 Obtención correcta areas usuario:1
20181126 11:19:55 Avance correcto proceso 0
20181126 11:20:05 Obtención correcta areas usuario:1
20181126 11:20:05 Avance correcto proceso 0
20181126 11:20:15 Obtención correcta areas usuario:1
20181126 11:20:15 Avance correcto proceso 0
20181126 11:20:42 Obtención correcta areas usuario:1
20181126 11:20:43 Avance correcto proceso 0
20181126 11:20:43 Obtención correcta areas usuario:1
20181126 11:20:43 Avance correcto proceso 0
20181126 11:20:45 Obtención correcta areas usuario:1
20181126 11:20:45 Avance correcto proceso 0
20181126 11:20:52 Obtención correcta areas usuario:1
20181126 11:20:52 Avance correcto proceso 0
20181126 11:20:57 Obtención correcta areas usuario:1
20181126 11:21:00 Obtención correcta aplicaciones usuario:1 area 1
20181126 11:21:02 Obtención correcta objetosdb usuario:1 app 1
20181126 11:21:03 Obtención correcta ObtenIndicaores usuario:1 app 1
20181126 11:21:03 Obtención correcta objetosdb usuario:1 app 1
20181126 11:56:20 Acceso correcto usuario info
20181126 11:56:20 Obtención correcta areas usuario:1
20181126 11:56:20 Avance correcto proceso 0
20181126 11:56:27 Obtención correcta areas usuario:1
20181126 11:56:44 Obtención correcta aplicaciones usuario:1 area 1
20181126 11:56:46 Obtención correcta objetosdb usuario:1 app 1
20181126 11:56:56 Obtención correcta objetosdb usuario:1 app 1
20181126 11:56:56 Obtención correcta ObtenIndicaores usuario:1 app 1
20181126 11:56:59 Obtención correcta objetosdb usuario:1 app 1
20181126 12:12:43 Aplicacion.ObtenIndicaores Object reference not set to an instance of an object.
20181126 12:13:05 Obtención correcta objetosdb usuario:1 app 1
20181126 12:16:05 Acceso correcto usuario info
20181126 12:16:05 Obtención correcta areas usuario:1
20181126 12:16:05 Avance correcto proceso 0
20181126 12:16:09 Obtención correcta areas usuario:1
20181126 12:16:12 Obtención correcta aplicaciones usuario:1 area 1
20181126 12:16:13 Obtención correcta objetosdb usuario:1 app 1
20181126 12:16:22 Obtención correcta ObtenIndicaores usuario:1 app 1
20181126 12:16:25 Obtención correcta objetosdb usuario:1 app 1
20181126 12:18:14 Aplicacion.ObtenIndicaores Object reference not set to an instance of an object.
20181126 12:20:43 Acceso correcto usuario info
20181126 12:20:43 Obtención correcta areas usuario:1
20181126 12:20:43 Avance correcto proceso 0
20181126 12:20:46 Obtención correcta areas usuario:1
20181126 12:20:49 Obtención correcta aplicaciones usuario:1 area 1
20181126 12:20:50 Obtención correcta objetosdb usuario:1 app 1
20181126 12:20:51 Obtención correcta ObtenIndicaores usuario:1 app 1
20181126 12:20:57 Obtención correcta objetosdb usuario:1 app 1
20181126 12:21:02 Obtención correcta objetosdb usuario:1 app 1
20181126 12:21:06 Obtención correcta objetosdb usuario:1 app 1
20181126 12:21:06 Obtención correcta ObtenIndicaores usuario:1 app 1
20181126 12:21:18 Obtención correcta objetosdb usuario:1 app 1
20181126 12:21:22 Obtención correcta objetosdb usuario:1 app 1
20181126 12:21:23 Obtención correcta ObtenIndicaores usuario:1 app 1
20181126 12:21:29 Obtención correcta ObtenIndicaores usuario:1 app 1
20181126 12:21:29 Obtención correcta objetosdb usuario:1 app 1
20181126 12:21:29 Obtención correcta objetosdb usuario:1 app 1
20181126 12:21:56 Obtención incorrecta aplicaciones usuario:1 app 1
20181126 12:21:58 Obtención correcta objetosdb usuario:1 app 1
20181126 12:21:59 Obtención correcta ObtenIndicaores usuario:1 app 1
20181126 12:21:59 Obtención correcta objetosdb usuario:1 app 1
20181126 12:22:02 Obtención correcta objetosdb usuario:1 app 1
20181126 12:22:03 Obtención correcta objetosdb usuario:1 app 1
20181126 12:22:03 Obtención correcta ObtenIndicaores usuario:1 app 1
20181126 12:22:05 Obtención correcta objetosdb usuario:1 app 1
20181126 12:22:05 Obtención correcta objetosdb usuario:1 app 1
20181126 12:22:06 Obtención correcta ObtenIndicaores usuario:1 app 1
20181126 12:22:17 Obtención incorrecta aplicaciones usuario:1 app 1
20181126 12:22:39 Obtención incorrecta aplicaciones usuario:1 app 1
20181126 12:24:29 Obtención incorrecta aplicaciones usuario:1 app 1
20181126 12:24:38 Obtención correcta objetosdb usuario:1 app 1
20181126 12:24:38 Obtención correcta objetosdb usuario:1 app 1
20181126 12:24:38 Obtención correcta ObtenIndicaores usuario:1 app 1
20181126 12:24:41 Obtención correcta objetosdb usuario:1 app 1
20181126 12:24:41 Obtención correcta ObtenIndicaores usuario:1 app 1
20181126 12:24:42 Obtención correcta objetosdb usuario:1 app 1
20181126 12:26:08 Obtención correcta objetosdb usuario:1 app 1
20181126 12:26:08 Obtención correcta objetosdb usuario:1 app 1
20181126 12:26:09 Obtención correcta ObtenIndicaores usuario:1 app 1
20181126 12:26:12 Obtención correcta objetosdb usuario:1 app 1
20181126 12:26:12 Obtención correcta objetosdb usuario:1 app 1
20181126 12:26:13 Obtención correcta ObtenIndicaores usuario:1 app 1
20181126 12:26:21 Obtención correcta objetosdb usuario:1 app 1
20181126 12:26:21 Aplicacion.ObtenIndicaores Object reference not set to an instance of an object.
20181126 12:27:51 Acceso correcto usuario info
20181126 12:27:51 Obtención correcta areas usuario:1
20181126 12:27:51 Avance correcto proceso 0
20181126 12:27:54 Obtención correcta areas usuario:1
20181126 12:27:58 Obtención correcta aplicaciones usuario:1 area 1
20181126 12:28:00 Obtención correcta objetosdb usuario:1 app 1
20181126 12:28:00 Obtención correcta objetosdb usuario:1 app 1
20181126 12:28:01 Obtención correcta ObtenIndicaores usuario:1 app 1
20181126 12:28:02 Obtención correcta objetosdb usuario:1 app 1
20181126 12:28:03 Obtención correcta ObtenIndicaores usuario:1 app 1
20181126 12:28:03 Obtención correcta objetosdb usuario:1 app 1
20181126 12:33:29 Obtención correcta objetosdb usuario:1 app 1
20181126 12:33:30 Obtención correcta ObtenIndicaores usuario:1 app 1
20181126 12:33:31 Obtención correcta objetosdb usuario:1 app 1
20181126 12:33:33 Obtención correcta objetosdb usuario:1 app 1
20181126 12:33:33 Obtención incorrecta aplicaciones usuario:1 app 1
20181126 12:38:38 Acceso correcto usuario info
20181126 12:38:38 Obtención correcta areas usuario:1
20181126 12:38:38 Avance correcto proceso 0
20181126 12:38:41 Obtención correcta areas usuario:1
20181126 12:39:01 Obtención correcta aplicaciones usuario:1 area 1
20181126 12:39:02 Obtención correcta objetosdb usuario:1 app 1
20181126 12:39:03 Obtención correcta objetosdb usuario:1 app 1
20181126 12:39:03 Obtención correcta ObtenIndicaores usuario:1 app 1
20181126 12:39:08 Obtención correcta ObtenIndicaores usuario:1 app 1
20181126 12:39:08 Obtención correcta objetosdb usuario:1 app 1
20181126 12:39:09 Obtención correcta objetosdb usuario:1 app 1
20181126 12:40:39 Obtención correcta objetosdb usuario:1 app 1
20181126 12:40:40 Obtención correcta ObtenIndicaores usuario:1 app 1
20181126 12:40:40 Obtención correcta objetosdb usuario:1 app 1
20181126 12:40:42 Obtención correcta objetosdb usuario:1 app 1
20181126 12:40:42 Obtención correcta objetosdb usuario:1 app 1
20181126 12:40:43 Obtención correcta ObtenIndicaores usuario:1 app 1
20181126 12:41:12 Obtención correcta objetosdb usuario:1 app 1
20181126 12:41:13 Obtención correcta ObtenIndicaores usuario:1 app 1
20181126 12:41:13 Obtención correcta objetosdb usuario:1 app 1
20181126 12:41:18 Obtención correcta objetosdb usuario:1 app 1
20181126 12:41:19 Obtención correcta ObtenIndicaores usuario:1 app 1
20181126 12:41:20 Obtención correcta objetosdb usuario:1 app 1
20181126 12:42:46 Obtención correcta objetosdb usuario:1 app 1
20181126 12:42:46 Obtención correcta objetosdb usuario:1 app 1
20181126 12:42:47 Obtención correcta ObtenIndicaores usuario:1 app 1
20181126 12:42:52 Obtención correcta objetosdb usuario:1 app 1
20181126 12:42:52 Obtención correcta ObtenIndicaores usuario:1 app 1
20181126 12:42:53 Obtención correcta objetosdb usuario:1 app 1
20181126 12:43:12 Obtención correcta ObtenIndicaores usuario:1 app 1
20181126 12:43:12 Obtención correcta objetosdb usuario:1 app 1
20181126 12:43:13 Obtención correcta objetosdb usuario:1 app 1
20181126 12:43:15 Obtención correcta objetosdb usuario:1 app 1
20181126 12:43:16 Obtención correcta ObtenIndicaores usuario:1 app 1
20181126 12:43:16 Obtención correcta objetosdb usuario:1 app 1
20181126 12:43:18 Obtención correcta objetosdb usuario:1 app 1
20181126 12:43:19 Obtención correcta objetosdb usuario:1 app 1
20181126 12:43:19 Obtención correcta ObtenIndicaores usuario:1 app 1
20181126 12:52:44 Obtención correcta objetosdb usuario:1 app 1
20181126 12:52:44 Obtención correcta ObtenIndicaores usuario:1 app 1
20181126 12:52:45 Obtención correcta objetosdb usuario:1 app 1
20181126 13:12:17 Acceso correcto usuario info
20181126 13:12:18 Obtención correcta areas usuario:1
20181126 13:12:18 Avance correcto proceso 0
20181126 13:12:23 Obtención correcta areas usuario:1
20181126 13:12:42 Obtención correcta aplicaciones usuario:1 area 1
20181126 13:12:44 Obtención correcta ObtenIndicaores usuario:1 app 1
20181126 13:12:44 Obtención correcta objetosdb usuario:1 app 1
20181126 13:12:45 Obtención correcta objetosdb usuario:1 app 1
20181126 13:12:48 Obtención correcta objetosdb usuario:1 app 1
20181126 13:12:48 Obtención correcta objetosdb usuario:1 app 1
20181126 13:12:49 Obtención correcta ObtenIndicaores usuario:1 app 1
20181126 13:12:53 Obtención correcta objetosdb usuario:1 app 1
20181126 13:12:53 Obtención correcta objetosdb usuario:1 app 1
20181126 13:12:54 Obtención correcta ObtenIndicaores usuario:1 app 1
20181126 13:13:10 Obtención correcta objetosdb usuario:1 app 1
20181126 13:13:10 Obtención correcta ObtenIndicaores usuario:1 app 1
20181126 13:13:11 Obtención correcta objetosdb usuario:1 app 1
20181126 13:13:12 Obtención correcta objetosdb usuario:1 app 1
20181126 13:13:13 Obtención correcta ObtenIndicaores usuario:1 app 1
20181126 13:13:13 Obtención correcta objetosdb usuario:1 app 1
20181126 13:13:24 Obtención correcta objetosdb usuario:1 app 1
20181126 13:13:24 Obtención correcta ObtenIndicaores usuario:1 app 1
20181126 13:13:25 Obtención correcta objetosdb usuario:1 app 1
20181126 13:13:29 Obtención incorrecta aplicaciones usuario:1 app 1
20181126 13:13:30 Obtención incorrecta aplicaciones usuario:1 app 1
20181126 13:13:40 Obtención correcta ObtenIndicaores usuario:1 app 1
20181126 13:13:41 Obtención correcta objetosdb usuario:1 app 1
20181126 13:13:41 Obtención correcta objetosdb usuario:1 app 1
20181126 13:13:45 Obtención correcta objetosdb usuario:1 app 1
20181126 13:13:45 Obtención correcta objetosdb usuario:1 app 1
20181126 13:13:45 Obtención correcta ObtenIndicaores usuario:1 app 1
20181126 13:13:50 Obtención correcta objetosdb usuario:1 app 1
20181126 13:13:51 Obtención correcta ObtenIndicaores usuario:1 app 1
20181126 13:13:51 Obtención correcta objetosdb usuario:1 app 1
20181126 13:13:58 Obtención correcta objetosdb usuario:1 app 1
20181126 13:13:58 Obtención correcta objetosdb usuario:1 app 1
20181126 13:13:59 Obtención correcta ObtenIndicaores usuario:1 app 1
20181126 13:14:11 Obtención correcta objetosdb usuario:1 app 1
20181126 13:14:11 Obtención correcta objetosdb usuario:1 app 1
20181126 13:14:11 Obtención correcta ObtenIndicaores usuario:1 app 1
20181126 13:14:12 Obtención correcta objetosdb usuario:1 app 1
20181126 13:14:13 Obtención correcta ObtenIndicaores usuario:1 app 1
20181126 13:14:14 Obtención correcta objetosdb usuario:1 app 1
20181126 13:14:14 Obtención correcta objetosdb usuario:1 app 1
20181126 13:14:15 Obtención correcta objetosdb usuario:1 app 1
20181126 13:14:16 Obtención correcta ObtenIndicaores usuario:1 app 1
20181126 13:17:34 Obtención correcta objetosdb usuario:1 app 1
20181126 13:17:35 Obtención correcta ObtenIndicaores usuario:1 app 1
20181126 13:17:35 Obtención correcta objetosdb usuario:1 app 1
20181126 13:17:36 Obtención correcta ObtenIndicaores usuario:1 app 1
20181126 13:17:36 Obtención correcta objetosdb usuario:1 app 1
20181126 13:17:37 Obtención correcta objetosdb usuario:1 app 1
20181126 13:17:41 Obtención correcta ObtenIndicaores usuario:1 app 1
20181126 13:17:41 Obtención correcta objetosdb usuario:1 app 1
20181126 13:17:42 Obtención correcta objetosdb usuario:1 app 1
20181126 13:17:44 Obtención correcta objetosdb usuario:1 app 1
20181126 13:17:44 Obtención correcta ObtenIndicaores usuario:1 app 1
20181126 13:17:45 Obtención correcta objetosdb usuario:1 app 1
20181126 13:18:19 Obtención correcta objetosdb usuario:1 app 1
20181126 13:18:19 Obtención correcta ObtenIndicaores usuario:1 app 1
20181126 13:18:19 Obtención correcta objetosdb usuario:1 app 1
20181126 13:23:59 Obtención correcta objetosdb usuario:1 app 1
20181126 13:23:59 Obtención correcta ObtenIndicaores usuario:1 app 1
20181126 13:24:00 Obtención correcta objetosdb usuario:1 app 1
20181126 13:24:02 Obtención correcta objetosdb usuario:1 app 1
20181126 13:24:02 Obtención correcta objetosdb usuario:1 app 1
20181126 13:24:03 Obtención correcta ObtenIndicaores usuario:1 app 1
20181126 13:24:04 Obtención correcta objetosdb usuario:1 app 1
20181126 13:24:05 Obtención correcta objetosdb usuario:1 app 1
20181126 13:24:05 Obtención correcta ObtenIndicaores usuario:1 app 1
20181126 13:24:12 Obtención correcta objetosdb usuario:1 app 1
20181126 13:24:12 Obtención correcta objetosdb usuario:1 app 1
20181126 13:24:13 Obtención correcta ObtenIndicaores usuario:1 app 1
20181126 13:24:14 Obtención correcta objetosdb usuario:1 app 1
20181126 13:24:14 Obtención correcta objetosdb usuario:1 app 1
20181126 13:24:15 Obtención correcta ObtenIndicaores usuario:1 app 1
20181126 13:24:16 Obtención correcta objetosdb usuario:1 app 1
20181126 13:24:17 Obtención correcta ObtenIndicaores usuario:1 app 1
20181126 13:24:17 Obtención correcta objetosdb usuario:1 app 1
20181126 13:25:23 Obtención correcta ObtenIndicaores usuario:1 app 1
20181126 13:25:23 Obtención correcta objetosdb usuario:1 app 1
20181126 13:25:23 Obtención correcta objetosdb usuario:1 app 1
20181126 13:42:49 Obtención correcta objetosdb usuario:1 app 1
20181126 13:42:50 Obtención correcta ObtenIndicaores usuario:1 app 1
20181126 13:42:50 Obtención correcta objetosdb usuario:1 app 1
20181126 13:42:52 Obtención correcta objetosdb usuario:1 app 1
20181126 13:42:53 Obtención correcta objetosdb usuario:1 app 1
20181126 13:42:53 Obtención correcta ObtenIndicaores usuario:1 app 1
20181126 13:42:55 Obtención correcta objetosdb usuario:1 app 1
20181126 13:42:55 Obtención correcta ObtenIndicaores usuario:1 app 1
20181126 13:42:56 Obtención correcta objetosdb usuario:1 app 1
20181126 13:45:00 Obtención correcta objetosdb usuario:1 app 1
20181126 13:45:00 Obtención correcta ObtenIndicaores usuario:1 app 1
20181126 13:45:01 Obtención correcta objetosdb usuario:1 app 1
20181126 13:45:01 Obtención correcta objetosdb usuario:1 app 1
20181126 13:45:02 Obtención correcta ObtenIndicaores usuario:1 app 1
20181126 13:45:02 Obtención correcta objetosdb usuario:1 app 1
20181126 13:45:03 Obtención correcta ObtenIndicaores usuario:1 app 1
20181126 13:45:03 Obtención correcta objetosdb usuario:1 app 1
20181126 13:45:03 Obtención correcta objetosdb usuario:1 app 1
20181126 13:45:04 Obtención correcta objetosdb usuario:1 app 1
20181126 13:45:04 Obtención correcta ObtenIndicaores usuario:1 app 1
20181126 13:45:04 Obtención correcta objetosdb usuario:1 app 1
20181126 13:45:04 Obtención correcta objetosdb usuario:1 app 1
20181126 13:45:04 Obtención correcta objetosdb usuario:1 app 1
20181126 13:45:05 Obtención correcta ObtenIndicaores usuario:1 app 1
20181126 15:23:19 Acceso correcto usuario info
20181126 15:23:19 Obtención correcta areas usuario:1
20181126 15:23:19 Avance correcto proceso 0
20181126 15:23:27 Obtención correcta areas usuario:1
20181126 15:23:31 Obtención correcta aplicaciones usuario:1 area 1
20181126 15:23:33 Obtención correcta objetosdb usuario:1 app 1
20181126 15:23:34 Obtención correcta objetosdb usuario:1 app 1
20181126 15:23:34 Obtención correcta ObtenIndicaores usuario:1 app 1
20181126 16:04:17 Acceso correcto usuario info
20181126 16:04:18 Obtención correcta areas usuario:1
20181126 16:04:18 Avance correcto proceso 0
20181126 16:04:39 Obtención correcta areas usuario:1
20181126 16:04:50 Obtención correcta aplicaciones usuario:1 area 1
20181126 16:04:51 Obtención correcta objetosdb usuario:1 app 1
20181126 16:09:09 Acceso correcto usuario info
20181126 16:09:09 Obtención correcta areas usuario:1
20181126 16:09:09 Avance correcto proceso 0
20181126 16:09:14 Obtención correcta areas usuario:1
20181126 16:09:20 Obtención correcta aplicaciones usuario:1 area 1
20181126 16:09:22 Obtención correcta objetosdb usuario:1 app 1
20181126 16:09:22 Obtención correcta ObtenIndicaores usuario:1 app 1
20181126 16:09:23 Obtención correcta objetosdb usuario:1 app 1
20181126 16:09:37 Obtención correcta areas usuario:1
20181126 16:09:44 Obtención correcta aplicaciones usuario:1 area 1
20181126 16:09:45 Obtención correcta objetosdb usuario:1 app 2
20181126 16:09:45 Obtención correcta objetosdb usuario:1 app 2
20181126 16:09:46 Obtención correcta ObtenIndicaores usuario:1 app 2
20181126 16:10:20 Acceso correcto usuario info
20181126 16:10:20 Obtención correcta areas usuario:1
20181126 16:10:20 Avance correcto proceso 0
20181126 16:10:23 Obtención correcta areas usuario:1
20181126 16:10:28 Obtención correcta aplicaciones usuario:1 area 1
20181126 16:10:29 Obtención correcta objetosdb usuario:1 app 1
20181126 16:10:30 Obtención correcta ObtenIndicaores usuario:1 app 1
20181126 16:10:30 Obtención correcta objetosdb usuario:1 app 1
20181126 16:10:45 Obtención correcta objetosdb usuario:1 app 1
20181126 16:10:45 Obtención correcta objetosdb usuario:1 app 1
20181126 16:10:46 Obtención correcta ObtenIndicaores usuario:1 app 1
20181126 16:15:36 Acceso correcto usuario info
20181126 16:15:36 Obtención correcta areas usuario:1
20181126 16:15:36 Avance correcto proceso 0
20181126 16:15:40 Obtención correcta areas usuario:1
20181126 16:15:43 Obtención correcta aplicaciones usuario:1 area 1
20181126 16:15:52 Obtención correcta objetosdb usuario:1 app 1
20181126 16:15:53 Obtención correcta ObtenIndicaores usuario:1 app 1
20181126 16:15:54 Obtención correcta objetosdb usuario:1 app 1
20181126 16:18:17 Acceso correcto usuario info
20181126 16:18:17 Obtención correcta areas usuario:1
20181126 16:18:17 Avance correcto proceso 0
20181126 16:18:21 Obtención correcta areas usuario:1
20181126 16:18:24 Obtención correcta aplicaciones usuario:1 area 1
20181126 16:18:26 Obtención correcta objetosdb usuario:1 app 1
20181126 16:18:26 Obtención correcta ObtenIndicaores usuario:1 app 1
20181126 16:18:27 Obtención correcta objetosdb usuario:1 app 1
20181126 16:18:32 Obtención correcta objetosdb usuario:1 app 1
20181126 16:18:32 Obtención correcta ObtenIndicaores usuario:1 app 1
20181126 16:18:33 Obtención correcta objetosdb usuario:1 app 1
20181126 16:20:18 Acceso correcto usuario info
20181126 16:20:18 Obtención correcta areas usuario:1
20181126 16:20:18 Avance correcto proceso 0
20181126 16:20:22 Obtención correcta areas usuario:1
20181126 16:20:26 Obtención correcta aplicaciones usuario:1 area 1
20181126 16:20:27 Obtención correcta objetosdb usuario:1 app 1
20181126 16:20:28 Obtención correcta ObtenIndicaores usuario:1 app 1
20181126 16:20:28 Obtención correcta objetosdb usuario:1 app 1
20181126 16:20:32 Obtención correcta objetosdb usuario:1 app 1
20181126 16:20:32 Obtención correcta objetosdb usuario:1 app 1
20181126 16:20:33 Obtención correcta ObtenIndicaores usuario:1 app 1
20181126 16:21:07 Obtención correcta ObtenIndicaores usuario:1 app 1
20181126 16:21:07 Obtención correcta objetosdb usuario:1 app 1
20181126 16:21:08 Obtención correcta objetosdb usuario:1 app 1
20181126 16:21:28 Obtención correcta ObtenIndicaores usuario:1 app 1
20181126 16:21:29 Obtención correcta objetosdb usuario:1 app 1
20181126 16:21:29 Obtención correcta objetosdb usuario:1 app 1
20181126 16:22:44 Acceso correcto usuario info
20181126 16:22:44 Obtención correcta areas usuario:1
20181126 16:22:44 Avance correcto proceso 0
20181126 16:22:48 Obtención correcta areas usuario:1
20181126 16:22:53 Obtención correcta aplicaciones usuario:1 area 1
20181126 16:22:54 Obtención correcta objetosdb usuario:1 app 1
20181126 16:22:54 Obtención correcta ObtenIndicaores usuario:1 app 1
20181126 16:22:55 Obtención correcta objetosdb usuario:1 app 1
20181126 16:23:00 Obtención correcta objetosdb usuario:1 app 1
20181126 16:23:01 Obtención correcta ObtenIndicaores usuario:1 app 1
20181126 16:23:01 Obtención correcta objetosdb usuario:1 app 1
20181126 16:23:06 Obtención correcta objetosdb usuario:1 app 1
20181126 16:23:07 Obtención correcta ObtenIndicaores usuario:1 app 1
20181126 16:23:07 Obtención correcta objetosdb usuario:1 app 1
20181126 16:23:15 Obtención correcta objetosdb usuario:1 app 1
20181126 16:23:16 Obtención correcta objetosdb usuario:1 app 1
20181126 16:23:17 Obtención correcta ObtenIndicaores usuario:1 app 1
20181126 16:23:20 Obtención correcta objetosdb usuario:1 app 1
20181126 16:23:21 Obtención correcta objetosdb usuario:1 app 1
20181126 16:23:21 Obtención correcta ObtenIndicaores usuario:1 app 1
20181126 16:23:24 Obtención correcta objetosdb usuario:1 app 1
20181126 16:23:24 Obtención correcta objetosdb usuario:1 app 1
20181126 16:23:25 Obtención correcta ObtenIndicaores usuario:1 app 1
20181126 16:23:27 Obtención correcta objetosdb usuario:1 app 1
20181126 16:23:28 Obtención correcta ObtenIndicaores usuario:1 app 1
20181126 16:23:28 Obtención correcta objetosdb usuario:1 app 1
20181126 16:23:34 Obtención correcta objetosdb usuario:1 app 1
20181126 16:23:35 Obtención correcta objetosdb usuario:1 app 1
20181126 16:23:35 Obtención correcta ObtenIndicaores usuario:1 app 1
20181126 16:24:28 Obtención correcta objetosdb usuario:1 app 1
20181126 16:24:28 Obtención correcta ObtenIndicaores usuario:1 app 1
20181126 16:24:29 Obtención correcta objetosdb usuario:1 app 1
20181126 16:24:35 Obtención correcta objetosdb usuario:1 app 1
20181126 16:24:35 Obtención correcta objetosdb usuario:1 app 1
20181126 16:24:35 Obtención correcta ObtenIndicaores usuario:1 app 1
20181126 16:24:58 Obtención correcta objetosdb usuario:1 app 1
20181126 16:24:58 Obtención correcta ObtenIndicaores usuario:1 app 1
20181126 16:24:59 Obtención correcta objetosdb usuario:1 app 1
20181126 16:25:21 Obtención correcta objetosdb usuario:1 app 1
20181126 16:25:22 Obtención correcta ObtenIndicaores usuario:1 app 1
20181126 16:25:22 Obtención correcta objetosdb usuario:1 app 1
20181126 16:25:25 Obtención correcta objetosdb usuario:1 app 1
20181126 16:25:26 Obtención correcta ObtenIndicaores usuario:1 app 1
20181126 16:25:26 Obtención correcta objetosdb usuario:1 app 1
20181126 16:25:28 Obtención correcta objetosdb usuario:1 app 1
20181126 16:25:28 Obtención correcta objetosdb usuario:1 app 1
20181126 16:25:29 Obtención correcta ObtenIndicaores usuario:1 app 1
20181126 16:25:41 Obtención correcta objetosdb usuario:1 app 1
20181126 16:25:42 Obtención correcta objetosdb usuario:1 app 1
20181126 16:25:42 Obtención correcta ObtenIndicaores usuario:1 app 1
20181126 16:28:56 Acceso correcto usuario info
20181126 16:28:56 Obtención correcta areas usuario:1
20181126 16:28:56 Avance correcto proceso 0
20181126 16:28:59 Obtención correcta areas usuario:1
20181126 16:29:05 Obtención correcta aplicaciones usuario:1 area 1
20181126 16:29:07 Obtención correcta objetosdb usuario:1 app 2
20181126 16:29:08 Obtención correcta ObtenIndicaores usuario:1 app 2
20181126 16:29:35 Acceso correcto usuario info
20181126 16:29:35 Obtención correcta areas usuario:1
20181126 16:29:35 Avance correcto proceso 0
20181126 16:29:37 Obtención correcta areas usuario:1
20181126 16:29:46 Obtención correcta aplicaciones usuario:1 area 1
20181126 16:29:47 Obtención correcta objetosdb usuario:1 app 1
20181126 16:29:48 Obtención correcta ObtenIndicaores usuario:1 app 1
20181126 16:29:48 Obtención correcta objetosdb usuario:1 app 1
20181126 16:33:58 Acceso correcto usuario info
20181126 16:33:59 Obtención correcta areas usuario:1
20181126 16:33:59 Avance correcto proceso 0
20181126 16:34:03 Obtención correcta areas usuario:1
20181126 16:34:08 Obtención correcta aplicaciones usuario:1 area 1
20181126 16:34:10 Obtención correcta objetosdb usuario:1 app 1
20181126 16:34:10 Obtención correcta ObtenIndicaores usuario:1 app 1
20181126 16:34:11 Obtención correcta objetosdb usuario:1 app 1
20181126 16:34:27 Obtención correcta areas usuario:1
20181126 16:34:33 Obtención correcta aplicaciones usuario:1 area 1
20181126 16:34:35 Obtención correcta ObtenIndicaores usuario:1 app 1
20181126 16:34:35 Obtención correcta objetosdb usuario:1 app 1
20181126 16:34:36 Obtención correcta objetosdb usuario:1 app 1
20181126 16:35:53 Acceso correcto usuario info
20181126 16:35:53 Obtención correcta areas usuario:1
20181126 16:35:53 Avance correcto proceso 0
20181126 16:35:55 Obtención correcta areas usuario:1
20181126 16:36:01 Obtención correcta aplicaciones usuario:1 area 1
20181126 16:36:02 Obtención correcta objetosdb usuario:1 app 1
20181126 16:36:03 Obtención correcta ObtenIndicaores usuario:1 app 1
20181126 16:36:03 Obtención correcta objetosdb usuario:1 app 1
20181126 16:41:22 Acceso correcto usuario info
20181126 16:41:22 Obtención correcta areas usuario:1
20181126 16:41:22 Avance correcto proceso 0
20181126 16:41:28 Obtención correcta areas usuario:1
20181126 16:41:31 Obtención correcta aplicaciones usuario:1 area 1
20181126 16:41:36 Obtención correcta objetosdb usuario:1 app 1
20181126 16:41:37 Obtención correcta objetosdb usuario:1 app 1
20181126 16:41:37 Obtención correcta ObtenIndicaores usuario:1 app 1
20181126 16:51:50 Acceso correcto usuario info
20181126 16:51:50 Obtención correcta areas usuario:1
20181126 16:51:50 Avance correcto proceso 0
20181126 16:51:54 Obtención correcta areas usuario:1
20181126 16:52:02 Obtención correcta aplicaciones usuario:1 area 1
20181126 16:52:03 Obtención correcta objetosdb usuario:1 app 1
20181126 16:52:03 Obtención correcta ObtenIndicaores usuario:1 app 1
20181126 16:52:04 Obtención correcta objetosdb usuario:1 app 1
20181126 17:00:21 Obtención correcta objetosdb usuario:1 app 1
20181126 17:00:22 Obtención correcta ObtenIndicaores usuario:1 app 1
20181126 17:00:23 Obtención correcta objetosdb usuario:1 app 1
20181126 17:02:42 Obtención correcta ObtenIndicaores usuario:1 app 1
20181126 17:02:43 Obtención correcta objetosdb usuario:1 app 1
20181126 17:02:43 Obtención correcta objetosdb usuario:1 app 1
20181126 17:02:58 Obtención correcta ObtenIndicaores usuario:1 app 1
20181126 17:02:58 Obtención correcta objetosdb usuario:1 app 1
20181126 17:02:59 Obtención correcta objetosdb usuario:1 app 1
20181126 17:03:02 Obtención correcta objetosdb usuario:1 app 1
20181126 17:03:03 Obtención correcta ObtenIndicaores usuario:1 app 1
20181126 17:03:03 Obtención correcta objetosdb usuario:1 app 1
20181126 17:03:06 Obtención correcta objetosdb usuario:1 app 1
20181126 17:03:07 Obtención correcta ObtenIndicaores usuario:1 app 1
20181126 17:03:07 Obtención correcta objetosdb usuario:1 app 1
20181126 17:03:09 Obtención correcta objetosdb usuario:1 app 1
20181126 17:03:10 Obtención correcta objetosdb usuario:1 app 1
20181126 17:03:10 Obtención correcta ObtenIndicaores usuario:1 app 1
