20181227 11:51:34 Acceso correcto usuario info
20181227 11:51:34 BaseDatos.GetResultStoredSQLReader Error number 245 is invalid. The number must be from 13000 through 2147483647 and it cannot be 50000. 2732 Sp_ObtenArea 44 1
20181227 11:51:34 Area.ObtenArea Object reference not set to an instance of an object.
20181227 11:51:34 Avance correcto proceso 0
20181227 11:51:43 Obten Aplicaciones correcto usuario 1
20181227 11:51:44 BaseDatos.GetResultStoredSQLReader Error number 245 is invalid. The number must be from 13000 through 2147483647 and it cannot be 50000. 2732 Sp_ObtenArea 44 1
20181227 11:51:44 Area.ObtenArea Object reference not set to an instance of an object.
20181227 11:51:44 Obten Lenguajes correcto usuario 1
20181227 11:52:25 Obten Aplicaciones correcto usuario 1
20181227 11:52:25 BaseDatos.GetResultStoredSQLReader Error number 245 is invalid. The number must be from 13000 through 2147483647 and it cannot be 50000. 2732 Sp_ObtenArea 44 1
20181227 11:52:25 Area.ObtenArea Object reference not set to an instance of an object.
20181227 11:52:25 Obten Lenguajes correcto usuario 1
20181227 11:52:57 Obten Aplicaciones correcto usuario 1
20181227 11:52:58 BaseDatos.GetResultStoredSQLReader Error number 245 is invalid. The number must be from 13000 through 2147483647 and it cannot be 50000. 2732 Sp_ObtenArea 44 1
20181227 11:52:58 Area.ObtenArea Object reference not set to an instance of an object.
20181227 11:52:58 Obten Lenguajes correcto usuario 1
20181227 11:57:42 Acceso correcto usuario info
20181227 11:57:43 BaseDatos.GetResultStoredSQLReader Error number 245 is invalid. The number must be from 13000 through 2147483647 and it cannot be 50000. 2732 Sp_ObtenArea 44 1
20181227 11:57:43 Area.ObtenArea Object reference not set to an instance of an object.
20181227 11:57:43 Avance correcto proceso 0
20181227 11:57:49 Obten Aplicaciones correcto usuario 1
20181227 11:57:49 BaseDatos.GetResultStoredSQLReader Error number 245 is invalid. The number must be from 13000 through 2147483647 and it cannot be 50000. 2732 Sp_ObtenArea 44 1
20181227 11:57:49 Area.ObtenArea Object reference not set to an instance of an object.
20181227 11:57:49 Obten Lenguajes correcto usuario 1
20181227 11:58:16 BaseDatos.GetResultStoredSQLReader Error number 245 is invalid. The number must be from 13000 through 2147483647 and it cannot be 50000. 2732 Sp_ObtenArea 44 1
20181227 11:58:16 Area.ObtenArea Object reference not set to an instance of an object.
20181227 11:58:16 Avance correcto proceso 0
20181227 11:58:19 Obten Aplicaciones correcto usuario 1
20181227 11:58:19 BaseDatos.GetResultStoredSQLReader Error number 245 is invalid. The number must be from 13000 through 2147483647 and it cannot be 50000. 2732 Sp_ObtenArea 44 1
20181227 11:58:19 Area.ObtenArea Object reference not set to an instance of an object.
20181227 11:58:19 Obten Lenguajes correcto usuario 1
20181227 12:18:29 Acceso correcto usuario info
20181227 12:18:29 BaseDatos.GetResultStoredSQLReader Error number 245 is invalid. The number must be from 13000 through 2147483647 and it cannot be 50000. 2732 Sp_ObtenArea 44 1
20181227 12:18:29 Area.ObtenArea Object reference not set to an instance of an object.
20181227 12:18:29 Avance correcto proceso 0
20181227 12:18:35 Obten Aplicaciones correcto usuario 1
20181227 12:18:35 BaseDatos.GetResultStoredSQLReader Error number 245 is invalid. The number must be from 13000 through 2147483647 and it cannot be 50000. 2732 Sp_ObtenArea 44 1
20181227 12:18:35 Area.ObtenArea Object reference not set to an instance of an object.
20181227 12:18:35 Obten Lenguajes correcto usuario 1
20181227 12:21:03 Acceso correcto usuario info
20181227 12:21:03 BaseDatos.GetResultStoredSQLReader Error number 245 is invalid. The number must be from 13000 through 2147483647 and it cannot be 50000. 2732 Sp_ObtenArea 44 1
20181227 12:21:03 Area.ObtenArea Object reference not set to an instance of an object.
20181227 12:21:03 Avance correcto proceso 0
20181227 12:21:09 Obten Aplicaciones correcto usuario 1
20181227 12:21:09 BaseDatos.GetResultStoredSQLReader Error number 245 is invalid. The number must be from 13000 through 2147483647 and it cannot be 50000. 2732 Sp_ObtenArea 44 1
20181227 12:21:09 Area.ObtenArea Object reference not set to an instance of an object.
20181227 12:21:09 Obten Lenguajes correcto usuario 1
20181227 12:22:17 Acceso correcto usuario info
20181227 12:22:18 BaseDatos.GetResultStoredSQLReader Error number 245 is invalid. The number must be from 13000 through 2147483647 and it cannot be 50000. 2732 Sp_ObtenArea 44 1
20181227 12:22:18 Area.ObtenArea Object reference not set to an instance of an object.
20181227 12:22:18 Avance correcto proceso 0
20181227 12:22:25 Obten Aplicaciones correcto usuario 1
20181227 12:22:25 BaseDatos.GetResultStoredSQLReader Error number 245 is invalid. The number must be from 13000 through 2147483647 and it cannot be 50000. 2732 Sp_ObtenArea 44 1
20181227 12:22:25 Area.ObtenArea Object reference not set to an instance of an object.
20181227 12:22:25 Obten Lenguajes correcto usuario 1
20181227 12:23:28 Acceso correcto usuario info
20181227 12:23:28 BaseDatos.GetResultStoredSQLReader Error number 245 is invalid. The number must be from 13000 through 2147483647 and it cannot be 50000. 2732 Sp_ObtenArea 44 1
20181227 12:23:28 Area.ObtenArea Object reference not set to an instance of an object.
20181227 12:23:28 Avance correcto proceso 0
20181227 12:23:34 Obten Aplicaciones correcto usuario 1
20181227 12:23:34 BaseDatos.GetResultStoredSQLReader Error number 245 is invalid. The number must be from 13000 through 2147483647 and it cannot be 50000. 2732 Sp_ObtenArea 44 1
20181227 12:23:34 Area.ObtenArea Object reference not set to an instance of an object.
20181227 12:23:34 Obten Lenguajes correcto usuario 1
20181227 12:24:53 Acceso correcto usuario info
20181227 12:24:53 BaseDatos.GetResultStoredSQLReader Error number 245 is invalid. The number must be from 13000 through 2147483647 and it cannot be 50000. 2732 Sp_ObtenArea 44 1
20181227 12:24:53 Area.ObtenArea Object reference not set to an instance of an object.
20181227 12:24:53 Avance correcto proceso 0
20181227 12:24:58 Obten Aplicaciones correcto usuario 1
20181227 12:24:58 BaseDatos.GetResultStoredSQLReader Error number 245 is invalid. The number must be from 13000 through 2147483647 and it cannot be 50000. 2732 Sp_ObtenArea 44 1
20181227 12:24:58 Area.ObtenArea Object reference not set to an instance of an object.
20181227 12:24:58 Obten Lenguajes correcto usuario 1
20181227 12:26:31 Obten Aplicaciones correcto usuario 1
20181227 12:26:31 BaseDatos.GetResultStoredSQLReader Error number 245 is invalid. The number must be from 13000 through 2147483647 and it cannot be 50000. 2732 Sp_ObtenArea 44 1
20181227 12:26:31 Area.ObtenArea Object reference not set to an instance of an object.
20181227 12:26:31 Obten Lenguajes correcto usuario 1
20181227 12:26:34 Obten Aplicaciones correcto usuario 1
20181227 12:26:34 BaseDatos.GetResultStoredSQLReader Error number 245 is invalid. The number must be from 13000 through 2147483647 and it cannot be 50000. 2732 Sp_ObtenArea 44 1
20181227 12:26:34 Area.ObtenArea Object reference not set to an instance of an object.
20181227 12:26:34 Obten Lenguajes correcto usuario 1
20181227 12:26:38 Obten Aplicaciones correcto usuario 1
20181227 12:26:38 BaseDatos.GetResultStoredSQLReader Error number 245 is invalid. The number must be from 13000 through 2147483647 and it cannot be 50000. 2732 Sp_ObtenArea 44 1
20181227 12:26:38 Area.ObtenArea Object reference not set to an instance of an object.
20181227 12:26:38 Obten Lenguajes correcto usuario 1
20181227 12:27:24 Acceso correcto usuario info
20181227 12:27:24 BaseDatos.GetResultStoredSQLReader Error number 245 is invalid. The number must be from 13000 through 2147483647 and it cannot be 50000. 2732 Sp_ObtenArea 44 1
20181227 12:27:24 Area.ObtenArea Object reference not set to an instance of an object.
20181227 12:27:24 Avance correcto proceso 0
20181227 12:27:29 Obten Aplicaciones correcto usuario 1
20181227 12:27:29 BaseDatos.GetResultStoredSQLReader Error number 245 is invalid. The number must be from 13000 through 2147483647 and it cannot be 50000. 2732 Sp_ObtenArea 44 1
20181227 12:27:29 Area.ObtenArea Object reference not set to an instance of an object.
20181227 12:27:29 Obten Lenguajes correcto usuario 1
20181227 12:27:32 Obten Aplicaciones correcto usuario 1
20181227 12:27:32 BaseDatos.GetResultStoredSQLReader Error number 245 is invalid. The number must be from 13000 through 2147483647 and it cannot be 50000. 2732 Sp_ObtenArea 44 1
20181227 12:27:32 Area.ObtenArea Object reference not set to an instance of an object.
20181227 12:27:32 Obten Lenguajes correcto usuario 1
20181227 12:28:58 Obten Aplicaciones correcto usuario 1
20181227 12:28:58 BaseDatos.GetResultStoredSQLReader Error number 245 is invalid. The number must be from 13000 through 2147483647 and it cannot be 50000. 2732 Sp_ObtenArea 44 1
20181227 12:28:58 Area.ObtenArea Object reference not set to an instance of an object.
20181227 12:28:58 Obten Lenguajes correcto usuario 1
20181227 12:30:13 Obten Aplicaciones correcto usuario 1
20181227 12:30:13 BaseDatos.GetResultStoredSQLReader Error number 245 is invalid. The number must be from 13000 through 2147483647 and it cannot be 50000. 2732 Sp_ObtenArea 44 1
20181227 12:30:13 Area.ObtenArea Object reference not set to an instance of an object.
20181227 12:30:13 Obten Lenguajes correcto usuario 1
20181227 12:30:32 Obten Aplicaciones correcto usuario 1
20181227 12:30:32 BaseDatos.GetResultStoredSQLReader Error number 245 is invalid. The number must be from 13000 through 2147483647 and it cannot be 50000. 2732 Sp_ObtenArea 44 1
20181227 12:30:32 Area.ObtenArea Object reference not set to an instance of an object.
20181227 12:30:32 Obten Lenguajes correcto usuario 1
20181227 12:30:43 Obten Aplicaciones correcto usuario 1
20181227 12:30:43 BaseDatos.GetResultStoredSQLReader Error number 245 is invalid. The number must be from 13000 through 2147483647 and it cannot be 50000. 2732 Sp_ObtenArea 44 1
20181227 12:30:43 Area.ObtenArea Object reference not set to an instance of an object.
20181227 12:30:43 Obten Lenguajes correcto usuario 1
20181227 12:31:29 Obten Aplicaciones correcto usuario 1
20181227 12:31:29 BaseDatos.GetResultStoredSQLReader Error number 245 is invalid. The number must be from 13000 through 2147483647 and it cannot be 50000. 2732 Sp_ObtenArea 44 1
20181227 12:31:29 Area.ObtenArea Object reference not set to an instance of an object.
20181227 12:31:29 Obten Lenguajes correcto usuario 1
20181227 12:32:13 Obten Aplicaciones correcto usuario 1
20181227 12:32:13 BaseDatos.GetResultStoredSQLReader Error number 245 is invalid. The number must be from 13000 through 2147483647 and it cannot be 50000. 2732 Sp_ObtenArea 44 1
20181227 12:32:13 Area.ObtenArea Object reference not set to an instance of an object.
20181227 12:32:13 Obten Lenguajes correcto usuario 1
20181227 12:33:36 Obten Aplicaciones correcto usuario 1
20181227 12:33:36 BaseDatos.GetResultStoredSQLReader Error number 245 is invalid. The number must be from 13000 through 2147483647 and it cannot be 50000. 2732 Sp_ObtenArea 44 1
20181227 12:33:36 Area.ObtenArea Object reference not set to an instance of an object.
20181227 12:33:36 Obten Lenguajes correcto usuario 1
20181227 12:38:37 Obten Aplicaciones correcto usuario 1
20181227 12:38:37 BaseDatos.GetResultStoredSQLReader Error number 245 is invalid. The number must be from 13000 through 2147483647 and it cannot be 50000. 2732 Sp_ObtenArea 44 1
20181227 12:38:38 Area.ObtenArea Object reference not set to an instance of an object.
20181227 12:38:38 Obten Lenguajes correcto usuario 1
20181227 12:56:54 Acceso correcto usuario info
20181227 12:56:54 Obtención correcta areas usuario:1
20181227 12:56:54 Avance correcto proceso 0
20181227 12:57:01 Obten Aplicaciones correcto usuario 1
20181227 12:57:01 Obtención correcta areas usuario:0
20181227 12:57:01 Obten Lenguajes correcto usuario 1
20181227 12:57:01 Obtención correcta estatus usuario:1
20181227 12:57:07 Obten Aplicaciones correcto usuario 1
20181227 12:57:07 Obtención correcta areas usuario:0
20181227 12:57:07 Obten Lenguajes correcto usuario 1
20181227 12:57:07 Obtención correcta estatus usuario:1
20181227 12:58:01 Obten Aplicaciones correcto usuario 1
20181227 12:58:01 Obtención correcta areas usuario:0
20181227 12:58:01 Obten Lenguajes correcto usuario 1
20181227 12:58:01 Obtención correcta estatus usuario:1
20181227 12:58:32 Obten Aplicaciones correcto usuario 1
20181227 12:58:32 Obtención correcta areas usuario:0
20181227 12:58:32 Obten Lenguajes correcto usuario 1
20181227 12:58:32 Obtención correcta estatus usuario:1
20181227 12:58:45 Obten Aplicaciones correcto usuario 1
20181227 12:58:45 Obtención correcta areas usuario:0
20181227 12:58:45 Obten Lenguajes correcto usuario 1
20181227 12:58:45 Obtención correcta estatus usuario:1
20181227 12:58:58 Obten Aplicaciones correcto usuario 1
20181227 12:58:58 Obtención correcta areas usuario:0
20181227 12:58:58 Obten Lenguajes correcto usuario 1
20181227 12:58:58 Obtención correcta estatus usuario:1
20181227 12:59:07 Obten Aplicaciones correcto usuario 1
20181227 12:59:07 Obtención correcta areas usuario:0
20181227 12:59:07 Obten Lenguajes correcto usuario 1
20181227 12:59:07 Obtención correcta estatus usuario:1
20181227 13:01:12 Obten Aplicaciones correcto usuario 1
20181227 13:01:18 Obtención correcta areas usuario:0
20181227 13:01:18 Obten Lenguajes correcto usuario 1
20181227 13:01:18 Obtención correcta estatus usuario:1
20181227 13:01:22 Obten Aplicaciones correcto usuario 1
20181227 13:02:52 Obtención correcta areas usuario:0
20181227 13:02:52 Obten Lenguajes correcto usuario 1
20181227 13:02:52 Obtención correcta estatus usuario:1
20181227 13:03:03 Obten Aplicaciones correcto usuario 1
20181227 13:03:04 Obtención correcta areas usuario:0
20181227 13:03:04 Obten Lenguajes correcto usuario 1
20181227 13:03:04 Obtención correcta estatus usuario:1
20181227 13:03:08 Obten Aplicaciones correcto usuario 1
20181227 13:04:03 Obtención correcta areas usuario:0
20181227 13:04:19 Obtención correcta areas usuario:1
20181227 13:04:27 Obten Lenguajes correcto usuario 1
20181227 13:04:35 Obtención correcta estatus usuario:1
20181227 13:05:16 Obtención correcta estatus usuario:1
20181227 13:07:43 Obten Aplicaciones correcto usuario 1
20181227 13:07:45 Obtención correcta areas usuario:1
20181227 13:07:45 Obten Lenguajes correcto usuario 1
20181227 13:07:45 Obtención correcta estatus usuario:1
20181227 13:09:07 Obten Aplicaciones correcto usuario 1
20181227 13:09:07 Obtención correcta areas usuario:1
20181227 13:09:07 Obten Lenguajes correcto usuario 1
20181227 13:09:07 Obtención correcta estatus usuario:1
20181227 13:09:10 Obten Aplicaciones correcto usuario 1
20181227 13:09:10 Obtención correcta areas usuario:1
20181227 13:09:10 Obten Lenguajes correcto usuario 1
20181227 13:09:10 Obtención correcta estatus usuario:1
20181227 13:38:36 Acceso correcto usuario info
20181227 13:38:36 Obtención correcta areas usuario:1
20181227 13:38:36 Avance correcto proceso 0
20181227 13:38:42 Obten Aplicaciones correcto usuario 1
20181227 13:38:42 Obtención correcta areas usuario:1
20181227 13:38:42 Obten Lenguajes correcto usuario 1
20181227 13:38:42 Obtención correcta estatus usuario:1
20181227 13:39:54 Acceso correcto usuario info
20181227 13:39:54 Obtención correcta areas usuario:1
20181227 13:39:54 Avance correcto proceso 0
20181227 13:39:58 Obten Aplicaciones correcto usuario 1
20181227 13:39:58 Obtención correcta areas usuario:1
20181227 13:39:58 Obten Lenguajes correcto usuario 1
20181227 13:39:58 Obtención correcta estatus usuario:1
20181227 13:40:04 Obten Aplicaciones correcto usuario 1
20181227 13:40:04 Obtención correcta areas usuario:1
20181227 13:40:04 Obten Lenguajes correcto usuario 1
20181227 13:40:04 Obtención correcta estatus usuario:1
20181227 13:40:06 Obten Aplicaciones correcto usuario 1
20181227 13:40:06 Obtención correcta areas usuario:1
20181227 13:40:06 Obten Lenguajes correcto usuario 1
20181227 13:40:06 Obtención correcta estatus usuario:1
20181227 13:40:07 Obten Aplicaciones correcto usuario 1
20181227 13:40:07 Obtención correcta areas usuario:1
20181227 13:40:07 Obten Lenguajes correcto usuario 1
20181227 13:40:07 Obtención correcta estatus usuario:1
20181227 13:40:09 Obten Aplicaciones correcto usuario 1
20181227 13:40:09 Obtención correcta areas usuario:1
20181227 13:40:09 Obten Lenguajes correcto usuario 1
20181227 13:40:09 Obtención correcta estatus usuario:1
20181227 13:40:11 Obten Aplicaciones correcto usuario 1
20181227 13:40:11 Obtención correcta areas usuario:1
20181227 13:40:11 Obten Lenguajes correcto usuario 1
20181227 13:40:11 Obtención correcta estatus usuario:1
20181227 13:43:18 Obten Aplicaciones correcto usuario 1
20181227 13:43:18 Obtención correcta areas usuario:1
20181227 13:43:18 Obten Lenguajes correcto usuario 1
20181227 13:43:18 Obtención correcta estatus usuario:1
20181227 13:43:20 Obten Aplicaciones correcto usuario 1
20181227 13:43:20 Obtención correcta areas usuario:1
20181227 13:43:20 Obten Lenguajes correcto usuario 1
20181227 13:43:20 Obtención correcta estatus usuario:1
20181227 13:43:21 Obten Aplicaciones correcto usuario 1
20181227 13:43:21 Obtención correcta areas usuario:1
20181227 13:43:21 Obten Lenguajes correcto usuario 1
20181227 13:43:21 Obtención correcta estatus usuario:1
20181227 13:43:22 Obten Aplicaciones correcto usuario 1
20181227 13:43:22 Obtención correcta areas usuario:1
20181227 13:43:23 Obten Lenguajes correcto usuario 1
20181227 13:43:23 Obtención correcta estatus usuario:1
20181227 13:43:29 Obten Aplicaciones correcto usuario 1
20181227 13:43:29 Obtención correcta areas usuario:1
20181227 13:43:29 Obten Lenguajes correcto usuario 1
20181227 13:43:29 Obtención correcta estatus usuario:1
20181227 13:43:32 Obten Aplicaciones correcto usuario 1
20181227 13:43:32 Obtención correcta areas usuario:1
20181227 13:43:32 Obten Lenguajes correcto usuario 1
20181227 13:43:32 Obtención correcta estatus usuario:1
20181227 13:43:45 Obten Aplicaciones correcto usuario 1
20181227 13:43:45 Obtención correcta areas usuario:1
20181227 13:43:45 Obten Lenguajes correcto usuario 1
20181227 13:43:45 Obtención correcta estatus usuario:1
20181227 13:43:47 Obten Aplicaciones correcto usuario 1
20181227 13:43:47 Obtención correcta areas usuario:1
20181227 13:43:47 Obten Lenguajes correcto usuario 1
20181227 13:43:47 Obtención correcta estatus usuario:1
20181227 13:44:58 Obten Aplicaciones correcto usuario 1
20181227 13:44:58 Obtención correcta areas usuario:1
20181227 13:44:58 Obten Lenguajes correcto usuario 1
20181227 13:44:58 Obtención correcta estatus usuario:1
20181227 13:44:59 Obten Aplicaciones correcto usuario 1
20181227 13:44:59 Obtención correcta areas usuario:1
20181227 13:44:59 Obten Lenguajes correcto usuario 1
20181227 13:44:59 Obtención correcta estatus usuario:1
20181227 13:45:08 Obten Aplicaciones correcto usuario 1
20181227 13:45:08 Obtención correcta areas usuario:1
20181227 13:45:08 Obten Lenguajes correcto usuario 1
20181227 13:45:08 Obtención correcta estatus usuario:1
20181227 13:45:10 Obten Aplicaciones correcto usuario 1
20181227 13:45:10 Obtención correcta areas usuario:1
20181227 13:45:10 Obten Lenguajes correcto usuario 1
20181227 13:45:10 Obtención correcta estatus usuario:1
20181227 13:49:53 Obten Aplicaciones correcto usuario 1
20181227 13:49:53 Obtención correcta areas usuario:1
20181227 13:49:53 Obten Lenguajes correcto usuario 1
20181227 13:49:53 Obtención correcta estatus usuario:1
20181227 13:49:55 Obten Aplicaciones correcto usuario 1
20181227 13:49:55 Obtención correcta areas usuario:1
20181227 13:49:55 Obten Lenguajes correcto usuario 1
20181227 13:49:55 Obtención correcta estatus usuario:1
20181227 13:50:51 BaseDatos.ExecStoredProcNoQuery Error number 245 is invalid. The number must be from 13000 through 2147483647 and it cannot be 50000. 2732 Sp_EditaAplicacion 85 1
20181227 13:50:53 Edita aplicaciones correcto usuario 1 tipo Inserta
20181227 13:50:57 Obten Aplicaciones correcto usuario 1
20181227 13:50:57 Obtención correcta areas usuario:1
20181227 13:50:57 Obten Lenguajes correcto usuario 1
20181227 13:50:57 Obtención correcta estatus usuario:1
20181227 13:51:09 Obten Aplicaciones correcto usuario 1
20181227 13:51:09 Obtención correcta areas usuario:1
20181227 13:51:09 Obten Lenguajes correcto usuario 1
20181227 13:51:09 Obtención correcta estatus usuario:1
20181227 15:35:23 Acceso correcto usuario info
20181227 15:35:23 Obtención correcta areas usuario:1
20181227 15:35:23 Avance correcto proceso 0
20181227 15:35:30 Obten Aplicaciones correcto usuario 1
20181227 15:35:30 Obtención correcta areas usuario:1
20181227 15:35:30 Obten Lenguajes correcto usuario 1
20181227 15:35:30 Obtención correcta estatus usuario:1
20181227 15:35:34 Obten Aplicaciones correcto usuario 1
20181227 15:35:34 Obtención correcta areas usuario:1
20181227 15:35:34 Obten Lenguajes correcto usuario 1
20181227 15:35:34 Obtención correcta estatus usuario:1
20181227 15:36:03 Obten Aplicaciones correcto usuario 1
20181227 15:36:03 Obtención correcta areas usuario:1
20181227 15:36:03 Obten Lenguajes correcto usuario 1
20181227 15:36:03 Obtención correcta estatus usuario:1
20181227 15:36:04 Obten Aplicaciones correcto usuario 1
20181227 15:36:04 Obtención correcta areas usuario:1
20181227 15:36:04 Obten Lenguajes correcto usuario 1
20181227 15:36:04 Obtención correcta estatus usuario:1
20181227 15:36:18 Obten Aplicaciones correcto usuario 1
20181227 15:36:18 Obtención correcta areas usuario:1
20181227 15:36:18 Obten Lenguajes correcto usuario 1
20181227 15:36:18 Obtención correcta estatus usuario:1
20181227 15:36:21 Obten Aplicaciones correcto usuario 1
20181227 15:36:21 Obtención correcta areas usuario:1
20181227 15:36:21 Obten Lenguajes correcto usuario 1
20181227 15:36:21 Obtención correcta estatus usuario:1
20181227 15:42:48 Acceso correcto usuario info
20181227 15:42:48 Obtención correcta areas usuario:1
20181227 15:42:48 Avance correcto proceso 0
20181227 15:42:53 Obten Aplicaciones correcto usuario 1
20181227 15:42:53 Obtención correcta areas usuario:1
20181227 15:42:53 Obten Lenguajes correcto usuario 1
20181227 15:42:53 Obtención correcta estatus usuario:1
20181227 15:42:56 Obten Aplicaciones correcto usuario 1
20181227 15:42:56 Obtención correcta areas usuario:1
20181227 15:42:56 Obten Lenguajes correcto usuario 1
20181227 15:42:56 Obtención correcta estatus usuario:1
20181227 15:43:18 Obten Aplicaciones correcto usuario 1
20181227 15:43:18 Obtención correcta areas usuario:1
20181227 15:43:18 Obten Lenguajes correcto usuario 1
20181227 15:43:18 Obtención correcta estatus usuario:1
20181227 15:43:22 Obten Aplicaciones correcto usuario 1
20181227 15:43:22 Obtención correcta areas usuario:1
20181227 15:43:22 Obten Lenguajes correcto usuario 1
20181227 15:43:22 Obtención correcta estatus usuario:1
20181227 15:43:25 Obten Aplicaciones correcto usuario 1
20181227 15:43:25 Obtención correcta areas usuario:1
20181227 15:43:25 Obten Lenguajes correcto usuario 1
20181227 15:43:25 Obtención correcta estatus usuario:1
20181227 15:58:24 Acceso correcto usuario info
20181227 15:58:24 Obtención correcta areas usuario:1
20181227 15:58:24 Avance correcto proceso 0
20181227 15:58:29 Obten Aplicaciones correcto usuario 1
20181227 15:58:29 Obtención correcta areas usuario:1
20181227 15:58:29 Obten Lenguajes correcto usuario 1
20181227 15:58:29 Obtención correcta estatus usuario:1
20181227 15:58:32 Obten Aplicaciones correcto usuario 1
20181227 15:58:32 Obtención correcta areas usuario:1
20181227 15:58:32 Obten Lenguajes correcto usuario 1
20181227 15:58:32 Obtención correcta estatus usuario:1
20181227 15:58:45 Obten Aplicaciones correcto usuario 1
20181227 15:58:45 Obtención correcta areas usuario:1
20181227 15:58:45 Obten Lenguajes correcto usuario 1
20181227 15:58:45 Obtención correcta estatus usuario:1
20181227 15:59:56 Obten Aplicaciones correcto usuario 1
20181227 15:59:56 Obtención correcta areas usuario:1
20181227 15:59:56 Obten Lenguajes correcto usuario 1
20181227 15:59:56 Obtención correcta estatus usuario:1
20181227 16:00:00 Obten Aplicaciones correcto usuario 1
20181227 16:00:00 Obtención correcta areas usuario:1
20181227 16:00:00 Obten Lenguajes correcto usuario 1
20181227 16:00:00 Obtención correcta estatus usuario:1
20181227 16:00:02 Obten Aplicaciones correcto usuario 1
20181227 16:00:02 Obtención correcta areas usuario:1
20181227 16:00:02 Obten Lenguajes correcto usuario 1
20181227 16:00:02 Obtención correcta estatus usuario:1
20181227 16:00:05 Obten Aplicaciones correcto usuario 1
20181227 16:00:05 Obtención correcta areas usuario:1
20181227 16:00:05 Obten Lenguajes correcto usuario 1
20181227 16:00:05 Obtención correcta estatus usuario:1
20181227 16:00:37 Obten Aplicaciones correcto usuario 1
20181227 16:00:37 Obtención correcta areas usuario:1
20181227 16:00:37 Obten Lenguajes correcto usuario 1
20181227 16:00:37 Obtención correcta estatus usuario:1
20181227 16:00:58 Obten Aplicaciones correcto usuario 1
20181227 16:00:58 Obtención correcta areas usuario:1
20181227 16:00:58 Obten Lenguajes correcto usuario 1
20181227 16:00:58 Obtención correcta estatus usuario:1
20181227 16:02:35 Obten Aplicaciones correcto usuario 1
20181227 16:02:35 Obtención correcta areas usuario:1
20181227 16:02:35 Obten Lenguajes correcto usuario 1
20181227 16:02:35 Obtención correcta estatus usuario:1
20181227 16:17:00 Acceso correcto usuario info
20181227 16:17:00 Obtención correcta areas usuario:1
20181227 16:17:00 Avance correcto proceso 0
20181227 16:17:07 Obten Aplicaciones correcto usuario 1
20181227 16:17:07 Obtención correcta areas usuario:1
20181227 16:17:07 Obten Lenguajes correcto usuario 1
20181227 16:17:07 Obtención correcta estatus usuario:1
20181227 16:17:14 Obten Aplicaciones correcto usuario 1
20181227 16:17:14 Obtención correcta areas usuario:1
20181227 16:17:14 Obten Lenguajes correcto usuario 1
20181227 16:17:14 Obtención correcta estatus usuario:1
20181227 16:17:46 BaseDatos.ExecStoredProcNoQuery The ROLLBACK TRANSACTION request has no corresponding BEGIN TRANSACTION.
Error number 3903 is invalid. The number must be from 13000 through 2147483647 and it cannot be 50000. 3903 Sp_EditaAplicacion 85 1
20181227 16:17:46 Edita aplicaciones correcto usuario 1 tipo Inserta
20181227 16:17:48 Obten Aplicaciones correcto usuario 1
20181227 16:17:48 Obtención correcta areas usuario:1
20181227 16:17:48 Obten Lenguajes correcto usuario 1
20181227 16:17:48 Obtención correcta estatus usuario:1
20181227 16:18:46 Obten Aplicaciones correcto usuario 1
20181227 16:18:46 Obtención correcta areas usuario:1
20181227 16:18:46 Obten Lenguajes correcto usuario 1
20181227 16:18:46 Obtención correcta estatus usuario:1
20181227 16:24:37 Acceso correcto usuario info
20181227 16:24:37 Obtención correcta areas usuario:1
20181227 16:24:37 Avance correcto proceso 0
20181227 16:24:47 Obten Aplicaciones correcto usuario 1
20181227 16:24:47 Obtención correcta areas usuario:1
20181227 16:24:47 Obten Lenguajes correcto usuario 1
20181227 16:24:47 Obtención correcta estatus usuario:1
20181227 16:24:54 Obten Aplicaciones correcto usuario 1
20181227 16:24:54 Obtención correcta areas usuario:1
20181227 16:24:54 Obten Lenguajes correcto usuario 1
20181227 16:24:54 Obtención correcta estatus usuario:1
20181227 16:25:03 Obten Aplicaciones correcto usuario 1
20181227 16:25:03 Obtención correcta areas usuario:1
20181227 16:25:03 Obten Lenguajes correcto usuario 1
20181227 16:25:03 Obtención correcta estatus usuario:1
20181227 16:25:06 Obten Aplicaciones correcto usuario 1
20181227 16:25:06 Obtención correcta areas usuario:1
20181227 16:25:06 Obten Lenguajes correcto usuario 1
20181227 16:25:06 Obtención correcta estatus usuario:1
20181227 16:25:42 Obten Aplicaciones correcto usuario 1
20181227 16:25:42 Obtención correcta areas usuario:1
20181227 16:25:42 Obten Lenguajes correcto usuario 1
20181227 16:25:43 Obtención correcta estatus usuario:1
20181227 16:25:46 Obten Aplicaciones correcto usuario 1
20181227 16:25:46 Obtención correcta areas usuario:1
20181227 16:25:46 Obten Lenguajes correcto usuario 1
20181227 16:25:46 Obtención correcta estatus usuario:1
20181227 16:26:04 Obten Aplicaciones correcto usuario 1
20181227 16:26:04 Obtención correcta areas usuario:1
20181227 16:26:04 Obten Lenguajes correcto usuario 1
20181227 16:26:04 Obtención correcta estatus usuario:1
20181227 16:26:07 Obten Aplicaciones correcto usuario 1
20181227 16:26:07 Obtención correcta areas usuario:1
20181227 16:26:07 Obten Lenguajes correcto usuario 1
20181227 16:26:07 Obtención correcta estatus usuario:1
20181227 16:26:09 Obten Aplicaciones correcto usuario 1
20181227 16:26:09 Obtención correcta areas usuario:1
20181227 16:26:09 Obten Lenguajes correcto usuario 1
20181227 16:26:09 Obtención correcta estatus usuario:1
20181227 16:26:13 Obten Aplicaciones correcto usuario 1
20181227 16:26:13 Obtención correcta areas usuario:1
20181227 16:26:13 Obten Lenguajes correcto usuario 1
20181227 16:26:13 Obtención correcta estatus usuario:1
20181227 16:27:28 BaseDatos.ExecStoredProcNoQuery Procedure or function 'Sp_EditaAplicacion' expects parameter '@tipo', which was not supplied. 201 Sp_EditaAplicacion 0 4
20181227 16:27:28 Edita aplicaciones correcto usuario 1 tipo 
20181227 16:27:29 Obten Aplicaciones correcto usuario 1
20181227 16:27:29 Obtención correcta areas usuario:1
20181227 16:27:29 Obten Lenguajes correcto usuario 1
20181227 16:27:29 Obtención correcta estatus usuario:1
20181227 16:27:58 Obten Aplicaciones correcto usuario 1
20181227 16:27:58 Obtención correcta areas usuario:1
20181227 16:27:58 Obten Lenguajes correcto usuario 1
20181227 16:27:58 Obtención correcta estatus usuario:1
20181227 16:28:54 BaseDatos.ExecStoredProcNoQuery Procedure or function 'Sp_EditaAplicacion' expects parameter '@tipo', which was not supplied. 201 Sp_EditaAplicacion 0 4
20181227 16:28:54 Edita aplicaciones correcto usuario 1 tipo 
20181227 16:28:54 Obten Aplicaciones correcto usuario 1
20181227 16:28:54 Obtención correcta areas usuario:1
20181227 16:28:54 Obten Lenguajes correcto usuario 1
20181227 16:28:54 Obtención correcta estatus usuario:1
20181227 16:28:57 Obten Aplicaciones correcto usuario 1
20181227 16:28:57 Obtención correcta areas usuario:1
20181227 16:28:57 Obten Lenguajes correcto usuario 1
20181227 16:28:57 Obtención correcta estatus usuario:1
20181227 16:31:08 BaseDatos.ExecStoredProcNoQuery Procedure or function 'Sp_EditaAplicacion' expects parameter '@tipo', which was not supplied. 201 Sp_EditaAplicacion 0 4
20181227 16:31:08 Edita aplicaciones correcto usuario 1 tipo 
20181227 16:31:08 Obten Aplicaciones correcto usuario 1
20181227 16:31:08 Obtención correcta areas usuario:1
20181227 16:31:08 Obten Lenguajes correcto usuario 1
20181227 16:31:08 Obtención correcta estatus usuario:1
20181227 16:31:12 Obten Aplicaciones correcto usuario 1
20181227 16:31:12 Obtención correcta areas usuario:1
20181227 16:31:12 Obten Lenguajes correcto usuario 1
20181227 16:31:12 Obtención correcta estatus usuario:1
20181227 16:32:42 BaseDatos.ExecStoredProcNoQuery Procedure or function 'Sp_EditaAplicacion' expects parameter '@tipo', which was not supplied. 201 Sp_EditaAplicacion 0 4
20181227 16:32:42 Edita aplicaciones correcto usuario 1 tipo 
20181227 16:32:42 Obten Aplicaciones correcto usuario 1
20181227 16:32:42 Obtención correcta areas usuario:1
20181227 16:32:42 Obten Lenguajes correcto usuario 1
20181227 16:32:42 Obtención correcta estatus usuario:1
20181227 16:32:47 Obten Aplicaciones correcto usuario 1
20181227 16:32:47 Obtención correcta areas usuario:1
20181227 16:32:47 Obten Lenguajes correcto usuario 1
20181227 16:32:47 Obtención correcta estatus usuario:1
20181227 16:34:28 Acceso correcto usuario info
20181227 16:34:28 Obtención correcta areas usuario:1
20181227 16:34:28 Avance correcto proceso 0
20181227 16:34:34 Obten Aplicaciones correcto usuario 1
20181227 16:34:34 Obtención correcta areas usuario:1
20181227 16:34:34 Obten Lenguajes correcto usuario 1
20181227 16:34:34 Obtención correcta estatus usuario:1
20181227 16:34:39 Obten Aplicaciones correcto usuario 1
20181227 16:34:39 Obtención correcta areas usuario:1
20181227 16:34:39 Obten Lenguajes correcto usuario 1
20181227 16:34:39 Obtención correcta estatus usuario:1
20181227 16:37:20 Acceso correcto usuario info
20181227 16:37:20 Obtención correcta areas usuario:1
20181227 16:37:21 Avance correcto proceso 0
20181227 16:37:27 Obten Aplicaciones correcto usuario 1
20181227 16:37:27 Obtención correcta areas usuario:1
20181227 16:37:27 Obten Lenguajes correcto usuario 1
20181227 16:37:27 Obtención correcta estatus usuario:1
20181227 16:37:29 Obten Aplicaciones correcto usuario 1
20181227 16:37:29 Obtención correcta areas usuario:1
20181227 16:37:29 Obten Lenguajes correcto usuario 1
20181227 16:37:29 Obtención correcta estatus usuario:1
20181227 16:37:35 Obten Aplicaciones correcto usuario 1
20181227 16:37:35 Obtención correcta areas usuario:1
20181227 16:37:35 Obten Lenguajes correcto usuario 1
20181227 16:37:35 Obtención correcta estatus usuario:1
20181227 16:42:24 Acceso correcto usuario info
20181227 16:42:24 Obtención correcta areas usuario:1
20181227 16:42:24 Avance correcto proceso 0
20181227 16:42:30 Obten Aplicaciones correcto usuario 1
20181227 16:42:30 Obtención correcta areas usuario:1
20181227 16:42:30 Obten Lenguajes correcto usuario 1
20181227 16:42:30 Obtención correcta estatus usuario:1
20181227 16:42:40 Obten Aplicaciones correcto usuario 1
20181227 16:42:40 Obtención correcta areas usuario:1
20181227 16:42:40 Obten Lenguajes correcto usuario 1
20181227 16:42:40 Obtención correcta estatus usuario:1
20181227 16:51:21 Acceso correcto usuario info
20181227 16:51:21 Obtención correcta areas usuario:1
20181227 16:51:21 Avance correcto proceso 0
20181227 16:51:29 Obten Aplicaciones correcto usuario 1
20181227 16:51:29 Obtención correcta areas usuario:1
20181227 16:51:29 Obten Lenguajes correcto usuario 1
20181227 16:51:29 Obtención correcta estatus usuario:1
20181227 16:51:37 Obten Aplicaciones correcto usuario 1
20181227 16:51:37 Obtención correcta areas usuario:1
20181227 16:51:37 Obten Lenguajes correcto usuario 1
20181227 16:51:37 Obtención correcta estatus usuario:1
20181227 16:51:53 Obten Aplicaciones correcto usuario 1
20181227 16:51:53 Obtención correcta areas usuario:1
20181227 16:51:53 Obten Lenguajes correcto usuario 1
20181227 16:51:53 Obtención correcta estatus usuario:1
20181227 16:52:09 Obten Aplicaciones correcto usuario 1
20181227 16:52:09 Obtención correcta areas usuario:1
20181227 16:52:09 Obten Lenguajes correcto usuario 1
20181227 16:52:09 Obtención correcta estatus usuario:1
20181227 16:52:15 Obten Aplicaciones correcto usuario 1
20181227 16:52:15 Obtención correcta areas usuario:1
20181227 16:52:15 Obten Lenguajes correcto usuario 1
20181227 16:52:15 Obtención correcta estatus usuario:1
20181227 16:52:17 Obten Aplicaciones correcto usuario 1
20181227 16:52:17 Obtención correcta areas usuario:1
20181227 16:52:17 Obten Lenguajes correcto usuario 1
20181227 16:52:17 Obtención correcta estatus usuario:1
20181227 16:52:27 Obten Aplicaciones correcto usuario 1
20181227 16:52:27 Obtención correcta areas usuario:1
20181227 16:52:27 Obten Lenguajes correcto usuario 1
20181227 16:52:27 Obtención correcta estatus usuario:1
20181227 16:53:25 Acceso correcto usuario info
20181227 16:53:25 Obtención correcta areas usuario:1
20181227 16:53:25 Avance correcto proceso 0
20181227 16:53:35 Obten Aplicaciones correcto usuario 1
20181227 16:53:35 Obtención correcta areas usuario:1
20181227 16:53:35 Obten Lenguajes correcto usuario 1
20181227 16:53:35 Obtención correcta estatus usuario:1
20181227 16:53:40 Obten Aplicaciones correcto usuario 1
20181227 16:53:41 Obtención correcta areas usuario:1
20181227 16:53:41 Obten Lenguajes correcto usuario 1
20181227 16:53:41 Obtención correcta estatus usuario:1
20181227 16:54:35 BaseDatos.ExecStoredProcNoQuery Procedure or function 'Sp_EditaAplicacion' expects parameter '@tipo', which was not supplied. 201 Sp_EditaAplicacion 0 4
20181227 16:54:35 Edita aplicaciones correcto usuario 1 tipo 
20181227 16:54:35 Obten Aplicaciones correcto usuario 1
20181227 16:54:35 Obtención correcta areas usuario:1
20181227 16:54:35 Obten Lenguajes correcto usuario 1
20181227 16:54:35 Obtención correcta estatus usuario:1
20181227 16:54:38 Obten Aplicaciones correcto usuario 1
20181227 16:54:38 Obtención correcta areas usuario:1
20181227 16:54:38 Obten Lenguajes correcto usuario 1
20181227 16:54:38 Obtención correcta estatus usuario:1
20181227 16:55:16 BaseDatos.ExecStoredProcNoQuery Procedure or function 'Sp_EditaAplicacion' expects parameter '@tipo', which was not supplied. 201 Sp_EditaAplicacion 0 4
20181227 16:55:16 Edita aplicaciones correcto usuario 1 tipo 
20181227 16:55:17 Obten Aplicaciones correcto usuario 1
20181227 16:55:17 Obtención correcta areas usuario:1
20181227 16:55:17 Obten Lenguajes correcto usuario 1
20181227 16:55:17 Obtención correcta estatus usuario:1
20181227 16:57:52 Acceso correcto usuario info
20181227 16:57:54 Obtención correcta areas usuario:1
20181227 16:57:54 Avance correcto proceso 0
20181227 16:58:02 Obten Aplicaciones correcto usuario 1
20181227 16:58:02 Obtención correcta areas usuario:1
20181227 16:58:02 Obten Lenguajes correcto usuario 1
20181227 16:58:02 Obtención correcta estatus usuario:1
20181227 16:58:11 Obten Aplicaciones correcto usuario 1
20181227 16:58:11 Obtención correcta areas usuario:1
20181227 16:58:11 Obten Lenguajes correcto usuario 1
20181227 16:58:11 Obtención correcta estatus usuario:1
20181227 16:58:31 BaseDatos.ExecStoredProcNoQuery Procedure or function 'Sp_EditaAplicacion' expects parameter '@tipo', which was not supplied. 201 Sp_EditaAplicacion 0 4
20181227 16:58:31 Edita aplicaciones correcto usuario 1 tipo 
20181227 16:58:31 Obten Aplicaciones correcto usuario 1
20181227 16:58:31 Obtención correcta areas usuario:1
20181227 16:58:31 Obten Lenguajes correcto usuario 1
20181227 16:58:31 Obtención correcta estatus usuario:1
20181227 16:58:34 Obten Aplicaciones correcto usuario 1
20181227 16:58:34 Obtención correcta areas usuario:1
20181227 16:58:34 Obten Lenguajes correcto usuario 1
20181227 16:58:34 Obtención correcta estatus usuario:1
20181227 17:00:08 Obten Aplicaciones correcto usuario 1
20181227 17:00:08 Obtención correcta areas usuario:1
20181227 17:00:08 Obten Lenguajes correcto usuario 1
20181227 17:00:08 Obtención correcta estatus usuario:1
20181227 17:00:13 Obten Aplicaciones correcto usuario 1
20181227 17:00:13 Obtención correcta areas usuario:1
20181227 17:00:13 Obten Lenguajes correcto usuario 1
20181227 17:00:13 Obtención correcta estatus usuario:1
20181227 17:00:33 BaseDatos.ExecStoredProcNoQuery The ROLLBACK TRANSACTION request has no corresponding BEGIN TRANSACTION.
Error number 3903 is invalid. The number must be from 13000 through 2147483647 and it cannot be 50000. 3903 Sp_EditaAplicacion 86 1
20181227 17:00:33 Edita aplicaciones correcto usuario 1 tipo Actualiza
20181227 17:00:33 Obten Aplicaciones correcto usuario 1
20181227 17:00:33 Obtención correcta areas usuario:1
20181227 17:00:33 Obten Lenguajes correcto usuario 1
20181227 17:00:33 Obtención correcta estatus usuario:1
20181227 17:00:39 Obten Aplicaciones correcto usuario 1
20181227 17:00:39 Obtención correcta areas usuario:1
20181227 17:00:39 Obten Lenguajes correcto usuario 1
20181227 17:00:39 Obtención correcta estatus usuario:1
20181227 17:01:07 BaseDatos.ExecStoredProcNoQuery The ROLLBACK TRANSACTION request has no corresponding BEGIN TRANSACTION.
Error number 3903 is invalid. The number must be from 13000 through 2147483647 and it cannot be 50000. 3903 Sp_EditaAplicacion 86 1
20181227 17:01:07 Edita aplicaciones correcto usuario 1 tipo Inserta
20181227 17:01:07 Obten Aplicaciones correcto usuario 1
20181227 17:01:07 Obtención correcta areas usuario:1
20181227 17:01:07 Obten Lenguajes correcto usuario 1
20181227 17:01:07 Obtención correcta estatus usuario:1
20181227 17:01:23 Obten Aplicaciones correcto usuario 1
20181227 17:01:23 Obtención correcta areas usuario:1
20181227 17:01:23 Obten Lenguajes correcto usuario 1
20181227 17:01:23 Obtención correcta estatus usuario:1
20181227 17:01:52 BaseDatos.ExecStoredProcNoQuery The ROLLBACK TRANSACTION request has no corresponding BEGIN TRANSACTION.
Error number 3903 is invalid. The number must be from 13000 through 2147483647 and it cannot be 50000. 3903 Sp_EditaAplicacion 86 1
20181227 17:01:52 Edita aplicaciones correcto usuario 1 tipo Actualiza
20181227 17:01:52 Obten Aplicaciones correcto usuario 1
20181227 17:01:52 Obtención correcta areas usuario:1
20181227 17:01:52 Obten Lenguajes correcto usuario 1
20181227 17:01:52 Obtención correcta estatus usuario:1
20181227 17:01:57 Obten Aplicaciones correcto usuario 1
20181227 17:01:57 Obtención correcta areas usuario:1
20181227 17:01:57 Obten Lenguajes correcto usuario 1
20181227 17:01:57 Obtención correcta estatus usuario:1
20181227 17:02:40 Obten Aplicaciones correcto usuario 1
20181227 17:02:40 Obtención correcta areas usuario:1
20181227 17:02:40 Obten Lenguajes correcto usuario 1
20181227 17:02:40 Obtención correcta estatus usuario:1
20181227 17:02:49 Obten Aplicaciones correcto usuario 1
20181227 17:02:49 Obtención correcta areas usuario:1
20181227 17:02:49 Obten Lenguajes correcto usuario 1
20181227 17:02:49 Obtención correcta estatus usuario:1
20181227 17:04:24 Obten Aplicaciones correcto usuario 1
20181227 17:04:24 Obtención correcta areas usuario:1
20181227 17:04:24 Obten Lenguajes correcto usuario 1
20181227 17:04:24 Obtención correcta estatus usuario:1
20181227 17:04:30 Obten Aplicaciones correcto usuario 1
20181227 17:04:30 Obtención correcta areas usuario:1
20181227 17:04:30 Obten Lenguajes correcto usuario 1
20181227 17:04:30 Obtención correcta estatus usuario:1
20181227 17:06:00 Obten Aplicaciones correcto usuario 1
20181227 17:06:00 Obtención correcta areas usuario:1
20181227 17:06:00 Obten Lenguajes correcto usuario 1
20181227 17:06:00 Obtención correcta estatus usuario:1
20181227 17:06:15 Obten Aplicaciones correcto usuario 1
20181227 17:06:15 Obtención correcta areas usuario:1
20181227 17:06:15 Obten Lenguajes correcto usuario 1
20181227 17:06:15 Obtención correcta estatus usuario:1
20181227 17:06:22 Obten Aplicaciones correcto usuario 1
20181227 17:06:22 Obtención correcta areas usuario:1
20181227 17:06:22 Obten Lenguajes correcto usuario 1
20181227 17:06:22 Obtención correcta estatus usuario:1
20181227 17:06:35 BaseDatos.ExecStoredProcNoQuery Error number 245 is invalid. The number must be from 13000 through 2147483647 and it cannot be 50000. 2732 Sp_EditaAplicacion 87 1
20181227 17:06:35 Edita aplicaciones correcto usuario 1 tipo Elimina
20181227 17:06:36 Obten Aplicaciones correcto usuario 1
20181227 17:06:36 Obtención correcta areas usuario:1
20181227 17:06:36 Obten Lenguajes correcto usuario 1
20181227 17:06:36 Obtención correcta estatus usuario:1
20181227 17:06:58 Obten Aplicaciones correcto usuario 1
20181227 17:06:58 Obtención correcta areas usuario:1
20181227 17:06:58 Obten Lenguajes correcto usuario 1
20181227 17:06:58 Obtención correcta estatus usuario:1
20181227 17:07:09 BaseDatos.ExecStoredProcNoQuery The ROLLBACK TRANSACTION request has no corresponding BEGIN TRANSACTION.
Error number 3903 is invalid. The number must be from 13000 through 2147483647 and it cannot be 50000. 3903 Sp_EditaAplicacion 86 1
20181227 17:07:09 Edita aplicaciones correcto usuario 1 tipo Actualiza
20181227 17:07:10 Obten Aplicaciones correcto usuario 1
20181227 17:07:10 Obtención correcta areas usuario:1
20181227 17:07:10 Obten Lenguajes correcto usuario 1
20181227 17:07:10 Obtención correcta estatus usuario:1
20181227 17:07:16 Obten Aplicaciones correcto usuario 1
20181227 17:07:16 Obtención correcta areas usuario:1
20181227 17:07:16 Obten Lenguajes correcto usuario 1
20181227 17:07:16 Obtención correcta estatus usuario:1
20181227 17:07:32 BaseDatos.ExecStoredProcNoQuery Error number 245 is invalid. The number must be from 13000 through 2147483647 and it cannot be 50000. 2732 Sp_EditaAplicacion 87 1
20181227 17:07:32 Edita aplicaciones correcto usuario 1 tipo Elimina
20181227 17:08:06 Obten Aplicaciones correcto usuario 1
20181227 17:08:06 Obtención correcta areas usuario:1
20181227 17:08:06 Obten Lenguajes correcto usuario 1
20181227 17:08:07 Obtención correcta estatus usuario:1
20181227 17:08:35 Obten Aplicaciones correcto usuario 1
20181227 17:08:35 Obtención correcta areas usuario:1
20181227 17:08:35 Obten Lenguajes correcto usuario 1
20181227 17:08:35 Obtención correcta estatus usuario:1
20181227 17:09:06 BaseDatos.ExecStoredProcNoQuery Error number 245 is invalid. The number must be from 13000 through 2147483647 and it cannot be 50000. 2732 Sp_EditaAplicacion 87 1
20181227 17:09:08 Edita aplicaciones correcto usuario 1 tipo Elimina
20181227 17:09:33 Obten Aplicaciones correcto usuario 1
20181227 17:09:33 Obtención correcta areas usuario:1
20181227 17:09:33 Obten Lenguajes correcto usuario 1
20181227 17:09:33 Obtención correcta estatus usuario:1
20181227 17:09:40 Obten Aplicaciones correcto usuario 1
20181227 17:09:40 Obtención correcta areas usuario:1
20181227 17:09:40 Obten Lenguajes correcto usuario 1
20181227 17:09:40 Obtención correcta estatus usuario:1
20181227 17:09:41 BaseDatos.ExecStoredProcNoQuery Error number 245 is invalid. The number must be from 13000 through 2147483647 and it cannot be 50000. 2732 Sp_EditaAplicacion 87 1
20181227 17:09:41 Edita aplicaciones correcto usuario 1 tipo Elimina
20181227 17:09:41 Obten Aplicaciones correcto usuario 1
20181227 17:09:41 Obtención correcta areas usuario:1
20181227 17:09:41 Obten Lenguajes correcto usuario 1
20181227 17:09:41 Obtención correcta estatus usuario:1
20181227 17:10:06 Obten Aplicaciones correcto usuario 1
20181227 17:10:06 Obtención correcta areas usuario:1
20181227 17:10:06 Obten Lenguajes correcto usuario 1
20181227 17:10:06 Obtención correcta estatus usuario:1
20181227 17:10:07 BaseDatos.ExecStoredProcNoQuery The ROLLBACK TRANSACTION request has no corresponding BEGIN TRANSACTION.
Error number 3903 is invalid. The number must be from 13000 through 2147483647 and it cannot be 50000. 3903 Sp_EditaAplicacion 86 1
20181227 17:10:07 Edita aplicaciones correcto usuario 1 tipo Elimina
20181227 17:10:07 Obten Aplicaciones correcto usuario 1
20181227 17:10:07 Obtención correcta areas usuario:1
20181227 17:10:07 Obten Lenguajes correcto usuario 1
20181227 17:10:07 Obtención correcta estatus usuario:1
20181227 17:19:11 Acceso correcto usuario info
20181227 17:19:11 Obtención correcta areas usuario:1
20181227 17:19:11 Avance correcto proceso 0
20181227 17:19:19 Obten Aplicaciones correcto usuario 1
20181227 17:19:19 Obtención correcta areas usuario:1
20181227 17:19:19 Obten Lenguajes correcto usuario 1
20181227 17:19:19 Obtención correcta estatus usuario:1
20181227 17:20:30 Obten Aplicaciones correcto usuario 1
20181227 17:20:30 Obtención correcta areas usuario:1
20181227 17:20:30 Obten Lenguajes correcto usuario 1
20181227 17:20:30 Obtención correcta estatus usuario:1
20181227 17:20:47 Obten Aplicaciones correcto usuario 1
20181227 17:20:47 Obtención correcta areas usuario:1
20181227 17:20:47 Obten Lenguajes correcto usuario 1
20181227 17:20:47 Obtención correcta estatus usuario:1
20181227 17:21:47 Obten Aplicaciones correcto usuario 1
20181227 17:21:47 Obtención correcta areas usuario:1
20181227 17:21:47 Obten Lenguajes correcto usuario 1
20181227 17:21:47 Obtención correcta estatus usuario:1
20181227 17:22:04 Obten Aplicaciones correcto usuario 1
20181227 17:22:04 Obtención correcta areas usuario:1
20181227 17:22:04 Obten Lenguajes correcto usuario 1
20181227 17:22:04 Obtención correcta estatus usuario:1
20181227 17:22:27 Obten Aplicaciones correcto usuario 1
20181227 17:22:27 Obtención correcta areas usuario:1
20181227 17:22:27 Obten Lenguajes correcto usuario 1
20181227 17:22:27 Obtención correcta estatus usuario:1
20181227 17:22:57 Obten Aplicaciones correcto usuario 1
20181227 17:22:57 Obtención correcta areas usuario:1
20181227 17:22:57 Obten Lenguajes correcto usuario 1
20181227 17:22:57 Obtención correcta estatus usuario:1
20181227 17:27:05 Acceso correcto usuario info
20181227 17:27:05 Obtención correcta areas usuario:1
20181227 17:27:05 Avance correcto proceso 0
20181227 17:27:11 Obten Aplicaciones correcto usuario 1
20181227 17:27:11 Obtención correcta areas usuario:1
20181227 17:27:11 Obten Lenguajes correcto usuario 1
20181227 17:27:11 Obtención correcta estatus usuario:1
20181227 17:29:19 Obten Aplicaciones correcto usuario 1
20181227 17:29:19 Obtención correcta areas usuario:1
20181227 17:29:19 Obten Lenguajes correcto usuario 1
20181227 17:29:19 Obtención correcta estatus usuario:1
20181227 17:29:40 Obten Aplicaciones correcto usuario 1
20181227 17:29:40 Obtención correcta areas usuario:1
20181227 17:29:40 Obten Lenguajes correcto usuario 1
20181227 17:29:40 Obtención correcta estatus usuario:1
20181227 17:30:01 Obten Aplicaciones correcto usuario 1
20181227 17:30:01 Obtención correcta areas usuario:1
20181227 17:30:01 Obten Lenguajes correcto usuario 1
20181227 17:30:01 Obtención correcta estatus usuario:1
20181227 17:30:23 Obten Aplicaciones correcto usuario 1
20181227 17:30:23 Obtención correcta areas usuario:1
20181227 17:30:23 Obten Lenguajes correcto usuario 1
20181227 17:30:23 Obtención correcta estatus usuario:1
20181227 17:30:43 Obten Aplicaciones correcto usuario 1
20181227 17:30:43 Obtención correcta areas usuario:1
20181227 17:30:43 Obten Lenguajes correcto usuario 1
20181227 17:30:43 Obtención correcta estatus usuario:1
20181227 17:31:13 Obten Aplicaciones correcto usuario 1
20181227 17:31:13 Obtención correcta areas usuario:1
20181227 17:31:13 Obten Lenguajes correcto usuario 1
20181227 17:31:13 Obtención correcta estatus usuario:1
20181227 17:31:40 Obten Aplicaciones correcto usuario 1
20181227 17:31:40 Obtención correcta areas usuario:1
20181227 17:31:40 Obten Lenguajes correcto usuario 1
20181227 17:31:40 Obtención correcta estatus usuario:1
20181227 17:32:15 Obten Aplicaciones correcto usuario 1
20181227 17:32:15 Obtención correcta areas usuario:1
20181227 17:32:15 Obten Lenguajes correcto usuario 1
20181227 17:32:15 Obtención correcta estatus usuario:1
20181227 17:33:25 Acceso correcto usuario info
20181227 17:33:25 Obtención correcta areas usuario:1
20181227 17:33:25 Avance correcto proceso 0
20181227 17:33:31 Obten Aplicaciones correcto usuario 1
20181227 17:33:31 Obtención correcta areas usuario:1
20181227 17:33:31 Obten Lenguajes correcto usuario 1
20181227 17:33:31 Obtención correcta estatus usuario:1
20181227 17:34:26 Obten Aplicaciones correcto usuario 1
20181227 17:34:26 Obtención correcta areas usuario:1
20181227 17:34:26 Obten Lenguajes correcto usuario 1
20181227 17:34:27 Obtención correcta estatus usuario:1
20181227 17:35:46 Acceso correcto usuario info
20181227 17:35:46 Obtención correcta areas usuario:1
20181227 17:35:46 Avance correcto proceso 0
20181227 17:35:52 Obten Aplicaciones correcto usuario 1
20181227 17:35:52 Obtención correcta areas usuario:1
20181227 17:35:53 Obten Lenguajes correcto usuario 1
20181227 17:35:53 Obtención correcta estatus usuario:1
20181227 17:36:30 Obten Aplicaciones correcto usuario 1
20181227 17:36:30 Obtención correcta areas usuario:1
20181227 17:36:30 Obten Lenguajes correcto usuario 1
20181227 17:36:30 Obtención correcta estatus usuario:1
20181227 17:37:01 Obten Aplicaciones correcto usuario 1
20181227 17:37:01 Obtención correcta areas usuario:1
20181227 17:37:01 Obten Lenguajes correcto usuario 1
20181227 17:37:01 Obtención correcta estatus usuario:1
20181227 17:37:12 Obten Aplicaciones correcto usuario 1
20181227 17:37:12 Obtención correcta areas usuario:1
20181227 17:37:12 Obten Lenguajes correcto usuario 1
20181227 17:37:12 Obtención correcta estatus usuario:1
20181227 17:37:45 Obten Aplicaciones correcto usuario 1
20181227 17:37:45 Obtención correcta areas usuario:1
20181227 17:37:45 Obten Lenguajes correcto usuario 1
20181227 17:37:45 Obtención correcta estatus usuario:1
20181227 17:37:50 Obten Aplicaciones correcto usuario 1
20181227 17:37:50 Obtención correcta areas usuario:1
20181227 17:37:50 Obten Lenguajes correcto usuario 1
20181227 17:37:50 Obtención correcta estatus usuario:1
20181227 17:37:52 Obten Aplicaciones correcto usuario 1
20181227 17:37:52 Obtención correcta areas usuario:1
20181227 17:37:52 Obten Lenguajes correcto usuario 1
20181227 17:37:52 Obtención correcta estatus usuario:1
20181227 17:37:58 Obten Aplicaciones correcto usuario 1
20181227 17:37:58 Obtención correcta areas usuario:1
20181227 17:37:58 Obten Lenguajes correcto usuario 1
20181227 17:37:58 Obtención correcta estatus usuario:1
20181227 17:38:14 Obten Aplicaciones correcto usuario 1
20181227 17:38:14 Obtención correcta areas usuario:1
20181227 17:38:14 Obten Lenguajes correcto usuario 1
20181227 17:38:14 Obtención correcta estatus usuario:1
20181227 17:38:14 BaseDatos.ExecStoredProcNoQuery The ROLLBACK TRANSACTION request has no corresponding BEGIN TRANSACTION.
Error number 3903 is invalid. The number must be from 13000 through 2147483647 and it cannot be 50000. 3903 Sp_EditaAplicacion 86 1
20181227 17:38:14 Edita aplicaciones correcto usuario 1 tipo Elimina
20181227 17:38:14 Obten Aplicaciones correcto usuario 1
20181227 17:38:14 Obtención correcta areas usuario:1
20181227 17:38:14 Obten Lenguajes correcto usuario 1
20181227 17:38:14 Obtención correcta estatus usuario:1
20181227 17:38:26 Obten Aplicaciones correcto usuario 1
20181227 17:38:26 Obtención correcta areas usuario:1
20181227 17:38:26 Obten Lenguajes correcto usuario 1
20181227 17:38:26 Obtención correcta estatus usuario:1
20181227 17:38:26 BaseDatos.ExecStoredProcNoQuery The ROLLBACK TRANSACTION request has no corresponding BEGIN TRANSACTION.
Error number 3903 is invalid. The number must be from 13000 through 2147483647 and it cannot be 50000. 3903 Sp_EditaAplicacion 86 1
20181227 17:38:26 Edita aplicaciones correcto usuario 1 tipo Elimina
20181227 17:38:26 Obten Aplicaciones correcto usuario 1
20181227 17:38:26 Obtención correcta areas usuario:1
20181227 17:38:26 Obten Lenguajes correcto usuario 1
20181227 17:38:26 Obtención correcta estatus usuario:1
20181227 17:38:30 Obten Aplicaciones correcto usuario 1
20181227 17:38:30 Obtención correcta areas usuario:1
20181227 17:38:31 Obten Lenguajes correcto usuario 1
20181227 17:38:31 Obtención correcta estatus usuario:1
20181227 17:38:35 BaseDatos.ExecStoredProcNoQuery The ROLLBACK TRANSACTION request has no corresponding BEGIN TRANSACTION.
Error number 3903 is invalid. The number must be from 13000 through 2147483647 and it cannot be 50000. 3903 Sp_EditaAplicacion 86 1
20181227 17:38:35 Edita aplicaciones correcto usuario 1 tipo Actualiza
20181227 17:38:35 Obten Aplicaciones correcto usuario 1
20181227 17:38:35 Obtención correcta areas usuario:1
20181227 17:38:35 Obten Lenguajes correcto usuario 1
20181227 17:38:35 Obtención correcta estatus usuario:1
20181227 17:52:22 Acceso correcto usuario info
20181227 17:52:22 Obtención correcta areas usuario:1
20181227 17:52:22 Avance correcto proceso 0
20181227 17:52:27 Obten Aplicaciones correcto usuario 1
20181227 17:52:27 Obtención correcta areas usuario:1
20181227 17:52:27 Obten Lenguajes correcto usuario 1
20181227 17:52:27 Obtención correcta estatus usuario:1
20181227 17:52:35 Obten Aplicaciones correcto usuario 1
20181227 17:52:35 Obtención correcta areas usuario:1
20181227 17:52:35 Obten Lenguajes correcto usuario 1
20181227 17:52:35 Obtención correcta estatus usuario:1
20181227 17:52:54 BaseDatos.ExecStoredProcNoQuery The ROLLBACK TRANSACTION request has no corresponding BEGIN TRANSACTION.
Error number 3903 is invalid. The number must be from 13000 through 2147483647 and it cannot be 50000. 3903 Sp_EditaAplicacion 86 1
20181227 17:52:54 Edita aplicaciones correcto usuario 1 tipo Actualiza
20181227 17:52:55 Obten Aplicaciones correcto usuario 1
20181227 17:52:55 Obtención correcta areas usuario:1
20181227 17:52:55 Obten Lenguajes correcto usuario 1
20181227 17:52:55 Obtención correcta estatus usuario:1
20181227 17:52:57 Obten Aplicaciones correcto usuario 1
20181227 17:52:57 Obtención correcta areas usuario:1
20181227 17:52:57 Obten Lenguajes correcto usuario 1
20181227 17:52:57 Obtención correcta estatus usuario:1
20181227 17:54:54 Acceso correcto usuario info
20181227 17:54:54 Obtención correcta areas usuario:1
20181227 17:54:54 Avance correcto proceso 0
20181227 17:55:04 Obten Aplicaciones correcto usuario 1
20181227 17:55:04 Obtención correcta areas usuario:1
20181227 17:55:04 Obten Lenguajes correcto usuario 1
20181227 17:55:04 Obtención correcta estatus usuario:1
20181227 17:55:09 Obten Aplicaciones correcto usuario 1
20181227 17:55:09 Obtención correcta areas usuario:1
20181227 17:55:09 Obten Lenguajes correcto usuario 1
20181227 17:55:09 Obtención correcta estatus usuario:1
20181227 18:10:08 Acceso correcto usuario info
20181227 18:10:08 Obtención correcta areas usuario:1
20181227 18:10:08 Avance correcto proceso 0
20181227 18:10:15 Obten Aplicaciones correcto usuario 1
20181227 18:10:15 Obtención correcta areas usuario:1
20181227 18:10:15 Obten Lenguajes correcto usuario 1
20181227 18:10:15 Obtención correcta estatus usuario:1
20181227 18:10:22 Obten Aplicaciones correcto usuario 1
20181227 18:10:22 Obtención correcta areas usuario:1
20181227 18:10:22 Obten Lenguajes correcto usuario 1
20181227 18:10:22 Obtención correcta estatus usuario:1
20181227 18:19:32 Acceso correcto usuario info
20181227 18:19:32 Obtención correcta areas usuario:1
20181227 18:19:32 Avance correcto proceso 0
20181227 18:19:39 Obten Aplicaciones correcto usuario 1
20181227 18:19:39 Obtención correcta areas usuario:1
20181227 18:19:39 Obten Lenguajes correcto usuario 1
20181227 18:19:39 Obtención correcta estatus usuario:1
20181227 18:19:44 Obten Aplicaciones correcto usuario 1
20181227 18:19:44 Obtención correcta areas usuario:1
20181227 18:19:44 Obten Lenguajes correcto usuario 1
20181227 18:19:44 Obtención correcta estatus usuario:1
20181227 18:20:32 Obten Aplicaciones correcto usuario 1
20181227 18:20:32 Obtención correcta areas usuario:1
20181227 18:20:32 Obten Lenguajes correcto usuario 1
20181227 18:20:32 Obtención correcta estatus usuario:1
20181227 18:21:44 Obten Aplicaciones correcto usuario 1
20181227 18:21:44 Obtención correcta areas usuario:1
20181227 18:21:44 Obten Lenguajes correcto usuario 1
20181227 18:21:44 Obtención correcta estatus usuario:1
20181227 18:21:46 Obten Aplicaciones correcto usuario 1
20181227 18:21:46 Obtención correcta areas usuario:1
20181227 18:21:46 Obten Lenguajes correcto usuario 1
20181227 18:21:46 Obtención correcta estatus usuario:1
20181227 18:22:58 Obten Aplicaciones correcto usuario 1
20181227 18:22:58 Obtención correcta areas usuario:1
20181227 18:22:58 Obten Lenguajes correcto usuario 1
20181227 18:22:58 Obtención correcta estatus usuario:1
20181227 18:28:06 Obten Aplicaciones correcto usuario 1
20181227 18:28:06 Obtención correcta areas usuario:1
20181227 18:28:06 Obten Lenguajes correcto usuario 1
20181227 18:28:06 Obtención correcta estatus usuario:1
20181227 18:28:08 Obten Aplicaciones correcto usuario 1
20181227 18:28:09 Obtención correcta areas usuario:1
20181227 18:28:09 Obten Lenguajes correcto usuario 1
20181227 18:28:09 Obtención correcta estatus usuario:1
20181227 18:29:15 Obten Aplicaciones correcto usuario 1
20181227 18:29:15 Obtención correcta areas usuario:1
20181227 18:29:15 Obten Lenguajes correcto usuario 1
20181227 18:29:15 Obtención correcta estatus usuario:1
