20190405 09:57:40 Acceso correcto usuario IN335224
20190405 09:57:40 Obtención correcta areas usuario:1
20190405 09:57:40 Avance correcto proceso 0
20190405 09:57:53 Obtención correcta areas usuario:1
20190405 09:57:53 Consulta correcta aplicacion 0
20190405 09:58:07 Obtención correcta aplicaciones usuario:1 area 1
20190405 09:58:08 Obtención correcta ObtenFiltros Tipo:WS Tipohijo Aplicacion 49
20190405 09:58:20 Obtención correcta ObtenFiltros Tipo:WS Middleware Aplicacion 49
20190405 09:58:41 Obtención correcta ObtenFiltros Tipo:WS Middleware Aplicacion 49
20190405 10:07:04 Obtención correcta areas usuario:1
20190405 10:07:04 Consulta correcta aplicacion 0
20190405 10:07:05 Obtención correcta ObtenFiltros Tipo:WS Middleware Aplicacion 49
20190405 10:07:17 Obtención correcta aplicaciones usuario:1 area 1
20190405 10:07:18 Obtención correcta ObtenFiltros Tipo:BD BaseDatos Aplicacion 49
20190405 10:07:41 Obtención correcta areas usuario:1
20190405 10:07:41 Consulta correcta aplicacion 0
20190405 10:07:42 Consulta correcta apliación: BD 49
20190405 10:07:42 Obtención correcta areas usuario:1
20190405 10:07:42 Consulta correcta aplicacion 0
20190405 10:07:42 Consulta correcta apliación: BD 49
20190405 10:07:42 Obtención correcta areas usuario:1
20190405 10:07:42 Consulta correcta aplicacion 0
20190405 10:07:42 Consulta correcta apliación: BD 49
20190405 10:07:42 Obtención correcta areas usuario:1
20190405 10:07:42 Consulta correcta aplicacion 0
20190405 10:07:42 Consulta correcta apliación: BD 49
20190405 10:07:42 Obtención correcta areas usuario:1
20190405 10:07:42 Consulta correcta aplicacion 0
20190405 10:07:42 Consulta correcta apliación: BD 49
20190405 10:07:42 Obtención correcta areas usuario:1
20190405 10:07:42 Consulta correcta aplicacion 0
20190405 10:07:42 Consulta correcta apliación: BD 49
20190405 10:07:43 Obtención correcta areas usuario:1
20190405 10:07:43 Consulta correcta aplicacion 0
20190405 10:07:43 Consulta correcta apliación: BD 49
20190405 10:07:43 Obtención correcta areas usuario:1
20190405 10:07:43 Consulta correcta aplicacion 0
20190405 10:07:43 Consulta correcta apliación: BD 49
20190405 10:07:43 Obtención correcta areas usuario:1
20190405 10:07:43 Consulta correcta aplicacion 0
20190405 10:07:43 Consulta correcta apliación: BD 49
20190405 10:07:44 Obtención correcta areas usuario:1
20190405 10:07:44 Consulta correcta aplicacion 0
20190405 10:07:44 Consulta correcta apliación: BD 49
20190405 10:07:44 Obtención correcta areas usuario:1
20190405 10:07:44 Consulta correcta aplicacion 0
20190405 10:07:44 Consulta correcta apliación: BD 49
20190405 10:07:44 Obtención correcta areas usuario:1
20190405 10:07:45 Consulta correcta aplicacion 0
20190405 10:07:45 Consulta correcta apliación: BD 49
20190405 10:07:45 Obtención correcta areas usuario:1
20190405 10:07:45 Consulta correcta aplicacion 0
20190405 10:07:45 Consulta correcta apliación: BD 49
20190405 10:07:45 Obtención correcta areas usuario:1
20190405 10:07:45 Consulta correcta aplicacion 0
20190405 10:07:45 Consulta correcta apliación: BD 49
20190405 10:07:45 Obtención correcta areas usuario:1
20190405 10:07:45 Consulta correcta aplicacion 0
20190405 10:07:45 Consulta correcta apliación: BD 49
20190405 10:07:45 Obtención correcta areas usuario:1
20190405 10:07:45 Consulta correcta aplicacion 0
20190405 10:07:45 Consulta correcta apliación: BD 49
20190405 10:07:45 Obtención correcta areas usuario:1
20190405 10:07:45 Consulta correcta aplicacion 0
20190405 10:07:45 Consulta correcta apliación: BD 49
20190405 10:07:46 Obtención correcta areas usuario:1
20190405 10:07:46 Consulta correcta aplicacion 0
20190405 10:07:46 Consulta correcta apliación: BD 49
20190405 10:07:46 Obtención correcta areas usuario:1
20190405 10:07:46 Consulta correcta aplicacion 0
20190405 10:07:46 Consulta correcta apliación: BD 49
20190405 10:07:46 Obtención correcta areas usuario:1
20190405 10:07:46 Consulta correcta aplicacion 0
20190405 10:07:46 Consulta correcta apliación: BD 49
20190405 10:07:46 Obtención correcta areas usuario:1
20190405 10:07:46 Consulta correcta aplicacion 0
20190405 10:07:46 Consulta correcta apliación: BD 49
20190405 10:07:46 Obtención correcta areas usuario:1
20190405 10:07:46 Consulta correcta aplicacion 0
20190405 10:07:46 Consulta correcta apliación: BD 49
20190405 10:07:46 Obtención correcta areas usuario:1
20190405 10:07:46 Consulta correcta aplicacion 0
20190405 10:07:46 Consulta correcta apliación: BD 49
20190405 10:07:47 Obtención correcta areas usuario:1
20190405 10:07:47 Consulta correcta aplicacion 0
20190405 10:07:47 Consulta correcta apliación: BD 49
20190405 10:07:49 Obtención correcta areas usuario:1
20190405 10:07:49 Consulta correcta aplicacion 0
20190405 10:08:06 Obtención correcta aplicaciones usuario:1 area 1
20190405 10:10:04 Obtención correcta ObtenFiltros Tipo:WS Tipohijo Aplicacion 49
20190405 10:10:15 Aplicacion.ObtenFiltrosBD Input string was not in a correct format.
20190405 10:10:25 Obtención correcta areas usuario:1
20190405 10:10:25 Consulta correcta aplicacion 0
20190405 10:10:40 Obtención correcta aplicaciones usuario:1 area 1
20190405 10:10:47 Obtención correcta ObtenFiltros Tipo:CM Tipohijo Aplicacion 49
20190405 10:11:34 Obtención correcta ObtenFiltros Tipo:CM Archivo Aplicacion 49
20190405 10:11:41 Obtención correcta ObtenFiltros Tipo:CM Lenguajeapp Aplicacion 49
20190405 10:11:53 Obtención correcta areas usuario:1
20190405 10:11:54 Consulta correcta aplicacion 0
20190405 10:12:12 Obtención correcta aplicaciones usuario:1 area 1
20190405 10:12:30 Obtención correcta ObtenFiltros Tipo:WS Tipohijo Aplicacion 49
20190405 10:13:25 Obtención correcta ObtenFiltros Tipo:WS Middleware Aplicacion 49
20190405 10:14:27 Obtención correcta areas usuario:1
20190405 10:14:27 Consulta correcta aplicacion 0
20190405 10:14:47 Obtención correcta aplicaciones usuario:1 area 1
20190405 10:14:50 Obtención correcta ObtenFiltros Tipo:WS Tipohijo Aplicacion 49
20190405 10:15:04 Obtención correcta ObtenFiltros Tipo:WS Middleware Aplicacion 49
20190405 10:15:18 Obtención correcta ObtenFiltros Tipo:WS URL Aplicacion 49
20190405 10:15:29 Obtención correcta ObtenFiltros Tipo:WS Archivo Aplicacion 49
20190405 10:15:44 Obtención correcta areas usuario:1
20190405 10:15:44 Consulta correcta aplicacion 0
20190405 10:15:47 Obtención correcta areas usuario:1
20190405 10:15:47 Consulta correcta aplicacion 0
20190405 10:15:54 Obtención correcta aplicaciones usuario:1 area 1
20190405 10:15:55 Obtención correcta ObtenFiltros Tipo:WS Tipohijo Aplicacion 49
20190405 10:15:57 Obtención correcta ObtenFiltros Tipo:WS Middleware Aplicacion 49
20190405 10:16:04 Obtención correcta ObtenFiltros Tipo:WS URL Aplicacion 49
20190405 10:16:13 Obtención correcta ObtenFiltros Tipo:WS Archivo Aplicacion 49
20190405 10:16:17 Obtención correcta areas usuario:1
20190405 10:16:17 Consulta correcta aplicacion 0
20190405 10:16:17 Consulta correcta apliación: WS 49
20190405 10:20:52 Obtención correcta areas usuario:1
20190405 10:20:52 Consulta correcta aplicacion 0
20190405 10:29:22 Obtención correcta areas usuario:1
20190405 10:29:22 Consulta correcta aplicacion 0
20190405 10:29:37 Obtención correcta aplicaciones usuario:1 area 1
20190405 10:29:39 Obtención correcta ObtenFiltros Tipo:BD BaseDatos Aplicacion 49
20190405 10:30:11 Obtención correcta aplicaciones usuario:1 area 1
20190405 10:30:13 Obtención correcta ObtenFiltros Tipo:CM Tipohijo Aplicacion 49
20190405 10:30:14 Obtención correcta ObtenFiltros Tipo:CM Archivo Aplicacion 49
20190405 10:30:16 Obtención correcta ObtenFiltros Tipo:CM Lenguajeapp Aplicacion 49
20190405 10:30:18 Obtención correcta aplicaciones usuario:1 area 1
20190405 10:30:20 Obtención correcta ObtenFiltros Tipo:WS Tipohijo Aplicacion 49
20190405 10:30:22 Obtención correcta ObtenFiltros Tipo:WS Middleware Aplicacion 49
20190405 10:30:24 Obtención correcta ObtenFiltros Tipo:WS URL Aplicacion 49
20190405 10:30:25 Obtención correcta ObtenFiltros Tipo:WS Archivo Aplicacion 49
20190405 10:30:41 Obtención correcta aplicaciones usuario:1 area 1
20190405 10:30:42 Obtención correcta ObtenFiltros Tipo:BD BaseDatos Aplicacion 49
20190405 10:30:47 Obtención correcta ObtenFiltros Tipo:BD ObjetosBD Aplicacion 49
20190405 10:31:11 Obtención correcta aplicaciones usuario:1 area 1
20190405 10:31:13 Obtención correcta ObtenFiltros Tipo:CM Tipohijo Aplicacion 49
20190405 10:31:14 Obtención correcta ObtenFiltros Tipo:CM Archivo Aplicacion 49
20190405 10:31:15 Obtención correcta ObtenFiltros Tipo:CM Lenguajeapp Aplicacion 49
20190405 10:31:29 Obtención correcta areas usuario:1
20190405 10:31:29 Consulta correcta aplicacion 0
20190405 10:31:29 Consulta correcta apliación: CM 49
20190405 10:31:33 Obtención correcta aplicaciones usuario:1 area 1
20190405 10:31:34 Obtención correcta ObtenFiltros Tipo:WS Tipohijo Aplicacion 49
20190405 10:31:35 Obtención correcta ObtenFiltros Tipo:WS Middleware Aplicacion 49
20190405 10:31:37 Obtención correcta ObtenFiltros Tipo:WS URL Aplicacion 49
20190405 10:31:40 Obtención correcta areas usuario:1
20190405 10:31:40 Consulta correcta aplicacion 0
20190405 10:31:40 Consulta correcta apliación: WS 49
20190405 10:31:41 Obtención correcta areas usuario:1
20190405 10:31:41 Consulta correcta aplicacion 0
20190405 10:31:41 Consulta correcta apliación: WS 49
20190405 10:33:06 Obtención correcta aplicaciones usuario:1 area 1
20190405 10:33:08 Obtención correcta ObtenFiltros Tipo:CM Tipohijo Aplicacion 49
20190405 10:33:08 Obtención correcta areas usuario:1
20190405 10:33:08 Consulta correcta aplicacion 0
20190405 10:33:08 Consulta correcta apliación: CM 49
20190405 10:43:48 Obtención correcta areas usuario:1
20190405 10:43:49 Consulta correcta aplicacion 0
20190405 10:44:02 Obtención correcta areas usuario:1
20190405 10:44:02 Consulta correcta aplicacion 0
20190405 10:44:09 Obtención correcta areas usuario:1
20190405 10:44:09 Consulta correcta aplicacion 0
20190405 10:45:16 Obtención correcta aplicaciones usuario:1 area 1
20190405 10:45:18 Obtención correcta ObtenFiltros Tipo:CM Tipohijo Aplicacion 49
20190405 10:45:20 Obtención correcta areas usuario:1
20190405 10:45:20 Consulta correcta aplicacion 0
20190405 10:45:20 Consulta correcta apliación: CM 49
20190405 10:46:26 Obtención correcta aplicaciones usuario:1 area 1
20190405 10:46:27 Obtención correcta ObtenFiltros Tipo:WS Tipohijo Aplicacion 49
20190405 10:46:28 Obtención correcta areas usuario:1
20190405 10:46:28 Consulta correcta aplicacion 0
20190405 10:46:28 Consulta correcta apliación: WS 49
20190405 10:47:49 Obtención correcta aplicaciones usuario:1 area 1
20190405 10:47:50 Obtención correcta ObtenFiltros Tipo:CM Tipohijo Aplicacion 49
20190405 10:47:51 Obtención correcta areas usuario:1
20190405 10:47:51 Consulta correcta aplicacion 0
20190405 10:47:51 Consulta correcta apliación: CM 49
20190405 10:47:57 Obtención correcta areas usuario:1
20190405 10:47:57 Consulta correcta aplicacion 0
20190405 10:47:57 Consulta correcta apliación: CM 0
20190405 10:47:58 Obtención correcta areas usuario:1
20190405 10:47:58 Consulta correcta aplicacion 0
20190405 10:47:58 Consulta correcta apliación: CM 0
20190405 10:47:58 Obtención correcta areas usuario:1
20190405 10:47:58 Consulta correcta aplicacion 0
20190405 10:47:58 Consulta correcta apliación: CM 0
20190405 10:47:58 Obtención correcta areas usuario:1
20190405 10:47:58 Consulta correcta aplicacion 0
20190405 10:47:58 Consulta correcta apliación: CM 0
20190405 10:47:59 Obtención correcta areas usuario:1
20190405 10:47:59 Consulta correcta aplicacion 0
20190405 10:47:59 Consulta correcta apliación: CM 0
20190405 10:47:59 Obtención correcta areas usuario:1
20190405 10:47:59 Consulta correcta aplicacion 0
20190405 10:47:59 Consulta correcta apliación: CM 0
20190405 10:47:59 Obtención correcta areas usuario:1
20190405 10:47:59 Consulta correcta aplicacion 0
20190405 10:47:59 Consulta correcta apliación: CM 0
20190405 10:48:00 Obtención correcta areas usuario:1
20190405 10:48:00 Consulta correcta aplicacion 0
20190405 10:48:00 Consulta correcta apliación: CM 0
20190405 10:48:02 Obtención correcta areas usuario:1
20190405 10:48:02 Consulta correcta aplicacion 0
20190405 10:48:02 Consulta correcta apliación: WS 0
20190405 10:48:05 Obtención correcta areas usuario:1
20190405 10:48:05 Consulta correcta aplicacion 0
20190405 10:48:05 Consulta correcta apliación: CM 0
20190405 10:48:06 Obtención correcta areas usuario:1
20190405 10:48:06 Consulta correcta aplicacion 0
20190405 10:48:06 Consulta correcta apliación: CM 0
20190405 10:52:09 Obtención correcta areas usuario:1
20190405 10:52:09 Consulta correcta aplicacion 0
20190405 10:52:43 Obtención correcta areas usuario:1
20190405 10:52:43 Consulta correcta aplicacion 0
20190405 10:52:54 Obtención correcta aplicaciones usuario:1 area 1
20190405 10:52:58 Obtención correcta ObtenFiltros Tipo:BD BaseDatos Aplicacion 49
20190405 10:53:06 Obtención correcta areas usuario:1
20190405 10:53:06 Consulta correcta aplicacion 0
20190405 10:53:06 Consulta correcta apliación: BD 49
20190405 10:53:11 Obtención correcta aplicaciones usuario:1 area 1
20190405 10:53:13 Obtención correcta ObtenFiltros Tipo:CM Tipohijo Aplicacion 49
20190405 10:53:14 Obtención correcta areas usuario:1
20190405 10:53:14 Consulta correcta aplicacion 0
20190405 10:53:14 Consulta correcta apliación: CM 49
20190405 10:53:35 Obtención correcta areas usuario:1
20190405 10:53:35 Consulta correcta aplicacion 0
20190405 10:54:04 Obtención correcta areas usuario:1
20190405 10:54:04 Consulta correcta aplicacion 0
20190405 10:54:04 Consulta correcta apliación: CM 0
20190405 10:58:06 Obtención correcta areas usuario:1
20190405 10:58:06 Consulta correcta aplicacion 0
20190405 11:00:27 Acceso correcto usuario IN335224
20190405 11:00:27 Obtención correcta areas usuario:1
20190405 11:00:27 Avance correcto proceso 0
20190405 11:00:33 Obtención correcta areas usuario:1
20190405 11:00:33 Consulta correcta aplicacion 0
20190405 11:01:35 Obtención correcta areas usuario:1
20190405 11:01:35 Consulta correcta aplicacion 0
20190405 11:01:40 Obtención correcta areas usuario:1
20190405 11:01:40 Consulta correcta aplicacion 0
20190405 11:01:40 Consulta correcta apliación: CM 0
20190405 11:03:42 Obtención correcta areas usuario:1
20190405 11:03:42 Consulta correcta aplicacion 0
20190405 11:03:50 Obtención correcta areas usuario:1
20190405 11:03:50 Consulta correcta aplicacion 0
20190405 11:03:50 Consulta correcta apliación: CM 0
20190405 11:05:44 Obtención correcta areas usuario:1
20190405 11:05:44 Consulta correcta aplicacion 0
20190405 11:05:57 Obtención correcta areas usuario:1
20190405 11:05:57 Consulta correcta aplicacion 0
20190405 11:05:57 Consulta correcta apliación: CM 0
20190405 11:07:10 Obtención correcta areas usuario:1
20190405 11:07:10 Consulta correcta aplicacion 0
20190405 11:07:19 Obtención correcta areas usuario:1
20190405 11:07:19 Consulta correcta aplicacion 0
20190405 11:07:19 Consulta correcta apliación: CM 0
20190405 11:07:19 Obtención correcta areas usuario:1
20190405 11:07:19 Consulta correcta aplicacion 0
20190405 11:07:19 Consulta correcta apliación: CM 0
20190405 11:08:30 Obtención correcta areas usuario:1
20190405 11:08:31 Consulta correcta aplicacion 0
20190405 11:08:31 Consulta correcta apliación: WS 0
20190405 11:09:22 Obtención correcta areas usuario:1
20190405 11:09:22 Consulta correcta aplicacion 0
20190405 11:09:22 Consulta correcta apliación: WS 0
20190405 11:10:20 Obtención correcta areas usuario:1
20190405 11:10:20 Consulta correcta aplicacion 0
20190405 11:10:21 Consulta correcta apliación: CM 0
20190405 11:11:29 Obtención correcta areas usuario:1
20190405 11:11:29 Consulta correcta aplicacion 0
20190405 11:11:46 Obtención correcta areas usuario:1
20190405 11:11:46 Consulta correcta aplicacion 0
20190405 11:11:59 Obtención correcta areas usuario:1
20190405 11:11:59 Consulta correcta aplicacion 0
20190405 11:12:17 Obtención correcta areas usuario:1
20190405 11:12:17 Consulta correcta aplicacion 0
20190405 11:12:29 Obtención correcta areas usuario:1
20190405 11:12:29 Consulta correcta aplicacion 0
20190405 11:12:55 Obtención correcta areas usuario:1
20190405 11:12:55 Consulta correcta aplicacion 0
20190405 11:13:04 Obtención correcta areas usuario:1
20190405 11:13:11 Obtención correcta aplicaciones usuario:1 area 1
20190405 11:13:14 Obtención correcta ObtenIndicaores usuario:1 app 49
20190405 11:13:15 Obtención correcta objetosdb usuario:1 app 49
20190405 11:13:16 Obtención incorrecta aplicaciones usuario:1 app 49
20190405 11:13:16 Obtención correcta objetosdb usuario:1 app 49
20190405 11:13:17 Obtención correcta objetosdb usuario:1 app 49
20190405 11:13:17 Obtención correcta ObtenIndicaores usuario:1 app 49
20190405 11:13:24 Obtención correcta objetosdb usuario:1 app 49
20190405 11:13:25 Obtención correcta objetosdb usuario:1 app 49
20190405 11:13:41 Obtención incorrecta aplicaciones usuario:1 app 49
20190405 11:13:41 Obtención incorrecta aplicaciones usuario:1 app 49
20190405 11:13:43 Obtención correcta objetosdb usuario:1 app 49
20190405 11:13:43 Obtención correcta objetosdb usuario:1 app 49
20190405 11:13:44 Obtención correcta ObtenIndicaores usuario:1 app 49
20190405 11:13:46 Obtención incorrecta aplicaciones usuario:1 app 49
20190405 11:13:47 Obtención incorrecta aplicaciones usuario:1 app 49
20190405 11:13:48 Obtención correcta objetosdb usuario:1 app 49
20190405 11:13:48 Obtención correcta objetosdb usuario:1 app 49
20190405 11:13:49 Obtención correcta ObtenIndicaores usuario:1 app 49
20190405 11:14:05 Obtención incorrecta ObtenTransversalidad usuario:1 app 49
20190405 11:14:05 Obtención incorrecta ObtenTransversalidad usuario:1 app 49
20190405 11:14:06 Obtención incorrecta ObtenTransversalidad usuario:1 app 49
20190405 11:14:06 Obtención incorrecta ObtenTransversalidad usuario:1 app 49
20190405 11:14:06 Obtención incorrecta ObtenTransversalidad usuario:1 app 49
20190405 11:14:07 Obtención incorrecta ObtenTransversalidad usuario:1 app 49
20190405 11:14:09 Obtención incorrecta ObtenTransversalidad usuario:1 app 49
20190405 11:14:10 Obtención incorrecta ObtenTransversalidad usuario:1 app 49
20190405 11:14:13 Obtención correcta objetosdb usuario:1 app 49
20190405 11:14:13 Obtención correcta objetosdb usuario:1 app 49
20190405 11:14:14 Obtención correcta ObtenIndicaores usuario:1 app 49
20190405 11:14:23 Obtención correcta objetosdb usuario:1 app 49
20190405 11:14:23 Obtención correcta ObtenIndicaores usuario:1 app 49
20190405 11:14:24 Obtención correcta objetosdb usuario:1 app 49
20190405 11:14:34 Obtención incorrecta aplicaciones usuario:1 app 49
20190405 11:14:35 Obtención incorrecta aplicaciones usuario:1 app 49
20190405 11:14:40 Obtención correcta objetosdb usuario:1 app 49
20190405 11:14:40 Obtención correcta ObtenIndicaores usuario:1 app 49
20190405 11:14:41 Obtención correcta objetosdb usuario:1 app 49
20190405 11:14:42 Obtención correcta objetosdb usuario:1 app 49
20190405 11:14:43 Obtención correcta objetosdb usuario:1 app 49
20190405 11:14:46 Obtención correcta objetosdb usuario:1 app 49
20190405 11:14:46 Obtención correcta objetosdb usuario:1 app 49
20190405 11:14:46 Obtención correcta ObtenIndicaores usuario:1 app 49
20190405 11:14:46 Obtención correcta objetosdb usuario:1 app 49
20190405 11:14:46 Obtención correcta objetosdb usuario:1 app 49
20190405 11:14:47 Obtención correcta ObtenIndicaores usuario:1 app 49
20190405 11:14:48 Obtención incorrecta aplicaciones usuario:1 app 49
20190405 11:14:48 Obtención incorrecta aplicaciones usuario:1 app 49
20190405 11:14:49 Obtención correcta ObtenIndicaores usuario:1 app 49
20190405 11:14:49 Obtención correcta objetosdb usuario:1 app 49
20190405 11:14:49 Obtención correcta objetosdb usuario:1 app 49
20190405 11:14:51 Obtención incorrecta aplicaciones usuario:1 app 49
20190405 11:14:51 Obtención incorrecta aplicaciones usuario:1 app 49
20190405 11:14:52 Obtención correcta objetosdb usuario:1 app 49
20190405 11:14:52 Obtención correcta objetosdb usuario:1 app 49
20190405 11:14:52 Obtención correcta ObtenIndicaores usuario:1 app 49
20190405 11:17:48 Obtención correcta objetosdb usuario:1 app 49
20190405 11:17:49 Obtención incorrecta aplicaciones usuario:1 app 49
20190405 11:17:50 Obtención correcta ObtenIndicaores usuario:1 app 49
20190405 11:17:50 Obtención correcta objetosdb usuario:1 app 49
20190405 11:17:50 Obtención correcta ObtenIndicaores usuario:1 app 49
20190405 11:17:51 Obtención correcta objetosdb usuario:1 app 49
20190405 11:17:51 Obtención correcta objetosdb usuario:1 app 49
20190405 11:17:51 Obtención correcta ObtenIndicaores usuario:1 app 49
20190405 11:17:51 Obtención correcta objetosdb usuario:1 app 49
20190405 11:17:59 Obtención correcta areas usuario:1
20190405 11:17:59 Consulta correcta aplicacion 0
20190405 11:18:03 Obtención correcta areas usuario:1
20190405 11:25:40 Acceso correcto usuario IN335224
20190405 11:25:40 Obtención correcta areas usuario:1
20190405 11:25:40 Avance correcto proceso 0
20190405 11:25:57 Obtención correcta aplicaciones usuario:1 area 1
20190405 11:26:05 Obtención correcta areas usuario:1
20190405 11:26:05 Avance correcto proceso 0
20190405 11:26:09 actualizaStatus.UploadComplete Cannot apply indexing with [] to an expression of type 'System.Dynamic.DynamicObject'
20190405 11:26:18 Obtención correcta areas usuario:1
20190405 11:26:18 Avance correcto proceso 0
20190405 11:26:27 Obtención correcta areas usuario:1
20190405 11:26:27 Avance correcto proceso 0
20190405 11:26:35 Obtención correcta areas usuario:1
20190405 11:26:35 Avance correcto proceso 0
20190405 11:26:42 Obtención correcta areas usuario:1
20190405 11:26:42 Avance correcto proceso 0
20190405 11:34:09 Obtención correcta areas usuario:1
20190405 11:39:04 Obtención correcta aplicaciones usuario:1 area 1
20190405 11:39:07 Obtención correcta objetosdb usuario:1 app 49
20190405 11:39:15 Obtención incorrecta aplicaciones usuario:1 app 49
20190405 11:39:16 Obtención correcta ObtenIndicaores usuario:1 app 49
20190405 11:39:22 Obtención correcta objetosdb usuario:1 app 49
20190405 11:41:16 Obtención correcta ObtenIndicaores usuario:1 app 49
20190405 11:41:18 Obtención correcta objetosdb usuario:1 app 49
20190405 11:45:35 Obtención correcta objetosdb usuario:1 app 49
20190405 11:45:39 Obtención correcta objetosdb usuario:1 app 49
20190405 11:45:40 Obtención correcta ObtenIndicaores usuario:1 app 49
20190405 11:45:43 Dependencias.ActualizaDiagramaIndex and count must refer to a location within the string.
Parameter name: count
20190405 11:45:44 Obtención incorrecta aplicaciones usuario:1 app 49
20190405 11:45:44 Obtención incorrecta aplicaciones usuario:1 app 49
20190405 11:46:20 Obtención correcta objetosdb usuario:1 app 49
20190405 11:46:24 Obtención correcta ObtenIndicaores usuario:1 app 49
20190405 11:46:25 Obtención correcta objetosdb usuario:1 app 49
20190405 11:46:42 Obtención correcta objetosdb usuario:1 app 49
20190405 11:46:42 Obtención correcta objetosdb usuario:1 app 49
20190405 11:46:46 Obtención incorrecta aplicaciones usuario:1 app 49
20190405 11:46:46 Obtención incorrecta aplicaciones usuario:1 app 49
20190405 11:46:49 Obtención correcta objetosdb usuario:1 app 49
20190405 11:46:57 Obtención correcta ObtenIndicaores usuario:1 app 49
20190405 11:46:58 Obtención correcta objetosdb usuario:1 app 49
20190405 11:50:44 Obtención correcta objetosdb usuario:1 app 49
20190405 11:50:44 Obtención correcta ObtenIndicaores usuario:1 app 49
20190405 11:50:45 Obtención correcta objetosdb usuario:1 app 49
20190405 11:52:19 Obtención correcta objetosdb usuario:1 app 49
20190405 11:52:20 Obtención correcta objetosdb usuario:1 app 49
20190405 11:52:32 Obtención incorrecta ObtenTransversalidad usuario:1 app 49
20190405 11:52:33 Obtención incorrecta ObtenTransversalidad usuario:1 app 49
20190405 11:52:36 Obtención correcta objetosdb usuario:1 app 49
20190405 11:52:37 Obtención correcta ObtenIndicaores usuario:1 app 49
20190405 11:52:37 Obtención correcta objetosdb usuario:1 app 49
20190405 11:52:40 Obtención incorrecta aplicaciones usuario:1 app 49
20190405 11:52:41 Obtención incorrecta aplicaciones usuario:1 app 49
20190405 11:52:42 Obtención correcta objetosdb usuario:1 app 49
20190405 11:52:42 Obtención correcta objetosdb usuario:1 app 49
20190405 11:52:43 Obtención correcta ObtenIndicaores usuario:1 app 49
20190405 11:52:46 Obtención incorrecta aplicaciones usuario:1 app 49
20190405 11:52:46 Obtención incorrecta aplicaciones usuario:1 app 49
20190405 11:52:53 Obtención correcta objetosdb usuario:1 app 49
20190405 11:52:53 Obtención correcta objetosdb usuario:1 app 49
20190405 11:52:54 Obtención correcta ObtenIndicaores usuario:1 app 49
20190405 11:53:13 Obtención correcta objetosdb usuario:1 app 49
20190405 11:53:14 Obtención incorrecta aplicaciones usuario:1 app 49
20190405 11:53:15 Obtención correcta ObtenIndicaores usuario:1 app 49
20190405 11:53:15 Obtención correcta ObtenIndicaores usuario:1 app 49
20190405 11:53:15 Obtención correcta objetosdb usuario:1 app 49
20190405 11:53:15 Obtención correcta objetosdb usuario:1 app 49
20190405 11:53:19 Obtención correcta objetosdb usuario:1 app 49
20190405 11:53:19 Obtención correcta objetosdb usuario:1 app 49
20190405 12:14:39 Obtención correcta ObtenIndicaores usuario:1 app 49
20190405 12:14:40 Obtención incorrecta aplicaciones usuario:1 app 49
20190405 12:14:40 Obtención correcta objetosdb usuario:1 app 49
20190405 12:14:40 Obtención correcta objetosdb usuario:1 app 49
20190405 12:14:40 Obtención correcta objetosdb usuario:1 app 49
20190405 12:14:41 Obtención correcta ObtenIndicaores usuario:1 app 49
20190405 12:14:41 Obtención incorrecta aplicaciones usuario:1 app 49
20190405 12:14:41 Obtención incorrecta aplicaciones usuario:1 app 49
20190405 12:14:41 Obtención correcta ObtenIndicaores usuario:1 app 49
20190405 12:17:38 Obtención correcta objetosdb usuario:1 app 49
20190405 12:17:39 Obtención correcta ObtenIndicaores usuario:1 app 49
20190405 12:17:40 Obtención incorrecta aplicaciones usuario:1 app 49
20190405 12:17:43 Obtención correcta objetosdb usuario:1 app 49
20190405 12:17:43 Obtención correcta objetosdb usuario:1 app 49
20190405 12:28:27 Acceso correcto usuario IN335224
20190405 12:28:27 Obtención correcta areas usuario:1
20190405 12:28:27 Avance correcto proceso 0
20190405 12:28:34 Obtención correcta areas usuario:1
20190405 12:28:46 Obtención correcta aplicaciones usuario:1 area 1
20190405 12:28:48 Obtención correcta objetosdb usuario:1 app 49
20190405 12:28:49 Obtención incorrecta aplicaciones usuario:1 app 49
20190405 12:28:50 Obtención correcta ObtenIndicaores usuario:1 app 49
20190405 12:28:51 Obtención correcta objetosdb usuario:1 app 49
20190405 12:28:51 Obtención incorrecta aplicaciones usuario:1 app 49
20190405 12:28:52 Obtención correcta ObtenIndicaores usuario:1 app 49
20190405 12:28:58 Obtención correcta objetosdb usuario:1 app 49
20190405 12:28:59 Obtención correcta objetosdb usuario:1 app 49
20190405 12:29:03 Obtención correcta objetosdb usuario:1 app 49
20190405 12:29:05 Obtención correcta objetosdb usuario:1 app 49
20190405 12:29:05 Obtención correcta ObtenIndicaores usuario:1 app 49
20190405 12:32:19 Acceso correcto usuario IN335224
20190405 12:32:19 Obtención correcta areas usuario:1
20190405 12:32:19 Avance correcto proceso 0
20190405 12:32:31 Obtención correcta areas usuario:1
20190405 12:32:43 Obtención correcta aplicaciones usuario:1 area 1
20190405 12:32:45 Obtención correcta objetosdb usuario:1 app 49
20190405 12:32:45 Obtención correcta ObtenIndicaores usuario:1 app 49
20190405 12:32:46 Obtención incorrecta aplicaciones usuario:1 app 49
20190405 12:32:47 Obtención correcta objetosdb usuario:1 app 49
20190405 12:32:48 Obtención correcta ObtenIndicaores usuario:1 app 49
20190405 12:32:48 Obtención incorrecta aplicaciones usuario:1 app 49
20190405 12:32:49 Obtención correcta objetosdb usuario:1 app 49
20190405 12:32:50 Obtención correcta objetosdb usuario:1 app 49
20190405 12:32:50 Obtención correcta ObtenIndicaores usuario:1 app 49
20190405 12:46:00 Obtención correcta areas usuario:1
20190405 12:46:12 Obtención correcta aplicaciones usuario:1 area 1
20190405 12:46:14 Obtención correcta objetosdb usuario:1 app 49
20190405 12:46:15 Obtención incorrecta aplicaciones usuario:1 app 49
20190405 12:46:16 Obtención correcta ObtenIndicaores usuario:1 app 49
20190405 12:46:16 Obtención correcta objetosdb usuario:1 app 49
20190405 12:46:17 Obtención correcta objetosdb usuario:1 app 49
20190405 12:46:17 Obtención correcta ObtenIndicaores usuario:1 app 49
20190405 12:46:25 Obtención incorrecta aplicaciones usuario:1 app 49
20190405 12:46:25 Obtención incorrecta aplicaciones usuario:1 app 49
20190405 12:48:23 Obtención correcta objetosdb usuario:1 app 49
20190405 12:48:24 Obtención correcta ObtenIndicaores usuario:1 app 49
20190405 12:48:25 Obtención correcta objetosdb usuario:1 app 49
20190405 12:48:25 Obtención correcta objetosdb usuario:1 app 49
20190405 12:48:26 Obtención correcta objetosdb usuario:1 app 49
20190405 12:48:37 Obtención incorrecta aplicaciones usuario:1 app 49
20190405 12:48:40 Obtención incorrecta aplicaciones usuario:1 app 49
20190405 12:48:41 Obtención incorrecta aplicaciones usuario:1 app 49
20190405 12:49:37 Obtención incorrecta aplicaciones usuario:1 app 49
20190405 12:49:40 Obtención incorrecta aplicaciones usuario:1 app 49
20190405 12:49:41 Obtención incorrecta aplicaciones usuario:1 app 49
20190405 13:09:48 Obtención correcta objetosdb usuario:1 app 49
20190405 13:09:48 Obtención incorrecta aplicaciones usuario:1 app 49
20190405 13:09:48 Obtención correcta objetosdb usuario:1 app 49
20190405 13:09:48 Obtención correcta objetosdb usuario:1 app 49
20190405 13:09:48 Obtención correcta ObtenIndicaores usuario:1 app 49
20190405 13:09:48 Obtención correcta ObtenIndicaores usuario:1 app 49
20190405 13:09:48 Obtención correcta ObtenIndicaores usuario:1 app 49
20190405 13:09:49 Obtención correcta objetosdb usuario:1 app 49
20190405 13:09:50 Obtención correcta objetosdb usuario:1 app 49
20190405 13:09:50 Obtención correcta objetosdb usuario:1 app 49
20190405 13:09:54 Obtención correcta objetosdb usuario:1 app 49
20190405 13:09:55 Obtención correcta objetosdb usuario:1 app 49
20190405 13:10:11 Obtención correcta objetosdb usuario:1 app 49
20190405 13:10:12 Obtención correcta objetosdb usuario:1 app 49
20190405 13:10:12 Obtención correcta ObtenIndicaores usuario:1 app 49
20190405 13:10:20 Obtención correcta objetosdb usuario:1 app 49
20190405 13:10:20 Obtención correcta objetosdb usuario:1 app 49
20190405 13:10:28 Obtención correcta objetosdb usuario:1 app 49
20190405 13:14:12 Obtención correcta objetosdb usuario:1 app 49
20190405 13:14:13 Obtención correcta objetosdb usuario:1 app 49
20190405 13:14:14 Obtención correcta ObtenIndicaores usuario:1 app 49
20190405 13:14:15 Obtención correcta objetosdb usuario:1 app 49
20190405 13:14:15 Obtención correcta objetosdb usuario:1 app 49
20190405 13:14:20 Obtención correcta objetosdb usuario:1 app 49
