20190410 10:49:16 Acceso correcto usuario banobras
20190410 10:49:36 Obtención correcta areas usuario:1
20190410 10:49:36 Avance correcto proceso 0
20190410 10:49:42 Obtención correcta aplicaciones usuario:1 area 2
20190410 10:50:17 actualizaStatus.UploadComplete Cannot apply indexing with [] to an expression of type 'System.Dynamic.DynamicObject'
20190410 10:50:17 Obtención correcta areas usuario:1
20190410 10:50:42 Avance correcto proceso 0
20190410 10:50:46 Obtención correcta areas usuario:1
20190410 10:50:50 Avance correcto proceso 0
20190410 10:50:50 Obtención correcta areas usuario:1
20190410 10:50:50 Avance correcto proceso 0
20190410 10:50:51 Obtención correcta areas usuario:1
20190410 10:50:52 Avance correcto proceso 0
20190410 10:50:54 Obtención correcta areas usuario:1
20190410 10:50:54 Avance correcto proceso 0
20190410 10:50:55 Obtención correcta areas usuario:1
20190410 10:50:55 Avance correcto proceso 0
20190410 10:51:06 Obtención correcta areas usuario:1
20190410 10:51:08 Avance correcto proceso 0
20190410 10:52:38 Obtención correcta areas usuario:1
20190410 10:52:38 Avance correcto proceso 0
20190410 10:52:39 Obtención correcta areas usuario:1
20190410 10:52:39 Avance correcto proceso 0
20190410 10:52:39 Obtención correcta areas usuario:1
20190410 10:52:39 Avance correcto proceso 0
20190410 10:52:40 Obtención correcta areas usuario:1
20190410 10:52:40 Avance correcto proceso 0
20190410 10:52:40 Obtención correcta areas usuario:1
20190410 10:52:40 Avance correcto proceso 0
20190410 10:52:41 Obtención correcta areas usuario:1
20190410 10:52:41 Avance correcto proceso 0
20190410 10:52:42 Obtención correcta areas usuario:1
20190410 10:52:42 Avance correcto proceso 0
20190410 10:52:43 Obtención correcta areas usuario:1
20190410 10:52:43 Avance correcto proceso 0
20190410 10:52:43 Obtención correcta areas usuario:1
20190410 10:52:44 Avance correcto proceso 0
20190410 10:52:59 Obtención correcta areas usuario:1
20190410 10:52:59 Avance correcto proceso 0
20190410 10:52:59 Obtención correcta areas usuario:1
20190410 10:52:59 Avance correcto proceso 0
20190410 10:53:37 Obtención correcta areas usuario:1
20190410 10:53:37 Avance correcto proceso 0
20190410 10:53:38 Obtención correcta areas usuario:1
20190410 10:53:38 Avance correcto proceso 0
20190410 10:53:47 Obtención correcta areas usuario:1
20190410 10:53:49 Avance correcto proceso 0
20190410 10:53:49 Obtención correcta areas usuario:1
20190410 10:53:49 Avance correcto proceso 0
20190410 10:53:51 Obtención correcta areas usuario:1
20190410 10:53:51 Avance correcto proceso 0
20190410 10:59:14 Obtención correcta areas usuario:1
20190410 10:59:14 Avance correcto proceso 0
20190410 10:59:15 Avance correcto proceso 0
20190410 10:59:15 Obtención correcta areas usuario:1
20190410 10:59:15 Avance correcto proceso 0
20190410 10:59:15 Obtención correcta areas usuario:1
20190410 10:59:15 Avance correcto proceso 0
20190410 10:59:15 Obtención correcta areas usuario:1
20190410 10:59:15 Avance correcto proceso 0
20190410 10:59:16 Obtención correcta areas usuario:1
20190410 10:59:16 Avance correcto proceso 0
20190410 10:59:16 Obtención correcta areas usuario:1
20190410 10:59:16 Avance correcto proceso 0
20190410 10:59:16 Obtención correcta areas usuario:1
20190410 10:59:17 Avance correcto proceso 0
20190410 10:59:21 Obtención correcta areas usuario:1
20190410 10:59:21 Avance correcto proceso 0
20190410 10:59:24 Obtención correcta areas usuario:1
20190410 10:59:24 Avance correcto proceso 0
20190410 10:59:24 Obtención correcta areas usuario:1
20190410 10:59:24 Avance correcto proceso 0
20190410 10:59:24 Obtención correcta areas usuario:1
20190410 10:59:24 Avance correcto proceso 0
20190410 10:59:29 Obtención correcta areas usuario:1
20190410 10:59:30 Avance correcto proceso 0
20190410 10:59:30 Obtención correcta areas usuario:1
20190410 10:59:30 Avance correcto proceso 0
20190410 10:59:30 Obtención correcta areas usuario:1
20190410 10:59:30 Avance correcto proceso 0
20190410 10:59:30 Obtención correcta areas usuario:1
20190410 10:59:30 Avance correcto proceso 0
20190410 10:59:30 Obtención correcta areas usuario:1
20190410 10:59:30 Avance correcto proceso 0
20190410 10:59:30 Obtención correcta areas usuario:1
20190410 10:59:30 Avance correcto proceso 0
20190410 10:59:31 Obtención correcta areas usuario:1
20190410 10:59:37 Avance correcto proceso 0
20190410 10:59:37 Obtención correcta areas usuario:1
20190410 10:59:37 Avance correcto proceso 0
20190410 10:59:37 Obtención correcta areas usuario:1
20190410 10:59:37 Avance correcto proceso 0
20190410 10:59:37 Obtención correcta areas usuario:1
20190410 10:59:37 Avance correcto proceso 0
20190410 10:59:37 Obtención correcta areas usuario:1
20190410 10:59:37 Avance correcto proceso 0
20190410 10:59:37 Obtención correcta areas usuario:1
20190410 10:59:37 Avance correcto proceso 0
20190410 10:59:37 Obtención correcta areas usuario:1
20190410 10:59:37 Avance correcto proceso 0
20190410 10:59:37 Obtención correcta areas usuario:1
20190410 10:59:37 Avance correcto proceso 0
20190410 10:59:37 Obtención correcta areas usuario:1
20190410 10:59:37 Avance correcto proceso 0
20190410 10:59:37 Obtención correcta areas usuario:1
20190410 10:59:37 Avance correcto proceso 0
20190410 10:59:37 Obtención correcta areas usuario:1
20190410 10:59:37 Avance correcto proceso 0
20190410 10:59:37 Obtención correcta areas usuario:1
20190410 10:59:37 Avance correcto proceso 0
20190410 10:59:37 Obtención correcta areas usuario:1
20190410 10:59:38 Avance correcto proceso 0
20190410 10:59:57 Obtención correcta areas usuario:1
20190410 10:59:57 Avance correcto proceso 0
20190410 10:59:58 Obtención correcta areas usuario:1
20190410 10:59:58 Avance correcto proceso 0
20190410 10:59:58 Obtención correcta areas usuario:1
20190410 10:59:58 Avance correcto proceso 0
20190410 10:59:59 Obtención correcta areas usuario:1
20190410 10:59:59 Avance correcto proceso 0
20190410 11:00:51 Obtención correcta areas usuario:1
20190410 11:00:53 Avance correcto proceso 0
20190410 11:00:54 Obtención correcta areas usuario:1
20190410 11:00:54 Avance correcto proceso 0
20190410 11:00:56 Obtención correcta areas usuario:1
20190410 11:00:56 Avance correcto proceso 0
20190410 11:00:57 Obtención correcta areas usuario:1
20190410 11:00:57 Avance correcto proceso 0
20190410 11:00:58 Obtención correcta areas usuario:1
20190410 11:00:58 Avance correcto proceso 0
20190410 11:00:59 Obtención correcta areas usuario:1
20190410 11:00:59 Avance correcto proceso 0
20190410 11:00:59 Obtención correcta areas usuario:1
20190410 11:00:59 Avance correcto proceso 0
20190410 11:00:59 Obtención correcta areas usuario:1
20190410 11:00:59 Avance correcto proceso 0
20190410 11:01:05 Obtención correcta areas usuario:1
20190410 11:01:06 Avance correcto proceso 0
20190410 11:01:16 Obtención correcta areas usuario:1
20190410 11:01:16 Avance correcto proceso 0
20190410 11:01:25 Obtención correcta areas usuario:1
20190410 11:01:25 Avance correcto proceso 0
20190410 11:01:35 Obtención correcta areas usuario:1
20190410 11:01:35 Avance correcto proceso 0
20190410 11:01:45 Obtención correcta areas usuario:1
20190410 11:01:45 Avance correcto proceso 0
20190410 11:01:55 Obtención correcta areas usuario:1
20190410 11:01:55 Avance correcto proceso 0
20190410 11:02:05 Obtención correcta areas usuario:1
20190410 11:02:05 Avance correcto proceso 0
20190410 11:02:15 Obtención correcta areas usuario:1
20190410 11:02:15 Avance correcto proceso 0
20190410 11:02:25 Obtención correcta areas usuario:1
20190410 11:02:25 Avance correcto proceso 0
20190410 11:02:35 Obtención correcta areas usuario:1
20190410 11:02:35 Avance correcto proceso 0
20190410 11:02:45 Obtención correcta areas usuario:1
20190410 11:02:45 Avance correcto proceso 0
20190410 11:02:55 Obtención correcta areas usuario:1
20190410 11:02:55 Avance correcto proceso 0
20190410 11:03:05 Obtención correcta areas usuario:1
20190410 11:03:05 Avance correcto proceso 0
20190410 11:03:15 Obtención correcta areas usuario:1
20190410 11:03:15 Avance correcto proceso 0
20190410 11:03:25 Obtención correcta areas usuario:1
20190410 11:03:25 Avance correcto proceso 0
20190410 11:03:31 Obtención correcta areas usuario:1
20190410 11:03:37 Obtención correcta aplicaciones usuario:1 area 1
20190410 11:03:40 Obtención correcta aplicaciones usuario:1 area 2
20190410 11:03:43 Obtención correcta objetosdb usuario:1 app 50
20190410 11:03:44 Obtención incorrecta aplicaciones usuario:1 app 50
20190410 11:03:45 Obtención correcta ObtenIndicaores usuario:1 app 50
20190410 11:04:10 Obtención incorrecta ObtenTransversalidad usuario:1 app 50
20190410 11:04:11 Obtención incorrecta ObtenTransversalidad usuario:1 app 50
20190410 11:04:18 Obtención correcta objetosdb usuario:1 app 50
20190410 11:04:19 Obtención correcta ObtenIndicaores usuario:1 app 50
20190410 11:04:19 Obtención incorrecta aplicaciones usuario:1 app 50
20190410 11:04:23 Obtención incorrecta aplicaciones usuario:1 app 50
20190410 11:04:23 Obtención incorrecta aplicaciones usuario:1 app 50
20190410 11:04:28 Obtención correcta ObtenIndicaores usuario:1 app 50
20190410 11:04:28 Obtención incorrecta aplicaciones usuario:1 app 50
20190410 11:04:29 Obtención correcta objetosdb usuario:1 app 50
20190410 11:04:30 Obtención correcta objetosdb usuario:1 app 50
20190410 11:04:30 Obtención incorrecta aplicaciones usuario:1 app 50
20190410 11:04:30 Obtención correcta objetosdb usuario:1 app 50
20190410 11:04:30 Obtención correcta ObtenIndicaores usuario:1 app 50
20190410 11:04:30 Obtención correcta ObtenIndicaores usuario:1 app 50
20190410 11:04:30 Obtención incorrecta aplicaciones usuario:1 app 50
20190410 11:04:32 Obtención incorrecta aplicaciones usuario:1 app 50
20190410 11:04:32 Obtención incorrecta aplicaciones usuario:1 app 50
20190410 11:04:33 Obtención correcta objetosdb usuario:1 app 50
20190410 11:04:34 Obtención incorrecta aplicaciones usuario:1 app 50
20190410 11:04:34 Obtención correcta ObtenIndicaores usuario:1 app 50
20190410 11:04:35 Obtención incorrecta aplicaciones usuario:1 app 50
20190410 11:04:35 Obtención incorrecta aplicaciones usuario:1 app 50
20190410 11:04:42 Obtención incorrecta ObtenTransversalidad usuario:1 app 50
20190410 11:04:42 Obtención incorrecta ObtenTransversalidad usuario:1 app 50
20190410 11:04:42 Obtención incorrecta ObtenTransversalidad usuario:1 app 50
20190410 11:04:42 Obtención incorrecta ObtenTransversalidad usuario:1 app 50
20190410 11:04:42 Obtención incorrecta ObtenTransversalidad usuario:1 app 50
20190410 11:04:42 Obtención incorrecta ObtenTransversalidad usuario:1 app 50
20190410 11:04:51 Obtención incorrecta ObtenTransversalidad usuario:1 app 50
20190410 11:04:52 Obtención incorrecta ObtenTransversalidad usuario:1 app 50
20190410 11:04:55 Obtención incorrecta ObtenTransversalidad usuario:1 app 50
20190410 11:04:55 Obtención incorrecta ObtenTransversalidad usuario:1 app 50
20190410 11:04:55 Obtención incorrecta ObtenTransversalidad usuario:1 app 50
20190410 11:04:55 Obtención incorrecta ObtenTransversalidad usuario:1 app 50
20190410 11:05:02 Obtención correcta objetosdb usuario:1 app 50
20190410 11:05:02 Obtención incorrecta aplicaciones usuario:1 app 50
20190410 11:05:02 Obtención correcta ObtenIndicaores usuario:1 app 50
20190410 11:05:05 Obtención incorrecta aplicaciones usuario:1 app 50
20190410 11:05:06 Obtención incorrecta aplicaciones usuario:1 app 50
20190410 11:08:54 Obtención correcta areas usuario:1
20190410 11:08:54 Consulta correcta aplicacion 0
20190410 11:09:17 Obtención correcta aplicaciones usuario:1 area 1
20190410 11:09:18 Obtención correcta ObtenFiltros Tipo:WS Tipohijo Aplicacion 49
20190410 11:09:19 Obtención correcta areas usuario:1
20190410 11:09:19 Consulta correcta aplicacion 0
20190410 11:09:19 Consulta correcta apliación: WS 49
20190410 11:12:16 Obtención correcta areas usuario:1
20190410 11:12:16 Consulta correcta aplicacion 0
20190410 11:12:19 Obtención correcta areas usuario:1
20190410 11:12:22 Obtención correcta aplicaciones usuario:1 area 2
20190410 11:12:24 Obtención correcta objetosdb usuario:1 app 50
20190410 11:12:24 Obtención correcta ObtenIndicaores usuario:1 app 50
20190410 11:12:26 Obtención correcta objetosdb usuario:1 app 50
20190410 11:12:26 Obtención incorrecta aplicaciones usuario:1 app 50
20190410 11:12:27 Obtención incorrecta aplicaciones usuario:1 app 50
20190410 11:12:34 Obtención correcta objetosdb usuario:1 app 50
20190410 11:12:34 Obtención correcta ObtenIndicaores usuario:1 app 50
20190410 11:12:35 Obtención correcta objetosdb usuario:1 app 50
20190410 11:12:36 Obtención correcta objetosdb usuario:1 app 50
20190410 11:12:37 Obtención correcta objetosdb usuario:1 app 50
20190410 11:12:39 Obtención incorrecta aplicaciones usuario:1 app 50
20190410 11:12:39 Obtención incorrecta aplicaciones usuario:1 app 50
20190410 11:21:22 Acceso correcto usuario banobras
20190410 11:21:22 Obtención correcta areas usuario:1
20190410 11:21:22 Avance correcto proceso 0
20190410 11:21:30 Obtención correcta aplicaciones usuario:1 area 2
20190410 11:21:38 actualizaStatus.UploadComplete Cannot apply indexing with [] to an expression of type 'System.Dynamic.DynamicObject'
20190410 11:21:41 Obtención correcta areas usuario:1
20190410 11:22:02 Avance correcto proceso 0
20190410 11:22:02 Obtención correcta areas usuario:1
20190410 11:22:02 Avance correcto proceso 0
20190410 11:22:02 Obtención correcta areas usuario:1
20190410 11:22:02 Avance correcto proceso 0
20190410 11:22:13 Obtención correcta areas usuario:1
20190410 11:22:13 Avance correcto proceso 0
20190410 11:22:19 Obtención correcta areas usuario:1
20190410 11:22:19 Avance correcto proceso 0
20190410 11:22:30 Obtención correcta areas usuario:1
20190410 11:22:31 Avance correcto proceso 0
20190410 11:22:38 Obtención correcta areas usuario:1
20190410 11:22:38 Avance correcto proceso 0
20190410 11:23:00 Obtención correcta areas usuario:1
20190410 11:23:00 Avance correcto proceso 0
20190410 11:23:00 Obtención correcta areas usuario:1
20190410 11:23:01 Avance correcto proceso 0
20190410 11:23:11 Obtención correcta areas usuario:1
20190410 11:23:12 Avance correcto proceso 0
20190410 11:23:37 Obtención correcta areas usuario:1
20190410 11:23:37 Avance correcto proceso 0
20190410 11:23:37 Obtención correcta areas usuario:1
20190410 11:23:38 Avance correcto proceso 0
20190410 11:23:39 Obtención correcta areas usuario:1
20190410 11:23:53 Avance correcto proceso 0
20190410 11:23:55 Obtención correcta areas usuario:1
20190410 11:23:55 Avance correcto proceso 0
20190410 11:24:03 Obtención correcta areas usuario:1
20190410 11:24:03 Avance correcto proceso 0
20190410 11:24:08 Obtención correcta areas usuario:1
20190410 11:24:08 Avance correcto proceso 0
20190410 11:31:18 Obtención correcta areas usuario:1
20190410 11:31:18 Avance correcto proceso 0
20190410 11:31:18 Obtención correcta areas usuario:1
20190410 11:31:20 Avance correcto proceso 0
20190410 11:31:20 Obtención correcta areas usuario:1
20190410 11:31:20 Avance correcto proceso 0
20190410 11:31:25 Obtención correcta areas usuario:1
20190410 11:31:25 Avance correcto proceso 0
20190410 11:31:25 Obtención correcta areas usuario:1
20190410 11:31:25 Avance correcto proceso 0
20190410 11:31:25 Obtención correcta areas usuario:1
20190410 11:31:25 Avance correcto proceso 0
20190410 11:31:25 Obtención correcta areas usuario:1
20190410 11:31:25 Avance correcto proceso 0
20190410 11:31:27 Obtención correcta areas usuario:1
20190410 11:31:27 Avance correcto proceso 0
20190410 11:31:43 Obtención correcta areas usuario:1
20190410 11:31:43 Avance correcto proceso 0
20190410 11:31:44 Obtención correcta areas usuario:1
20190410 11:31:44 Avance correcto proceso 0
20190410 11:31:44 Obtención correcta areas usuario:1
20190410 11:31:44 Avance correcto proceso 0
20190410 11:31:44 Obtención correcta areas usuario:1
20190410 11:31:44 Avance correcto proceso 0
20190410 11:31:44 Obtención correcta areas usuario:1
20190410 11:31:44 Avance correcto proceso 0
20190410 11:31:44 Obtención correcta areas usuario:1
20190410 11:31:44 Avance correcto proceso 0
20190410 11:31:44 Obtención correcta areas usuario:1
20190410 11:31:44 Avance correcto proceso 0
20190410 11:31:44 Obtención correcta areas usuario:1
20190410 11:31:44 Avance correcto proceso 0
20190410 11:32:14 Obtención correcta areas usuario:1
20190410 11:32:14 Avance correcto proceso 0
20190410 11:32:14 Obtención correcta areas usuario:1
20190410 11:32:14 Avance correcto proceso 0
20190410 11:32:17 Obtención correcta areas usuario:1
20190410 11:32:17 Avance correcto proceso 0
20190410 11:32:17 Obtención correcta areas usuario:1
20190410 11:32:17 Avance correcto proceso 0
20190410 11:32:17 Obtención correcta areas usuario:1
20190410 11:32:17 Avance correcto proceso 0
20190410 11:32:17 Obtención correcta areas usuario:1
20190410 11:32:17 Avance correcto proceso 0
20190410 11:32:20 Obtención correcta areas usuario:1
20190410 11:32:20 Avance correcto proceso 0
20190410 11:32:20 Obtención correcta areas usuario:1
20190410 11:32:20 Avance correcto proceso 0
20190410 11:32:21 Obtención correcta areas usuario:1
20190410 11:32:21 Avance correcto proceso 0
20190410 11:32:21 Obtención correcta areas usuario:1
20190410 11:32:21 Avance correcto proceso 0
20190410 11:32:21 Obtención correcta areas usuario:1
20190410 11:32:21 Avance correcto proceso 0
20190410 11:32:21 Obtención correcta areas usuario:1
20190410 11:32:21 Avance correcto proceso 0
20190410 11:32:21 Obtención correcta areas usuario:1
20190410 11:32:21 Avance correcto proceso 0
20190410 11:32:21 Obtención correcta areas usuario:1
20190410 11:32:21 Avance correcto proceso 0
20190410 11:32:21 Obtención correcta areas usuario:1
20190410 11:32:21 Avance correcto proceso 0
20190410 11:32:21 Obtención correcta areas usuario:1
20190410 11:32:21 Avance correcto proceso 0
20190410 11:32:21 Obtención correcta areas usuario:1
20190410 11:32:21 Avance correcto proceso 0
20190410 11:32:21 Obtención correcta areas usuario:1
20190410 11:32:21 Avance correcto proceso 0
20190410 11:32:21 Obtención correcta areas usuario:1
20190410 11:32:21 Avance correcto proceso 0
20190410 11:32:21 Obtención correcta areas usuario:1
20190410 11:32:21 Avance correcto proceso 0
20190410 11:32:21 Obtención correcta areas usuario:1
20190410 11:32:21 Avance correcto proceso 0
20190410 11:32:21 Obtención correcta areas usuario:1
20190410 11:32:21 Avance correcto proceso 0
20190410 11:32:22 Obtención correcta areas usuario:1
20190410 11:32:22 Avance correcto proceso 0
20190410 11:32:22 Obtención correcta areas usuario:1
20190410 11:32:22 Avance correcto proceso 0
20190410 11:32:22 Obtención correcta areas usuario:1
20190410 11:32:22 Avance correcto proceso 0
20190410 11:32:22 Obtención correcta areas usuario:1
20190410 11:32:22 Avance correcto proceso 0
20190410 11:32:22 Obtención correcta areas usuario:1
20190410 11:32:22 Avance correcto proceso 0
20190410 11:32:22 Obtención correcta areas usuario:1
20190410 11:32:22 Avance correcto proceso 0
20190410 11:32:24 Obtención correcta areas usuario:1
20190410 11:32:24 Avance correcto proceso 0
20190410 11:32:25 Obtención correcta areas usuario:1
20190410 11:32:25 Avance correcto proceso 0
20190410 11:32:25 Obtención correcta areas usuario:1
20190410 11:32:25 Avance correcto proceso 0
20190410 11:32:26 Obtención correcta areas usuario:1
20190410 11:32:26 Avance correcto proceso 0
20190410 11:32:26 Obtención correcta areas usuario:1
20190410 11:32:26 Avance correcto proceso 0
20190410 11:32:28 Obtención correcta areas usuario:1
20190410 11:32:28 Avance correcto proceso 0
20190410 11:32:38 Obtención correcta areas usuario:1
20190410 11:32:38 Avance correcto proceso 0
20190410 11:32:48 Obtención correcta areas usuario:1
20190410 11:32:48 Avance correcto proceso 0
20190410 11:32:58 Obtención correcta areas usuario:1
20190410 11:32:58 Avance correcto proceso 0
20190410 11:33:08 Obtención correcta areas usuario:1
20190410 11:33:08 Avance correcto proceso 0
20190410 11:33:18 Obtención correcta areas usuario:1
20190410 11:33:18 Avance correcto proceso 0
20190410 11:33:28 Obtención correcta areas usuario:1
20190410 11:33:28 Avance correcto proceso 0
20190410 11:33:38 Obtención correcta areas usuario:1
20190410 11:33:38 Avance correcto proceso 0
20190410 11:33:48 Obtención correcta areas usuario:1
20190410 11:33:48 Avance correcto proceso 0
20190410 11:33:58 Obtención correcta areas usuario:1
20190410 11:33:58 Avance correcto proceso 0
20190410 11:34:08 Obtención correcta areas usuario:1
20190410 11:34:08 Avance correcto proceso 0
20190410 11:34:18 Obtención correcta areas usuario:1
20190410 11:34:18 Avance correcto proceso 0
20190410 11:34:28 Obtención correcta areas usuario:1
20190410 11:34:28 Avance correcto proceso 0
20190410 11:34:38 Obtención correcta areas usuario:1
20190410 11:34:38 Avance correcto proceso 0
20190410 11:34:48 Obtención correcta areas usuario:1
20190410 11:34:48 Avance correcto proceso 0
20190410 11:34:58 Obtención correcta areas usuario:1
20190410 11:34:58 Avance correcto proceso 0
20190410 11:35:08 Obtención correcta areas usuario:1
20190410 11:35:08 Avance correcto proceso 0
20190410 11:35:18 Obtención correcta areas usuario:1
20190410 11:35:18 Avance correcto proceso 0
20190410 11:35:28 Obtención correcta areas usuario:1
20190410 11:35:28 Avance correcto proceso 0
20190410 11:35:39 Obtención correcta areas usuario:1
20190410 11:35:39 Avance correcto proceso 0
20190410 11:35:48 Obtención correcta areas usuario:1
20190410 11:35:48 Avance correcto proceso 0
20190410 11:35:58 Obtención correcta areas usuario:1
20190410 11:35:58 Avance correcto proceso 0
20190410 11:36:08 Obtención correcta areas usuario:1
20190410 11:36:08 Avance correcto proceso 0
20190410 11:36:18 Obtención correcta areas usuario:1
20190410 11:36:18 Avance correcto proceso 0
20190410 11:36:28 Obtención correcta areas usuario:1
20190410 11:36:28 Avance correcto proceso 0
20190410 11:36:31 actualizaStatus.UploadComplete Cannot apply indexing with [] to an expression of type 'System.Dynamic.DynamicObject'
20190410 11:36:34 Obtención correcta areas usuario:1
20190410 11:36:35 Avance correcto proceso 0
20190410 11:36:39 Obtención correcta areas usuario:1
20190410 11:36:39 Avance correcto proceso 0
20190410 11:36:44 Obtención correcta areas usuario:1
20190410 11:36:44 Avance correcto proceso 0
20190410 11:39:24 Obtención correcta areas usuario:1
20190410 11:39:24 Avance correcto proceso 0
20190410 11:39:32 Obtención correcta areas usuario:1
20190410 11:39:35 Avance correcto proceso 0
20190410 11:39:35 Obtención correcta areas usuario:1
20190410 11:39:35 Avance correcto proceso 0
20190410 11:39:35 Obtención correcta areas usuario:1
20190410 11:39:37 Avance correcto proceso 0
20190410 11:39:38 Obtención correcta areas usuario:1
20190410 11:39:38 Avance correcto proceso 0
20190410 11:39:38 Obtención correcta areas usuario:1
20190410 11:39:38 Avance correcto proceso 0
20190410 11:39:38 Obtención correcta areas usuario:1
20190410 11:39:38 Avance correcto proceso 0
20190410 11:39:38 Obtención correcta areas usuario:1
20190410 11:39:38 Avance correcto proceso 0
20190410 11:39:39 Obtención correcta areas usuario:1
20190410 11:39:39 Avance correcto proceso 0
20190410 11:39:39 Obtención correcta areas usuario:1
20190410 11:39:39 Avance correcto proceso 0
20190410 11:39:39 Obtención correcta areas usuario:1
20190410 11:39:39 Avance correcto proceso 0
20190410 11:39:39 Obtención correcta areas usuario:1
20190410 11:39:39 Avance correcto proceso 0
20190410 11:39:39 Obtención correcta areas usuario:1
20190410 11:39:39 Avance correcto proceso 0
20190410 11:39:39 Obtención correcta areas usuario:1
20190410 11:39:39 Avance correcto proceso 0
20190410 11:39:39 Obtención correcta areas usuario:1
20190410 11:39:39 Avance correcto proceso 0
20190410 11:39:39 Obtención correcta areas usuario:1
20190410 11:39:39 Avance correcto proceso 0
20190410 11:39:39 Obtención correcta areas usuario:1
20190410 11:39:39 Avance correcto proceso 0
20190410 11:39:39 Obtención correcta areas usuario:1
20190410 11:39:39 Avance correcto proceso 0
20190410 11:39:41 Obtención correcta areas usuario:1
20190410 11:39:41 Avance correcto proceso 0
20190410 11:39:41 Obtención correcta areas usuario:1
20190410 11:39:41 Avance correcto proceso 0
20190410 11:39:41 Obtención correcta areas usuario:1
20190410 11:39:41 Avance correcto proceso 0
20190410 11:39:41 Obtención correcta areas usuario:1
20190410 11:39:41 Avance correcto proceso 0
20190410 11:39:41 Obtención correcta areas usuario:1
20190410 11:39:41 Avance correcto proceso 0
20190410 11:39:41 Obtención correcta areas usuario:1
20190410 11:39:41 Avance correcto proceso 0
20190410 11:39:41 Obtención correcta areas usuario:1
20190410 11:39:41 Avance correcto proceso 0
20190410 11:39:41 Obtención correcta areas usuario:1
20190410 11:39:41 Avance correcto proceso 0
20190410 11:39:42 Obtención correcta areas usuario:1
20190410 11:39:42 Avance correcto proceso 0
20190410 11:39:42 Obtención correcta areas usuario:1
20190410 11:39:42 Avance correcto proceso 0
20190410 11:39:42 Obtención correcta areas usuario:1
20190410 11:39:42 Avance correcto proceso 0
20190410 11:39:42 Obtención correcta areas usuario:1
20190410 11:39:42 Avance correcto proceso 0
20190410 11:39:42 Obtención correcta areas usuario:1
20190410 11:39:42 Avance correcto proceso 0
20190410 11:39:42 Obtención correcta areas usuario:1
20190410 11:39:42 Avance correcto proceso 0
20190410 11:39:42 Obtención correcta areas usuario:1
20190410 11:39:42 Avance correcto proceso 0
20190410 11:39:43 Obtención correcta areas usuario:1
20190410 11:39:43 Avance correcto proceso 0
20190410 11:39:43 Obtención correcta areas usuario:1
20190410 11:39:43 Avance correcto proceso 0
20190410 11:39:49 Obtención correcta areas usuario:1
20190410 11:39:49 Avance correcto proceso 0
20190410 11:39:51 Obtención correcta areas usuario:1
20190410 11:39:51 Avance correcto proceso 0
20190410 11:39:59 Obtención correcta areas usuario:1
20190410 11:39:59 Avance correcto proceso 0
20190410 11:40:01 Obtención correcta areas usuario:1
20190410 11:40:02 Avance correcto proceso 0
20190410 11:40:09 Obtención correcta areas usuario:1
20190410 11:40:09 Avance correcto proceso 0
20190410 11:40:12 Obtención correcta areas usuario:1
20190410 11:40:12 Avance correcto proceso 0
20190410 11:40:12 Obtención correcta areas usuario:1
20190410 11:40:12 Consulta correcta aplicacion 0
20190410 11:40:28 Obtención correcta areas usuario:1
20190410 11:40:28 Consulta correcta aplicacion 0
20190410 11:40:37 Obtención correcta areas usuario:1
20190410 11:40:47 Obtención correcta aplicaciones usuario:1 area 2
20190410 11:40:49 Obtención correcta objetosdb usuario:1 app 50
20190410 11:40:49 Obtención correcta ObtenIndicaores usuario:1 app 50
20190410 11:40:50 Obtención correcta objetosdb usuario:1 app 50
20190410 11:40:53 Obtención correcta objetosdb usuario:1 app 50
20190410 11:40:54 Obtención correcta objetosdb usuario:1 app 50
20190410 11:47:14 Obtención correcta objetosdb usuario:1 app 50
20190410 11:47:15 Obtención correcta objetosdb usuario:1 app 50
20190410 11:47:15 Obtención correcta ObtenIndicaores usuario:1 app 50
20190410 11:47:19 Obtención incorrecta aplicaciones usuario:1 app 50
20190410 11:47:19 Obtención incorrecta aplicaciones usuario:1 app 50
20190410 11:51:59 Obtención correcta objetosdb usuario:1 app 50
20190410 11:52:00 Obtención correcta objetosdb usuario:1 app 50
20190410 11:52:00 Obtención correcta ObtenIndicaores usuario:1 app 50
20190410 12:03:08 Obtención correcta objetosdb usuario:1 app 50
20190410 12:03:08 Obtención correcta objetosdb usuario:1 app 50
20190410 12:03:14 Obtención correcta objetosdb usuario:1 app 50
20190410 12:03:14 Obtención correcta objetosdb usuario:1 app 50
20190410 12:03:15 Obtención correcta ObtenIndicaores usuario:1 app 50
20190410 12:03:17 Obtención incorrecta aplicaciones usuario:1 app 50
20190410 12:03:18 Obtención incorrecta aplicaciones usuario:1 app 50
20190410 12:03:20 Obtención correcta ObtenIndicaores usuario:1 app 50
20190410 12:03:20 Obtención correcta objetosdb usuario:1 app 50
20190410 12:03:21 Obtención correcta objetosdb usuario:1 app 50
20190410 12:03:38 BaseDatos.GetResultStoredSQLReader Invalid object name 'RelacionesTablas'. 208 Sp_ObtenObjetosDBD3 99 1
20190410 12:03:38 Aplicacion.ObtenObjetosDB Object reference not set to an instance of an object.
20190410 12:15:45 Acceso correcto usuario banobras
20190410 12:15:45 Obtención correcta areas usuario:1
20190410 12:15:45 Avance correcto proceso 0
20190410 12:15:49 Obtención correcta areas usuario:1
20190410 12:15:49 Consulta correcta aplicacion 0
20190410 12:15:51 Obtención correcta areas usuario:1
20190410 12:15:53 Obtención correcta areas usuario:1
20190410 12:15:53 Obtención correcta areas usuario:1
20190410 12:15:53 Obtención correcta areas usuario:1
20190410 12:15:53 Obtención correcta areas usuario:1
20190410 12:15:54 Obtención correcta areas usuario:1
20190410 12:16:02 Obtención correcta areas usuario:1
20190410 12:16:02 Consulta correcta aplicacion 0
20190410 12:16:04 Obtención correcta areas usuario:1
20190410 12:16:14 Obtención correcta aplicaciones usuario:1 area 2
20190410 12:16:16 Obtención correcta objetosdb usuario:1 app 50
20190410 12:16:17 Obtención correcta objetosdb usuario:1 app 50
20190410 12:16:17 Obtención correcta ObtenIndicaores usuario:1 app 50
20190410 12:16:31 Obtención correcta ObtenIndicaores usuario:1 app 50
20190410 12:16:31 Obtención correcta objetosdb usuario:1 app 50
20190410 12:16:31 Obtención correcta objetosdb usuario:1 app 50
20190410 12:16:32 Obtención correcta objetosdb usuario:1 app 50
20190410 12:16:32 Obtención correcta objetosdb usuario:1 app 50
20190410 12:16:32 Obtención correcta ObtenIndicaores usuario:1 app 50
20190410 12:16:41 Obtención correcta objetosdb usuario:1 app 50
20190410 12:16:41 Obtención correcta objetosdb usuario:1 app 50
20190410 12:16:42 Obtención incorrecta aplicaciones usuario:1 app 50
20190410 12:16:43 Obtención incorrecta aplicaciones usuario:1 app 50
20190410 12:16:44 Obtención correcta objetosdb usuario:1 app 50
20190410 12:16:45 Obtención correcta ObtenIndicaores usuario:1 app 50
20190410 12:16:45 Obtención correcta objetosdb usuario:1 app 50
20190410 12:16:45 Obtención correcta objetosdb usuario:1 app 50
20190410 12:16:46 Obtención correcta objetosdb usuario:1 app 50
20190410 12:16:46 Obtención incorrecta aplicaciones usuario:1 app 50
20190410 12:16:47 Obtención incorrecta aplicaciones usuario:1 app 50
20190410 12:16:48 Obtención correcta objetosdb usuario:1 app 50
20190410 12:16:48 Obtención correcta ObtenIndicaores usuario:1 app 50
20190410 12:16:49 Obtención correcta objetosdb usuario:1 app 50
20190410 12:16:49 Obtención correcta objetosdb usuario:1 app 50
20190410 12:16:49 Obtención correcta objetosdb usuario:1 app 50
20190410 12:19:03 Obtención incorrecta aplicaciones usuario:1 app 50
20190410 12:19:03 Obtención incorrecta aplicaciones usuario:1 app 50
20190410 12:19:18 Obtención correcta objetosdb usuario:1 app 50
20190410 12:19:18 Obtención correcta objetosdb usuario:1 app 50
20190410 12:19:19 Obtención correcta ObtenIndicaores usuario:1 app 50
20190410 12:19:20 Obtención correcta objetosdb usuario:1 app 50
20190410 12:19:23 Obtención correcta objetosdb usuario:1 app 50
20190410 12:19:24 Obtención incorrecta aplicaciones usuario:1 app 50
20190410 12:19:24 Obtención incorrecta aplicaciones usuario:1 app 50
