20190411 11:01:43 Acceso correcto usuario banobras
20190411 11:01:43 Obtención correcta areas usuario:1
20190411 11:01:43 Avance correcto proceso 0
20190411 11:01:54 Obtención correcta areas usuario:1
20190411 11:01:59 Obtención correcta aplicaciones usuario:1 area 2
20190411 11:02:01 Obtención correcta objetosdb usuario:1 app 50
20190411 11:02:02 Obtención correcta objetosdb usuario:1 app 50
20190411 11:02:02 Obtención correcta ObtenIndicaores usuario:1 app 50
20190411 11:31:03 Acceso incorrecto usuario banobras
20190411 11:31:08 Acceso correcto usuario banobras
20190411 11:31:08 Obtención correcta areas usuario:1
20190411 11:31:09 Avance correcto proceso 0
20190411 11:31:19 Obtención correcta areas usuario:1
20190411 11:31:22 Obtención correcta aplicaciones usuario:1 area 2
20190411 11:31:24 Obtención correcta objetosdb usuario:1 app 50
20190411 11:31:25 Obtención correcta ObtenIndicaores usuario:1 app 50
20190411 11:31:25 Obtención correcta objetosdb usuario:1 app 50
20190411 11:31:33 Obtención correcta objetosdb usuario:1 app 50
20190411 11:31:33 Obtención correcta ObtenIndicaores usuario:1 app 50
20190411 11:31:34 Obtención incorrecta aplicaciones usuario:1 app 50
20190411 11:31:35 Obtención correcta ObtenIndicaores usuario:1 app 50
20190411 11:31:36 Obtención incorrecta aplicaciones usuario:1 app 50
20190411 11:31:36 Obtención correcta objetosdb usuario:1 app 50
20190411 11:31:40 Obtención correcta objetosdb usuario:1 app 50
20190411 11:31:41 Obtención correcta objetosdb usuario:1 app 50
20190411 11:31:41 Obtención correcta ObtenIndicaores usuario:1 app 50
20190411 11:31:50 Obtención incorrecta aplicaciones usuario:1 app 50
20190411 11:31:51 Obtención incorrecta aplicaciones usuario:1 app 50
20190411 11:31:54 Obtención correcta objetosdb usuario:1 app 50
20190411 11:31:54 Obtención correcta ObtenIndicaores usuario:1 app 50
20190411 11:31:55 Obtención correcta objetosdb usuario:1 app 50
20190411 11:31:56 Obtención incorrecta aplicaciones usuario:1 app 50
20190411 11:31:56 Obtención incorrecta aplicaciones usuario:1 app 50
20190411 11:31:57 Obtención correcta objetosdb usuario:1 app 50
20190411 11:31:58 Obtención correcta ObtenIndicaores usuario:1 app 50
20190411 11:31:58 Obtención correcta objetosdb usuario:1 app 50
20190411 11:31:59 Obtención incorrecta aplicaciones usuario:1 app 50
20190411 11:32:00 Obtención incorrecta aplicaciones usuario:1 app 50
20190411 11:32:02 Obtención correcta objetosdb usuario:1 app 50
20190411 11:32:02 Obtención correcta ObtenIndicaores usuario:1 app 50
20190411 11:32:03 Obtención correcta objetosdb usuario:1 app 50
20190411 11:32:09 Obtención correcta objetosdb usuario:1 app 50
20190411 11:34:00 Obtención correcta objetosdb usuario:1 app 50
20190411 11:34:04 Obtención correcta objetosdb usuario:1 app 50
20190411 11:34:05 Obtención correcta ObtenIndicaores usuario:1 app 50
20190411 11:34:06 Obtención correcta objetosdb usuario:1 app 50
20190411 11:34:07 Obtención correcta objetosdb usuario:1 app 50
20190411 11:34:09 Obtención correcta objetosdb usuario:1 app 50
20190411 11:34:12 Obtención correcta objetosdb usuario:1 app 50
20190411 11:34:12 Obtención correcta ObtenIndicaores usuario:1 app 50
20190411 11:34:13 Obtención correcta objetosdb usuario:1 app 50
20190411 11:34:14 Obtención incorrecta aplicaciones usuario:1 app 50
20190411 11:34:15 Obtención incorrecta aplicaciones usuario:1 app 50
20190411 11:34:16 Obtención correcta objetosdb usuario:1 app 50
20190411 11:34:17 Obtención correcta objetosdb usuario:1 app 50
20190411 11:34:17 Obtención correcta ObtenIndicaores usuario:1 app 50
20190411 11:34:18 Obtención correcta objetosdb usuario:1 app 50
20190411 11:34:42 Obtención correcta objetosdb usuario:1 app 50
20190411 11:34:42 Obtención incorrecta aplicaciones usuario:1 app 50
20190411 11:34:43 Obtención incorrecta aplicaciones usuario:1 app 50
20190411 11:34:44 Obtención correcta objetosdb usuario:1 app 50
20190411 11:34:45 Obtención correcta objetosdb usuario:1 app 50
20190411 11:34:45 Obtención correcta objetosdb usuario:1 app 50
20190411 11:34:45 Obtención correcta objetosdb usuario:1 app 50
20190411 11:34:45 Obtención correcta ObtenIndicaores usuario:1 app 50
20190411 11:34:46 Obtención correcta ObtenIndicaores usuario:1 app 50
20190411 11:34:47 Obtención incorrecta aplicaciones usuario:1 app 50
20190411 11:34:48 Obtención incorrecta aplicaciones usuario:1 app 50
20190411 11:34:49 Obtención correcta objetosdb usuario:1 app 50
20190411 11:34:50 Obtención correcta ObtenIndicaores usuario:1 app 50
20190411 11:34:50 Obtención correcta objetosdb usuario:1 app 50
20190411 11:34:52 Obtención correcta objetosdb usuario:1 app 50
20190411 11:35:22 Obtención correcta objetosdb usuario:1 app 50
20190411 11:35:25 Obtención correcta objetosdb usuario:1 app 50
20190411 11:35:25 Obtención correcta objetosdb usuario:1 app 50
20190411 11:35:26 Obtención correcta ObtenIndicaores usuario:1 app 50
20190411 11:36:01 Obtención incorrecta ObtenTransversalidad usuario:1 app 50
20190411 11:36:02 Obtención incorrecta ObtenTransversalidad usuario:1 app 50
20190411 11:36:02 Obtención incorrecta ObtenTransversalidad usuario:1 app 50
20190411 11:36:03 Obtención incorrecta ObtenTransversalidad usuario:1 app 50
20190411 11:36:04 Obtención correcta objetosdb usuario:1 app 50
20190411 11:36:05 Obtención correcta objetosdb usuario:1 app 50
20190411 11:36:05 Obtención correcta ObtenIndicaores usuario:1 app 50
20190411 11:36:09 Obtención correcta objetosdb usuario:1 app 50
20190411 11:36:10 Obtención correcta objetosdb usuario:1 app 50
20190411 11:36:18 Obtención incorrecta aplicaciones usuario:1 app 50
20190411 11:36:18 Obtención incorrecta aplicaciones usuario:1 app 50
20190411 11:36:20 Obtención correcta objetosdb usuario:1 app 50
20190411 11:36:20 Obtención correcta ObtenIndicaores usuario:1 app 50
20190411 11:36:20 Obtención correcta objetosdb usuario:1 app 50
20190411 11:36:23 Obtención incorrecta aplicaciones usuario:1 app 50
20190411 11:36:23 Obtención incorrecta aplicaciones usuario:1 app 50
20190411 11:36:26 Obtención correcta ObtenIndicaores usuario:1 app 50
20190411 11:36:26 Obtención correcta objetosdb usuario:1 app 50
20190411 11:36:27 Obtención correcta objetosdb usuario:1 app 50
20190411 11:36:41 Obtención correcta objetosdb usuario:1 app 50
20190411 11:36:58 Obtención correcta objetosdb usuario:1 app 50
20190411 11:37:10 Obtención correcta objetosdb usuario:1 app 50
20190411 11:37:11 Obtención correcta ObtenIndicaores usuario:1 app 50
20190411 11:37:11 Obtención correcta objetosdb usuario:1 app 50
20190411 11:37:13 Obtención incorrecta aplicaciones usuario:1 app 50
20190411 11:37:13 Obtención incorrecta aplicaciones usuario:1 app 50
20190411 11:37:14 Obtención correcta objetosdb usuario:1 app 50
20190411 11:37:15 Obtención correcta ObtenIndicaores usuario:1 app 50
20190411 11:37:15 Obtención correcta objetosdb usuario:1 app 50
20190411 11:37:27 Obtención correcta objetosdb usuario:1 app 50
20190411 11:37:31 Obtención correcta objetosdb usuario:1 app 50
20190411 11:37:35 Obtención correcta objetosdb usuario:1 app 50
20190411 11:37:36 Obtención correcta objetosdb usuario:1 app 50
20190411 11:37:37 Obtención correcta ObtenIndicaores usuario:1 app 50
20190411 11:46:41 Acceso correcto usuario banobras
20190411 11:46:41 Obtención correcta areas usuario:1
20190411 11:46:41 Avance correcto proceso 0
20190411 11:46:47 Obtención correcta areas usuario:1
20190411 11:46:51 Obtención correcta aplicaciones usuario:1 area 2
20190411 11:46:53 Obtención correcta objetosdb usuario:1 app 50
20190411 11:46:54 Obtención correcta objetosdb usuario:1 app 50
20190411 11:46:54 Obtención correcta ObtenIndicaores usuario:1 app 50
20190411 11:46:58 Obtención correcta objetosdb usuario:1 app 50
20190411 11:47:00 Obtención correcta objetosdb usuario:1 app 50
20190411 11:47:04 Obtención correcta objetosdb usuario:1 app 50
20190411 11:47:04 Obtención correcta objetosdb usuario:1 app 50
20190411 11:47:05 Obtención correcta ObtenIndicaores usuario:1 app 50
20190411 11:47:08 Obtención correcta objetosdb usuario:1 app 50
20190411 11:47:15 Obtención correcta objetosdb usuario:1 app 50
20190411 11:47:51 Obtención incorrecta aplicaciones usuario:1 app 50
20190411 11:47:52 Obtención incorrecta aplicaciones usuario:1 app 50
20190411 11:47:54 Obtención correcta objetosdb usuario:1 app 50
20190411 11:47:54 Obtención correcta objetosdb usuario:1 app 50
20190411 11:47:55 Obtención correcta ObtenIndicaores usuario:1 app 50
20190411 11:48:02 Obtención correcta objetosdb usuario:1 app 50
20190411 11:48:02 Obtención correcta objetosdb usuario:1 app 50
20190411 11:48:11 Obtención correcta objetosdb usuario:1 app 50
20190411 11:48:11 Obtención correcta ObtenIndicaores usuario:1 app 50
20190411 11:48:12 Obtención correcta objetosdb usuario:1 app 50
20190411 11:48:15 Obtención correcta objetosdb usuario:1 app 50
20190411 11:48:15 Obtención correcta objetosdb usuario:1 app 50
20190411 11:48:18 Obtención correcta objetosdb usuario:1 app 50
20190411 11:48:19 Obtención correcta ObtenIndicaores usuario:1 app 50
20190411 11:48:19 Obtención correcta objetosdb usuario:1 app 50
20190411 11:49:35 Obtención correcta objetosdb usuario:1 app 50
20190411 11:49:35 Obtención correcta ObtenIndicaores usuario:1 app 50
20190411 11:49:36 Obtención incorrecta aplicaciones usuario:1 app 50
20190411 12:35:20 Acceso correcto usuario banobras
20190411 12:35:20 Obtención correcta areas usuario:1
20190411 12:35:20 Avance correcto proceso 0
20190411 12:35:28 Obtención correcta areas usuario:1
20190411 12:35:33 Obtención correcta aplicaciones usuario:1 area 1
20190411 12:35:35 Obtención incorrecta aplicaciones usuario:1 app 49
20190411 12:35:36 Obtención correcta ObtenIndicaores usuario:1 app 49
20190411 12:35:37 Obtención incorrecta aplicaciones usuario:1 app 49
20190411 12:35:37 Obtención correcta ObtenIndicaores usuario:1 app 49
20190411 12:35:37 Obtención incorrecta aplicaciones usuario:1 app 49
20190411 12:35:37 Obtención correcta objetosdb usuario:1 app 49
20190411 12:35:41 Obtención correcta objetosdb usuario:1 app 49
20190411 12:35:41 Obtención correcta ObtenIndicaores usuario:1 app 49
20190411 12:35:41 Obtención correcta objetosdb usuario:1 app 49
20190411 12:35:46 Obtención correcta objetosdb usuario:1 app 49
20190411 12:35:47 Obtención correcta ObtenIndicaores usuario:1 app 49
20190411 12:35:47 Obtención incorrecta aplicaciones usuario:1 app 49
20190411 12:35:47 Obtención correcta objetosdb usuario:1 app 49
20190411 12:35:50 Obtención correcta objetosdb usuario:1 app 49
20190411 12:35:53 Obtención correcta objetosdb usuario:1 app 49
20190411 12:35:53 Obtención correcta objetosdb usuario:1 app 49
20190411 12:35:54 Obtención correcta ObtenIndicaores usuario:1 app 49
20190411 12:35:58 Obtención correcta objetosdb usuario:1 app 49
20190411 12:35:58 Obtención correcta objetosdb usuario:1 app 49
20190411 12:36:02 Obtención correcta objetosdb usuario:1 app 49
20190411 12:36:02 Obtención correcta ObtenIndicaores usuario:1 app 49
20190411 12:36:03 Obtención correcta objetosdb usuario:1 app 49
20190411 12:36:05 Obtención correcta objetosdb usuario:1 app 49
20190411 12:36:05 Obtención correcta objetosdb usuario:1 app 49
20190411 12:36:11 Obtención correcta objetosdb usuario:1 app 49
20190411 12:36:12 Obtención correcta ObtenIndicaores usuario:1 app 49
20190411 12:36:12 Obtención correcta objetosdb usuario:1 app 49
20190411 12:36:14 Obtención correcta objetosdb usuario:1 app 49
20190411 12:36:15 Obtención correcta objetosdb usuario:1 app 49
20190411 12:36:21 Obtención correcta objetosdb usuario:1 app 49
20190411 12:36:22 Obtención correcta ObtenIndicaores usuario:1 app 49
20190411 12:36:22 Obtención correcta objetosdb usuario:1 app 49
20190411 12:36:25 Obtención correcta objetosdb usuario:1 app 49
20190411 12:36:25 Obtención correcta objetosdb usuario:1 app 49
20190411 12:36:29 Obtención correcta objetosdb usuario:1 app 49
20190411 12:36:29 Obtención correcta ObtenIndicaores usuario:1 app 49
20190411 12:36:30 Obtención correcta objetosdb usuario:1 app 49
20190411 12:42:23 Obtención correcta objetosdb usuario:1 app 49
20190411 12:42:45 Obtención incorrecta aplicaciones usuario:1 app 49
20190411 12:43:18 Obtención correcta ObtenIndicaores usuario:1 app 49
20190411 12:55:42 Acceso correcto usuario banobras
20190411 12:55:42 Obtención correcta areas usuario:1
20190411 12:55:42 Avance correcto proceso 0
20190411 12:55:47 Obtención correcta areas usuario:1
20190411 12:56:00 Obtención correcta aplicaciones usuario:1 area 1
20190411 12:56:02 Obtención incorrecta aplicaciones usuario:1 app 49
20190411 12:56:09 Obtención correcta ObtenIndicaores usuario:1 app 49
20190411 12:56:13 Obtención incorrecta aplicaciones usuario:1 app 49
20190411 12:56:19 Obtención correcta objetosdb usuario:1 app 49
20190411 12:56:22 Obtención incorrecta aplicaciones usuario:1 app 49
20190411 13:29:46 Acceso correcto usuario banobras
20190411 13:29:46 Obtención correcta areas usuario:1
20190411 13:29:46 Avance correcto proceso 0
20190411 13:29:51 Obtención correcta areas usuario:1
20190411 13:29:56 Obtención correcta aplicaciones usuario:1 area 1
20190411 13:29:59 Obtención incorrecta aplicaciones usuario:1 app 49
20190411 13:30:02 Obtención correcta ObtenIndicaores usuario:1 app 49
20190411 13:30:08 Obtención incorrecta aplicaciones usuario:1 app 49
20190411 13:30:11 Obtención correcta aplicaciones usuario:1 area 2
20190411 13:30:12 Obtención correcta objetosdb usuario:1 app 50
20190411 13:30:17 Obtención correcta ObtenIndicaores usuario:1 app 50
20190411 13:30:18 Obtención correcta objetosdb usuario:1 app 50
20190411 13:32:26 Obtención correcta objetosdb usuario:1 app 50
20190411 13:32:26 Obtención correcta ObtenIndicaores usuario:1 app 50
20190411 13:32:27 Obtención correcta objetosdb usuario:1 app 50
20190411 13:32:28 Obtención correcta objetosdb usuario:1 app 50
20190411 13:32:28 Obtención correcta objetosdb usuario:1 app 50
20190411 13:32:28 Obtención correcta objetosdb usuario:1 app 50
20190411 13:32:28 Obtención correcta objetosdb usuario:1 app 50
20190411 13:32:28 Obtención correcta objetosdb usuario:1 app 50
20190411 13:32:28 Obtención correcta objetosdb usuario:1 app 50
20190411 13:32:29 Obtención correcta objetosdb usuario:1 app 50
20190411 13:32:29 Obtención correcta ObtenIndicaores usuario:1 app 50
20190411 13:32:29 Obtención correcta objetosdb usuario:1 app 50
20190411 13:32:29 Obtención correcta objetosdb usuario:1 app 50
20190411 13:32:29 Obtención correcta objetosdb usuario:1 app 50
20190411 13:32:29 Obtención correcta ObtenIndicaores usuario:1 app 50
20190411 13:32:29 Obtención correcta ObtenIndicaores usuario:1 app 50
20190411 13:32:29 Obtención correcta ObtenIndicaores usuario:1 app 50
20190411 13:32:29 Obtención correcta ObtenIndicaores usuario:1 app 50
20190411 13:32:29 Obtención correcta ObtenIndicaores usuario:1 app 50
20190411 13:32:29 Obtención correcta objetosdb usuario:1 app 50
20190411 13:32:29 Obtención correcta objetosdb usuario:1 app 50
20190411 13:32:29 Obtención correcta objetosdb usuario:1 app 50
20190411 13:32:30 Obtención correcta ObtenIndicaores usuario:1 app 50
20190411 13:32:30 Obtención incorrecta aplicaciones usuario:1 app 50
20190411 13:32:30 Obtención incorrecta aplicaciones usuario:1 app 50
20190411 13:32:30 Obtención correcta objetosdb usuario:1 app 50
20190411 13:32:31 Obtención correcta ObtenIndicaores usuario:1 app 50
20190411 13:32:31 Obtención correcta objetosdb usuario:1 app 50
20190411 13:32:32 Obtención correcta ObtenIndicaores usuario:1 app 50
20190411 13:32:32 Obtención correcta objetosdb usuario:1 app 50
20190411 13:39:47 Obtención correcta objetosdb usuario:1 app 50
20190411 13:39:47 Obtención correcta objetosdb usuario:1 app 50
