20190114 08:21:24 Acceso incorrecto usuario IN666666
20190114 08:21:44 Edita Usuarios correcta Usuario IN666666
20190114 08:22:24 Acceso incorrecto usuario IN666666
20190114 08:24:25 Acceso correcto usuario IN666666
20190114 08:24:34 Obtención correcta areas usuario:1
20190114 08:24:35 Avance correcto proceso 0
20190114 08:27:25 Acceso incorrecto usuario IN777777
20190114 08:27:27 Edita Usuarios correcta Usuario IN777777
20190114 08:27:29 Acceso correcto usuario IN777777
20190114 08:27:56 Obtención correcta areas usuario:1
20190114 08:27:56 Avance correcto proceso 0
20190114 10:15:49 Acceso correcto usuario IN335224
20190114 10:15:52 Obtención correcta areas usuario:1
20190114 10:15:53 Avance correcto proceso 0
20190114 10:17:48 Acceso correcto usuario IN335224
20190114 10:17:55 Obtención correcta areas usuario:1
20190114 10:17:55 Avance correcto proceso 0
20190114 10:34:57 Acceso correcto usuario IN335224
20190114 10:34:58 Obtención correcta areas usuario:1
20190114 10:34:58 Avance correcto proceso 0
20190114 10:35:06 Obten Aplicaciones correcto usuario 1
20190114 10:35:06 Obtención correcta areas usuario:1
20190114 10:35:06 Obten Lenguajes correcto usuario 1
20190114 10:35:06 Obtención correcta estatus usuario:1
20190114 10:35:11 Obten usuarios correcto usuario 1
20190114 10:35:11 Obtención correcta areas usuario:1
20190114 10:35:11 Obten perfiles correcto usuario 1
20190114 10:35:11 Obtención correcta estatus usuario:1
20190114 10:35:38 Obtención correcta areas usuario:1
20190114 10:46:29 Acceso correcto usuario IN335224
20190114 10:46:30 Obtención correcta areas usuario:1
20190114 10:46:30 Avance correcto proceso 0
20190114 10:46:38 Obtención correcta areas usuario:1
20190114 10:46:38 Consulta correcta aplicacion 0
20190114 15:35:01 Acceso correcto usuario IN335224
20190114 15:35:03 Obtención correcta areas usuario:1
20190114 15:35:03 Avance correcto proceso 0
20190114 15:37:10 Acceso correcto usuario IN335224
20190114 15:37:28 Acceso correcto usuario IN335224
20190114 15:37:29 Obtención correcta areas usuario:1
20190114 15:37:29 Avance correcto proceso 0
20190114 15:43:49 Acceso correcto usuario IN335224
20190114 15:43:49 Obtención correcta areas usuario:1
20190114 15:43:49 Avance correcto proceso 0
20190114 15:44:26 Acceso incorrecto usuario IN444444
20190114 15:44:26 Edita Usuarios correcta Usuario IN444444
20190114 15:44:26 Acceso correcto usuario IN444444
20190114 15:44:26 Obtención correcta areas usuario:1
20190114 15:44:26 Avance correcto proceso 0
