20190402 17:02:38 Acceso correcto usuario IN335224
20190402 17:02:38 Obtención correcta areas usuario:1
20190402 17:02:38 Avance correcto proceso 0
20190402 17:03:20 Obtención correcta areas usuario:1
20190402 17:59:15 Acceso correcto usuario IN335224
20190402 17:59:15 Obtención correcta areas usuario:1
20190402 17:59:15 Avance correcto proceso 0
20190402 17:59:20 Obtención correcta aplicaciones usuario:1 area 1
20190402 17:59:53 Obtención correcta aplicaciones usuario:1 area 0
20190402 18:01:22 Acceso correcto usuario IN335224
20190402 18:01:22 Obtención correcta areas usuario:1
20190402 18:01:22 Avance correcto proceso 0
20190402 18:01:27 Obtención correcta aplicaciones usuario:1 area 1
20190402 18:04:34 Obtención correcta aplicaciones usuario:1 area 0
20190402 18:07:03 Acceso correcto usuario IN335224
20190402 18:07:03 Obtención correcta areas usuario:1
20190402 18:07:03 Avance correcto proceso 0
20190402 18:07:08 Obtención correcta aplicaciones usuario:1 area 2
20190402 18:07:22 Obtención correcta aplicaciones usuario:1 area 1
20190402 18:07:27 Obtención correcta aplicaciones usuario:1 area 0
20190402 18:07:37 Obtención correcta aplicaciones usuario:1 area 1
20190402 18:12:57 Acceso correcto usuario IN335224
20190402 18:12:57 Obtención correcta areas usuario:1
20190402 18:12:57 Avance correcto proceso 0
20190402 18:13:04 Obtención correcta aplicaciones usuario:1 area 1
20190402 18:13:19 Obtención correcta aplicaciones usuario:1 area 0
20190402 18:13:19 Obtención correcta aplicaciones usuario:1 area 2
20190402 18:13:25 Obtención correcta aplicaciones usuario:1 area 1
20190402 18:13:27 Obtención correcta aplicaciones usuario:1 area 2
20190402 18:13:52 Obtención correcta areas usuario:1
20190402 18:13:54 Obtención correcta aplicaciones usuario:1 area 1
20190402 18:13:55 Obtención correcta objetosdb usuario:1 app 49
20190402 18:13:56 Obtención correcta ObtenIndicaores usuario:1 app 49
20190402 18:13:56 Obtención incorrecta aplicaciones usuario:1 app 49
20190402 18:14:01 Obtención correcta aplicaciones usuario:1 area 2
20190402 18:14:03 Obtención correcta objetosdb usuario:1 app 50
20190402 18:14:03 Obtención correcta ObtenIndicaores usuario:1 app 50
20190402 18:14:03 Obtención incorrecta aplicaciones usuario:1 app 50
20190402 18:16:30 Obtención correcta areas usuario:1
20190402 18:17:00 Obtención correcta areas usuario:1
20190402 18:19:07 Obtención correcta areas usuario:1
20190402 18:19:09 Obtención correcta areas usuario:1
20190402 18:19:09 Avance correcto proceso 0
